[2023-03-31 12:36:39,954][log_print.py 75][INFO]: ------开始执行next2-----
[2023-03-31 12:36:39,954][log_print.py 76][INFO]: ------此函数的注释为
tab1中确认按钮关联的功能，用于跳转到tab2-----
[2023-03-31 12:36:39,956][log_print.py 86][INFO]: ------next2执行成功------
[2023-03-31 12:36:40,968][log_print.py 75][INFO]: ------开始执行selectfile-----
[2023-03-31 12:36:40,968][log_print.py 76][INFO]: ------此函数的注释为
tab2中浏览按钮关联的功能，用于打开文件选择的弹窗-----
[2023-03-31 12:36:48,218][log_print.py 86][INFO]: ------selectfile执行成功------
[2023-03-31 12:36:55,003][log_print.py 75][INFO]: ------开始执行checkdata-----
[2023-03-31 12:36:55,003][log_print.py 76][INFO]: ------此函数的注释为
tab2中确认按钮关联的功能，用于检查文件是否选择，QQ账号是否填写-----
[2023-03-31 12:36:55,013][log_print.py 86][INFO]: ------checkdata执行成功------
[2023-03-31 12:36:56,072][log_print.py 75][INFO]: ------开始执行loginUI-----
[2023-03-31 12:36:56,072][log_print.py 76][INFO]: ------此函数的注释为
tab3中确认已读按钮关联的功能，用于打开浏览器-----
[2023-03-31 12:37:28,120][log_print.py 75][INFO]: ------开始执行threadFunc1-----
[2023-03-31 12:37:28,121][log_print.py 86][INFO]: ------loginUI执行成功------
[2023-03-31 12:37:28,121][log_print.py 76][INFO]: ------此函数的注释为
打开QQ空间登录页面-----
[2023-03-31 12:37:28,122][log_print.py 75][INFO]: ------开始执行login-----
[2023-03-31 12:37:28,122][log_print.py 76][INFO]: ------此函数的注释为
None-----
[2023-03-31 12:38:23,898][log_print.py 86][INFO]: ------login执行成功------
[2023-03-31 12:38:23,903][log_print.py 86][INFO]: ------threadFunc1执行成功------
[2023-03-31 12:38:23,903][log_print.py 75][INFO]: ------开始执行change_enable-----
[2023-03-31 12:38:23,903][log_print.py 76][INFO]: ------此函数的注释为
自定义信号2的关联功能，用于改变控件的enable状态-----
[2023-03-31 12:38:23,904][log_print.py 86][INFO]: ------change_enable执行成功------
[2023-03-31 12:38:25,140][log_print.py 75][INFO]: ------开始执行start_download-----
[2023-03-31 12:38:25,141][log_print.py 76][INFO]: ------此函数的注释为
tab3中确认登录按钮关联功能，修改UI，实现照片下载流程-----
[2023-03-31 12:38:27,763][log_print.py 75][INFO]: ------开始执行mainUI-----
[2023-03-31 12:38:27,763][log_print.py 86][INFO]: ------start_download执行成功------
[2023-03-31 12:38:27,763][log_print.py 76][INFO]: ------此函数的注释为
实现照片下载流程-----
[2023-03-31 12:38:27,765][log_print.py 75][INFO]: ------开始执行get_page-----
[2023-03-31 12:38:27,765][log_print.py 76][INFO]: ------此函数的注释为
None-----
[2023-03-31 12:38:34,749][log_print.py 86][INFO]: ------get_page执行成功------
[2023-03-31 12:38:34,750][log_print.py 75][INFO]: ------开始执行get_cookie-----
[2023-03-31 12:38:34,750][log_print.py 76][INFO]: ------此函数的注释为
None-----
[2023-03-31 12:38:34,755][log_print.py 86][INFO]: ------get_cookie执行成功------
[2023-03-31 12:38:35,395][log_print.py 75][INFO]: ------开始执行get_g_tk-----
[2023-03-31 12:38:35,396][log_print.py 76][INFO]: ------此函数的注释为
None-----
[2023-03-31 12:38:35,413][log_print.py 86][INFO]: ------get_g_tk执行成功------
[2023-03-31 12:38:35,413][log_print.py 75][INFO]: ------开始执行get_album_list-----
[2023-03-31 12:38:35,413][log_print.py 76][INFO]: ------此函数的注释为
None-----
[2023-03-31 12:38:35,559][log_print.py 86][INFO]: ------get_album_list执行成功------
[2023-03-31 12:38:35,559][log_print.py 75][INFO]: ------开始执行get_url-----
[2023-03-31 12:38:35,559][log_print.py 76][INFO]: ------此函数的注释为
None-----
[2023-03-31 12:38:35,559][log_print.py 86][INFO]: ------get_url执行成功------
[2023-03-31 12:40:05,682][log_print.py 75][INFO]: ------开始执行go_tab-----
[2023-03-31 12:40:05,683][log_print.py 76][INFO]: ------此函数的注释为
自定义信号4的关联功能，用于跳转tab页-----
[2023-03-31 12:40:05,691][log_print.py 86][INFO]: ------go_tab执行成功------
[2023-03-31 12:40:05,692][log_print.py 75][INFO]: ------开始执行print_to_textbrowser-----
[2023-03-31 12:40:05,692][log_print.py 76][INFO]: ------此函数的注释为
自定义信号1的关联功能，用于向文本框中添加文本内容-----
[2023-03-31 12:46:59,642][log_print.py 75][INFO]: ------开始执行next2-----
[2023-03-31 12:46:59,642][log_print.py 76][INFO]: ------此函数的注释为
tab1中确认按钮关联的功能，用于跳转到tab2-----
[2023-03-31 12:46:59,644][log_print.py 86][INFO]: ------next2执行成功------
[2023-03-31 12:47:17,489][log_print.py 75][INFO]: ------开始执行selectfile-----
[2023-03-31 12:47:17,489][log_print.py 76][INFO]: ------此函数的注释为
tab2中浏览按钮关联的功能，用于打开文件选择的弹窗-----
[2023-03-31 12:47:21,130][log_print.py 86][INFO]: ------selectfile执行成功------
[2023-03-31 12:47:26,426][log_print.py 75][INFO]: ------开始执行checkdata-----
[2023-03-31 12:47:26,427][log_print.py 76][INFO]: ------此函数的注释为
tab2中确认按钮关联的功能，用于检查文件是否选择，QQ账号是否填写-----
[2023-03-31 12:47:26,437][log_print.py 86][INFO]: ------checkdata执行成功------
[2023-03-31 12:47:27,394][log_print.py 75][INFO]: ------开始执行loginUI-----
[2023-03-31 12:47:27,395][log_print.py 76][INFO]: ------此函数的注释为
tab3中确认已读按钮关联的功能，用于打开浏览器-----
[2023-03-31 12:47:34,789][log_print.py 75][INFO]: ------开始执行threadFunc1-----
[2023-03-31 12:47:34,789][log_print.py 86][INFO]: ------loginUI执行成功------
[2023-03-31 12:47:34,789][log_print.py 76][INFO]: ------此函数的注释为
打开QQ空间登录页面-----
[2023-03-31 12:47:34,789][log_print.py 75][INFO]: ------开始执行login-----
[2023-03-31 12:47:34,789][log_print.py 76][INFO]: ------此函数的注释为
None-----
[2023-03-31 12:48:21,791][log_print.py 86][INFO]: ------login执行成功------
[2023-03-31 12:48:21,792][log_print.py 86][INFO]: ------threadFunc1执行成功------
[2023-03-31 12:48:21,793][log_print.py 75][INFO]: ------开始执行change_enable-----
[2023-03-31 12:48:21,793][log_print.py 76][INFO]: ------此函数的注释为
自定义信号2的关联功能，用于改变控件的enable状态-----
[2023-03-31 12:48:21,793][log_print.py 86][INFO]: ------change_enable执行成功------
[2023-03-31 12:48:28,572][log_print.py 75][INFO]: ------开始执行start_download-----
[2023-03-31 12:48:28,572][log_print.py 76][INFO]: ------此函数的注释为
tab3中确认登录按钮关联功能，修改UI，实现照片下载流程-----
[2023-03-31 12:48:30,739][log_print.py 75][INFO]: ------开始执行mainUI-----
[2023-03-31 12:48:30,739][log_print.py 86][INFO]: ------start_download执行成功------
[2023-03-31 12:48:30,739][log_print.py 76][INFO]: ------此函数的注释为
实现照片下载流程-----
[2023-03-31 12:48:30,744][log_print.py 75][INFO]: ------开始执行get_page-----
[2023-03-31 12:48:30,744][log_print.py 76][INFO]: ------此函数的注释为
None-----
[2023-03-31 12:48:37,379][log_print.py 86][INFO]: ------get_page执行成功------
[2023-03-31 12:48:37,379][log_print.py 75][INFO]: ------开始执行get_cookie-----
[2023-03-31 12:48:37,379][log_print.py 76][INFO]: ------此函数的注释为
None-----
[2023-03-31 12:48:37,385][log_print.py 86][INFO]: ------get_cookie执行成功------
[2023-03-31 12:48:38,014][log_print.py 75][INFO]: ------开始执行get_g_tk-----
[2023-03-31 12:48:38,014][log_print.py 76][INFO]: ------此函数的注释为
None-----
[2023-03-31 12:48:38,020][log_print.py 86][INFO]: ------get_g_tk执行成功------
[2023-03-31 12:48:38,021][log_print.py 75][INFO]: ------开始执行get_album_list-----
[2023-03-31 12:48:38,021][log_print.py 76][INFO]: ------此函数的注释为
None-----
[2023-03-31 12:48:38,176][log_print.py 86][INFO]: ------get_album_list执行成功------
[2023-03-31 12:48:38,176][log_print.py 75][INFO]: ------开始执行get_url-----
[2023-03-31 12:48:38,176][log_print.py 76][INFO]: ------此函数的注释为
None-----
[2023-03-31 12:48:38,176][log_print.py 86][INFO]: ------get_url执行成功------
[2023-03-31 12:53:42,931][log_print.py 75][INFO]: ------开始执行go_tab-----
[2023-03-31 12:53:42,945][log_print.py 76][INFO]: ------此函数的注释为
自定义信号4的关联功能，用于跳转tab页-----
[2023-03-31 12:53:42,974][log_print.py 86][INFO]: ------go_tab执行成功------
[2023-03-31 12:53:42,992][log_print.py 75][INFO]: ------开始执行print_to_textbrowser-----
[2023-03-31 12:53:42,992][log_print.py 76][INFO]: ------此函数的注释为
自定义信号1的关联功能，用于向文本框中添加文本内容-----
[2023-03-31 12:53:42,997][log_print.py 86][INFO]: ------print_to_textbrowser执行成功------
[2023-03-31 12:53:43,000][log_print.py 75][INFO]: ------开始执行go_tab-----
[2023-03-31 12:53:43,000][log_print.py 76][INFO]: ------此函数的注释为
自定义信号4的关联功能，用于跳转tab页-----
[2023-03-31 12:53:43,000][log_print.py 86][INFO]: ------go_tab执行成功------
[2023-03-31 12:53:43,000][log_print.py 75][INFO]: ------开始执行print_to_textbrowser-----
[2023-03-31 12:53:43,001][log_print.py 76][INFO]: ------此函数的注释为
自定义信号1的关联功能，用于向文本框中添加文本内容-----
[2023-03-31 12:53:43,001][log_print.py 86][INFO]: ------print_to_textbrowser执行成功------
[2023-03-31 12:53:43,002][log_print.py 75][INFO]: ------开始执行go_tab-----
[2023-03-31 12:53:43,002][log_print.py 76][INFO]: ------此函数的注释为
自定义信号4的关联功能，用于跳转tab页-----
[2023-03-31 12:53:43,002][log_print.py 86][INFO]: ------go_tab执行成功------
[2023-03-31 12:53:43,005][log_print.py 75][INFO]: ------开始执行print_to_textbrowser-----
[2023-03-31 12:53:43,005][log_print.py 76][INFO]: ------此函数的注释为
自定义信号1的关联功能，用于向文本框中添加文本内容-----
[2023-03-31 12:53:43,007][log_print.py 86][INFO]: ------print_to_textbrowser执行成功------
[2023-03-31 12:53:43,007][log_print.py 75][INFO]: ------开始执行go_tab-----
[2023-03-31 12:53:43,008][log_print.py 76][INFO]: ------此函数的注释为
自定义信号4的关联功能，用于跳转tab页-----
[2023-03-31 12:53:43,008][log_print.py 86][INFO]: ------go_tab执行成功------
[2023-03-31 12:53:43,008][log_print.py 75][INFO]: ------开始执行print_to_textbrowser-----
[2023-03-31 12:53:43,008][log_print.py 76][INFO]: ------此函数的注释为
自定义信号1的关联功能，用于向文本框中添加文本内容-----
[2023-03-31 12:53:43,009][log_print.py 86][INFO]: ------print_to_textbrowser执行成功------
[2023-03-31 12:53:43,011][log_print.py 75][INFO]: ------开始执行go_tab-----
[2023-03-31 12:53:43,011][log_print.py 76][INFO]: ------此函数的注释为
自定义信号4的关联功能，用于跳转tab页-----
[2023-03-31 12:53:43,012][log_print.py 86][INFO]: ------go_tab执行成功------
[2023-03-31 12:53:43,012][log_print.py 75][INFO]: ------开始执行print_to_textbrowser-----
[2023-03-31 12:53:43,013][log_print.py 76][INFO]: ------此函数的注释为
自定义信号1的关联功能，用于向文本框中添加文本内容-----
[2023-03-31 12:53:43,015][log_print.py 86][INFO]: ------print_to_textbrowser执行成功------
[2023-03-31 12:53:43,015][log_print.py 75][INFO]: ------开始执行go_tab-----
[2023-03-31 12:53:43,015][log_print.py 76][INFO]: ------此函数的注释为
自定义信号4的关联功能，用于跳转tab页-----
[2023-03-31 12:53:43,016][log_print.py 86][INFO]: ------go_tab执行成功------
[2023-03-31 12:53:43,017][log_print.py 75][INFO]: ------开始执行print_to_textbrowser-----
[2023-03-31 12:53:43,018][log_print.py 76][INFO]: ------此函数的注释为
自定义信号1的关联功能，用于向文本框中添加文本内容-----
[2023-03-31 12:53:43,019][log_print.py 86][INFO]: ------print_to_textbrowser执行成功------
[2023-03-31 12:53:43,020][log_print.py 75][INFO]: ------开始执行go_tab-----
[2023-03-31 12:53:43,021][log_print.py 76][INFO]: ------此函数的注释为
自定义信号4的关联功能，用于跳转tab页-----
[2023-03-31 12:53:43,021][log_print.py 86][INFO]: ------go_tab执行成功------
[2023-03-31 12:53:43,022][log_print.py 75][INFO]: ------开始执行print_to_textbrowser-----
[2023-03-31 12:53:43,022][log_print.py 76][INFO]: ------此函数的注释为
自定义信号1的关联功能，用于向文本框中添加文本内容-----
[2023-03-31 12:53:43,023][log_print.py 86][INFO]: ------print_to_textbrowser执行成功------
[2023-03-31 12:53:43,145][log_print.py 75][INFO]: ------开始执行go_tab-----
[2023-03-31 12:53:43,145][log_print.py 76][INFO]: ------此函数的注释为
自定义信号4的关联功能，用于跳转tab页-----
[2023-03-31 12:53:43,146][log_print.py 86][INFO]: ------go_tab执行成功------
[2023-03-31 12:53:43,146][log_print.py 75][INFO]: ------开始执行print_to_textbrowser-----
[2023-03-31 12:53:43,147][log_print.py 76][INFO]: ------此函数的注释为
自定义信号1的关联功能，用于向文本框中添加文本内容-----
[2023-03-31 12:53:43,148][log_print.py 86][INFO]: ------print_to_textbrowser执行成功------
[2023-03-31 12:53:43,149][log_print.py 75][INFO]: ------开始执行go_tab-----
[2023-03-31 12:53:43,150][log_print.py 76][INFO]: ------此函数的注释为
自定义信号4的关联功能，用于跳转tab页-----
[2023-03-31 12:53:43,150][log_print.py 86][INFO]: ------go_tab执行成功------
[2023-03-31 12:53:43,151][log_print.py 75][INFO]: ------开始执行print_to_textbrowser-----
[2023-03-31 12:53:43,152][log_print.py 76][INFO]: ------此函数的注释为
自定义信号1的关联功能，用于向文本框中添加文本内容-----
[2023-03-31 12:53:43,153][log_print.py 86][INFO]: ------print_to_textbrowser执行成功------
[2023-03-31 12:53:43,154][log_print.py 75][INFO]: ------开始执行go_tab-----
[2023-03-31 12:53:43,154][log_print.py 76][INFO]: ------此函数的注释为
自定义信号4的关联功能，用于跳转tab页-----
[2023-03-31 12:53:43,155][log_print.py 86][INFO]: ------go_tab执行成功------
[2023-03-31 12:53:43,156][log_print.py 75][INFO]: ------开始执行print_to_textbrowser-----
[2023-03-31 12:53:43,156][log_print.py 76][INFO]: ------此函数的注释为
自定义信号1的关联功能，用于向文本框中添加文本内容-----
[2023-03-31 12:53:43,158][log_print.py 86][INFO]: ------print_to_textbrowser执行成功------
[2023-03-31 12:53:43,158][log_print.py 75][INFO]: ------开始执行go_tab-----
[2023-03-31 12:53:43,158][log_print.py 76][INFO]: ------此函数的注释为
自定义信号4的关联功能，用于跳转tab页-----
[2023-03-31 12:53:43,159][log_print.py 86][INFO]: ------go_tab执行成功------
[2023-03-31 12:53:43,160][log_print.py 75][INFO]: ------开始执行print_to_textbrowser-----
[2023-03-31 12:53:43,161][log_print.py 76][INFO]: ------此函数的注释为
自定义信号1的关联功能，用于向文本框中添加文本内容-----
[2023-03-31 12:53:43,161][log_print.py 86][INFO]: ------print_to_textbrowser执行成功------
[2023-03-31 12:53:43,163][log_print.py 75][INFO]: ------开始执行go_tab-----
[2023-03-31 12:53:43,163][log_print.py 76][INFO]: ------此函数的注释为
自定义信号4的关联功能，用于跳转tab页-----
[2023-03-31 12:53:43,163][log_print.py 86][INFO]: ------go_tab执行成功------
[2023-03-31 12:53:43,164][log_print.py 75][INFO]: ------开始执行print_to_textbrowser-----
[2023-03-31 12:53:43,165][log_print.py 76][INFO]: ------此函数的注释为
自定义信号1的关联功能，用于向文本框中添加文本内容-----
[2023-03-31 12:53:43,166][log_print.py 86][INFO]: ------print_to_textbrowser执行成功------
[2023-03-31 12:53:43,167][log_print.py 75][INFO]: ------开始执行go_tab-----
[2023-03-31 12:53:43,167][log_print.py 76][INFO]: ------此函数的注释为
自定义信号4的关联功能，用于跳转tab页-----
[2023-03-31 12:53:43,167][log_print.py 86][INFO]: ------go_tab执行成功------
[2023-03-31 12:53:43,169][log_print.py 75][INFO]: ------开始执行print_to_textbrowser-----
[2023-03-31 12:53:43,170][log_print.py 76][INFO]: ------此函数的注释为
自定义信号1的关联功能，用于向文本框中添加文本内容-----
[2023-03-31 12:53:43,170][log_print.py 86][INFO]: ------print_to_textbrowser执行成功------
[2023-03-31 12:53:43,171][log_print.py 75][INFO]: ------开始执行go_tab-----
[2023-03-31 12:53:43,172][log_print.py 76][INFO]: ------此函数的注释为
自定义信号4的关联功能，用于跳转tab页-----
[2023-03-31 12:53:43,172][log_print.py 86][INFO]: ------go_tab执行成功------
[2023-03-31 12:53:43,173][log_print.py 75][INFO]: ------开始执行print_to_textbrowser-----
[2023-03-31 12:53:43,174][log_print.py 76][INFO]: ------此函数的注释为
自定义信号1的关联功能，用于向文本框中添加文本内容-----
[2023-03-31 12:53:43,175][log_print.py 86][INFO]: ------print_to_textbrowser执行成功------
[2023-03-31 12:53:43,176][log_print.py 75][INFO]: ------开始执行go_tab-----
[2023-03-31 12:53:43,176][log_print.py 76][INFO]: ------此函数的注释为
自定义信号4的关联功能，用于跳转tab页-----
[2023-03-31 12:53:43,177][log_print.py 86][INFO]: ------go_tab执行成功------
[2023-03-31 12:53:43,177][log_print.py 75][INFO]: ------开始执行print_to_textbrowser-----
[2023-03-31 12:53:43,178][log_print.py 76][INFO]: ------此函数的注释为
自定义信号1的关联功能，用于向文本框中添加文本内容-----
[2023-03-31 12:53:43,191][log_print.py 86][INFO]: ------print_to_textbrowser执行成功------
[2023-03-31 12:53:43,214][log_print.py 75][INFO]: ------开始执行go_tab-----
[2023-03-31 12:53:43,214][log_print.py 76][INFO]: ------此函数的注释为
自定义信号4的关联功能，用于跳转tab页-----
[2023-03-31 12:53:43,215][log_print.py 86][INFO]: ------go_tab执行成功------
[2023-03-31 12:53:43,215][log_print.py 75][INFO]: ------开始执行print_to_textbrowser-----
[2023-03-31 12:53:43,216][log_print.py 76][INFO]: ------此函数的注释为
自定义信号1的关联功能，用于向文本框中添加文本内容-----
[2023-03-31 12:53:43,216][log_print.py 86][INFO]: ------print_to_textbrowser执行成功------
[2023-03-31 12:53:43,216][log_print.py 75][INFO]: ------开始执行go_tab-----
[2023-03-31 12:53:43,216][log_print.py 76][INFO]: ------此函数的注释为
自定义信号4的关联功能，用于跳转tab页-----
[2023-03-31 12:53:43,216][log_print.py 86][INFO]: ------go_tab执行成功------
[2023-03-31 12:53:43,217][log_print.py 75][INFO]: ------开始执行print_to_textbrowser-----
[2023-03-31 12:53:43,218][log_print.py 76][INFO]: ------此函数的注释为
自定义信号1的关联功能，用于向文本框中添加文本内容-----
[2023-03-31 12:53:43,220][log_print.py 86][INFO]: ------print_to_textbrowser执行成功------
[2023-03-31 12:53:43,221][log_print.py 75][INFO]: ------开始执行go_tab-----
[2023-03-31 12:53:43,221][log_print.py 76][INFO]: ------此函数的注释为
自定义信号4的关联功能，用于跳转tab页-----
[2023-03-31 12:53:43,222][log_print.py 86][INFO]: ------go_tab执行成功------
[2023-03-31 12:53:43,222][log_print.py 75][INFO]: ------开始执行print_to_textbrowser-----
[2023-03-31 12:53:43,222][log_print.py 76][INFO]: ------此函数的注释为
自定义信号1的关联功能，用于向文本框中添加文本内容-----
[2023-03-31 12:53:43,223][log_print.py 86][INFO]: ------print_to_textbrowser执行成功------
[2023-03-31 12:53:43,223][log_print.py 75][INFO]: ------开始执行go_tab-----
[2023-03-31 12:53:43,223][log_print.py 76][INFO]: ------此函数的注释为
自定义信号4的关联功能，用于跳转tab页-----
[2023-03-31 12:53:43,223][log_print.py 86][INFO]: ------go_tab执行成功------
[2023-03-31 12:53:43,224][log_print.py 75][INFO]: ------开始执行print_to_textbrowser-----
[2023-03-31 12:53:43,225][log_print.py 76][INFO]: ------此函数的注释为
自定义信号1的关联功能，用于向文本框中添加文本内容-----
[2023-03-31 12:53:43,225][log_print.py 86][INFO]: ------print_to_textbrowser执行成功------
[2023-03-31 12:53:43,226][log_print.py 75][INFO]: ------开始执行go_tab-----
[2023-03-31 12:53:43,226][log_print.py 76][INFO]: ------此函数的注释为
自定义信号4的关联功能，用于跳转tab页-----
[2023-03-31 12:53:43,227][log_print.py 86][INFO]: ------go_tab执行成功------
[2023-03-31 12:53:43,227][log_print.py 75][INFO]: ------开始执行print_to_textbrowser-----
[2023-03-31 12:53:43,228][log_print.py 76][INFO]: ------此函数的注释为
自定义信号1的关联功能，用于向文本框中添加文本内容-----
[2023-03-31 12:53:43,230][log_print.py 86][INFO]: ------print_to_textbrowser执行成功------
[2023-03-31 12:53:43,231][log_print.py 75][INFO]: ------开始执行go_tab-----
[2023-03-31 12:53:43,231][log_print.py 76][INFO]: ------此函数的注释为
自定义信号4的关联功能，用于跳转tab页-----
[2023-03-31 12:53:43,231][log_print.py 86][INFO]: ------go_tab执行成功------
[2023-03-31 12:53:43,233][log_print.py 75][INFO]: ------开始执行print_to_textbrowser-----
[2023-03-31 12:53:43,233][log_print.py 76][INFO]: ------此函数的注释为
自定义信号1的关联功能，用于向文本框中添加文本内容-----
[2023-03-31 12:53:43,234][log_print.py 86][INFO]: ------print_to_textbrowser执行成功------
[2023-03-31 12:53:43,235][log_print.py 75][INFO]: ------开始执行go_tab-----
[2023-03-31 12:53:43,235][log_print.py 76][INFO]: ------此函数的注释为
自定义信号4的关联功能，用于跳转tab页-----
[2023-03-31 12:53:43,236][log_print.py 86][INFO]: ------go_tab执行成功------
[2023-03-31 12:53:43,236][log_print.py 75][INFO]: ------开始执行print_to_textbrowser-----
[2023-03-31 12:53:43,237][log_print.py 76][INFO]: ------此函数的注释为
自定义信号1的关联功能，用于向文本框中添加文本内容-----
[2023-03-31 12:53:43,239][log_print.py 86][INFO]: ------print_to_textbrowser执行成功------
[2023-03-31 12:53:43,240][log_print.py 75][INFO]: ------开始执行go_tab-----
[2023-03-31 12:53:43,241][log_print.py 76][INFO]: ------此函数的注释为
自定义信号4的关联功能，用于跳转tab页-----
[2023-03-31 12:53:43,241][log_print.py 86][INFO]: ------go_tab执行成功------
[2023-03-31 12:53:43,242][log_print.py 75][INFO]: ------开始执行print_to_textbrowser-----
[2023-03-31 12:53:43,242][log_print.py 76][INFO]: ------此函数的注释为
自定义信号1的关联功能，用于向文本框中添加文本内容-----
[2023-03-31 12:53:43,243][log_print.py 86][INFO]: ------print_to_textbrowser执行成功------
[2023-03-31 12:53:43,243][log_print.py 75][INFO]: ------开始执行go_tab-----
[2023-03-31 12:53:43,243][log_print.py 76][INFO]: ------此函数的注释为
自定义信号4的关联功能，用于跳转tab页-----
[2023-03-31 12:53:43,243][log_print.py 86][INFO]: ------go_tab执行成功------
[2023-03-31 12:53:43,244][log_print.py 75][INFO]: ------开始执行print_to_textbrowser-----
[2023-03-31 12:53:43,244][log_print.py 76][INFO]: ------此函数的注释为
自定义信号1的关联功能，用于向文本框中添加文本内容-----
[2023-03-31 12:53:43,245][log_print.py 86][INFO]: ------print_to_textbrowser执行成功------
[2023-03-31 12:53:43,246][log_print.py 75][INFO]: ------开始执行go_tab-----
[2023-03-31 12:53:43,246][log_print.py 76][INFO]: ------此函数的注释为
自定义信号4的关联功能，用于跳转tab页-----
[2023-03-31 12:53:43,248][log_print.py 86][INFO]: ------go_tab执行成功------
[2023-03-31 12:53:43,248][log_print.py 75][INFO]: ------开始执行print_to_textbrowser-----
[2023-03-31 12:53:43,250][log_print.py 76][INFO]: ------此函数的注释为
自定义信号1的关联功能，用于向文本框中添加文本内容-----
[2023-03-31 12:53:43,251][log_print.py 86][INFO]: ------print_to_textbrowser执行成功------
[2023-03-31 12:53:43,252][log_print.py 75][INFO]: ------开始执行go_tab-----
[2023-03-31 12:53:43,253][log_print.py 76][INFO]: ------此函数的注释为
自定义信号4的关联功能，用于跳转tab页-----
[2023-03-31 12:53:43,253][log_print.py 86][INFO]: ------go_tab执行成功------
[2023-03-31 12:53:43,253][log_print.py 75][INFO]: ------开始执行print_to_textbrowser-----
[2023-03-31 12:53:43,253][log_print.py 76][INFO]: ------此函数的注释为
自定义信号1的关联功能，用于向文本框中添加文本内容-----
[2023-03-31 12:53:43,254][log_print.py 86][INFO]: ------print_to_textbrowser执行成功------
[2023-03-31 12:53:43,254][log_print.py 75][INFO]: ------开始执行go_tab-----
[2023-03-31 12:53:43,254][log_print.py 76][INFO]: ------此函数的注释为
自定义信号4的关联功能，用于跳转tab页-----
[2023-03-31 12:53:43,254][log_print.py 86][INFO]: ------go_tab执行成功------
[2023-03-31 12:53:43,255][log_print.py 75][INFO]: ------开始执行print_to_textbrowser-----
[2023-03-31 12:53:43,256][log_print.py 76][INFO]: ------此函数的注释为
自定义信号1的关联功能，用于向文本框中添加文本内容-----
[2023-03-31 12:53:43,257][log_print.py 86][INFO]: ------print_to_textbrowser执行成功------
[2023-03-31 12:53:43,258][log_print.py 75][INFO]: ------开始执行go_tab-----
[2023-03-31 12:53:43,258][log_print.py 76][INFO]: ------此函数的注释为
自定义信号4的关联功能，用于跳转tab页-----
[2023-03-31 12:53:43,301][log_print.py 86][INFO]: ------go_tab执行成功------
[2023-03-31 12:53:43,302][log_print.py 75][INFO]: ------开始执行print_to_textbrowser-----
[2023-03-31 12:53:43,303][log_print.py 76][INFO]: ------此函数的注释为
自定义信号1的关联功能，用于向文本框中添加文本内容-----
[2023-03-31 12:53:43,304][log_print.py 86][INFO]: ------print_to_textbrowser执行成功------
[2023-03-31 12:53:43,305][log_print.py 75][INFO]: ------开始执行go_tab-----
[2023-03-31 12:53:43,308][log_print.py 76][INFO]: ------此函数的注释为
自定义信号4的关联功能，用于跳转tab页-----
[2023-03-31 12:53:43,308][log_print.py 86][INFO]: ------go_tab执行成功------
[2023-03-31 12:53:43,309][log_print.py 75][INFO]: ------开始执行print_to_textbrowser-----
[2023-03-31 12:53:43,310][log_print.py 76][INFO]: ------此函数的注释为
自定义信号1的关联功能，用于向文本框中添加文本内容-----
[2023-03-31 12:53:43,316][log_print.py 86][INFO]: ------print_to_textbrowser执行成功------
[2023-03-31 12:53:43,316][log_print.py 75][INFO]: ------开始执行go_tab-----
[2023-03-31 12:53:43,317][log_print.py 76][INFO]: ------此函数的注释为
自定义信号4的关联功能，用于跳转tab页-----
[2023-03-31 12:53:43,318][log_print.py 86][INFO]: ------go_tab执行成功------
[2023-03-31 12:53:43,318][log_print.py 75][INFO]: ------开始执行print_to_textbrowser-----
[2023-03-31 12:53:43,321][log_print.py 76][INFO]: ------此函数的注释为
自定义信号1的关联功能，用于向文本框中添加文本内容-----
[2023-03-31 12:53:43,321][log_print.py 86][INFO]: ------print_to_textbrowser执行成功------
[2023-03-31 12:53:43,322][log_print.py 75][INFO]: ------开始执行go_tab-----
[2023-03-31 12:53:43,322][log_print.py 76][INFO]: ------此函数的注释为
自定义信号4的关联功能，用于跳转tab页-----
[2023-03-31 12:53:43,325][log_print.py 86][INFO]: ------go_tab执行成功------
[2023-03-31 12:53:43,326][log_print.py 75][INFO]: ------开始执行print_to_textbrowser-----
[2023-03-31 12:53:43,327][log_print.py 76][INFO]: ------此函数的注释为
自定义信号1的关联功能，用于向文本框中添加文本内容-----
[2023-03-31 12:53:43,328][log_print.py 86][INFO]: ------print_to_textbrowser执行成功------
[2023-03-31 12:53:43,328][log_print.py 75][INFO]: ------开始执行go_tab-----
[2023-03-31 12:53:43,329][log_print.py 76][INFO]: ------此函数的注释为
自定义信号4的关联功能，用于跳转tab页-----
[2023-03-31 12:53:43,335][log_print.py 86][INFO]: ------go_tab执行成功------
[2023-03-31 12:53:43,358][log_print.py 75][INFO]: ------开始执行print_to_textbrowser-----
[2023-03-31 12:53:43,364][log_print.py 76][INFO]: ------此函数的注释为
自定义信号1的关联功能，用于向文本框中添加文本内容-----
[2023-03-31 12:53:43,376][log_print.py 86][INFO]: ------print_to_textbrowser执行成功------
[2023-03-31 12:53:43,393][log_print.py 75][INFO]: ------开始执行go_tab-----
[2023-03-31 12:53:43,399][log_print.py 76][INFO]: ------此函数的注释为
自定义信号4的关联功能，用于跳转tab页-----
[2023-03-31 12:53:43,405][log_print.py 86][INFO]: ------go_tab执行成功------
[2023-03-31 12:53:43,417][log_print.py 75][INFO]: ------开始执行print_to_textbrowser-----
[2023-03-31 12:53:43,428][log_print.py 76][INFO]: ------此函数的注释为
自定义信号1的关联功能，用于向文本框中添加文本内容-----
[2023-03-31 12:53:43,435][log_print.py 86][INFO]: ------print_to_textbrowser执行成功------
[2023-03-31 12:53:43,447][log_print.py 75][INFO]: ------开始执行go_tab-----
[2023-03-31 12:53:43,459][log_print.py 76][INFO]: ------此函数的注释为
自定义信号4的关联功能，用于跳转tab页-----
[2023-03-31 12:53:43,465][log_print.py 86][INFO]: ------go_tab执行成功------
[2023-03-31 12:53:43,483][log_print.py 75][INFO]: ------开始执行print_to_textbrowser-----
[2023-03-31 12:53:43,494][log_print.py 76][INFO]: ------此函数的注释为
自定义信号1的关联功能，用于向文本框中添加文本内容-----
[2023-03-31 12:53:43,507][log_print.py 86][INFO]: ------print_to_textbrowser执行成功------
[2023-03-31 12:53:43,519][log_print.py 75][INFO]: ------开始执行go_tab-----
[2023-03-31 12:53:43,526][log_print.py 76][INFO]: ------此函数的注释为
自定义信号4的关联功能，用于跳转tab页-----
[2023-03-31 12:53:43,527][log_print.py 86][INFO]: ------go_tab执行成功------
[2023-03-31 12:53:43,550][log_print.py 75][INFO]: ------开始执行print_to_textbrowser-----
[2023-03-31 12:53:43,562][log_print.py 76][INFO]: ------此函数的注释为
自定义信号1的关联功能，用于向文本框中添加文本内容-----
[2023-03-31 12:53:43,569][log_print.py 86][INFO]: ------print_to_textbrowser执行成功------
[2023-03-31 12:53:43,596][log_print.py 75][INFO]: ------开始执行go_tab-----
[2023-03-31 12:53:43,608][log_print.py 76][INFO]: ------此函数的注释为
自定义信号4的关联功能，用于跳转tab页-----
[2023-03-31 12:53:43,619][log_print.py 86][INFO]: ------go_tab执行成功------
[2023-03-31 12:53:43,631][log_print.py 75][INFO]: ------开始执行print_to_textbrowser-----
[2023-03-31 12:53:43,643][log_print.py 76][INFO]: ------此函数的注释为
自定义信号1的关联功能，用于向文本框中添加文本内容-----
[2023-03-31 12:53:43,656][log_print.py 86][INFO]: ------print_to_textbrowser执行成功------
[2023-03-31 12:53:43,668][log_print.py 75][INFO]: ------开始执行go_tab-----
[2023-03-31 12:53:43,674][log_print.py 76][INFO]: ------此函数的注释为
自定义信号4的关联功能，用于跳转tab页-----
[2023-03-31 12:53:43,680][log_print.py 86][INFO]: ------go_tab执行成功------
[2023-03-31 12:53:43,692][log_print.py 75][INFO]: ------开始执行print_to_textbrowser-----
[2023-03-31 12:53:43,699][log_print.py 76][INFO]: ------此函数的注释为
自定义信号1的关联功能，用于向文本框中添加文本内容-----
[2023-03-31 12:53:43,706][log_print.py 86][INFO]: ------print_to_textbrowser执行成功------
[2023-03-31 12:53:43,717][log_print.py 75][INFO]: ------开始执行go_tab-----
[2023-03-31 12:53:43,723][log_print.py 76][INFO]: ------此函数的注释为
自定义信号4的关联功能，用于跳转tab页-----
[2023-03-31 12:53:43,728][log_print.py 86][INFO]: ------go_tab执行成功------
[2023-03-31 12:53:43,728][log_print.py 75][INFO]: ------开始执行print_to_textbrowser-----
[2023-03-31 12:53:43,728][log_print.py 76][INFO]: ------此函数的注释为
自定义信号1的关联功能，用于向文本框中添加文本内容-----
[2023-03-31 12:53:43,729][log_print.py 86][INFO]: ------print_to_textbrowser执行成功------
[2023-03-31 12:53:43,730][log_print.py 75][INFO]: ------开始执行go_tab-----
[2023-03-31 12:53:43,731][log_print.py 76][INFO]: ------此函数的注释为
自定义信号4的关联功能，用于跳转tab页-----
[2023-03-31 12:53:43,731][log_print.py 86][INFO]: ------go_tab执行成功------
[2023-03-31 12:53:43,732][log_print.py 75][INFO]: ------开始执行print_to_textbrowser-----
[2023-03-31 12:53:43,733][log_print.py 76][INFO]: ------此函数的注释为
自定义信号1的关联功能，用于向文本框中添加文本内容-----
[2023-03-31 12:53:43,734][log_print.py 86][INFO]: ------print_to_textbrowser执行成功------
[2023-03-31 12:53:43,735][log_print.py 75][INFO]: ------开始执行go_tab-----
[2023-03-31 12:53:43,735][log_print.py 76][INFO]: ------此函数的注释为
自定义信号4的关联功能，用于跳转tab页-----
[2023-03-31 12:53:43,736][log_print.py 86][INFO]: ------go_tab执行成功------
[2023-03-31 12:53:43,736][log_print.py 75][INFO]: ------开始执行print_to_textbrowser-----
[2023-03-31 12:53:43,737][log_print.py 76][INFO]: ------此函数的注释为
自定义信号1的关联功能，用于向文本框中添加文本内容-----
[2023-03-31 12:53:43,738][log_print.py 86][INFO]: ------print_to_textbrowser执行成功------
[2023-03-31 12:53:43,739][log_print.py 75][INFO]: ------开始执行go_tab-----
[2023-03-31 12:53:43,739][log_print.py 76][INFO]: ------此函数的注释为
自定义信号4的关联功能，用于跳转tab页-----
[2023-03-31 12:53:43,739][log_print.py 86][INFO]: ------go_tab执行成功------
[2023-03-31 12:53:43,740][log_print.py 75][INFO]: ------开始执行print_to_textbrowser-----
[2023-03-31 12:53:43,740][log_print.py 76][INFO]: ------此函数的注释为
自定义信号1的关联功能，用于向文本框中添加文本内容-----
[2023-03-31 12:53:43,741][log_print.py 86][INFO]: ------print_to_textbrowser执行成功------
[2023-03-31 12:53:43,741][log_print.py 75][INFO]: ------开始执行go_tab-----
[2023-03-31 12:53:43,741][log_print.py 76][INFO]: ------此函数的注释为
自定义信号4的关联功能，用于跳转tab页-----
[2023-03-31 12:53:43,742][log_print.py 86][INFO]: ------go_tab执行成功------
[2023-03-31 12:53:43,743][log_print.py 75][INFO]: ------开始执行print_to_textbrowser-----
[2023-03-31 12:53:43,743][log_print.py 76][INFO]: ------此函数的注释为
自定义信号1的关联功能，用于向文本框中添加文本内容-----
[2023-03-31 12:53:43,744][log_print.py 86][INFO]: ------print_to_textbrowser执行成功------
[2023-03-31 12:53:43,745][log_print.py 75][INFO]: ------开始执行go_tab-----
[2023-03-31 12:53:43,746][log_print.py 76][INFO]: ------此函数的注释为
自定义信号4的关联功能，用于跳转tab页-----
[2023-03-31 12:53:43,746][log_print.py 86][INFO]: ------go_tab执行成功------
[2023-03-31 12:53:43,746][log_print.py 75][INFO]: ------开始执行print_to_textbrowser-----
[2023-03-31 12:53:43,747][log_print.py 76][INFO]: ------此函数的注释为
自定义信号1的关联功能，用于向文本框中添加文本内容-----
[2023-03-31 12:53:43,748][log_print.py 86][INFO]: ------print_to_textbrowser执行成功------
[2023-03-31 12:53:43,748][log_print.py 75][INFO]: ------开始执行go_tab-----
[2023-03-31 12:53:43,749][log_print.py 76][INFO]: ------此函数的注释为
自定义信号4的关联功能，用于跳转tab页-----
[2023-03-31 12:53:43,750][log_print.py 86][INFO]: ------go_tab执行成功------
[2023-03-31 12:53:43,750][log_print.py 75][INFO]: ------开始执行print_to_textbrowser-----
[2023-03-31 12:53:43,751][log_print.py 76][INFO]: ------此函数的注释为
自定义信号1的关联功能，用于向文本框中添加文本内容-----
[2023-03-31 12:53:43,752][log_print.py 86][INFO]: ------print_to_textbrowser执行成功------
[2023-03-31 12:53:43,753][log_print.py 75][INFO]: ------开始执行go_tab-----
[2023-03-31 12:53:43,753][log_print.py 76][INFO]: ------此函数的注释为
自定义信号4的关联功能，用于跳转tab页-----
[2023-03-31 12:53:43,754][log_print.py 86][INFO]: ------go_tab执行成功------
[2023-03-31 12:53:43,755][log_print.py 75][INFO]: ------开始执行print_to_textbrowser-----
[2023-03-31 12:53:43,755][log_print.py 76][INFO]: ------此函数的注释为
自定义信号1的关联功能，用于向文本框中添加文本内容-----
[2023-03-31 12:53:43,756][log_print.py 86][INFO]: ------print_to_textbrowser执行成功------
[2023-03-31 12:53:43,757][log_print.py 75][INFO]: ------开始执行go_tab-----
[2023-03-31 12:53:43,758][log_print.py 76][INFO]: ------此函数的注释为
自定义信号4的关联功能，用于跳转tab页-----
[2023-03-31 12:53:43,758][log_print.py 86][INFO]: ------go_tab执行成功------
[2023-03-31 12:53:43,759][log_print.py 75][INFO]: ------开始执行print_to_textbrowser-----
[2023-03-31 12:53:43,759][log_print.py 76][INFO]: ------此函数的注释为
自定义信号1的关联功能，用于向文本框中添加文本内容-----
[2023-03-31 12:53:43,761][log_print.py 86][INFO]: ------print_to_textbrowser执行成功------
[2023-03-31 12:53:43,762][log_print.py 75][INFO]: ------开始执行go_tab-----
[2023-03-31 12:53:43,763][log_print.py 76][INFO]: ------此函数的注释为
自定义信号4的关联功能，用于跳转tab页-----
[2023-03-31 12:53:43,763][log_print.py 86][INFO]: ------go_tab执行成功------
[2023-03-31 12:53:43,764][log_print.py 75][INFO]: ------开始执行print_to_textbrowser-----
[2023-03-31 12:53:43,765][log_print.py 76][INFO]: ------此函数的注释为
自定义信号1的关联功能，用于向文本框中添加文本内容-----
[2023-03-31 12:53:43,766][log_print.py 86][INFO]: ------print_to_textbrowser执行成功------
[2023-03-31 12:53:43,767][log_print.py 75][INFO]: ------开始执行go_tab-----
[2023-03-31 12:53:43,768][log_print.py 76][INFO]: ------此函数的注释为
自定义信号4的关联功能，用于跳转tab页-----
[2023-03-31 12:53:43,768][log_print.py 86][INFO]: ------go_tab执行成功------
[2023-03-31 12:53:43,769][log_print.py 75][INFO]: ------开始执行print_to_textbrowser-----
[2023-03-31 12:53:43,769][log_print.py 76][INFO]: ------此函数的注释为
自定义信号1的关联功能，用于向文本框中添加文本内容-----
[2023-03-31 12:53:43,771][log_print.py 86][INFO]: ------print_to_textbrowser执行成功------
[2023-03-31 12:53:43,771][log_print.py 75][INFO]: ------开始执行go_tab-----
[2023-03-31 12:53:43,771][log_print.py 76][INFO]: ------此函数的注释为
自定义信号4的关联功能，用于跳转tab页-----
[2023-03-31 12:53:43,772][log_print.py 86][INFO]: ------go_tab执行成功------
[2023-03-31 12:53:43,772][log_print.py 75][INFO]: ------开始执行print_to_textbrowser-----
[2023-03-31 12:53:43,773][log_print.py 76][INFO]: ------此函数的注释为
自定义信号1的关联功能，用于向文本框中添加文本内容-----
[2023-03-31 12:53:43,774][log_print.py 86][INFO]: ------print_to_textbrowser执行成功------
[2023-03-31 12:53:43,775][log_print.py 75][INFO]: ------开始执行go_tab-----
[2023-03-31 12:53:43,775][log_print.py 76][INFO]: ------此函数的注释为
自定义信号4的关联功能，用于跳转tab页-----
[2023-03-31 12:53:43,776][log_print.py 86][INFO]: ------go_tab执行成功------
[2023-03-31 12:53:43,777][log_print.py 75][INFO]: ------开始执行print_to_textbrowser-----
[2023-03-31 12:53:43,777][log_print.py 76][INFO]: ------此函数的注释为
自定义信号1的关联功能，用于向文本框中添加文本内容-----
[2023-03-31 12:53:43,778][log_print.py 86][INFO]: ------print_to_textbrowser执行成功------
[2023-03-31 12:53:43,779][log_print.py 75][INFO]: ------开始执行go_tab-----
[2023-03-31 12:53:43,780][log_print.py 76][INFO]: ------此函数的注释为
自定义信号4的关联功能，用于跳转tab页-----
[2023-03-31 12:53:43,780][log_print.py 86][INFO]: ------go_tab执行成功------
[2023-03-31 12:53:43,781][log_print.py 75][INFO]: ------开始执行print_to_textbrowser-----
[2023-03-31 12:53:43,781][log_print.py 76][INFO]: ------此函数的注释为
自定义信号1的关联功能，用于向文本框中添加文本内容-----
[2023-03-31 12:53:43,783][log_print.py 86][INFO]: ------print_to_textbrowser执行成功------
[2023-03-31 12:53:43,784][log_print.py 75][INFO]: ------开始执行go_tab-----
[2023-03-31 12:53:43,784][log_print.py 76][INFO]: ------此函数的注释为
自定义信号4的关联功能，用于跳转tab页-----
[2023-03-31 12:53:43,784][log_print.py 86][INFO]: ------go_tab执行成功------
[2023-03-31 12:53:43,785][log_print.py 75][INFO]: ------开始执行print_to_textbrowser-----
[2023-03-31 12:53:43,785][log_print.py 76][INFO]: ------此函数的注释为
自定义信号1的关联功能，用于向文本框中添加文本内容-----
[2023-03-31 12:53:43,786][log_print.py 86][INFO]: ------print_to_textbrowser执行成功------
[2023-03-31 12:53:43,787][log_print.py 75][INFO]: ------开始执行go_tab-----
[2023-03-31 12:53:43,787][log_print.py 76][INFO]: ------此函数的注释为
自定义信号4的关联功能，用于跳转tab页-----
[2023-03-31 12:53:43,789][log_print.py 86][INFO]: ------go_tab执行成功------
[2023-03-31 12:53:43,789][log_print.py 75][INFO]: ------开始执行print_to_textbrowser-----
[2023-03-31 12:53:43,790][log_print.py 76][INFO]: ------此函数的注释为
自定义信号1的关联功能，用于向文本框中添加文本内容-----
[2023-03-31 12:53:43,790][log_print.py 86][INFO]: ------print_to_textbrowser执行成功------
[2023-03-31 12:53:43,791][log_print.py 75][INFO]: ------开始执行go_tab-----
[2023-03-31 12:53:43,791][log_print.py 76][INFO]: ------此函数的注释为
自定义信号4的关联功能，用于跳转tab页-----
[2023-03-31 12:53:43,799][log_print.py 86][INFO]: ------go_tab执行成功------
[2023-03-31 12:53:43,799][log_print.py 75][INFO]: ------开始执行print_to_textbrowser-----
[2023-03-31 12:53:43,799][log_print.py 76][INFO]: ------此函数的注释为
自定义信号1的关联功能，用于向文本框中添加文本内容-----
[2023-03-31 12:53:43,800][log_print.py 86][INFO]: ------print_to_textbrowser执行成功------
[2023-03-31 12:53:43,800][log_print.py 75][INFO]: ------开始执行go_tab-----
[2023-03-31 12:53:43,800][log_print.py 76][INFO]: ------此函数的注释为
自定义信号4的关联功能，用于跳转tab页-----
[2023-03-31 12:53:43,801][log_print.py 86][INFO]: ------go_tab执行成功------
[2023-03-31 12:53:43,807][log_print.py 75][INFO]: ------开始执行print_to_textbrowser-----
[2023-03-31 12:53:43,813][log_print.py 76][INFO]: ------此函数的注释为
自定义信号1的关联功能，用于向文本框中添加文本内容-----
[2023-03-31 12:53:43,843][log_print.py 86][INFO]: ------print_to_textbrowser执行成功------
[2023-03-31 12:53:43,853][log_print.py 75][INFO]: ------开始执行go_tab-----
[2023-03-31 12:53:43,858][log_print.py 76][INFO]: ------此函数的注释为
自定义信号4的关联功能，用于跳转tab页-----
[2023-03-31 12:53:43,868][log_print.py 86][INFO]: ------go_tab执行成功------
[2023-03-31 12:53:43,882][log_print.py 75][INFO]: ------开始执行print_to_textbrowser-----
[2023-03-31 12:53:43,888][log_print.py 76][INFO]: ------此函数的注释为
自定义信号1的关联功能，用于向文本框中添加文本内容-----
[2023-03-31 12:53:43,900][log_print.py 86][INFO]: ------print_to_textbrowser执行成功------
[2023-03-31 12:53:43,918][log_print.py 75][INFO]: ------开始执行go_tab-----
[2023-03-31 12:53:43,924][log_print.py 76][INFO]: ------此函数的注释为
自定义信号4的关联功能，用于跳转tab页-----
[2023-03-31 12:53:43,936][log_print.py 86][INFO]: ------go_tab执行成功------
[2023-03-31 12:53:43,944][log_print.py 75][INFO]: ------开始执行print_to_textbrowser-----
[2023-03-31 12:53:43,945][log_print.py 76][INFO]: ------此函数的注释为
自定义信号1的关联功能，用于向文本框中添加文本内容-----
[2023-03-31 12:53:43,946][log_print.py 86][INFO]: ------print_to_textbrowser执行成功------
[2023-03-31 12:53:43,946][log_print.py 75][INFO]: ------开始执行go_tab-----
[2023-03-31 12:53:43,946][log_print.py 76][INFO]: ------此函数的注释为
自定义信号4的关联功能，用于跳转tab页-----
[2023-03-31 12:53:43,946][log_print.py 86][INFO]: ------go_tab执行成功------
[2023-03-31 12:53:43,946][log_print.py 75][INFO]: ------开始执行print_to_textbrowser-----
[2023-03-31 12:53:43,946][log_print.py 76][INFO]: ------此函数的注释为
自定义信号1的关联功能，用于向文本框中添加文本内容-----
[2023-03-31 12:53:43,947][log_print.py 86][INFO]: ------print_to_textbrowser执行成功------
[2023-03-31 12:53:43,947][log_print.py 75][INFO]: ------开始执行go_tab-----
[2023-03-31 12:53:43,947][log_print.py 76][INFO]: ------此函数的注释为
自定义信号4的关联功能，用于跳转tab页-----
[2023-03-31 12:53:43,947][log_print.py 86][INFO]: ------go_tab执行成功------
[2023-03-31 12:53:43,948][log_print.py 75][INFO]: ------开始执行print_to_textbrowser-----
[2023-03-31 12:53:43,948][log_print.py 76][INFO]: ------此函数的注释为
自定义信号1的关联功能，用于向文本框中添加文本内容-----
[2023-03-31 12:53:43,949][log_print.py 86][INFO]: ------print_to_textbrowser执行成功------
[2023-03-31 12:53:43,949][log_print.py 75][INFO]: ------开始执行go_tab-----
[2023-03-31 12:53:43,949][log_print.py 76][INFO]: ------此函数的注释为
自定义信号4的关联功能，用于跳转tab页-----
[2023-03-31 12:53:43,949][log_print.py 86][INFO]: ------go_tab执行成功------
[2023-03-31 12:53:43,950][log_print.py 75][INFO]: ------开始执行print_to_textbrowser-----
[2023-03-31 12:53:43,950][log_print.py 76][INFO]: ------此函数的注释为
自定义信号1的关联功能，用于向文本框中添加文本内容-----
[2023-03-31 12:53:43,951][log_print.py 86][INFO]: ------print_to_textbrowser执行成功------
[2023-03-31 12:53:43,951][log_print.py 75][INFO]: ------开始执行go_tab-----
[2023-03-31 12:53:43,951][log_print.py 76][INFO]: ------此函数的注释为
自定义信号4的关联功能，用于跳转tab页-----
[2023-03-31 12:53:43,952][log_print.py 86][INFO]: ------go_tab执行成功------
[2023-03-31 12:53:43,952][log_print.py 75][INFO]: ------开始执行print_to_textbrowser-----
[2023-03-31 12:53:43,953][log_print.py 76][INFO]: ------此函数的注释为
自定义信号1的关联功能，用于向文本框中添加文本内容-----
[2023-03-31 12:53:43,954][log_print.py 86][INFO]: ------print_to_textbrowser执行成功------
[2023-03-31 12:53:43,955][log_print.py 75][INFO]: ------开始执行go_tab-----
[2023-03-31 12:53:43,955][log_print.py 76][INFO]: ------此函数的注释为
自定义信号4的关联功能，用于跳转tab页-----
[2023-03-31 12:53:43,956][log_print.py 86][INFO]: ------go_tab执行成功------
[2023-03-31 12:53:43,956][log_print.py 75][INFO]: ------开始执行print_to_textbrowser-----
[2023-03-31 12:53:43,956][log_print.py 76][INFO]: ------此函数的注释为
自定义信号1的关联功能，用于向文本框中添加文本内容-----
[2023-03-31 12:53:43,957][log_print.py 86][INFO]: ------print_to_textbrowser执行成功------
[2023-03-31 12:53:43,957][log_print.py 75][INFO]: ------开始执行go_tab-----
[2023-03-31 12:53:43,957][log_print.py 76][INFO]: ------此函数的注释为
自定义信号4的关联功能，用于跳转tab页-----
[2023-03-31 12:53:43,957][log_print.py 86][INFO]: ------go_tab执行成功------
[2023-03-31 12:53:43,958][log_print.py 75][INFO]: ------开始执行print_to_textbrowser-----
[2023-03-31 12:53:43,958][log_print.py 76][INFO]: ------此函数的注释为
自定义信号1的关联功能，用于向文本框中添加文本内容-----
[2023-03-31 12:53:43,958][log_print.py 86][INFO]: ------print_to_textbrowser执行成功------
[2023-03-31 12:53:43,962][log_print.py 75][INFO]: ------开始执行go_tab-----
[2023-03-31 12:53:43,962][log_print.py 76][INFO]: ------此函数的注释为
自定义信号4的关联功能，用于跳转tab页-----
[2023-03-31 12:53:43,963][log_print.py 86][INFO]: ------go_tab执行成功------
[2023-03-31 12:53:43,963][log_print.py 75][INFO]: ------开始执行print_to_textbrowser-----
[2023-03-31 12:53:43,964][log_print.py 76][INFO]: ------此函数的注释为
自定义信号1的关联功能，用于向文本框中添加文本内容-----
[2023-03-31 12:53:43,964][log_print.py 86][INFO]: ------print_to_textbrowser执行成功------
[2023-03-31 12:53:43,965][log_print.py 75][INFO]: ------开始执行go_tab-----
[2023-03-31 12:53:43,965][log_print.py 76][INFO]: ------此函数的注释为
自定义信号4的关联功能，用于跳转tab页-----
[2023-03-31 12:53:43,965][log_print.py 86][INFO]: ------go_tab执行成功------
[2023-03-31 12:53:43,966][log_print.py 75][INFO]: ------开始执行print_to_textbrowser-----
[2023-03-31 12:53:43,966][log_print.py 76][INFO]: ------此函数的注释为
自定义信号1的关联功能，用于向文本框中添加文本内容-----
[2023-03-31 12:53:43,967][log_print.py 86][INFO]: ------print_to_textbrowser执行成功------
[2023-03-31 12:53:43,967][log_print.py 75][INFO]: ------开始执行go_tab-----
[2023-03-31 12:53:43,968][log_print.py 76][INFO]: ------此函数的注释为
自定义信号4的关联功能，用于跳转tab页-----
[2023-03-31 12:53:43,968][log_print.py 86][INFO]: ------go_tab执行成功------
[2023-03-31 12:53:43,968][log_print.py 75][INFO]: ------开始执行print_to_textbrowser-----
[2023-03-31 12:53:43,969][log_print.py 76][INFO]: ------此函数的注释为
自定义信号1的关联功能，用于向文本框中添加文本内容-----
[2023-03-31 12:53:43,970][log_print.py 86][INFO]: ------print_to_textbrowser执行成功------
[2023-03-31 12:53:43,971][log_print.py 75][INFO]: ------开始执行go_tab-----
[2023-03-31 12:53:43,971][log_print.py 76][INFO]: ------此函数的注释为
自定义信号4的关联功能，用于跳转tab页-----
[2023-03-31 12:53:43,972][log_print.py 86][INFO]: ------go_tab执行成功------
[2023-03-31 12:53:43,972][log_print.py 75][INFO]: ------开始执行print_to_textbrowser-----
[2023-03-31 12:53:43,973][log_print.py 76][INFO]: ------此函数的注释为
自定义信号1的关联功能，用于向文本框中添加文本内容-----
[2023-03-31 12:53:43,974][log_print.py 86][INFO]: ------print_to_textbrowser执行成功------
[2023-03-31 12:53:43,974][log_print.py 75][INFO]: ------开始执行go_tab-----
[2023-03-31 12:53:43,974][log_print.py 76][INFO]: ------此函数的注释为
自定义信号4的关联功能，用于跳转tab页-----
[2023-03-31 12:53:43,974][log_print.py 86][INFO]: ------go_tab执行成功------
[2023-03-31 12:53:43,975][log_print.py 75][INFO]: ------开始执行print_to_textbrowser-----
[2023-03-31 12:53:43,975][log_print.py 76][INFO]: ------此函数的注释为
自定义信号1的关联功能，用于向文本框中添加文本内容-----
[2023-03-31 12:53:43,976][log_print.py 86][INFO]: ------print_to_textbrowser执行成功------
[2023-03-31 12:53:43,976][log_print.py 75][INFO]: ------开始执行go_tab-----
[2023-03-31 12:53:43,977][log_print.py 76][INFO]: ------此函数的注释为
自定义信号4的关联功能，用于跳转tab页-----
[2023-03-31 12:53:43,977][log_print.py 86][INFO]: ------go_tab执行成功------
[2023-03-31 12:53:43,978][log_print.py 75][INFO]: ------开始执行print_to_textbrowser-----
[2023-03-31 12:53:43,978][log_print.py 76][INFO]: ------此函数的注释为
自定义信号1的关联功能，用于向文本框中添加文本内容-----
[2023-03-31 12:53:43,980][log_print.py 86][INFO]: ------print_to_textbrowser执行成功------
[2023-03-31 12:53:43,993][log_print.py 75][INFO]: ------开始执行go_tab-----
[2023-03-31 12:53:43,993][log_print.py 76][INFO]: ------此函数的注释为
自定义信号4的关联功能，用于跳转tab页-----
[2023-03-31 12:53:43,994][log_print.py 86][INFO]: ------go_tab执行成功------
[2023-03-31 12:53:43,995][log_print.py 75][INFO]: ------开始执行print_to_textbrowser-----
[2023-03-31 12:53:43,995][log_print.py 76][INFO]: ------此函数的注释为
自定义信号1的关联功能，用于向文本框中添加文本内容-----
[2023-03-31 12:53:43,996][log_print.py 86][INFO]: ------print_to_textbrowser执行成功------
[2023-03-31 12:53:43,997][log_print.py 75][INFO]: ------开始执行go_tab-----
[2023-03-31 12:53:43,997][log_print.py 76][INFO]: ------此函数的注释为
自定义信号4的关联功能，用于跳转tab页-----
[2023-03-31 12:53:43,997][log_print.py 86][INFO]: ------go_tab执行成功------
[2023-03-31 12:53:43,997][log_print.py 75][INFO]: ------开始执行print_to_textbrowser-----
[2023-03-31 12:53:43,997][log_print.py 76][INFO]: ------此函数的注释为
自定义信号1的关联功能，用于向文本框中添加文本内容-----
[2023-03-31 12:53:43,998][log_print.py 86][INFO]: ------print_to_textbrowser执行成功------
[2023-03-31 12:53:43,998][log_print.py 75][INFO]: ------开始执行go_tab-----
[2023-03-31 12:53:43,998][log_print.py 76][INFO]: ------此函数的注释为
自定义信号4的关联功能，用于跳转tab页-----
[2023-03-31 12:53:43,999][log_print.py 86][INFO]: ------go_tab执行成功------
[2023-03-31 12:53:43,999][log_print.py 75][INFO]: ------开始执行print_to_textbrowser-----
[2023-03-31 12:53:43,999][log_print.py 76][INFO]: ------此函数的注释为
自定义信号1的关联功能，用于向文本框中添加文本内容-----
[2023-03-31 12:53:43,999][log_print.py 86][INFO]: ------print_to_textbrowser执行成功------
[2023-03-31 12:53:44,010][log_print.py 75][INFO]: ------开始执行go_tab-----
[2023-03-31 12:53:44,010][log_print.py 76][INFO]: ------此函数的注释为
自定义信号4的关联功能，用于跳转tab页-----
[2023-03-31 12:53:44,011][log_print.py 86][INFO]: ------go_tab执行成功------
[2023-03-31 12:53:44,012][log_print.py 75][INFO]: ------开始执行print_to_textbrowser-----
[2023-03-31 12:53:44,012][log_print.py 76][INFO]: ------此函数的注释为
自定义信号1的关联功能，用于向文本框中添加文本内容-----
[2023-03-31 12:53:44,013][log_print.py 86][INFO]: ------print_to_textbrowser执行成功------
[2023-03-31 12:53:44,013][log_print.py 75][INFO]: ------开始执行go_tab-----
[2023-03-31 12:53:44,013][log_print.py 76][INFO]: ------此函数的注释为
自定义信号4的关联功能，用于跳转tab页-----
[2023-03-31 12:53:44,013][log_print.py 86][INFO]: ------go_tab执行成功------
[2023-03-31 12:53:44,014][log_print.py 75][INFO]: ------开始执行print_to_textbrowser-----
[2023-03-31 12:53:44,014][log_print.py 76][INFO]: ------此函数的注释为
自定义信号1的关联功能，用于向文本框中添加文本内容-----
[2023-03-31 12:53:44,014][log_print.py 86][INFO]: ------print_to_textbrowser执行成功------
[2023-03-31 12:53:44,014][log_print.py 75][INFO]: ------开始执行go_tab-----
[2023-03-31 12:53:44,015][log_print.py 76][INFO]: ------此函数的注释为
自定义信号4的关联功能，用于跳转tab页-----
[2023-03-31 12:53:44,015][log_print.py 86][INFO]: ------go_tab执行成功------
[2023-03-31 12:53:44,015][log_print.py 75][INFO]: ------开始执行print_to_textbrowser-----
[2023-03-31 12:53:44,015][log_print.py 76][INFO]: ------此函数的注释为
自定义信号1的关联功能，用于向文本框中添加文本内容-----
[2023-03-31 12:53:44,016][log_print.py 86][INFO]: ------print_to_textbrowser执行成功------
[2023-03-31 12:53:44,016][log_print.py 75][INFO]: ------开始执行go_tab-----
[2023-03-31 12:53:44,016][log_print.py 76][INFO]: ------此函数的注释为
自定义信号4的关联功能，用于跳转tab页-----
[2023-03-31 12:53:44,016][log_print.py 86][INFO]: ------go_tab执行成功------
[2023-03-31 12:53:44,016][log_print.py 75][INFO]: ------开始执行print_to_textbrowser-----
[2023-03-31 12:53:44,016][log_print.py 76][INFO]: ------此函数的注释为
自定义信号1的关联功能，用于向文本框中添加文本内容-----
[2023-03-31 12:53:44,017][log_print.py 86][INFO]: ------print_to_textbrowser执行成功------
[2023-03-31 12:53:44,017][log_print.py 75][INFO]: ------开始执行go_tab-----
[2023-03-31 12:53:44,017][log_print.py 76][INFO]: ------此函数的注释为
自定义信号4的关联功能，用于跳转tab页-----
[2023-03-31 12:53:44,017][log_print.py 86][INFO]: ------go_tab执行成功------
[2023-03-31 12:53:44,018][log_print.py 75][INFO]: ------开始执行print_to_textbrowser-----
[2023-03-31 12:53:44,018][log_print.py 76][INFO]: ------此函数的注释为
自定义信号1的关联功能，用于向文本框中添加文本内容-----
[2023-03-31 12:53:44,018][log_print.py 86][INFO]: ------print_to_textbrowser执行成功------
[2023-03-31 12:53:44,018][log_print.py 75][INFO]: ------开始执行go_tab-----
[2023-03-31 12:53:44,018][log_print.py 76][INFO]: ------此函数的注释为
自定义信号4的关联功能，用于跳转tab页-----
[2023-03-31 12:53:44,018][log_print.py 86][INFO]: ------go_tab执行成功------
[2023-03-31 12:53:44,019][log_print.py 75][INFO]: ------开始执行print_to_textbrowser-----
[2023-03-31 12:53:44,019][log_print.py 76][INFO]: ------此函数的注释为
自定义信号1的关联功能，用于向文本框中添加文本内容-----
[2023-03-31 12:53:44,020][log_print.py 86][INFO]: ------print_to_textbrowser执行成功------
[2023-03-31 12:53:44,020][log_print.py 75][INFO]: ------开始执行go_tab-----
[2023-03-31 12:53:44,020][log_print.py 76][INFO]: ------此函数的注释为
自定义信号4的关联功能，用于跳转tab页-----
[2023-03-31 12:53:44,020][log_print.py 86][INFO]: ------go_tab执行成功------
[2023-03-31 12:53:44,021][log_print.py 75][INFO]: ------开始执行print_to_textbrowser-----
[2023-03-31 12:53:44,021][log_print.py 76][INFO]: ------此函数的注释为
自定义信号1的关联功能，用于向文本框中添加文本内容-----
[2023-03-31 12:53:44,021][log_print.py 86][INFO]: ------print_to_textbrowser执行成功------
[2023-03-31 12:53:44,021][log_print.py 75][INFO]: ------开始执行go_tab-----
[2023-03-31 12:53:44,021][log_print.py 76][INFO]: ------此函数的注释为
自定义信号4的关联功能，用于跳转tab页-----
[2023-03-31 12:53:44,022][log_print.py 86][INFO]: ------go_tab执行成功------
[2023-03-31 12:53:44,022][log_print.py 75][INFO]: ------开始执行print_to_textbrowser-----
[2023-03-31 12:53:44,022][log_print.py 76][INFO]: ------此函数的注释为
自定义信号1的关联功能，用于向文本框中添加文本内容-----
[2023-03-31 12:53:44,022][log_print.py 86][INFO]: ------print_to_textbrowser执行成功------
[2023-03-31 12:53:44,022][log_print.py 75][INFO]: ------开始执行go_tab-----
[2023-03-31 12:53:44,022][log_print.py 76][INFO]: ------此函数的注释为
自定义信号4的关联功能，用于跳转tab页-----
[2023-03-31 12:53:44,023][log_print.py 86][INFO]: ------go_tab执行成功------
[2023-03-31 12:53:44,023][log_print.py 75][INFO]: ------开始执行print_to_textbrowser-----
[2023-03-31 12:53:44,023][log_print.py 76][INFO]: ------此函数的注释为
自定义信号1的关联功能，用于向文本框中添加文本内容-----
[2023-03-31 12:53:44,023][log_print.py 86][INFO]: ------print_to_textbrowser执行成功------
[2023-03-31 12:53:44,023][log_print.py 75][INFO]: ------开始执行go_tab-----
[2023-03-31 12:53:44,023][log_print.py 76][INFO]: ------此函数的注释为
自定义信号4的关联功能，用于跳转tab页-----
[2023-03-31 12:53:44,023][log_print.py 86][INFO]: ------go_tab执行成功------
[2023-03-31 12:53:44,024][log_print.py 75][INFO]: ------开始执行print_to_textbrowser-----
[2023-03-31 12:53:44,024][log_print.py 76][INFO]: ------此函数的注释为
自定义信号1的关联功能，用于向文本框中添加文本内容-----
[2023-03-31 12:53:44,024][log_print.py 86][INFO]: ------print_to_textbrowser执行成功------
[2023-03-31 12:53:44,024][log_print.py 75][INFO]: ------开始执行go_tab-----
[2023-03-31 12:53:44,024][log_print.py 76][INFO]: ------此函数的注释为
自定义信号4的关联功能，用于跳转tab页-----
[2023-03-31 12:53:44,024][log_print.py 86][INFO]: ------go_tab执行成功------
[2023-03-31 12:53:44,024][log_print.py 75][INFO]: ------开始执行print_to_textbrowser-----
[2023-03-31 12:53:44,025][log_print.py 76][INFO]: ------此函数的注释为
自定义信号1的关联功能，用于向文本框中添加文本内容-----
[2023-03-31 12:53:44,025][log_print.py 86][INFO]: ------print_to_textbrowser执行成功------
[2023-03-31 12:53:44,025][log_print.py 75][INFO]: ------开始执行go_tab-----
[2023-03-31 12:53:44,025][log_print.py 76][INFO]: ------此函数的注释为
自定义信号4的关联功能，用于跳转tab页-----
[2023-03-31 12:53:44,025][log_print.py 86][INFO]: ------go_tab执行成功------
[2023-03-31 12:53:44,025][log_print.py 75][INFO]: ------开始执行print_to_textbrowser-----
[2023-03-31 12:53:44,026][log_print.py 76][INFO]: ------此函数的注释为
自定义信号1的关联功能，用于向文本框中添加文本内容-----
[2023-03-31 12:53:44,026][log_print.py 86][INFO]: ------print_to_textbrowser执行成功------
[2023-03-31 12:53:44,026][log_print.py 75][INFO]: ------开始执行go_tab-----
[2023-03-31 12:53:44,026][log_print.py 76][INFO]: ------此函数的注释为
自定义信号4的关联功能，用于跳转tab页-----
[2023-03-31 12:53:44,026][log_print.py 86][INFO]: ------go_tab执行成功------
[2023-03-31 12:53:44,026][log_print.py 75][INFO]: ------开始执行print_to_textbrowser-----
[2023-03-31 12:53:44,026][log_print.py 76][INFO]: ------此函数的注释为
自定义信号1的关联功能，用于向文本框中添加文本内容-----
[2023-03-31 12:53:44,027][log_print.py 86][INFO]: ------print_to_textbrowser执行成功------
[2023-03-31 12:53:44,027][log_print.py 75][INFO]: ------开始执行go_tab-----
[2023-03-31 12:53:44,027][log_print.py 76][INFO]: ------此函数的注释为
自定义信号4的关联功能，用于跳转tab页-----
[2023-03-31 12:53:44,027][log_print.py 86][INFO]: ------go_tab执行成功------
[2023-03-31 12:53:44,027][log_print.py 75][INFO]: ------开始执行print_to_textbrowser-----
[2023-03-31 12:53:44,027][log_print.py 76][INFO]: ------此函数的注释为
自定义信号1的关联功能，用于向文本框中添加文本内容-----
[2023-03-31 12:53:44,033][log_print.py 86][INFO]: ------print_to_textbrowser执行成功------
[2023-03-31 12:53:44,034][log_print.py 75][INFO]: ------开始执行go_tab-----
[2023-03-31 12:53:44,034][log_print.py 76][INFO]: ------此函数的注释为
自定义信号4的关联功能，用于跳转tab页-----
[2023-03-31 12:53:44,034][log_print.py 86][INFO]: ------go_tab执行成功------
[2023-03-31 12:53:44,035][log_print.py 75][INFO]: ------开始执行print_to_textbrowser-----
[2023-03-31 12:53:44,035][log_print.py 76][INFO]: ------此函数的注释为
自定义信号1的关联功能，用于向文本框中添加文本内容-----
[2023-03-31 12:53:44,036][log_print.py 86][INFO]: ------print_to_textbrowser执行成功------
[2023-03-31 12:53:44,036][log_print.py 75][INFO]: ------开始执行go_tab-----
[2023-03-31 12:53:44,036][log_print.py 76][INFO]: ------此函数的注释为
自定义信号4的关联功能，用于跳转tab页-----
[2023-03-31 12:53:44,037][log_print.py 86][INFO]: ------go_tab执行成功------
[2023-03-31 12:53:44,037][log_print.py 75][INFO]: ------开始执行print_to_textbrowser-----
[2023-03-31 12:53:44,037][log_print.py 76][INFO]: ------此函数的注释为
自定义信号1的关联功能，用于向文本框中添加文本内容-----
[2023-03-31 12:53:44,038][log_print.py 86][INFO]: ------print_to_textbrowser执行成功------
[2023-03-31 12:53:44,038][log_print.py 75][INFO]: ------开始执行go_tab-----
[2023-03-31 12:53:44,039][log_print.py 76][INFO]: ------此函数的注释为
自定义信号4的关联功能，用于跳转tab页-----
[2023-03-31 12:53:44,039][log_print.py 86][INFO]: ------go_tab执行成功------
[2023-03-31 12:53:44,039][log_print.py 75][INFO]: ------开始执行print_to_textbrowser-----
[2023-03-31 12:53:44,040][log_print.py 76][INFO]: ------此函数的注释为
自定义信号1的关联功能，用于向文本框中添加文本内容-----
[2023-03-31 12:53:44,041][log_print.py 86][INFO]: ------print_to_textbrowser执行成功------
[2023-03-31 12:53:44,041][log_print.py 75][INFO]: ------开始执行go_tab-----
[2023-03-31 12:53:44,041][log_print.py 76][INFO]: ------此函数的注释为
自定义信号4的关联功能，用于跳转tab页-----
[2023-03-31 12:53:44,041][log_print.py 86][INFO]: ------go_tab执行成功------
[2023-03-31 12:53:44,041][log_print.py 75][INFO]: ------开始执行print_to_textbrowser-----
[2023-03-31 12:53:44,042][log_print.py 76][INFO]: ------此函数的注释为
自定义信号1的关联功能，用于向文本框中添加文本内容-----
[2023-03-31 12:53:44,042][log_print.py 86][INFO]: ------print_to_textbrowser执行成功------
[2023-03-31 12:53:44,043][log_print.py 75][INFO]: ------开始执行go_tab-----
[2023-03-31 12:53:44,043][log_print.py 76][INFO]: ------此函数的注释为
自定义信号4的关联功能，用于跳转tab页-----
[2023-03-31 12:53:44,043][log_print.py 86][INFO]: ------go_tab执行成功------
[2023-03-31 12:53:44,043][log_print.py 75][INFO]: ------开始执行print_to_textbrowser-----
[2023-03-31 12:53:44,043][log_print.py 76][INFO]: ------此函数的注释为
自定义信号1的关联功能，用于向文本框中添加文本内容-----
[2023-03-31 12:53:44,044][log_print.py 86][INFO]: ------print_to_textbrowser执行成功------
[2023-03-31 12:53:44,045][log_print.py 75][INFO]: ------开始执行go_tab-----
[2023-03-31 12:53:44,045][log_print.py 76][INFO]: ------此函数的注释为
自定义信号4的关联功能，用于跳转tab页-----
[2023-03-31 12:53:44,045][log_print.py 86][INFO]: ------go_tab执行成功------
[2023-03-31 12:53:44,046][log_print.py 75][INFO]: ------开始执行print_to_textbrowser-----
[2023-03-31 12:53:44,046][log_print.py 76][INFO]: ------此函数的注释为
自定义信号1的关联功能，用于向文本框中添加文本内容-----
[2023-03-31 12:53:44,047][log_print.py 86][INFO]: ------print_to_textbrowser执行成功------
[2023-03-31 12:53:44,047][log_print.py 75][INFO]: ------开始执行go_tab-----
[2023-03-31 12:53:44,047][log_print.py 76][INFO]: ------此函数的注释为
自定义信号4的关联功能，用于跳转tab页-----
[2023-03-31 12:53:44,047][log_print.py 86][INFO]: ------go_tab执行成功------
[2023-03-31 12:53:44,048][log_print.py 75][INFO]: ------开始执行print_to_textbrowser-----
[2023-03-31 12:53:44,048][log_print.py 76][INFO]: ------此函数的注释为
自定义信号1的关联功能，用于向文本框中添加文本内容-----
[2023-03-31 12:53:44,049][log_print.py 86][INFO]: ------print_to_textbrowser执行成功------
[2023-03-31 12:53:44,049][log_print.py 75][INFO]: ------开始执行go_tab-----
[2023-03-31 12:53:44,049][log_print.py 76][INFO]: ------此函数的注释为
自定义信号4的关联功能，用于跳转tab页-----
[2023-03-31 12:53:44,049][log_print.py 86][INFO]: ------go_tab执行成功------
[2023-03-31 12:53:44,049][log_print.py 75][INFO]: ------开始执行print_to_textbrowser-----
[2023-03-31 12:53:44,050][log_print.py 76][INFO]: ------此函数的注释为
自定义信号1的关联功能，用于向文本框中添加文本内容-----
[2023-03-31 12:53:44,050][log_print.py 86][INFO]: ------print_to_textbrowser执行成功------
