[2023-05-06 17:28:24,231][log_print.py 75][INFO]: ------开始执行next2-----
[2023-05-06 17:28:24,232][log_print.py 76][INFO]: ------此函数的注释为
tab1中确认按钮关联的功能，用于跳转到tab2-----
[2023-05-06 17:28:24,236][log_print.py 86][INFO]: ------next2执行成功------
[2023-05-06 17:28:25,421][log_print.py 75][INFO]: ------开始执行selectfile-----
[2023-05-06 17:28:25,422][log_print.py 76][INFO]: ------此函数的注释为
tab2中浏览按钮关联的功能，用于打开文件选择的弹窗-----
[2023-05-06 17:29:21,083][log_print.py 86][INFO]: ------selectfile执行成功------
[2023-05-06 17:29:22,625][log_print.py 75][INFO]: ------开始执行selectfile-----
[2023-05-06 17:29:22,626][log_print.py 76][INFO]: ------此函数的注释为
tab2中浏览按钮关联的功能，用于打开文件选择的弹窗-----
[2023-05-06 17:29:25,379][log_print.py 86][INFO]: ------selectfile执行成功------
[2023-05-06 17:29:29,979][log_print.py 75][INFO]: ------开始执行checkdata-----
[2023-05-06 17:29:29,980][log_print.py 76][INFO]: ------此函数的注释为
tab2中确认按钮关联的功能，用于检查文件是否选择，QQ账号是否填写-----
[2023-05-06 17:29:30,014][log_print.py 86][INFO]: ------checkdata执行成功------
[2023-05-06 17:29:30,970][log_print.py 75][INFO]: ------开始执行loginUI-----
[2023-05-06 17:29:30,971][log_print.py 76][INFO]: ------此函数的注释为
tab3中确认已读按钮关联的功能，用于打开浏览器-----
[2023-05-06 17:29:38,490][log_print.py 86][INFO]: ------loginUI执行成功------
[2023-05-06 17:29:38,500][log_print.py 75][INFO]: ------开始执行threadFunc1-----
[2023-05-06 17:29:38,500][log_print.py 76][INFO]: ------此函数的注释为
打开QQ空间登录页面-----
[2023-05-06 17:29:38,501][log_print.py 75][INFO]: ------开始执行login-----
[2023-05-06 17:29:38,501][log_print.py 76][INFO]: ------此函数的注释为
None-----
[2023-05-06 17:29:55,998][log_print.py 86][INFO]: ------login执行成功------
[2023-05-06 17:29:56,012][log_print.py 86][INFO]: ------threadFunc1执行成功------
[2023-05-06 17:29:56,020][log_print.py 75][INFO]: ------开始执行change_enable-----
[2023-05-06 17:29:56,020][log_print.py 76][INFO]: ------此函数的注释为
自定义信号2的关联功能，用于改变控件的enable状态-----
[2023-05-06 17:29:56,027][log_print.py 86][INFO]: ------change_enable执行成功------
[2023-05-06 17:30:09,457][log_print.py 75][INFO]: ------开始执行start_download-----
[2023-05-06 17:30:09,458][log_print.py 76][INFO]: ------此函数的注释为
tab3中确认登录按钮关联功能，修改UI，实现照片下载流程-----
[2023-05-06 17:30:12,063][log_print.py 75][INFO]: ------开始执行mainUI-----
[2023-05-06 17:30:12,064][log_print.py 86][INFO]: ------start_download执行成功------
[2023-05-06 17:30:12,064][log_print.py 76][INFO]: ------此函数的注释为
实现照片下载流程-----
[2023-05-06 17:30:12,075][log_print.py 75][INFO]: ------开始执行get_page-----
[2023-05-06 17:30:12,075][log_print.py 76][INFO]: ------此函数的注释为
None-----
[2023-05-06 17:30:18,937][log_print.py 86][INFO]: ------get_page执行成功------
[2023-05-06 17:30:18,937][log_print.py 75][INFO]: ------开始执行get_cookie-----
[2023-05-06 17:30:18,937][log_print.py 76][INFO]: ------此函数的注释为
None-----
[2023-05-06 17:30:18,947][log_print.py 86][INFO]: ------get_cookie执行成功------
[2023-05-06 17:30:19,641][log_print.py 75][INFO]: ------开始执行get_g_tk-----
[2023-05-06 17:30:19,642][log_print.py 76][INFO]: ------此函数的注释为
None-----
[2023-05-06 17:30:19,648][log_print.py 86][INFO]: ------get_g_tk执行成功------
[2023-05-06 17:30:19,649][log_print.py 75][INFO]: ------开始执行get_album_list-----
[2023-05-06 17:30:19,649][log_print.py 76][INFO]: ------此函数的注释为
None-----
[2023-05-06 17:30:19,907][log_print.py 86][INFO]: ------get_album_list执行成功------
[2023-05-06 17:30:19,907][log_print.py 75][INFO]: ------开始执行get_url-----
[2023-05-06 17:30:19,907][log_print.py 76][INFO]: ------此函数的注释为
None-----
[2023-05-06 17:30:19,907][log_print.py 86][INFO]: ------get_url执行成功------
[2023-05-06 17:35:24,004][log_print.py 75][INFO]: ------开始执行go_tab-----
[2023-05-06 17:35:24,007][log_print.py 76][INFO]: ------此函数的注释为
自定义信号4的关联功能，用于跳转tab页-----
[2023-05-06 17:35:24,093][log_print.py 86][INFO]: ------go_tab执行成功------
[2023-05-06 17:35:24,095][log_print.py 75][INFO]: ------开始执行append_critical-----
[2023-05-06 17:35:24,096][log_print.py 76][INFO]: ------此函数的注释为
自定义信号3的关联功能，用于打开异常提示弹窗-----
[2023-05-06 17:35:25,012][log_print.py 75][INFO]: ------开始执行print_to_textbrowser-----
[2023-05-06 17:35:25,013][log_print.py 76][INFO]: ------此函数的注释为
自定义信号1的关联功能，用于向文本框中添加文本内容-----
[2023-05-06 17:35:25,015][log_print.py 86][INFO]: ------print_to_textbrowser执行成功------
[2023-05-06 17:46:22,902][log_print.py 86][INFO]: ------append_critical执行成功------
