[2023-03-09 15:19:12,235][log_print.py 75][INFO]: ------开始执行__init__-----
[2023-03-09 15:19:12,487][log_print.py 85][INFO]: ------__init__执行成功------
[2023-03-09 15:19:18,914][log_print.py 75][INFO]: ------开始执行selectfile-----
[2023-03-09 15:19:23,835][log_print.py 85][INFO]: ------selectfile执行成功------
[2023-03-09 15:19:29,598][log_print.py 75][INFO]: ------开始执行checkdata-----
[2023-03-09 15:19:29,606][log_print.py 85][INFO]: ------checkdata执行成功------
[2023-03-09 15:19:34,475][log_print.py 75][INFO]: ------开始执行loginUI-----
[2023-03-09 15:19:34,482][log_print.py 85][INFO]: ------loginUI执行成功------
[2023-03-09 15:19:34,499][log_print.py 75][INFO]: ------开始执行loginUI2-----
[2023-03-09 15:19:34,499][log_print.py 75][INFO]: ------开始执行login-----
[2023-03-09 15:20:00,855][log_print.py 85][INFO]: ------login执行成功------
[2023-03-09 15:20:00,856][log_print.py 85][INFO]: ------loginUI2执行成功------
[2023-03-09 15:20:17,090][log_print.py 75][INFO]: ------开始执行startUI-----
[2023-03-09 15:20:18,467][log_print.py 75][INFO]: ------开始执行mainUI-----
[2023-03-09 15:20:18,467][log_print.py 85][INFO]: ------startUI执行成功------
[2023-03-09 15:20:18,471][log_print.py 75][INFO]: ------开始执行get_page-----
[2023-03-09 15:20:18,471][log_print.py 80][ERROR]: ------get_page执行失败：'NoneType' object has no attribute 'set_window_size'------
[2023-03-09 15:20:18,472][log_print.py 81][ERROR]: get_page is error,here are details:Traceback (most recent call last):
  File "/Users/Github_Library/My_Case/QQSpace_Album_Download/log_print.py", line 77, in log
    func(*args,**kwargs)
  File "/Users/Github_Library/My_Case/QQSpace_Album_Download/UIdraft.py", line 162, in get_page
    driver.set_window_size(480, 800)
AttributeError: 'NoneType' object has no attribute 'set_window_size'

[2023-03-09 15:20:18,472][log_print.py 80][ERROR]: ------mainUI执行失败：'NoneType' object has no attribute 'set_window_size'------
[2023-03-09 15:20:18,473][log_print.py 81][ERROR]: mainUI is error,here are details:Traceback (most recent call last):
  File "/Users/Github_Library/My_Case/QQSpace_Album_Download/log_print.py", line 77, in log
    func(*args,**kwargs)
  File "/Users/Github_Library/My_Case/QQSpace_Album_Download/UIdraft.py", line 117, in mainUI
    self.page = get_page(driver)
  File "/Users/Github_Library/My_Case/QQSpace_Album_Download/log_print.py", line 83, in log
    raise e
  File "/Users/Github_Library/My_Case/QQSpace_Album_Download/log_print.py", line 77, in log
    func(*args,**kwargs)
  File "/Users/Github_Library/My_Case/QQSpace_Album_Download/UIdraft.py", line 162, in get_page
    driver.set_window_size(480, 800)
AttributeError: 'NoneType' object has no attribute 'set_window_size'

[2023-03-09 15:25:30,119][log_print.py 75][INFO]: ------开始执行__init__-----
[2023-03-09 15:25:30,340][log_print.py 85][INFO]: ------__init__执行成功------
[2023-03-09 15:25:34,824][log_print.py 75][INFO]: ------开始执行selectfile-----
[2023-03-09 15:25:38,569][log_print.py 85][INFO]: ------selectfile执行成功------
[2023-03-09 15:25:44,737][log_print.py 75][INFO]: ------开始执行checkdata-----
[2023-03-09 15:25:44,747][log_print.py 85][INFO]: ------checkdata执行成功------
[2023-03-09 15:25:51,892][log_print.py 75][INFO]: ------开始执行loginUI-----
[2023-03-09 15:25:51,898][log_print.py 75][INFO]: ------开始执行loginUI2-----
[2023-03-09 15:25:51,898][log_print.py 85][INFO]: ------loginUI执行成功------
[2023-03-09 15:25:51,899][log_print.py 75][INFO]: ------开始执行login-----
[2023-03-09 15:26:18,349][log_print.py 85][INFO]: ------login执行成功------
[2023-03-09 15:26:18,350][log_print.py 85][INFO]: ------loginUI2执行成功------
[2023-03-09 15:28:35,222][log_print.py 75][INFO]: ------开始执行__init__-----
[2023-03-09 15:28:35,457][log_print.py 85][INFO]: ------__init__执行成功------
[2023-03-09 15:28:38,066][log_print.py 75][INFO]: ------开始执行selectfile-----
[2023-03-09 15:28:40,764][log_print.py 85][INFO]: ------selectfile执行成功------
[2023-03-09 15:28:46,298][log_print.py 75][INFO]: ------开始执行checkdata-----
[2023-03-09 15:28:46,311][log_print.py 85][INFO]: ------checkdata执行成功------
[2023-03-09 15:28:47,753][log_print.py 75][INFO]: ------开始执行loginUI-----
[2023-03-09 15:28:47,755][log_print.py 75][INFO]: ------开始执行loginUI2-----
[2023-03-09 15:28:47,755][log_print.py 85][INFO]: ------loginUI执行成功------
[2023-03-09 15:28:47,755][log_print.py 75][INFO]: ------开始执行login-----
[2023-03-09 15:29:14,690][log_print.py 85][INFO]: ------login执行成功------
[2023-03-09 15:29:14,691][log_print.py 85][INFO]: ------loginUI2执行成功------
[2023-03-09 15:35:52,202][log_print.py 75][INFO]: ------开始执行__init__-----
[2023-03-09 15:35:52,455][log_print.py 85][INFO]: ------__init__执行成功------
[2023-03-09 15:35:55,229][log_print.py 75][INFO]: ------开始执行selectfile-----
[2023-03-09 15:36:10,138][log_print.py 85][INFO]: ------selectfile执行成功------
[2023-03-09 15:36:15,256][log_print.py 75][INFO]: ------开始执行checkdata-----
[2023-03-09 15:36:15,277][log_print.py 85][INFO]: ------checkdata执行成功------
[2023-03-09 15:36:16,488][log_print.py 75][INFO]: ------开始执行loginUI-----
[2023-03-09 15:36:16,491][log_print.py 75][INFO]: ------开始执行loginUI2-----
[2023-03-09 15:36:16,491][log_print.py 85][INFO]: ------loginUI执行成功------
[2023-03-09 15:36:41,985][log_print.py 85][INFO]: ------loginUI2执行成功------
[2023-03-09 15:36:54,822][log_print.py 75][INFO]: ------开始执行get_pageUI-----
[2023-03-09 15:36:56,498][log_print.py 75][INFO]: ------开始执行get_pageUI2-----
[2023-03-09 15:36:56,499][log_print.py 85][INFO]: ------get_pageUI执行成功------
[2023-03-09 15:37:04,086][log_print.py 85][INFO]: ------get_pageUI2执行成功------
[2023-03-09 15:43:01,465][log_print.py 75][INFO]: ------开始执行__init__-----
[2023-03-09 15:43:01,742][log_print.py 85][INFO]: ------__init__执行成功------
[2023-03-09 15:43:31,005][log_print.py 75][INFO]: ------开始执行selectfile-----
[2023-03-09 15:43:34,569][log_print.py 85][INFO]: ------selectfile执行成功------
[2023-03-09 15:43:39,919][log_print.py 75][INFO]: ------开始执行checkdata-----
[2023-03-09 15:43:39,943][log_print.py 85][INFO]: ------checkdata执行成功------
[2023-03-09 15:43:40,744][log_print.py 75][INFO]: ------开始执行loginUI-----
[2023-03-09 15:43:40,747][log_print.py 75][INFO]: ------开始执行loginUI2-----
[2023-03-09 15:43:40,747][log_print.py 85][INFO]: ------loginUI执行成功------
[2023-03-09 15:44:06,893][log_print.py 85][INFO]: ------loginUI2执行成功------
[2023-03-09 15:44:32,092][log_print.py 75][INFO]: ------开始执行get_pageUI-----
[2023-03-09 15:44:33,989][log_print.py 75][INFO]: ------开始执行get_pageUI2-----
[2023-03-09 15:44:33,989][log_print.py 85][INFO]: ------get_pageUI执行成功------
[2023-03-09 15:47:02,878][log_print.py 75][INFO]: ------开始执行__init__-----
[2023-03-09 15:47:03,140][log_print.py 85][INFO]: ------__init__执行成功------
[2023-03-09 15:47:16,574][log_print.py 75][INFO]: ------开始执行selectfile-----
[2023-03-09 15:47:20,962][log_print.py 85][INFO]: ------selectfile执行成功------
[2023-03-09 15:47:27,090][log_print.py 75][INFO]: ------开始执行checkdata-----
[2023-03-09 15:47:27,098][log_print.py 85][INFO]: ------checkdata执行成功------
[2023-03-09 15:47:27,899][log_print.py 75][INFO]: ------开始执行loginUI-----
[2023-03-09 15:47:27,905][log_print.py 75][INFO]: ------开始执行loginUI2-----
[2023-03-09 15:47:27,905][log_print.py 85][INFO]: ------loginUI执行成功------
[2023-03-09 15:47:27,906][log_print.py 75][INFO]: ------开始执行login-----
[2023-03-09 15:47:53,401][log_print.py 85][INFO]: ------login执行成功------
[2023-03-09 15:47:53,411][log_print.py 85][INFO]: ------loginUI2执行成功------
[2023-03-09 15:49:21,757][log_print.py 75][INFO]: ------开始执行__init__-----
[2023-03-09 15:49:21,982][log_print.py 85][INFO]: ------__init__执行成功------
[2023-03-09 15:49:28,558][log_print.py 75][INFO]: ------开始执行selectfile-----
[2023-03-09 15:49:31,897][log_print.py 85][INFO]: ------selectfile执行成功------
[2023-03-09 15:49:39,415][log_print.py 75][INFO]: ------开始执行checkdata-----
[2023-03-09 15:49:39,422][log_print.py 85][INFO]: ------checkdata执行成功------
[2023-03-09 15:49:40,121][log_print.py 75][INFO]: ------开始执行loginUI-----
[2023-03-09 15:49:40,123][log_print.py 75][INFO]: ------开始执行loginUI2-----
[2023-03-09 15:49:40,123][log_print.py 85][INFO]: ------loginUI执行成功------
[2023-03-09 15:50:06,395][log_print.py 85][INFO]: ------loginUI2执行成功------
[2023-03-09 15:51:12,883][log_print.py 75][INFO]: ------开始执行__init__-----
[2023-03-09 15:51:13,089][log_print.py 85][INFO]: ------__init__执行成功------
[2023-03-09 15:51:19,612][log_print.py 75][INFO]: ------开始执行selectfile-----
[2023-03-09 15:51:22,579][log_print.py 85][INFO]: ------selectfile执行成功------
[2023-03-09 15:51:28,642][log_print.py 75][INFO]: ------开始执行checkdata-----
[2023-03-09 15:51:28,650][log_print.py 85][INFO]: ------checkdata执行成功------
[2023-03-09 15:51:29,543][log_print.py 75][INFO]: ------开始执行loginUI-----
[2023-03-09 15:51:29,544][log_print.py 75][INFO]: ------开始执行loginUI2-----
[2023-03-09 15:51:29,544][log_print.py 85][INFO]: ------loginUI执行成功------
[2023-03-09 15:51:29,545][log_print.py 75][INFO]: ------开始执行login-----
[2023-03-09 15:51:56,269][log_print.py 85][INFO]: ------login执行成功------
[2023-03-09 15:51:56,271][log_print.py 85][INFO]: ------loginUI2执行成功------
[2023-03-09 15:54:13,891][log_print.py 75][INFO]: ------开始执行__init__-----
[2023-03-09 15:54:14,109][log_print.py 85][INFO]: ------__init__执行成功------
[2023-03-09 15:54:18,076][log_print.py 75][INFO]: ------开始执行selectfile-----
[2023-03-09 15:54:21,505][log_print.py 85][INFO]: ------selectfile执行成功------
[2023-03-09 15:54:32,434][log_print.py 75][INFO]: ------开始执行checkdata-----
[2023-03-09 15:54:32,452][log_print.py 85][INFO]: ------checkdata执行成功------
[2023-03-09 15:54:33,409][log_print.py 75][INFO]: ------开始执行loginUI-----
[2023-03-09 15:54:33,413][log_print.py 75][INFO]: ------开始执行loginUI2-----
[2023-03-09 15:54:33,413][log_print.py 85][INFO]: ------loginUI执行成功------
[2023-03-09 15:54:33,413][log_print.py 75][INFO]: ------开始执行login-----
[2023-03-09 15:55:00,332][log_print.py 85][INFO]: ------login执行成功------
[2023-03-09 15:55:00,338][log_print.py 85][INFO]: ------loginUI2执行成功------
[2023-03-09 15:56:23,748][log_print.py 75][INFO]: ------开始执行__init__-----
[2023-03-09 15:56:24,001][log_print.py 85][INFO]: ------__init__执行成功------
[2023-03-09 15:56:27,076][log_print.py 75][INFO]: ------开始执行selectfile-----
[2023-03-09 15:56:31,642][log_print.py 85][INFO]: ------selectfile执行成功------
[2023-03-09 15:56:36,479][log_print.py 75][INFO]: ------开始执行checkdata-----
[2023-03-09 15:56:36,488][log_print.py 85][INFO]: ------checkdata执行成功------
[2023-03-09 15:56:42,062][log_print.py 75][INFO]: ------开始执行loginUI-----
[2023-03-09 15:56:42,063][log_print.py 75][INFO]: ------开始执行login-----
[2023-03-09 15:56:42,064][log_print.py 85][INFO]: ------loginUI执行成功------
[2023-03-09 15:57:08,968][log_print.py 85][INFO]: ------login执行成功------
[2023-03-09 15:59:15,582][log_print.py 75][INFO]: ------开始执行__init__-----
[2023-03-09 15:59:15,801][log_print.py 85][INFO]: ------__init__执行成功------
[2023-03-09 15:59:18,987][log_print.py 75][INFO]: ------开始执行selectfile-----
[2023-03-09 15:59:22,125][log_print.py 85][INFO]: ------selectfile执行成功------
[2023-03-09 15:59:27,496][log_print.py 75][INFO]: ------开始执行checkdata-----
[2023-03-09 15:59:27,504][log_print.py 85][INFO]: ------checkdata执行成功------
[2023-03-09 15:59:28,782][log_print.py 75][INFO]: ------开始执行loginUI-----
[2023-03-09 15:59:28,784][log_print.py 75][INFO]: ------开始执行login-----
[2023-03-09 15:59:28,784][log_print.py 85][INFO]: ------loginUI执行成功------
[2023-03-09 15:59:54,254][log_print.py 85][INFO]: ------login执行成功------
[2023-03-09 16:00:25,719][log_print.py 75][INFO]: ------开始执行__init__-----
[2023-03-09 16:00:25,939][log_print.py 85][INFO]: ------__init__执行成功------
[2023-03-09 16:00:29,576][log_print.py 75][INFO]: ------开始执行selectfile-----
[2023-03-09 16:00:32,731][log_print.py 85][INFO]: ------selectfile执行成功------
[2023-03-09 16:00:37,766][log_print.py 75][INFO]: ------开始执行checkdata-----
[2023-03-09 16:00:37,772][log_print.py 85][INFO]: ------checkdata执行成功------
[2023-03-09 16:00:45,135][log_print.py 75][INFO]: ------开始执行login-----
[2023-03-09 16:01:10,223][log_print.py 85][INFO]: ------login执行成功------
[2023-03-09 16:06:05,077][log_print.py 75][INFO]: ------开始执行__init__-----
[2023-03-09 16:06:05,306][log_print.py 85][INFO]: ------__init__执行成功------
[2023-03-09 16:06:08,251][log_print.py 75][INFO]: ------开始执行selectfile-----
[2023-03-09 16:06:12,547][log_print.py 85][INFO]: ------selectfile执行成功------
[2023-03-09 16:06:17,402][log_print.py 75][INFO]: ------开始执行checkdata-----
[2023-03-09 16:06:17,418][log_print.py 85][INFO]: ------checkdata执行成功------
[2023-03-09 16:06:56,391][log_print.py 75][INFO]: ------开始执行get_pageUI-----
[2023-03-09 16:06:57,815][log_print.py 75][INFO]: ------开始执行get_pageUI2-----
[2023-03-09 16:06:57,815][log_print.py 85][INFO]: ------get_pageUI执行成功------
[2023-03-09 16:07:43,787][log_print.py 85][INFO]: ------get_pageUI2执行成功------
[2023-03-09 16:08:53,577][log_print.py 75][INFO]: ------开始执行login-----
[2023-03-09 16:10:04,839][log_print.py 85][INFO]: ------login执行成功------
[2023-03-09 16:12:02,637][log_print.py 75][INFO]: ------开始执行login-----
[2023-03-09 16:12:02,638][log_print.py 80][ERROR]: ------login执行失败：login() missing 1 required positional argument: 'driver'------
[2023-03-09 16:12:02,640][log_print.py 81][ERROR]: login is error,here are details:Traceback (most recent call last):
  File "/Users/Github_Library/My_Case/QQSpace_Album_Download/log_print.py", line 77, in log
    func(*args,**kwargs)
TypeError: login() missing 1 required positional argument: 'driver'

[2023-03-09 16:12:30,819][log_print.py 75][INFO]: ------开始执行login-----
[2023-03-09 16:13:15,352][log_print.py 85][INFO]: ------login执行成功------
[2023-03-09 16:13:57,475][log_print.py 75][INFO]: ------开始执行login-----
[2023-03-09 16:15:25,253][log_print.py 85][INFO]: ------login执行成功------
[2023-03-09 16:15:31,770][log_print.py 75][INFO]: ------开始执行get_cookie-----
[2023-03-09 16:15:31,779][log_print.py 85][INFO]: ------get_cookie执行成功------
[2023-03-09 16:27:34,870][log_print.py 75][INFO]: ------开始执行__init__-----
[2023-03-09 16:27:35,132][log_print.py 85][INFO]: ------__init__执行成功------
[2023-03-09 16:27:38,484][log_print.py 75][INFO]: ------开始执行selectfile-----
[2023-03-09 16:27:43,031][log_print.py 85][INFO]: ------selectfile执行成功------
[2023-03-09 16:27:47,653][log_print.py 75][INFO]: ------开始执行checkdata-----
[2023-03-09 16:27:47,663][log_print.py 85][INFO]: ------checkdata执行成功------
[2023-03-09 16:27:49,164][log_print.py 75][INFO]: ------开始执行loginUI-----
[2023-03-09 16:27:49,174][log_print.py 85][INFO]: ------loginUI执行成功------
[2023-03-09 16:27:49,194][log_print.py 75][INFO]: ------开始执行loginUI2-----
[2023-03-09 16:27:59,147][log_print.py 75][INFO]: ------开始执行login-----
[2023-03-09 16:28:19,002][log_print.py 85][INFO]: ------login执行成功------
[2023-03-09 16:28:19,005][log_print.py 85][INFO]: ------loginUI2执行成功------
[2023-03-09 16:28:21,790][log_print.py 75][INFO]: ------开始执行get_pageUI-----
[2023-03-09 16:28:23,156][log_print.py 75][INFO]: ------开始执行startUI-----
[2023-03-09 16:28:23,156][log_print.py 85][INFO]: ------get_pageUI执行成功------
[2023-03-09 16:46:30,145][log_print.py 75][INFO]: ------开始执行__init__-----
[2023-03-09 16:46:30,146][log_print.py 76][INFO]: ------此函数的注释为None-----
[2023-03-09 16:46:30,395][log_print.py 86][INFO]: ------__init__执行成功------
[2023-03-09 16:46:33,046][log_print.py 75][INFO]: ------开始执行selectfile-----
[2023-03-09 16:46:33,047][log_print.py 76][INFO]: ------此函数的注释为None-----
[2023-03-09 16:46:37,668][log_print.py 86][INFO]: ------selectfile执行成功------
[2023-03-09 16:46:44,690][log_print.py 75][INFO]: ------开始执行checkdata-----
[2023-03-09 16:46:44,691][log_print.py 76][INFO]: ------此函数的注释为None-----
[2023-03-09 16:46:46,605][log_print.py 86][INFO]: ------checkdata执行成功------
[2023-03-09 16:46:47,945][log_print.py 75][INFO]: ------开始执行checkdata-----
[2023-03-09 16:46:47,946][log_print.py 76][INFO]: ------此函数的注释为None-----
[2023-03-09 16:46:47,956][log_print.py 86][INFO]: ------checkdata执行成功------
[2023-03-09 16:46:49,312][log_print.py 75][INFO]: ------开始执行loginUI-----
[2023-03-09 16:46:49,313][log_print.py 76][INFO]: ------此函数的注释为None-----
[2023-03-09 16:46:49,317][log_print.py 75][INFO]: ------开始执行loginUI2-----
[2023-03-09 16:46:49,318][log_print.py 86][INFO]: ------loginUI执行成功------
[2023-03-09 16:46:49,318][log_print.py 76][INFO]: ------此函数的注释为None-----
[2023-03-09 16:46:57,223][log_print.py 75][INFO]: ------开始执行login-----
[2023-03-09 16:46:57,224][log_print.py 76][INFO]: ------此函数的注释为None-----
[2023-03-09 16:47:14,853][log_print.py 86][INFO]: ------login执行成功------
[2023-03-09 16:47:14,859][log_print.py 86][INFO]: ------loginUI2执行成功------
[2023-03-09 16:48:59,573][log_print.py 75][INFO]: ------开始执行start_download-----
[2023-03-09 16:48:59,575][log_print.py 76][INFO]: ------此函数的注释为None-----
[2023-03-09 16:49:03,989][log_print.py 75][INFO]: ------开始执行mainUI-----
[2023-03-09 16:49:03,989][log_print.py 86][INFO]: ------start_download执行成功------
[2023-03-09 16:49:03,989][log_print.py 76][INFO]: ------此函数的注释为None-----
[2023-03-09 16:49:03,989][log_print.py 75][INFO]: ------开始执行get_page-----
[2023-03-09 16:49:03,990][log_print.py 76][INFO]: ------此函数的注释为None-----
[2023-03-09 16:49:10,854][log_print.py 86][INFO]: ------get_page执行成功------
[2023-03-09 16:49:10,855][log_print.py 75][INFO]: ------开始执行get_cookie-----
[2023-03-09 16:49:10,855][log_print.py 76][INFO]: ------此函数的注释为None-----
[2023-03-09 16:49:10,861][log_print.py 86][INFO]: ------get_cookie执行成功------
[2023-03-09 16:49:10,861][log_print.py 75][INFO]: ------开始执行get_g_tk-----
[2023-03-09 16:49:10,861][log_print.py 76][INFO]: ------此函数的注释为None-----
[2023-03-09 16:49:10,865][log_print.py 86][INFO]: ------get_g_tk执行成功------
[2023-03-09 16:49:10,865][log_print.py 75][INFO]: ------开始执行get_album_list-----
[2023-03-09 16:49:10,865][log_print.py 76][INFO]: ------此函数的注释为None-----
[2023-03-09 16:49:10,865][log_print.py 81][ERROR]: ------get_album_list执行失败：object of type 'NoneType' has no len()------
[2023-03-09 16:49:10,868][log_print.py 82][ERROR]: get_album_list is error,here are details:Traceback (most recent call last):
  File "/Users/Github_Library/My_Case/QQSpace_Album_Download/log_print.py", line 78, in log
    func(*args,**kwargs)
  File "/Users/Github_Library/My_Case/QQSpace_Album_Download/UIdraft.py", line 173, in get_album_list
    page_text = BeautifulSoup(page,"html.parser")
  File "/Library/Frameworks/Python.framework/Versions/3.10/lib/python3.10/site-packages/bs4/__init__.py", line 313, in __init__
    elif len(markup) <= 256 and (
TypeError: object of type 'NoneType' has no len()

[2023-03-09 16:49:10,868][log_print.py 81][ERROR]: ------mainUI执行失败：object of type 'NoneType' has no len()------
[2023-03-09 16:49:10,868][log_print.py 82][ERROR]: mainUI is error,here are details:Traceback (most recent call last):
  File "/Users/Github_Library/My_Case/QQSpace_Album_Download/log_print.py", line 78, in log
    func(*args,**kwargs)
  File "/Users/Github_Library/My_Case/QQSpace_Album_Download/UIdraft.py", line 125, in mainUI
    list1 = get_album_list(self.page)
  File "/Users/Github_Library/My_Case/QQSpace_Album_Download/log_print.py", line 84, in log
    raise e
  File "/Users/Github_Library/My_Case/QQSpace_Album_Download/log_print.py", line 78, in log
    func(*args,**kwargs)
  File "/Users/Github_Library/My_Case/QQSpace_Album_Download/UIdraft.py", line 173, in get_album_list
    page_text = BeautifulSoup(page,"html.parser")
  File "/Library/Frameworks/Python.framework/Versions/3.10/lib/python3.10/site-packages/bs4/__init__.py", line 313, in __init__
    elif len(markup) <= 256 and (
TypeError: object of type 'NoneType' has no len()

[2023-03-09 17:18:34,177][log_print.py 75][INFO]: ------开始执行__init__-----
[2023-03-09 17:18:34,178][log_print.py 76][INFO]: ------此函数的注释为None-----
[2023-03-09 17:18:34,438][log_print.py 86][INFO]: ------__init__执行成功------
[2023-03-09 17:18:57,960][log_print.py 75][INFO]: ------开始执行checkdata-----
[2023-03-09 17:18:57,961][log_print.py 76][INFO]: ------此函数的注释为None-----
[2023-03-09 17:19:01,976][log_print.py 86][INFO]: ------checkdata执行成功------
[2023-03-09 17:19:03,057][log_print.py 75][INFO]: ------开始执行selectfile-----
[2023-03-09 17:19:03,058][log_print.py 76][INFO]: ------此函数的注释为None-----
[2023-03-09 17:19:15,820][log_print.py 86][INFO]: ------selectfile执行成功------
[2023-03-09 17:19:22,247][log_print.py 75][INFO]: ------开始执行checkdata-----
[2023-03-09 17:19:22,248][log_print.py 76][INFO]: ------此函数的注释为None-----
[2023-03-09 17:19:22,264][log_print.py 86][INFO]: ------checkdata执行成功------
[2023-03-09 17:19:23,626][log_print.py 75][INFO]: ------开始执行loginUI-----
[2023-03-09 17:19:23,627][log_print.py 76][INFO]: ------此函数的注释为None-----
[2023-03-09 17:19:23,638][log_print.py 86][INFO]: ------loginUI执行成功------
[2023-03-09 17:19:23,657][log_print.py 75][INFO]: ------开始执行loginUI2-----
[2023-03-09 17:19:23,657][log_print.py 76][INFO]: ------此函数的注释为None-----
[2023-03-09 17:19:31,614][log_print.py 75][INFO]: ------开始执行login-----
[2023-03-09 17:19:31,615][log_print.py 76][INFO]: ------此函数的注释为None-----
[2023-03-09 17:19:50,333][log_print.py 86][INFO]: ------login执行成功------
[2023-03-09 17:19:50,346][log_print.py 86][INFO]: ------loginUI2执行成功------
[2023-03-09 17:20:00,182][log_print.py 75][INFO]: ------开始执行start_download-----
[2023-03-09 17:20:00,183][log_print.py 76][INFO]: ------此函数的注释为None-----
[2023-03-09 17:20:04,207][log_print.py 75][INFO]: ------开始执行mainUI-----
[2023-03-09 17:20:04,207][log_print.py 86][INFO]: ------start_download执行成功------
[2023-03-09 17:20:04,208][log_print.py 76][INFO]: ------此函数的注释为None-----
[2023-03-09 17:20:04,215][log_print.py 75][INFO]: ------开始执行get_page-----
[2023-03-09 17:20:04,215][log_print.py 76][INFO]: ------此函数的注释为None-----
[2023-03-09 17:20:10,915][log_print.py 86][INFO]: ------get_page执行成功------
[2023-03-09 17:20:10,923][log_print.py 75][INFO]: ------开始执行get_cookie-----
[2023-03-09 17:20:10,923][log_print.py 76][INFO]: ------此函数的注释为None-----
[2023-03-09 17:20:10,929][log_print.py 86][INFO]: ------get_cookie执行成功------
[2023-03-09 17:20:10,929][log_print.py 75][INFO]: ------开始执行get_g_tk-----
[2023-03-09 17:20:10,929][log_print.py 76][INFO]: ------此函数的注释为None-----
[2023-03-09 17:20:10,935][log_print.py 86][INFO]: ------get_g_tk执行成功------
[2023-03-09 17:20:10,935][log_print.py 75][INFO]: ------开始执行get_album_list-----
[2023-03-09 17:20:10,935][log_print.py 76][INFO]: ------此函数的注释为None-----
[2023-03-09 17:20:11,167][log_print.py 86][INFO]: ------get_album_list执行成功------
[2023-03-09 17:20:11,168][log_print.py 75][INFO]: ------开始执行get_url-----
[2023-03-09 17:20:11,168][log_print.py 76][INFO]: ------此函数的注释为None-----
[2023-03-09 17:20:11,169][log_print.py 86][INFO]: ------get_url执行成功------
[2023-03-09 19:35:47,164][log_print.py 75][INFO]: ------开始执行__init__-----
[2023-03-09 19:35:47,165][log_print.py 76][INFO]: ------此函数的注释为None-----
[2023-03-09 19:35:47,374][log_print.py 86][INFO]: ------__init__执行成功------
[2023-03-09 19:35:53,102][log_print.py 75][INFO]: ------开始执行selectfile-----
[2023-03-09 19:35:53,104][log_print.py 76][INFO]: ------此函数的注释为None-----
[2023-03-09 19:35:57,967][log_print.py 86][INFO]: ------selectfile执行成功------
[2023-03-09 19:35:59,764][log_print.py 75][INFO]: ------开始执行checkdata-----
[2023-03-09 19:35:59,765][log_print.py 76][INFO]: ------此函数的注释为None-----
[2023-03-09 19:36:01,222][log_print.py 86][INFO]: ------checkdata执行成功------
[2023-03-09 19:36:05,839][log_print.py 75][INFO]: ------开始执行checkdata-----
[2023-03-09 19:36:05,840][log_print.py 76][INFO]: ------此函数的注释为None-----
[2023-03-09 19:36:05,850][log_print.py 86][INFO]: ------checkdata执行成功------
[2023-03-09 19:36:06,527][log_print.py 75][INFO]: ------开始执行loginUI-----
[2023-03-09 19:36:06,528][log_print.py 76][INFO]: ------此函数的注释为None-----
[2023-03-09 19:36:06,529][log_print.py 75][INFO]: ------开始执行loginUI2-----
[2023-03-09 19:36:06,529][log_print.py 86][INFO]: ------loginUI执行成功------
[2023-03-09 19:36:06,529][log_print.py 76][INFO]: ------此函数的注释为None-----
[2023-03-09 19:36:14,187][log_print.py 75][INFO]: ------开始执行login-----
[2023-03-09 19:36:14,187][log_print.py 76][INFO]: ------此函数的注释为None-----
[2023-03-09 19:36:54,462][log_print.py 86][INFO]: ------login执行成功------
[2023-03-09 19:36:54,473][log_print.py 86][INFO]: ------loginUI2执行成功------
[2023-03-09 19:37:30,132][log_print.py 75][INFO]: ------开始执行start_download-----
[2023-03-09 19:37:30,134][log_print.py 76][INFO]: ------此函数的注释为None-----
[2023-03-09 19:37:31,525][log_print.py 75][INFO]: ------开始执行mainUI-----
[2023-03-09 19:37:31,525][log_print.py 86][INFO]: ------start_download执行成功------
[2023-03-09 19:37:31,526][log_print.py 76][INFO]: ------此函数的注释为None-----
[2023-03-09 19:37:31,528][log_print.py 75][INFO]: ------开始执行get_page-----
[2023-03-09 19:37:31,529][log_print.py 76][INFO]: ------此函数的注释为None-----
[2023-03-09 19:37:38,250][log_print.py 86][INFO]: ------get_page执行成功------
[2023-03-09 19:37:38,264][log_print.py 75][INFO]: ------开始执行get_cookie-----
[2023-03-09 19:37:38,265][log_print.py 76][INFO]: ------此函数的注释为None-----
[2023-03-09 19:37:38,279][log_print.py 86][INFO]: ------get_cookie执行成功------
[2023-03-09 19:37:38,279][log_print.py 75][INFO]: ------开始执行get_g_tk-----
[2023-03-09 19:37:38,279][log_print.py 76][INFO]: ------此函数的注释为None-----
[2023-03-09 19:37:38,286][log_print.py 86][INFO]: ------get_g_tk执行成功------
[2023-03-09 19:37:38,286][log_print.py 75][INFO]: ------开始执行get_album_list-----
[2023-03-09 19:37:38,286][log_print.py 76][INFO]: ------此函数的注释为None-----
[2023-03-09 19:37:38,403][log_print.py 86][INFO]: ------get_album_list执行成功------
[2023-03-09 19:37:38,404][log_print.py 75][INFO]: ------开始执行get_url-----
[2023-03-09 19:37:38,404][log_print.py 76][INFO]: ------此函数的注释为None-----
[2023-03-09 19:37:38,404][log_print.py 86][INFO]: ------get_url执行成功------
[2023-03-09 19:37:38,404][log_print.py 75][INFO]: ------开始执行get_photo-----
[2023-03-09 19:37:38,404][log_print.py 76][INFO]: ------此函数的注释为None-----
[2023-03-09 19:37:38,412][log_print.py 86][INFO]: ------get_photo执行成功------
[2023-03-09 19:37:38,413][log_print.py 81][ERROR]: ------mainUI执行失败：a coroutine was expected, got None------
[2023-03-09 19:37:38,413][log_print.py 82][ERROR]: mainUI is error,here are details:Traceback (most recent call last):
  File "/Users/Github_Library/My_Case/QQSpace_Album_Download/log_print.py", line 78, in log
    func(*args,**kwargs)
  File "/Users/Github_Library/My_Case/QQSpace_Album_Download/UIdraft.py", line 277, in mainUI
    asyncio.run(self.get_photo(self.urllist, headers, self.list1))
  File "/Library/Frameworks/Python.framework/Versions/3.10/lib/python3.10/asyncio/runners.py", line 37, in run
    raise ValueError("a coroutine was expected, got {!r}".format(main))
ValueError: a coroutine was expected, got None

[2023-03-09 19:43:32,186][log_print.py 75][INFO]: ------开始执行__init__-----
[2023-03-09 19:43:32,187][log_print.py 76][INFO]: ------此函数的注释为None-----
[2023-03-09 19:43:32,429][log_print.py 86][INFO]: ------__init__执行成功------
[2023-03-09 19:43:36,940][log_print.py 75][INFO]: ------开始执行selectfile-----
[2023-03-09 19:43:36,942][log_print.py 76][INFO]: ------此函数的注释为None-----
[2023-03-09 19:43:42,115][log_print.py 86][INFO]: ------selectfile执行成功------
[2023-03-09 19:43:47,907][log_print.py 75][INFO]: ------开始执行checkdata-----
[2023-03-09 19:43:47,908][log_print.py 76][INFO]: ------此函数的注释为None-----
[2023-03-09 19:43:47,918][log_print.py 86][INFO]: ------checkdata执行成功------
[2023-03-09 19:43:48,695][log_print.py 75][INFO]: ------开始执行loginUI-----
[2023-03-09 19:43:48,696][log_print.py 76][INFO]: ------此函数的注释为None-----
[2023-03-09 19:43:48,699][log_print.py 75][INFO]: ------开始执行loginUI2-----
[2023-03-09 19:43:48,699][log_print.py 86][INFO]: ------loginUI执行成功------
[2023-03-09 19:43:48,699][log_print.py 76][INFO]: ------此函数的注释为None-----
[2023-03-09 19:43:56,731][log_print.py 75][INFO]: ------开始执行login-----
[2023-03-09 19:43:56,733][log_print.py 76][INFO]: ------此函数的注释为None-----
[2023-03-09 19:44:28,924][log_print.py 86][INFO]: ------login执行成功------
[2023-03-09 19:44:28,936][log_print.py 86][INFO]: ------loginUI2执行成功------
[2023-03-09 19:45:17,481][log_print.py 75][INFO]: ------开始执行start_download-----
[2023-03-09 19:45:17,483][log_print.py 76][INFO]: ------此函数的注释为None-----
[2023-03-09 19:45:18,711][log_print.py 75][INFO]: ------开始执行mainUI-----
[2023-03-09 19:45:18,711][log_print.py 86][INFO]: ------start_download执行成功------
[2023-03-09 19:45:18,711][log_print.py 76][INFO]: ------此函数的注释为None-----
[2023-03-09 19:45:18,714][log_print.py 75][INFO]: ------开始执行get_page-----
[2023-03-09 19:45:18,714][log_print.py 76][INFO]: ------此函数的注释为None-----
[2023-03-09 19:45:25,841][log_print.py 86][INFO]: ------get_page执行成功------
[2023-03-09 19:45:25,841][log_print.py 75][INFO]: ------开始执行get_cookie-----
[2023-03-09 19:45:25,841][log_print.py 76][INFO]: ------此函数的注释为None-----
[2023-03-09 19:45:25,850][log_print.py 86][INFO]: ------get_cookie执行成功------
[2023-03-09 19:45:25,850][log_print.py 75][INFO]: ------开始执行get_g_tk-----
[2023-03-09 19:45:25,850][log_print.py 76][INFO]: ------此函数的注释为None-----
[2023-03-09 19:45:25,866][log_print.py 86][INFO]: ------get_g_tk执行成功------
[2023-03-09 19:45:25,866][log_print.py 75][INFO]: ------开始执行get_album_list-----
[2023-03-09 19:45:25,866][log_print.py 76][INFO]: ------此函数的注释为None-----
[2023-03-09 19:45:25,983][log_print.py 86][INFO]: ------get_album_list执行成功------
[2023-03-09 19:45:25,984][log_print.py 75][INFO]: ------开始执行get_url-----
[2023-03-09 19:45:25,984][log_print.py 76][INFO]: ------此函数的注释为None-----
[2023-03-09 19:45:25,984][log_print.py 86][INFO]: ------get_url执行成功------
[2023-03-09 19:45:25,984][log_print.py 75][INFO]: ------开始执行get_photo-----
[2023-03-09 19:45:25,984][log_print.py 76][INFO]: ------此函数的注释为None-----
[2023-03-09 19:45:25,988][log_print.py 86][INFO]: ------get_photo执行成功------
[2023-03-09 19:45:25,989][log_print.py 81][ERROR]: ------mainUI执行失败：a coroutine was expected, got None------
[2023-03-09 19:45:25,989][log_print.py 82][ERROR]: mainUI is error,here are details:Traceback (most recent call last):
  File "/Users/Github_Library/My_Case/QQSpace_Album_Download/log_print.py", line 78, in log
    func(*args,**kwargs)
  File "/Users/Github_Library/My_Case/QQSpace_Album_Download/UIdraft.py", line 277, in mainUI
    asyncio.run(self.get_photo(self.urllist, headers, self.list1))
  File "/Library/Frameworks/Python.framework/Versions/3.10/lib/python3.10/asyncio/runners.py", line 37, in run
    raise ValueError("a coroutine was expected, got {!r}".format(main))
ValueError: a coroutine was expected, got None

[2023-03-09 19:55:40,259][log_print.py 75][INFO]: ------开始执行__init__-----
[2023-03-09 19:55:40,260][log_print.py 76][INFO]: ------此函数的注释为None-----
[2023-03-09 19:55:40,530][log_print.py 86][INFO]: ------__init__执行成功------
[2023-03-09 19:55:43,598][log_print.py 75][INFO]: ------开始执行selectfile-----
[2023-03-09 19:55:43,600][log_print.py 76][INFO]: ------此函数的注释为None-----
[2023-03-09 19:55:52,611][log_print.py 86][INFO]: ------selectfile执行成功------
[2023-03-09 19:56:13,242][log_print.py 75][INFO]: ------开始执行checkdata-----
[2023-03-09 19:56:13,243][log_print.py 76][INFO]: ------此函数的注释为None-----
[2023-03-09 19:56:14,419][log_print.py 86][INFO]: ------checkdata执行成功------
[2023-03-09 19:56:19,147][log_print.py 75][INFO]: ------开始执行checkdata-----
[2023-03-09 19:56:19,147][log_print.py 76][INFO]: ------此函数的注释为None-----
[2023-03-09 19:56:19,167][log_print.py 86][INFO]: ------checkdata执行成功------
[2023-03-09 19:56:20,350][log_print.py 75][INFO]: ------开始执行loginUI-----
[2023-03-09 19:56:20,350][log_print.py 76][INFO]: ------此函数的注释为None-----
[2023-03-09 19:56:20,352][log_print.py 75][INFO]: ------开始执行loginUI2-----
[2023-03-09 19:56:20,352][log_print.py 86][INFO]: ------loginUI执行成功------
[2023-03-09 19:56:20,352][log_print.py 76][INFO]: ------此函数的注释为None-----
[2023-03-09 19:56:29,329][log_print.py 75][INFO]: ------开始执行login-----
[2023-03-09 19:56:29,330][log_print.py 76][INFO]: ------此函数的注释为None-----
[2023-03-09 19:57:05,171][log_print.py 86][INFO]: ------login执行成功------
[2023-03-09 19:57:05,197][log_print.py 86][INFO]: ------loginUI2执行成功------
[2023-03-09 19:58:06,097][log_print.py 75][INFO]: ------开始执行start_download-----
[2023-03-09 19:58:06,099][log_print.py 76][INFO]: ------此函数的注释为None-----
[2023-03-09 19:58:07,222][log_print.py 75][INFO]: ------开始执行mainUI-----
[2023-03-09 19:58:07,223][log_print.py 86][INFO]: ------start_download执行成功------
[2023-03-09 19:58:07,223][log_print.py 76][INFO]: ------此函数的注释为None-----
[2023-03-09 19:58:07,235][log_print.py 75][INFO]: ------开始执行get_page-----
[2023-03-09 19:58:07,235][log_print.py 76][INFO]: ------此函数的注释为None-----
[2023-03-09 19:58:13,957][log_print.py 86][INFO]: ------get_page执行成功------
[2023-03-09 19:58:13,958][log_print.py 75][INFO]: ------开始执行get_cookie-----
[2023-03-09 19:58:13,958][log_print.py 76][INFO]: ------此函数的注释为None-----
[2023-03-09 19:58:13,968][log_print.py 86][INFO]: ------get_cookie执行成功------
[2023-03-09 19:58:13,968][log_print.py 75][INFO]: ------开始执行get_g_tk-----
[2023-03-09 19:58:13,968][log_print.py 76][INFO]: ------此函数的注释为None-----
[2023-03-09 19:58:13,978][log_print.py 86][INFO]: ------get_g_tk执行成功------
[2023-03-09 19:58:13,979][log_print.py 75][INFO]: ------开始执行get_album_list-----
[2023-03-09 19:58:13,979][log_print.py 76][INFO]: ------此函数的注释为None-----
[2023-03-09 19:58:14,135][log_print.py 86][INFO]: ------get_album_list执行成功------
[2023-03-09 19:58:14,135][log_print.py 75][INFO]: ------开始执行get_url-----
[2023-03-09 19:58:14,135][log_print.py 76][INFO]: ------此函数的注释为None-----
[2023-03-09 19:58:14,136][log_print.py 86][INFO]: ------get_url执行成功------
[2023-03-09 19:58:14,136][log_print.py 75][INFO]: ------开始执行get_photo-----
[2023-03-09 19:58:14,136][log_print.py 76][INFO]: ------此函数的注释为None-----
[2023-03-09 19:58:14,145][log_print.py 86][INFO]: ------get_photo执行成功------
[2023-03-09 19:58:14,146][log_print.py 81][ERROR]: ------mainUI执行失败：a coroutine was expected, got None------
[2023-03-09 19:58:14,147][log_print.py 82][ERROR]: mainUI is error,here are details:Traceback (most recent call last):
  File "/Users/Github_Library/My_Case/QQSpace_Album_Download/log_print.py", line 78, in log
    func(*args,**kwargs)
  File "/Users/Github_Library/My_Case/QQSpace_Album_Download/UIdraft.py", line 277, in mainUI
    asyncio.run(get_photo(self.urllist, headers, self.list1))
  File "/Library/Frameworks/Python.framework/Versions/3.10/lib/python3.10/asyncio/runners.py", line 37, in run
    raise ValueError("a coroutine was expected, got {!r}".format(main))
ValueError: a coroutine was expected, got None

[2023-03-09 20:01:24,923][log_print.py 75][INFO]: ------开始执行__init__-----
[2023-03-09 20:01:24,924][log_print.py 76][INFO]: ------此函数的注释为None-----
[2023-03-09 20:01:25,185][log_print.py 86][INFO]: ------__init__执行成功------
[2023-03-09 20:01:28,032][log_print.py 75][INFO]: ------开始执行selectfile-----
[2023-03-09 20:01:28,032][log_print.py 76][INFO]: ------此函数的注释为None-----
[2023-03-09 20:01:34,119][log_print.py 86][INFO]: ------selectfile执行成功------
[2023-03-09 20:01:38,846][log_print.py 75][INFO]: ------开始执行checkdata-----
[2023-03-09 20:01:38,847][log_print.py 76][INFO]: ------此函数的注释为None-----
[2023-03-09 20:01:38,856][log_print.py 86][INFO]: ------checkdata执行成功------
[2023-03-09 20:01:39,715][log_print.py 75][INFO]: ------开始执行loginUI-----
[2023-03-09 20:01:39,715][log_print.py 76][INFO]: ------此函数的注释为None-----
[2023-03-09 20:01:39,716][log_print.py 75][INFO]: ------开始执行loginUI2-----
[2023-03-09 20:01:39,717][log_print.py 86][INFO]: ------loginUI执行成功------
[2023-03-09 20:01:39,717][log_print.py 76][INFO]: ------此函数的注释为None-----
[2023-03-09 20:01:47,719][log_print.py 75][INFO]: ------开始执行login-----
[2023-03-09 20:01:47,719][log_print.py 76][INFO]: ------此函数的注释为None-----
[2023-03-09 20:02:31,535][log_print.py 86][INFO]: ------login执行成功------
[2023-03-09 20:02:31,557][log_print.py 86][INFO]: ------loginUI2执行成功------
[2023-03-09 20:02:53,230][log_print.py 75][INFO]: ------开始执行start_download-----
[2023-03-09 20:02:53,234][log_print.py 76][INFO]: ------此函数的注释为None-----
[2023-03-09 20:02:54,693][log_print.py 75][INFO]: ------开始执行mainUI-----
[2023-03-09 20:02:54,693][log_print.py 86][INFO]: ------start_download执行成功------
[2023-03-09 20:02:54,693][log_print.py 76][INFO]: ------此函数的注释为None-----
[2023-03-09 20:02:54,695][log_print.py 75][INFO]: ------开始执行get_page-----
[2023-03-09 20:02:54,695][log_print.py 76][INFO]: ------此函数的注释为None-----
[2023-03-09 20:03:16,303][log_print.py 86][INFO]: ------get_page执行成功------
[2023-03-09 20:03:16,308][log_print.py 75][INFO]: ------开始执行get_cookie-----
[2023-03-09 20:03:16,308][log_print.py 76][INFO]: ------此函数的注释为None-----
[2023-03-09 20:03:16,318][log_print.py 86][INFO]: ------get_cookie执行成功------
[2023-03-09 20:03:16,318][log_print.py 75][INFO]: ------开始执行get_g_tk-----
[2023-03-09 20:03:16,318][log_print.py 76][INFO]: ------此函数的注释为None-----
[2023-03-09 20:03:16,324][log_print.py 86][INFO]: ------get_g_tk执行成功------
[2023-03-09 20:03:16,324][log_print.py 75][INFO]: ------开始执行get_album_list-----
[2023-03-09 20:03:16,324][log_print.py 76][INFO]: ------此函数的注释为None-----
[2023-03-09 20:03:16,460][log_print.py 86][INFO]: ------get_album_list执行成功------
[2023-03-09 20:03:16,460][log_print.py 75][INFO]: ------开始执行get_url-----
[2023-03-09 20:03:16,460][log_print.py 76][INFO]: ------此函数的注释为None-----
[2023-03-09 20:03:16,460][log_print.py 86][INFO]: ------get_url执行成功------
[2023-03-09 20:03:20,892][log_print.py 81][ERROR]: ------mainUI执行失败：download_photos() missing 1 required positional argument: 'session'------
[2023-03-09 20:03:20,894][log_print.py 82][ERROR]: mainUI is error,here are details:Traceback (most recent call last):
  File "/Users/Github_Library/My_Case/QQSpace_Album_Download/log_print.py", line 78, in log
    func(*args,**kwargs)
  File "/Users/Github_Library/My_Case/QQSpace_Album_Download/UIdraft.py", line 279, in mainUI
    asyncio.run(get_photodata())
  File "/Library/Frameworks/Python.framework/Versions/3.10/lib/python3.10/asyncio/runners.py", line 44, in run
    return loop.run_until_complete(main)
  File "/Library/Frameworks/Python.framework/Versions/3.10/lib/python3.10/asyncio/base_events.py", line 641, in run_until_complete
    return future.result()
  File "/Users/Github_Library/My_Case/QQSpace_Album_Download/UIdraft.py", line 352, in get_photodata
    task.append(asyncio.create_task(download_photos(each, session)))
TypeError: download_photos() missing 1 required positional argument: 'session'

[2023-03-09 20:04:56,479][log_print.py 75][INFO]: ------开始执行__init__-----
[2023-03-09 20:04:56,480][log_print.py 76][INFO]: ------此函数的注释为None-----
[2023-03-09 20:04:56,723][log_print.py 86][INFO]: ------__init__执行成功------
[2023-03-09 20:05:00,310][log_print.py 75][INFO]: ------开始执行selectfile-----
[2023-03-09 20:05:00,312][log_print.py 76][INFO]: ------此函数的注释为None-----
[2023-03-09 20:05:05,372][log_print.py 86][INFO]: ------selectfile执行成功------
[2023-03-09 20:05:10,008][log_print.py 75][INFO]: ------开始执行checkdata-----
[2023-03-09 20:05:10,009][log_print.py 76][INFO]: ------此函数的注释为None-----
[2023-03-09 20:05:10,017][log_print.py 86][INFO]: ------checkdata执行成功------
[2023-03-09 20:05:11,199][log_print.py 75][INFO]: ------开始执行loginUI-----
[2023-03-09 20:05:11,199][log_print.py 76][INFO]: ------此函数的注释为None-----
[2023-03-09 20:05:11,201][log_print.py 75][INFO]: ------开始执行loginUI2-----
[2023-03-09 20:05:11,201][log_print.py 86][INFO]: ------loginUI执行成功------
[2023-03-09 20:05:11,201][log_print.py 76][INFO]: ------此函数的注释为None-----
[2023-03-09 20:05:19,208][log_print.py 75][INFO]: ------开始执行login-----
[2023-03-09 20:05:19,208][log_print.py 76][INFO]: ------此函数的注释为None-----
[2023-03-09 20:05:59,187][log_print.py 86][INFO]: ------login执行成功------
[2023-03-09 20:05:59,229][log_print.py 86][INFO]: ------loginUI2执行成功------
[2023-03-09 20:06:43,195][log_print.py 75][INFO]: ------开始执行start_download-----
[2023-03-09 20:06:43,202][log_print.py 76][INFO]: ------此函数的注释为None-----
[2023-03-09 20:06:44,604][log_print.py 75][INFO]: ------开始执行mainUI-----
[2023-03-09 20:06:44,604][log_print.py 86][INFO]: ------start_download执行成功------
[2023-03-09 20:06:44,604][log_print.py 76][INFO]: ------此函数的注释为None-----
[2023-03-09 20:06:44,611][log_print.py 75][INFO]: ------开始执行get_page-----
[2023-03-09 20:06:44,611][log_print.py 76][INFO]: ------此函数的注释为None-----
[2023-03-09 20:06:52,265][log_print.py 86][INFO]: ------get_page执行成功------
[2023-03-09 20:06:52,265][log_print.py 75][INFO]: ------开始执行get_cookie-----
[2023-03-09 20:06:52,266][log_print.py 76][INFO]: ------此函数的注释为None-----
[2023-03-09 20:06:52,274][log_print.py 86][INFO]: ------get_cookie执行成功------
[2023-03-09 20:06:52,274][log_print.py 75][INFO]: ------开始执行get_g_tk-----
[2023-03-09 20:06:52,274][log_print.py 76][INFO]: ------此函数的注释为None-----
[2023-03-09 20:06:52,283][log_print.py 86][INFO]: ------get_g_tk执行成功------
[2023-03-09 20:06:52,283][log_print.py 75][INFO]: ------开始执行get_album_list-----
[2023-03-09 20:06:52,283][log_print.py 76][INFO]: ------此函数的注释为None-----
[2023-03-09 20:06:52,427][log_print.py 86][INFO]: ------get_album_list执行成功------
[2023-03-09 20:06:52,427][log_print.py 75][INFO]: ------开始执行get_url-----
[2023-03-09 20:06:52,427][log_print.py 76][INFO]: ------此函数的注释为None-----
[2023-03-09 20:06:52,427][log_print.py 86][INFO]: ------get_url执行成功------
[2023-03-09 20:08:56,977][log_print.py 86][INFO]: ------mainUI执行成功------
[2023-03-09 20:11:44,778][log_print.py 75][INFO]: ------开始执行__init__-----
[2023-03-09 20:11:44,779][log_print.py 76][INFO]: ------此函数的注释为None-----
[2023-03-09 20:11:45,177][log_print.py 86][INFO]: ------__init__执行成功------
[2023-03-09 20:11:48,125][log_print.py 75][INFO]: ------开始执行selectfile-----
[2023-03-09 20:11:48,127][log_print.py 76][INFO]: ------此函数的注释为None-----
[2023-03-09 20:11:53,992][log_print.py 86][INFO]: ------selectfile执行成功------
[2023-03-09 20:11:58,789][log_print.py 75][INFO]: ------开始执行checkdata-----
[2023-03-09 20:11:58,790][log_print.py 76][INFO]: ------此函数的注释为None-----
[2023-03-09 20:11:58,810][log_print.py 86][INFO]: ------checkdata执行成功------
[2023-03-09 20:11:59,736][log_print.py 75][INFO]: ------开始执行loginUI-----
[2023-03-09 20:11:59,738][log_print.py 76][INFO]: ------此函数的注释为None-----
[2023-03-09 20:11:59,740][log_print.py 75][INFO]: ------开始执行loginUI2-----
[2023-03-09 20:11:59,740][log_print.py 86][INFO]: ------loginUI执行成功------
[2023-03-09 20:11:59,740][log_print.py 76][INFO]: ------此函数的注释为None-----
[2023-03-09 20:12:06,814][log_print.py 75][INFO]: ------开始执行login-----
[2023-03-09 20:12:06,814][log_print.py 76][INFO]: ------此函数的注释为None-----
[2023-03-09 20:13:23,154][log_print.py 86][INFO]: ------login执行成功------
[2023-03-09 20:13:23,160][log_print.py 86][INFO]: ------loginUI2执行成功------
[2023-03-09 20:13:25,385][log_print.py 75][INFO]: ------开始执行start_download-----
[2023-03-09 20:13:25,386][log_print.py 76][INFO]: ------此函数的注释为None-----
[2023-03-09 20:13:26,609][log_print.py 75][INFO]: ------开始执行mainUI-----
[2023-03-09 20:13:26,610][log_print.py 86][INFO]: ------start_download执行成功------
[2023-03-09 20:13:26,610][log_print.py 76][INFO]: ------此函数的注释为None-----
[2023-03-09 20:13:26,611][log_print.py 75][INFO]: ------开始执行get_page-----
[2023-03-09 20:13:26,611][log_print.py 76][INFO]: ------此函数的注释为None-----
[2023-03-09 20:13:33,454][log_print.py 86][INFO]: ------get_page执行成功------
[2023-03-09 20:13:33,454][log_print.py 75][INFO]: ------开始执行get_cookie-----
[2023-03-09 20:13:33,454][log_print.py 76][INFO]: ------此函数的注释为None-----
[2023-03-09 20:13:33,465][log_print.py 86][INFO]: ------get_cookie执行成功------
[2023-03-09 20:13:33,465][log_print.py 75][INFO]: ------开始执行get_g_tk-----
[2023-03-09 20:13:33,465][log_print.py 76][INFO]: ------此函数的注释为None-----
[2023-03-09 20:13:33,472][log_print.py 86][INFO]: ------get_g_tk执行成功------
[2023-03-09 20:13:33,472][log_print.py 75][INFO]: ------开始执行get_album_list-----
[2023-03-09 20:13:33,472][log_print.py 76][INFO]: ------此函数的注释为None-----
[2023-03-09 20:13:33,620][log_print.py 86][INFO]: ------get_album_list执行成功------
[2023-03-09 20:13:33,620][log_print.py 75][INFO]: ------开始执行get_url-----
[2023-03-09 20:13:33,620][log_print.py 76][INFO]: ------此函数的注释为None-----
[2023-03-09 20:13:33,620][log_print.py 86][INFO]: ------get_url执行成功------
[2023-03-09 20:15:02,359][log_print.py 86][INFO]: ------mainUI执行成功------
[2023-03-09 20:23:30,129][log_print.py 75][INFO]: ------开始执行__init__-----
[2023-03-09 20:23:30,129][log_print.py 76][INFO]: ------此函数的注释为None-----
[2023-03-09 20:23:30,364][log_print.py 86][INFO]: ------__init__执行成功------
[2023-03-09 20:23:33,736][log_print.py 75][INFO]: ------开始执行selectfile-----
[2023-03-09 20:23:33,737][log_print.py 76][INFO]: ------此函数的注释为None-----
[2023-03-09 20:23:40,810][log_print.py 86][INFO]: ------selectfile执行成功------
[2023-03-09 20:23:47,428][log_print.py 75][INFO]: ------开始执行checkdata-----
[2023-03-09 20:23:47,429][log_print.py 76][INFO]: ------此函数的注释为None-----
[2023-03-09 20:23:47,455][log_print.py 86][INFO]: ------checkdata执行成功------
[2023-03-09 20:23:48,622][log_print.py 75][INFO]: ------开始执行loginUI-----
[2023-03-09 20:23:48,623][log_print.py 76][INFO]: ------此函数的注释为None-----
[2023-03-09 20:23:48,625][log_print.py 75][INFO]: ------开始执行loginUI2-----
[2023-03-09 20:23:48,625][log_print.py 86][INFO]: ------loginUI执行成功------
[2023-03-09 20:23:48,625][log_print.py 76][INFO]: ------此函数的注释为None-----
[2023-03-09 20:23:56,093][log_print.py 75][INFO]: ------开始执行login-----
[2023-03-09 20:23:56,094][log_print.py 76][INFO]: ------此函数的注释为None-----
[2023-03-09 20:46:22,987][log_print.py 75][INFO]: ------开始执行__init__-----
[2023-03-09 20:46:22,988][log_print.py 76][INFO]: ------此函数的注释为None-----
[2023-03-09 20:46:23,239][log_print.py 86][INFO]: ------__init__执行成功------
[2023-03-09 20:46:27,571][log_print.py 75][INFO]: ------开始执行selectfile-----
[2023-03-09 20:46:27,573][log_print.py 76][INFO]: ------此函数的注释为None-----
[2023-03-09 20:46:33,316][log_print.py 86][INFO]: ------selectfile执行成功------
[2023-03-09 20:46:41,477][log_print.py 75][INFO]: ------开始执行checkdata-----
[2023-03-09 20:46:41,478][log_print.py 76][INFO]: ------此函数的注释为None-----
[2023-03-09 20:46:41,504][log_print.py 86][INFO]: ------checkdata执行成功------
[2023-03-09 20:46:42,219][log_print.py 75][INFO]: ------开始执行loginUI-----
[2023-03-09 20:46:42,220][log_print.py 76][INFO]: ------此函数的注释为None-----
[2023-03-09 20:46:42,224][log_print.py 75][INFO]: ------开始执行loginUI2-----
[2023-03-09 20:46:42,224][log_print.py 86][INFO]: ------loginUI执行成功------
[2023-03-09 20:46:42,224][log_print.py 76][INFO]: ------此函数的注释为None-----
[2023-03-09 20:46:49,284][log_print.py 75][INFO]: ------开始执行login-----
[2023-03-09 20:46:49,286][log_print.py 76][INFO]: ------此函数的注释为None-----
[2023-03-09 20:47:07,979][log_print.py 86][INFO]: ------login执行成功------
[2023-03-09 20:47:07,994][log_print.py 86][INFO]: ------loginUI2执行成功------
[2023-03-09 20:49:34,867][log_print.py 75][INFO]: ------开始执行__init__-----
[2023-03-09 20:49:34,867][log_print.py 76][INFO]: ------此函数的注释为None-----
[2023-03-09 20:49:35,108][log_print.py 86][INFO]: ------__init__执行成功------
[2023-03-09 20:49:39,452][log_print.py 75][INFO]: ------开始执行selectfile-----
[2023-03-09 20:49:39,456][log_print.py 76][INFO]: ------此函数的注释为None-----
[2023-03-09 20:49:46,374][log_print.py 86][INFO]: ------selectfile执行成功------
[2023-03-09 20:49:52,409][log_print.py 75][INFO]: ------开始执行checkdata-----
[2023-03-09 20:49:52,410][log_print.py 76][INFO]: ------此函数的注释为None-----
[2023-03-09 20:49:52,429][log_print.py 86][INFO]: ------checkdata执行成功------
[2023-03-09 20:49:53,433][log_print.py 75][INFO]: ------开始执行loginUI-----
[2023-03-09 20:49:53,434][log_print.py 76][INFO]: ------此函数的注释为None-----
[2023-03-09 20:49:53,435][log_print.py 75][INFO]: ------开始执行loginUI2-----
[2023-03-09 20:49:53,435][log_print.py 86][INFO]: ------loginUI执行成功------
[2023-03-09 20:49:53,436][log_print.py 76][INFO]: ------此函数的注释为None-----
[2023-03-09 20:49:59,028][log_print.py 75][INFO]: ------开始执行login-----
[2023-03-09 20:49:59,028][log_print.py 76][INFO]: ------此函数的注释为None-----
[2023-03-09 20:50:18,412][log_print.py 86][INFO]: ------login执行成功------
[2023-03-09 20:50:18,420][log_print.py 86][INFO]: ------loginUI2执行成功------
[2023-03-09 20:50:19,482][log_print.py 75][INFO]: ------开始执行start_download-----
[2023-03-09 20:50:19,482][log_print.py 76][INFO]: ------此函数的注释为None-----
[2023-03-09 20:50:21,053][log_print.py 75][INFO]: ------开始执行mainUI-----
[2023-03-09 20:50:21,053][log_print.py 86][INFO]: ------start_download执行成功------
[2023-03-09 20:50:21,053][log_print.py 76][INFO]: ------此函数的注释为None-----
[2023-03-09 20:50:21,054][log_print.py 75][INFO]: ------开始执行get_page-----
[2023-03-09 20:50:21,054][log_print.py 76][INFO]: ------此函数的注释为None-----
[2023-03-09 20:50:27,620][log_print.py 86][INFO]: ------get_page执行成功------
[2023-03-09 20:50:27,620][log_print.py 75][INFO]: ------开始执行get_cookie-----
[2023-03-09 20:50:27,620][log_print.py 76][INFO]: ------此函数的注释为None-----
[2023-03-09 20:50:27,627][log_print.py 86][INFO]: ------get_cookie执行成功------
[2023-03-09 20:50:28,318][log_print.py 75][INFO]: ------开始执行get_g_tk-----
[2023-03-09 20:50:28,319][log_print.py 76][INFO]: ------此函数的注释为None-----
[2023-03-09 20:50:28,326][log_print.py 86][INFO]: ------get_g_tk执行成功------
[2023-03-09 20:50:28,326][log_print.py 75][INFO]: ------开始执行get_album_list-----
[2023-03-09 20:50:28,326][log_print.py 76][INFO]: ------此函数的注释为None-----
[2023-03-09 20:50:28,455][log_print.py 86][INFO]: ------get_album_list执行成功------
[2023-03-09 20:50:28,455][log_print.py 75][INFO]: ------开始执行get_url-----
[2023-03-09 20:50:28,455][log_print.py 76][INFO]: ------此函数的注释为None-----
[2023-03-09 20:50:28,455][log_print.py 86][INFO]: ------get_url执行成功------
[2023-03-09 22:53:08,384][log_print.py 75][INFO]: ------开始执行__init__-----
[2023-03-09 22:53:08,385][log_print.py 76][INFO]: ------此函数的注释为None-----
[2023-03-09 22:53:08,672][log_print.py 86][INFO]: ------__init__执行成功------
[2023-03-09 22:53:13,219][log_print.py 75][INFO]: ------开始执行selectfile-----
[2023-03-09 22:53:13,221][log_print.py 76][INFO]: ------此函数的注释为None-----
[2023-03-09 22:53:22,192][log_print.py 86][INFO]: ------selectfile执行成功------
[2023-03-09 22:53:28,201][log_print.py 75][INFO]: ------开始执行checkdata-----
[2023-03-09 22:53:28,201][log_print.py 76][INFO]: ------此函数的注释为None-----
[2023-03-09 22:53:28,220][log_print.py 86][INFO]: ------checkdata执行成功------
[2023-03-09 22:53:29,944][log_print.py 75][INFO]: ------开始执行loginUI-----
[2023-03-09 22:53:29,946][log_print.py 76][INFO]: ------此函数的注释为None-----
[2023-03-09 22:53:29,947][log_print.py 75][INFO]: ------开始执行loginUI2-----
[2023-03-09 22:53:29,948][log_print.py 86][INFO]: ------loginUI执行成功------
[2023-03-09 22:53:29,948][log_print.py 76][INFO]: ------此函数的注释为None-----
[2023-03-09 22:53:38,326][log_print.py 75][INFO]: ------开始执行login-----
[2023-03-09 22:53:38,326][log_print.py 76][INFO]: ------此函数的注释为None-----
[2023-03-09 22:53:58,661][log_print.py 86][INFO]: ------login执行成功------
[2023-03-09 22:53:58,664][log_print.py 86][INFO]: ------loginUI2执行成功------
[2023-03-09 22:54:00,261][log_print.py 75][INFO]: ------开始执行start_download-----
[2023-03-09 22:54:00,262][log_print.py 76][INFO]: ------此函数的注释为None-----
[2023-03-09 22:54:01,811][log_print.py 75][INFO]: ------开始执行mainUI-----
[2023-03-09 22:54:01,811][log_print.py 86][INFO]: ------start_download执行成功------
[2023-03-09 22:54:01,811][log_print.py 76][INFO]: ------此函数的注释为None-----
[2023-03-09 22:54:01,818][log_print.py 75][INFO]: ------开始执行get_page-----
[2023-03-09 22:54:01,818][log_print.py 76][INFO]: ------此函数的注释为None-----
[2023-03-09 22:54:08,514][log_print.py 86][INFO]: ------get_page执行成功------
[2023-03-09 22:54:08,515][log_print.py 75][INFO]: ------开始执行get_cookie-----
[2023-03-09 22:54:08,515][log_print.py 76][INFO]: ------此函数的注释为None-----
[2023-03-09 22:54:08,527][log_print.py 86][INFO]: ------get_cookie执行成功------
[2023-03-09 22:54:09,212][log_print.py 75][INFO]: ------开始执行get_g_tk-----
[2023-03-09 22:54:09,212][log_print.py 76][INFO]: ------此函数的注释为None-----
[2023-03-09 22:54:09,218][log_print.py 86][INFO]: ------get_g_tk执行成功------
[2023-03-09 22:54:09,219][log_print.py 75][INFO]: ------开始执行get_album_list-----
[2023-03-09 22:54:09,219][log_print.py 76][INFO]: ------此函数的注释为None-----
[2023-03-09 22:54:09,356][log_print.py 86][INFO]: ------get_album_list执行成功------
[2023-03-09 22:54:09,356][log_print.py 75][INFO]: ------开始执行get_url-----
[2023-03-09 22:54:09,356][log_print.py 76][INFO]: ------此函数的注释为None-----
[2023-03-09 22:54:09,356][log_print.py 86][INFO]: ------get_url执行成功------
[2023-03-09 23:07:32,007][log_print.py 75][INFO]: ------开始执行__init__-----
[2023-03-09 23:07:32,009][log_print.py 76][INFO]: ------此函数的注释为None-----
[2023-03-09 23:07:32,267][log_print.py 86][INFO]: ------__init__执行成功------
[2023-03-09 23:07:35,690][log_print.py 75][INFO]: ------开始执行selectfile-----
[2023-03-09 23:07:35,691][log_print.py 76][INFO]: ------此函数的注释为None-----
[2023-03-09 23:07:43,582][log_print.py 86][INFO]: ------selectfile执行成功------
[2023-03-09 23:07:51,246][log_print.py 75][INFO]: ------开始执行checkdata-----
[2023-03-09 23:07:51,246][log_print.py 76][INFO]: ------此函数的注释为None-----
[2023-03-09 23:07:51,269][log_print.py 86][INFO]: ------checkdata执行成功------
[2023-03-09 23:07:52,772][log_print.py 75][INFO]: ------开始执行loginUI-----
[2023-03-09 23:07:52,772][log_print.py 76][INFO]: ------此函数的注释为None-----
[2023-03-09 23:07:52,776][log_print.py 75][INFO]: ------开始执行loginUI2-----
[2023-03-09 23:07:52,776][log_print.py 86][INFO]: ------loginUI执行成功------
[2023-03-09 23:07:52,776][log_print.py 76][INFO]: ------此函数的注释为None-----
[2023-03-09 23:08:00,689][log_print.py 75][INFO]: ------开始执行login-----
[2023-03-09 23:08:00,689][log_print.py 76][INFO]: ------此函数的注释为None-----
[2023-03-09 23:08:21,126][log_print.py 86][INFO]: ------login执行成功------
[2023-03-09 23:08:21,140][log_print.py 86][INFO]: ------loginUI2执行成功------
[2023-03-09 23:08:28,434][log_print.py 75][INFO]: ------开始执行start_download-----
[2023-03-09 23:08:28,434][log_print.py 76][INFO]: ------此函数的注释为None-----
[2023-03-09 23:08:30,047][log_print.py 75][INFO]: ------开始执行mainUI-----
[2023-03-09 23:08:30,047][log_print.py 86][INFO]: ------start_download执行成功------
[2023-03-09 23:08:30,047][log_print.py 76][INFO]: ------此函数的注释为None-----
[2023-03-09 23:08:30,054][log_print.py 75][INFO]: ------开始执行get_page-----
[2023-03-09 23:08:30,054][log_print.py 76][INFO]: ------此函数的注释为None-----
[2023-03-09 23:08:36,801][log_print.py 86][INFO]: ------get_page执行成功------
[2023-03-09 23:08:36,802][log_print.py 75][INFO]: ------开始执行get_cookie-----
[2023-03-09 23:08:36,802][log_print.py 76][INFO]: ------此函数的注释为None-----
[2023-03-09 23:08:36,808][log_print.py 86][INFO]: ------get_cookie执行成功------
[2023-03-09 23:08:37,476][log_print.py 75][INFO]: ------开始执行get_g_tk-----
[2023-03-09 23:08:37,476][log_print.py 76][INFO]: ------此函数的注释为None-----
[2023-03-09 23:08:37,498][log_print.py 86][INFO]: ------get_g_tk执行成功------
[2023-03-09 23:08:37,498][log_print.py 75][INFO]: ------开始执行get_album_list-----
[2023-03-09 23:08:37,498][log_print.py 76][INFO]: ------此函数的注释为None-----
[2023-03-09 23:08:37,589][log_print.py 86][INFO]: ------get_album_list执行成功------
[2023-03-09 23:08:37,589][log_print.py 75][INFO]: ------开始执行get_url-----
[2023-03-09 23:08:37,590][log_print.py 76][INFO]: ------此函数的注释为None-----
[2023-03-09 23:08:37,590][log_print.py 86][INFO]: ------get_url执行成功------
[2023-03-09 23:21:51,110][log_print.py 75][INFO]: ------开始执行__init__-----
[2023-03-09 23:21:51,112][log_print.py 76][INFO]: ------此函数的注释为None-----
[2023-03-09 23:21:51,407][log_print.py 86][INFO]: ------__init__执行成功------
[2023-03-09 23:21:55,067][log_print.py 75][INFO]: ------开始执行selectfile-----
[2023-03-09 23:21:55,069][log_print.py 76][INFO]: ------此函数的注释为None-----
[2023-03-09 23:22:08,447][log_print.py 86][INFO]: ------selectfile执行成功------
[2023-03-09 23:22:55,199][log_print.py 75][INFO]: ------开始执行checkdata-----
[2023-03-09 23:22:55,201][log_print.py 76][INFO]: ------此函数的注释为None-----
[2023-03-09 23:22:55,231][log_print.py 86][INFO]: ------checkdata执行成功------
[2023-03-09 23:23:35,666][log_print.py 75][INFO]: ------开始执行loginUI-----
[2023-03-09 23:23:35,667][log_print.py 76][INFO]: ------此函数的注释为None-----
[2023-03-09 23:23:35,673][log_print.py 75][INFO]: ------开始执行loginUI2-----
[2023-03-09 23:23:35,673][log_print.py 86][INFO]: ------loginUI执行成功------
[2023-03-09 23:23:35,673][log_print.py 76][INFO]: ------此函数的注释为None-----
[2023-03-09 23:23:44,411][log_print.py 75][INFO]: ------开始执行login-----
[2023-03-09 23:23:44,412][log_print.py 76][INFO]: ------此函数的注释为None-----
[2023-03-09 23:24:03,699][log_print.py 86][INFO]: ------login执行成功------
[2023-03-09 23:24:03,704][log_print.py 86][INFO]: ------loginUI2执行成功------
[2023-03-09 23:24:05,786][log_print.py 75][INFO]: ------开始执行start_download-----
[2023-03-09 23:24:05,787][log_print.py 76][INFO]: ------此函数的注释为None-----
[2023-03-09 23:24:07,998][log_print.py 75][INFO]: ------开始执行mainUI-----
[2023-03-09 23:24:07,998][log_print.py 86][INFO]: ------start_download执行成功------
[2023-03-09 23:24:07,999][log_print.py 76][INFO]: ------此函数的注释为None-----
[2023-03-09 23:24:08,007][log_print.py 75][INFO]: ------开始执行get_page-----
[2023-03-09 23:24:08,007][log_print.py 76][INFO]: ------此函数的注释为None-----
[2023-03-09 23:24:14,564][log_print.py 86][INFO]: ------get_page执行成功------
[2023-03-09 23:24:14,565][log_print.py 75][INFO]: ------开始执行get_cookie-----
[2023-03-09 23:24:14,565][log_print.py 76][INFO]: ------此函数的注释为None-----
[2023-03-09 23:24:14,571][log_print.py 86][INFO]: ------get_cookie执行成功------
[2023-03-09 23:24:15,246][log_print.py 75][INFO]: ------开始执行get_g_tk-----
[2023-03-09 23:24:15,247][log_print.py 76][INFO]: ------此函数的注释为None-----
[2023-03-09 23:24:15,254][log_print.py 86][INFO]: ------get_g_tk执行成功------
[2023-03-09 23:24:15,254][log_print.py 75][INFO]: ------开始执行get_album_list-----
[2023-03-09 23:24:15,254][log_print.py 76][INFO]: ------此函数的注释为None-----
[2023-03-09 23:24:15,349][log_print.py 86][INFO]: ------get_album_list执行成功------
[2023-03-09 23:24:15,349][log_print.py 75][INFO]: ------开始执行get_url-----
[2023-03-09 23:24:15,349][log_print.py 76][INFO]: ------此函数的注释为None-----
[2023-03-09 23:24:15,349][log_print.py 86][INFO]: ------get_url执行成功------
[2023-03-09 23:39:52,428][log_print.py 75][INFO]: ------开始执行__init__-----
[2023-03-09 23:39:52,428][log_print.py 76][INFO]: ------此函数的注释为None-----
[2023-03-09 23:39:52,652][log_print.py 86][INFO]: ------__init__执行成功------
[2023-03-09 23:39:56,965][log_print.py 75][INFO]: ------开始执行selectfile-----
[2023-03-09 23:39:56,967][log_print.py 76][INFO]: ------此函数的注释为None-----
[2023-03-09 23:40:03,317][log_print.py 86][INFO]: ------selectfile执行成功------
[2023-03-09 23:40:10,247][log_print.py 75][INFO]: ------开始执行checkdata-----
[2023-03-09 23:40:10,248][log_print.py 76][INFO]: ------此函数的注释为None-----
[2023-03-09 23:40:10,257][log_print.py 86][INFO]: ------checkdata执行成功------
[2023-03-09 23:40:11,214][log_print.py 75][INFO]: ------开始执行loginUI-----
[2023-03-09 23:40:11,215][log_print.py 76][INFO]: ------此函数的注释为None-----
[2023-03-09 23:40:11,217][log_print.py 75][INFO]: ------开始执行loginUI2-----
[2023-03-09 23:40:11,217][log_print.py 86][INFO]: ------loginUI执行成功------
[2023-03-09 23:40:11,217][log_print.py 76][INFO]: ------此函数的注释为None-----
[2023-03-09 23:40:19,918][log_print.py 75][INFO]: ------开始执行login-----
[2023-03-09 23:40:19,919][log_print.py 76][INFO]: ------此函数的注释为None-----
[2023-03-09 23:40:39,620][log_print.py 86][INFO]: ------login执行成功------
[2023-03-09 23:40:39,624][log_print.py 86][INFO]: ------loginUI2执行成功------
[2023-03-09 23:40:56,181][log_print.py 75][INFO]: ------开始执行start_download-----
[2023-03-09 23:40:56,183][log_print.py 76][INFO]: ------此函数的注释为None-----
[2023-03-09 23:40:59,678][log_print.py 75][INFO]: ------开始执行mainUI-----
[2023-03-09 23:40:59,679][log_print.py 86][INFO]: ------start_download执行成功------
[2023-03-09 23:40:59,679][log_print.py 76][INFO]: ------此函数的注释为None-----
[2023-03-09 23:40:59,684][log_print.py 75][INFO]: ------开始执行get_page-----
[2023-03-09 23:40:59,684][log_print.py 76][INFO]: ------此函数的注释为None-----
[2023-03-09 23:41:06,510][log_print.py 86][INFO]: ------get_page执行成功------
[2023-03-09 23:41:06,510][log_print.py 75][INFO]: ------开始执行get_cookie-----
[2023-03-09 23:41:06,510][log_print.py 76][INFO]: ------此函数的注释为None-----
[2023-03-09 23:41:06,517][log_print.py 86][INFO]: ------get_cookie执行成功------
[2023-03-09 23:41:07,194][log_print.py 75][INFO]: ------开始执行get_g_tk-----
[2023-03-09 23:41:07,194][log_print.py 76][INFO]: ------此函数的注释为None-----
[2023-03-09 23:41:07,204][log_print.py 86][INFO]: ------get_g_tk执行成功------
[2023-03-09 23:41:07,204][log_print.py 75][INFO]: ------开始执行get_album_list-----
[2023-03-09 23:41:07,204][log_print.py 76][INFO]: ------此函数的注释为None-----
[2023-03-09 23:41:07,306][log_print.py 86][INFO]: ------get_album_list执行成功------
[2023-03-09 23:41:07,306][log_print.py 75][INFO]: ------开始执行get_url-----
[2023-03-09 23:41:07,306][log_print.py 76][INFO]: ------此函数的注释为None-----
[2023-03-09 23:41:07,306][log_print.py 86][INFO]: ------get_url执行成功------
