[2023-04-27 12:46:13,136][log_print.py 75][INFO]: ------开始执行next2-----
[2023-04-27 12:46:13,137][log_print.py 76][INFO]: ------此函数的注释为
tab1中确认按钮关联的功能，用于跳转到tab2-----
[2023-04-27 12:46:13,140][log_print.py 86][INFO]: ------next2执行成功------
[2023-04-27 12:46:14,692][log_print.py 75][INFO]: ------开始执行selectfile-----
[2023-04-27 12:46:14,693][log_print.py 76][INFO]: ------此函数的注释为
tab2中浏览按钮关联的功能，用于打开文件选择的弹窗-----
[2023-04-27 12:46:19,096][log_print.py 86][INFO]: ------selectfile执行成功------
[2023-04-27 12:46:25,788][log_print.py 75][INFO]: ------开始执行checkdata-----
[2023-04-27 12:46:25,788][log_print.py 76][INFO]: ------此函数的注释为
tab2中确认按钮关联的功能，用于检查文件是否选择，QQ账号是否填写-----
[2023-04-27 12:46:25,807][log_print.py 86][INFO]: ------checkdata执行成功------
[2023-04-27 12:46:26,712][log_print.py 75][INFO]: ------开始执行loginUI-----
[2023-04-27 12:46:26,714][log_print.py 76][INFO]: ------此函数的注释为
tab3中确认已读按钮关联的功能，用于打开浏览器-----
[2023-04-27 12:46:33,274][log_print.py 75][INFO]: ------开始执行threadFunc1-----
[2023-04-27 12:46:33,274][log_print.py 86][INFO]: ------loginUI执行成功------
[2023-04-27 12:46:33,274][log_print.py 76][INFO]: ------此函数的注释为
打开QQ空间登录页面-----
[2023-04-27 12:46:33,274][log_print.py 75][INFO]: ------开始执行login-----
[2023-04-27 12:46:33,274][log_print.py 76][INFO]: ------此函数的注释为
None-----
[2023-04-27 12:47:08,951][log_print.py 86][INFO]: ------login执行成功------
[2023-04-27 12:47:08,962][log_print.py 86][INFO]: ------threadFunc1执行成功------
[2023-04-27 12:47:08,964][log_print.py 75][INFO]: ------开始执行change_enable-----
[2023-04-27 12:47:08,964][log_print.py 76][INFO]: ------此函数的注释为
自定义信号2的关联功能，用于改变控件的enable状态-----
[2023-04-27 12:47:08,965][log_print.py 86][INFO]: ------change_enable执行成功------
[2023-04-27 12:47:29,143][log_print.py 75][INFO]: ------开始执行start_download-----
[2023-04-27 12:47:29,145][log_print.py 76][INFO]: ------此函数的注释为
tab3中确认登录按钮关联功能，修改UI，实现照片下载流程-----
[2023-04-27 12:47:30,452][log_print.py 75][INFO]: ------开始执行mainUI-----
[2023-04-27 12:47:30,452][log_print.py 86][INFO]: ------start_download执行成功------
[2023-04-27 12:47:30,452][log_print.py 76][INFO]: ------此函数的注释为
实现照片下载流程-----
[2023-04-27 12:47:30,453][log_print.py 75][INFO]: ------开始执行get_page-----
[2023-04-27 12:47:30,453][log_print.py 76][INFO]: ------此函数的注释为
None-----
[2023-04-27 12:47:38,308][log_print.py 86][INFO]: ------get_page执行成功------
[2023-04-27 12:47:38,309][log_print.py 75][INFO]: ------开始执行get_cookie-----
[2023-04-27 12:47:38,309][log_print.py 76][INFO]: ------此函数的注释为
None-----
[2023-04-27 12:47:38,317][log_print.py 86][INFO]: ------get_cookie执行成功------
[2023-04-27 12:47:39,003][log_print.py 75][INFO]: ------开始执行get_g_tk-----
[2023-04-27 12:47:39,003][log_print.py 76][INFO]: ------此函数的注释为
None-----
[2023-04-27 12:47:39,009][log_print.py 86][INFO]: ------get_g_tk执行成功------
[2023-04-27 12:47:39,010][log_print.py 75][INFO]: ------开始执行get_album_list-----
[2023-04-27 12:47:39,010][log_print.py 76][INFO]: ------此函数的注释为
None-----
[2023-04-27 12:47:39,161][log_print.py 86][INFO]: ------get_album_list执行成功------
[2023-04-27 12:47:39,161][log_print.py 75][INFO]: ------开始执行get_url-----
[2023-04-27 12:47:39,161][log_print.py 76][INFO]: ------此函数的注释为
None-----
[2023-04-27 12:47:39,161][log_print.py 86][INFO]: ------get_url执行成功------
[2023-04-27 15:36:26,420][log_print.py 75][INFO]: ------开始执行next2-----
[2023-04-27 15:36:26,421][log_print.py 76][INFO]: ------此函数的注释为
tab1中确认按钮关联的功能，用于跳转到tab2-----
[2023-04-27 15:36:26,424][log_print.py 86][INFO]: ------next2执行成功------
[2023-04-27 15:36:28,355][log_print.py 75][INFO]: ------开始执行selectfile-----
[2023-04-27 15:36:28,355][log_print.py 76][INFO]: ------此函数的注释为
tab2中浏览按钮关联的功能，用于打开文件选择的弹窗-----
[2023-04-27 15:36:32,666][log_print.py 86][INFO]: ------selectfile执行成功------
[2023-04-27 15:36:40,809][log_print.py 75][INFO]: ------开始执行checkdata-----
[2023-04-27 15:36:40,811][log_print.py 76][INFO]: ------此函数的注释为
tab2中确认按钮关联的功能，用于检查文件是否选择，QQ账号是否填写-----
[2023-04-27 15:36:40,834][log_print.py 86][INFO]: ------checkdata执行成功------
[2023-04-27 15:36:42,034][log_print.py 75][INFO]: ------开始执行loginUI-----
[2023-04-27 15:36:42,035][log_print.py 76][INFO]: ------此函数的注释为
tab3中确认已读按钮关联的功能，用于打开浏览器-----
[2023-04-27 15:36:48,592][log_print.py 75][INFO]: ------开始执行threadFunc1-----
[2023-04-27 15:36:48,593][log_print.py 86][INFO]: ------loginUI执行成功------
[2023-04-27 15:36:48,593][log_print.py 76][INFO]: ------此函数的注释为
打开QQ空间登录页面-----
[2023-04-27 15:36:48,593][log_print.py 75][INFO]: ------开始执行login-----
[2023-04-27 15:36:48,593][log_print.py 76][INFO]: ------此函数的注释为
None-----
[2023-04-27 15:40:57,205][log_print.py 86][INFO]: ------login执行成功------
[2023-04-27 15:40:57,217][log_print.py 86][INFO]: ------threadFunc1执行成功------
[2023-04-27 15:40:57,219][log_print.py 75][INFO]: ------开始执行change_enable-----
[2023-04-27 15:40:57,221][log_print.py 76][INFO]: ------此函数的注释为
自定义信号2的关联功能，用于改变控件的enable状态-----
[2023-04-27 15:40:57,222][log_print.py 86][INFO]: ------change_enable执行成功------
[2023-04-27 15:41:28,417][log_print.py 75][INFO]: ------开始执行start_download-----
[2023-04-27 15:41:28,419][log_print.py 76][INFO]: ------此函数的注释为
tab3中确认登录按钮关联功能，修改UI，实现照片下载流程-----
[2023-04-27 15:41:30,384][log_print.py 75][INFO]: ------开始执行mainUI-----
[2023-04-27 15:41:30,384][log_print.py 86][INFO]: ------start_download执行成功------
[2023-04-27 15:41:30,384][log_print.py 76][INFO]: ------此函数的注释为
实现照片下载流程-----
[2023-04-27 15:41:30,393][log_print.py 75][INFO]: ------开始执行get_page-----
[2023-04-27 15:41:30,393][log_print.py 76][INFO]: ------此函数的注释为
None-----
[2023-04-27 15:41:37,691][log_print.py 86][INFO]: ------get_page执行成功------
[2023-04-27 15:41:37,691][log_print.py 75][INFO]: ------开始执行get_cookie-----
[2023-04-27 15:41:37,692][log_print.py 76][INFO]: ------此函数的注释为
None-----
[2023-04-27 15:41:37,699][log_print.py 86][INFO]: ------get_cookie执行成功------
[2023-04-27 15:41:38,373][log_print.py 75][INFO]: ------开始执行get_g_tk-----
[2023-04-27 15:41:38,374][log_print.py 76][INFO]: ------此函数的注释为
None-----
[2023-04-27 15:41:38,382][log_print.py 86][INFO]: ------get_g_tk执行成功------
[2023-04-27 15:41:38,383][log_print.py 75][INFO]: ------开始执行get_album_list-----
[2023-04-27 15:41:38,383][log_print.py 76][INFO]: ------此函数的注释为
None-----
[2023-04-27 15:41:38,552][log_print.py 86][INFO]: ------get_album_list执行成功------
[2023-04-27 15:41:38,552][log_print.py 75][INFO]: ------开始执行get_url-----
[2023-04-27 15:41:38,552][log_print.py 76][INFO]: ------此函数的注释为
None-----
[2023-04-27 15:41:38,552][log_print.py 86][INFO]: ------get_url执行成功------
[2023-04-27 15:43:22,499][log_print.py 75][INFO]: ------开始执行go_tab-----
[2023-04-27 15:43:22,504][log_print.py 76][INFO]: ------此函数的注释为
自定义信号4的关联功能，用于跳转tab页-----
[2023-04-27 15:43:22,572][log_print.py 86][INFO]: ------go_tab执行成功------
[2023-04-27 15:43:22,873][log_print.py 75][INFO]: ------开始执行print_to_textbrowser-----
[2023-04-27 15:43:22,878][log_print.py 76][INFO]: ------此函数的注释为
自定义信号1的关联功能，用于向文本框中添加文本内容-----
[2023-04-27 16:41:45,731][log_print.py 75][INFO]: ------开始执行next2-----
[2023-04-27 16:41:45,733][log_print.py 76][INFO]: ------此函数的注释为
tab1中确认按钮关联的功能，用于跳转到tab2-----
[2023-04-27 16:41:45,736][log_print.py 86][INFO]: ------next2执行成功------
[2023-04-27 16:41:46,892][log_print.py 75][INFO]: ------开始执行selectfile-----
[2023-04-27 16:41:46,892][log_print.py 76][INFO]: ------此函数的注释为
tab2中浏览按钮关联的功能，用于打开文件选择的弹窗-----
[2023-04-27 16:42:02,821][log_print.py 86][INFO]: ------selectfile执行成功------
[2023-04-27 16:42:09,599][log_print.py 75][INFO]: ------开始执行checkdata-----
[2023-04-27 16:42:09,600][log_print.py 76][INFO]: ------此函数的注释为
tab2中确认按钮关联的功能，用于检查文件是否选择，QQ账号是否填写-----
[2023-04-27 16:42:09,623][log_print.py 86][INFO]: ------checkdata执行成功------
[2023-04-27 16:42:10,678][log_print.py 75][INFO]: ------开始执行loginUI-----
[2023-04-27 16:42:10,679][log_print.py 76][INFO]: ------此函数的注释为
tab3中确认已读按钮关联的功能，用于打开浏览器-----
[2023-04-27 16:42:18,157][log_print.py 75][INFO]: ------开始执行threadFunc1-----
[2023-04-27 16:42:18,158][log_print.py 86][INFO]: ------loginUI执行成功------
[2023-04-27 16:42:18,158][log_print.py 76][INFO]: ------此函数的注释为
打开QQ空间登录页面-----
[2023-04-27 16:42:18,162][log_print.py 75][INFO]: ------开始执行login-----
[2023-04-27 16:42:18,162][log_print.py 76][INFO]: ------此函数的注释为
None-----
[2023-04-27 16:45:23,813][log_print.py 86][INFO]: ------login执行成功------
[2023-04-27 16:45:23,852][log_print.py 86][INFO]: ------threadFunc1执行成功------
[2023-04-27 16:45:23,870][log_print.py 75][INFO]: ------开始执行change_enable-----
[2023-04-27 16:45:23,871][log_print.py 76][INFO]: ------此函数的注释为
自定义信号2的关联功能，用于改变控件的enable状态-----
[2023-04-27 16:45:23,876][log_print.py 86][INFO]: ------change_enable执行成功------
[2023-04-27 16:45:36,347][log_print.py 75][INFO]: ------开始执行start_download-----
[2023-04-27 16:45:36,349][log_print.py 76][INFO]: ------此函数的注释为
tab3中确认登录按钮关联功能，修改UI，实现照片下载流程-----
[2023-04-27 16:45:38,002][log_print.py 75][INFO]: ------开始执行mainUI-----
[2023-04-27 16:45:38,002][log_print.py 86][INFO]: ------start_download执行成功------
[2023-04-27 16:45:38,002][log_print.py 76][INFO]: ------此函数的注释为
实现照片下载流程-----
[2023-04-27 16:45:38,010][log_print.py 75][INFO]: ------开始执行get_page-----
[2023-04-27 16:45:38,010][log_print.py 76][INFO]: ------此函数的注释为
None-----
[2023-04-27 16:45:44,644][log_print.py 86][INFO]: ------get_page执行成功------
[2023-04-27 16:45:44,645][log_print.py 75][INFO]: ------开始执行get_cookie-----
[2023-04-27 16:45:44,645][log_print.py 76][INFO]: ------此函数的注释为
None-----
[2023-04-27 16:45:44,653][log_print.py 86][INFO]: ------get_cookie执行成功------
[2023-04-27 16:45:45,312][log_print.py 75][INFO]: ------开始执行get_g_tk-----
[2023-04-27 16:45:45,313][log_print.py 76][INFO]: ------此函数的注释为
None-----
[2023-04-27 16:45:45,323][log_print.py 86][INFO]: ------get_g_tk执行成功------
[2023-04-27 16:45:45,323][log_print.py 75][INFO]: ------开始执行get_album_list-----
[2023-04-27 16:45:45,323][log_print.py 76][INFO]: ------此函数的注释为
None-----
[2023-04-27 16:45:45,478][log_print.py 86][INFO]: ------get_album_list执行成功------
[2023-04-27 16:45:45,479][log_print.py 75][INFO]: ------开始执行get_url-----
[2023-04-27 16:45:45,479][log_print.py 76][INFO]: ------此函数的注释为
None-----
[2023-04-27 16:45:45,479][log_print.py 86][INFO]: ------get_url执行成功------
[2023-04-27 16:51:30,289][log_print.py 75][INFO]: ------开始执行go_tab-----
[2023-04-27 16:51:30,293][log_print.py 76][INFO]: ------此函数的注释为
自定义信号4的关联功能，用于跳转tab页-----
[2023-04-27 16:51:30,312][log_print.py 86][INFO]: ------go_tab执行成功------
[2023-04-27 16:51:30,313][log_print.py 75][INFO]: ------开始执行append_critical-----
[2023-04-27 16:51:30,313][log_print.py 76][INFO]: ------此函数的注释为
自定义信号3的关联功能，用于打开异常提示弹窗-----
[2023-04-27 16:51:30,751][log_print.py 75][INFO]: ------开始执行print_to_textbrowser-----
[2023-04-27 16:51:30,751][log_print.py 76][INFO]: ------此函数的注释为
自定义信号1的关联功能，用于向文本框中添加文本内容-----
[2023-04-27 16:51:30,753][log_print.py 86][INFO]: ------print_to_textbrowser执行成功------
[2023-04-27 17:10:04,492][log_print.py 86][INFO]: ------append_critical执行成功------
[2023-04-27 17:21:45,696][log_print.py 75][INFO]: ------开始执行next2-----
[2023-04-27 17:21:45,697][log_print.py 76][INFO]: ------此函数的注释为
tab1中确认按钮关联的功能，用于跳转到tab2-----
[2023-04-27 17:21:45,699][log_print.py 86][INFO]: ------next2执行成功------
[2023-04-27 17:21:46,865][log_print.py 75][INFO]: ------开始执行selectfile-----
[2023-04-27 17:21:46,865][log_print.py 76][INFO]: ------此函数的注释为
tab2中浏览按钮关联的功能，用于打开文件选择的弹窗-----
[2023-04-27 17:21:51,509][log_print.py 86][INFO]: ------selectfile执行成功------
[2023-04-27 17:22:13,769][log_print.py 75][INFO]: ------开始执行checkdata-----
[2023-04-27 17:22:13,771][log_print.py 76][INFO]: ------此函数的注释为
tab2中确认按钮关联的功能，用于检查文件是否选择，QQ账号是否填写-----
[2023-04-27 17:22:13,779][log_print.py 86][INFO]: ------checkdata执行成功------
[2023-04-27 17:22:14,579][log_print.py 75][INFO]: ------开始执行loginUI-----
[2023-04-27 17:22:14,579][log_print.py 76][INFO]: ------此函数的注释为
tab3中确认已读按钮关联的功能，用于打开浏览器-----
[2023-04-27 17:22:21,885][log_print.py 75][INFO]: ------开始执行threadFunc1-----
[2023-04-27 17:22:21,885][log_print.py 86][INFO]: ------loginUI执行成功------
[2023-04-27 17:22:21,886][log_print.py 76][INFO]: ------此函数的注释为
打开QQ空间登录页面-----
[2023-04-27 17:22:21,886][log_print.py 75][INFO]: ------开始执行login-----
[2023-04-27 17:22:21,886][log_print.py 76][INFO]: ------此函数的注释为
None-----
[2023-04-27 17:23:06,267][log_print.py 86][INFO]: ------login执行成功------
[2023-04-27 17:23:06,313][log_print.py 86][INFO]: ------threadFunc1执行成功------
[2023-04-27 17:23:06,350][log_print.py 75][INFO]: ------开始执行change_enable-----
[2023-04-27 17:23:06,350][log_print.py 76][INFO]: ------此函数的注释为
自定义信号2的关联功能，用于改变控件的enable状态-----
[2023-04-27 17:23:06,467][log_print.py 86][INFO]: ------change_enable执行成功------
[2023-04-27 17:24:29,436][log_print.py 75][INFO]: ------开始执行start_download-----
[2023-04-27 17:24:29,443][log_print.py 76][INFO]: ------此函数的注释为
tab3中确认登录按钮关联功能，修改UI，实现照片下载流程-----
[2023-04-27 17:24:31,460][log_print.py 75][INFO]: ------开始执行mainUI-----
[2023-04-27 17:24:31,460][log_print.py 86][INFO]: ------start_download执行成功------
[2023-04-27 17:24:31,460][log_print.py 76][INFO]: ------此函数的注释为
实现照片下载流程-----
[2023-04-27 17:24:31,468][log_print.py 75][INFO]: ------开始执行get_page-----
[2023-04-27 17:24:31,468][log_print.py 76][INFO]: ------此函数的注释为
None-----
[2023-04-27 17:24:38,041][log_print.py 86][INFO]: ------get_page执行成功------
[2023-04-27 17:24:38,042][log_print.py 75][INFO]: ------开始执行get_cookie-----
[2023-04-27 17:24:38,042][log_print.py 76][INFO]: ------此函数的注释为
None-----
[2023-04-27 17:24:38,049][log_print.py 86][INFO]: ------get_cookie执行成功------
[2023-04-27 17:24:38,722][log_print.py 75][INFO]: ------开始执行get_g_tk-----
[2023-04-27 17:24:38,723][log_print.py 76][INFO]: ------此函数的注释为
None-----
[2023-04-27 17:24:38,753][log_print.py 86][INFO]: ------get_g_tk执行成功------
[2023-04-27 17:24:38,754][log_print.py 75][INFO]: ------开始执行get_album_list-----
[2023-04-27 17:24:38,754][log_print.py 76][INFO]: ------此函数的注释为
None-----
[2023-04-27 17:24:38,899][log_print.py 86][INFO]: ------get_album_list执行成功------
[2023-04-27 17:24:38,899][log_print.py 75][INFO]: ------开始执行get_url-----
[2023-04-27 17:24:38,899][log_print.py 76][INFO]: ------此函数的注释为
None-----
[2023-04-27 17:24:38,899][log_print.py 86][INFO]: ------get_url执行成功------
[2023-04-27 17:29:46,906][log_print.py 75][INFO]: ------开始执行go_tab-----
[2023-04-27 17:29:46,914][log_print.py 76][INFO]: ------此函数的注释为
自定义信号4的关联功能，用于跳转tab页-----
[2023-04-27 17:29:47,002][log_print.py 86][INFO]: ------go_tab执行成功------
[2023-04-27 17:29:47,004][log_print.py 75][INFO]: ------开始执行append_critical-----
[2023-04-27 17:29:47,004][log_print.py 76][INFO]: ------此函数的注释为
自定义信号3的关联功能，用于打开异常提示弹窗-----
[2023-04-27 17:29:48,191][log_print.py 75][INFO]: ------开始执行print_to_textbrowser-----
[2023-04-27 17:29:48,192][log_print.py 76][INFO]: ------此函数的注释为
自定义信号1的关联功能，用于向文本框中添加文本内容-----
[2023-04-27 17:29:48,193][log_print.py 86][INFO]: ------print_to_textbrowser执行成功------
[2023-04-27 17:34:12,232][log_print.py 86][INFO]: ------append_critical执行成功------
[2023-04-27 17:35:01,942][log_print.py 75][INFO]: ------开始执行next2-----
[2023-04-27 17:35:01,943][log_print.py 76][INFO]: ------此函数的注释为
tab1中确认按钮关联的功能，用于跳转到tab2-----
[2023-04-27 17:35:01,945][log_print.py 86][INFO]: ------next2执行成功------
[2023-04-27 17:35:03,177][log_print.py 75][INFO]: ------开始执行selectfile-----
[2023-04-27 17:35:03,177][log_print.py 76][INFO]: ------此函数的注释为
tab2中浏览按钮关联的功能，用于打开文件选择的弹窗-----
[2023-04-27 17:35:07,451][log_print.py 86][INFO]: ------selectfile执行成功------
[2023-04-27 17:35:12,324][log_print.py 75][INFO]: ------开始执行checkdata-----
[2023-04-27 17:35:12,324][log_print.py 76][INFO]: ------此函数的注释为
tab2中确认按钮关联的功能，用于检查文件是否选择，QQ账号是否填写-----
[2023-04-27 17:35:12,333][log_print.py 86][INFO]: ------checkdata执行成功------
[2023-04-27 17:35:13,146][log_print.py 75][INFO]: ------开始执行loginUI-----
[2023-04-27 17:35:13,146][log_print.py 76][INFO]: ------此函数的注释为
tab3中确认已读按钮关联的功能，用于打开浏览器-----
[2023-04-27 17:35:19,556][log_print.py 75][INFO]: ------开始执行threadFunc1-----
[2023-04-27 17:35:19,557][log_print.py 86][INFO]: ------loginUI执行成功------
[2023-04-27 17:35:19,557][log_print.py 76][INFO]: ------此函数的注释为
打开QQ空间登录页面-----
[2023-04-27 17:35:19,557][log_print.py 75][INFO]: ------开始执行login-----
[2023-04-27 17:35:19,557][log_print.py 76][INFO]: ------此函数的注释为
None-----
[2023-04-27 17:35:46,344][log_print.py 86][INFO]: ------login执行成功------
[2023-04-27 17:35:46,350][log_print.py 86][INFO]: ------threadFunc1执行成功------
[2023-04-27 17:35:46,355][log_print.py 75][INFO]: ------开始执行change_enable-----
[2023-04-27 17:35:46,356][log_print.py 76][INFO]: ------此函数的注释为
自定义信号2的关联功能，用于改变控件的enable状态-----
[2023-04-27 17:35:46,357][log_print.py 86][INFO]: ------change_enable执行成功------
[2023-04-27 17:37:17,934][log_print.py 75][INFO]: ------开始执行start_download-----
[2023-04-27 17:37:17,940][log_print.py 76][INFO]: ------此函数的注释为
tab3中确认登录按钮关联功能，修改UI，实现照片下载流程-----
[2023-04-27 17:37:19,662][log_print.py 75][INFO]: ------开始执行mainUI-----
[2023-04-27 17:37:19,663][log_print.py 86][INFO]: ------start_download执行成功------
[2023-04-27 17:37:19,663][log_print.py 76][INFO]: ------此函数的注释为
实现照片下载流程-----
[2023-04-27 17:37:19,673][log_print.py 75][INFO]: ------开始执行get_page-----
[2023-04-27 17:37:19,674][log_print.py 76][INFO]: ------此函数的注释为
None-----
[2023-04-27 17:37:26,426][log_print.py 86][INFO]: ------get_page执行成功------
[2023-04-27 17:37:26,426][log_print.py 75][INFO]: ------开始执行get_cookie-----
[2023-04-27 17:37:26,426][log_print.py 76][INFO]: ------此函数的注释为
None-----
[2023-04-27 17:37:26,433][log_print.py 86][INFO]: ------get_cookie执行成功------
[2023-04-27 17:37:27,097][log_print.py 75][INFO]: ------开始执行get_g_tk-----
[2023-04-27 17:37:27,098][log_print.py 76][INFO]: ------此函数的注释为
None-----
[2023-04-27 17:37:27,104][log_print.py 86][INFO]: ------get_g_tk执行成功------
[2023-04-27 17:37:27,104][log_print.py 75][INFO]: ------开始执行get_album_list-----
[2023-04-27 17:37:27,104][log_print.py 76][INFO]: ------此函数的注释为
None-----
[2023-04-27 17:37:27,238][log_print.py 86][INFO]: ------get_album_list执行成功------
[2023-04-27 17:37:27,238][log_print.py 75][INFO]: ------开始执行get_url-----
[2023-04-27 17:37:27,238][log_print.py 76][INFO]: ------此函数的注释为
None-----
[2023-04-27 17:37:27,239][log_print.py 86][INFO]: ------get_url执行成功------
[2023-04-27 17:43:09,036][log_print.py 75][INFO]: ------开始执行go_tab-----
[2023-04-27 17:43:09,038][log_print.py 76][INFO]: ------此函数的注释为
自定义信号4的关联功能，用于跳转tab页-----
[2023-04-27 17:43:09,099][log_print.py 86][INFO]: ------go_tab执行成功------
[2023-04-27 17:43:09,100][log_print.py 75][INFO]: ------开始执行append_critical-----
[2023-04-27 17:43:09,100][log_print.py 76][INFO]: ------此函数的注释为
自定义信号3的关联功能，用于打开异常提示弹窗-----
[2023-04-27 17:43:09,417][log_print.py 75][INFO]: ------开始执行print_to_textbrowser-----
[2023-04-27 17:43:09,417][log_print.py 76][INFO]: ------此函数的注释为
自定义信号1的关联功能，用于向文本框中添加文本内容-----
[2023-04-27 17:43:09,418][log_print.py 86][INFO]: ------print_to_textbrowser执行成功------
[2023-04-27 17:43:57,187][log_print.py 86][INFO]: ------append_critical执行成功------
