[2023-04-26 22:31:33,255][log_print.py 75][INFO]: ------开始执行next2-----
[2023-04-26 22:31:33,256][log_print.py 76][INFO]: ------此函数的注释为
tab1中确认按钮关联的功能，用于跳转到tab2-----
[2023-04-26 22:31:33,257][log_print.py 86][INFO]: ------next2执行成功------
[2023-04-26 22:31:36,235][log_print.py 75][INFO]: ------开始执行selectfile-----
[2023-04-26 22:31:36,235][log_print.py 76][INFO]: ------此函数的注释为
tab2中浏览按钮关联的功能，用于打开文件选择的弹窗-----
[2023-04-26 22:31:41,176][log_print.py 86][INFO]: ------selectfile执行成功------
[2023-04-26 22:31:46,393][log_print.py 75][INFO]: ------开始执行checkdata-----
[2023-04-26 22:31:46,395][log_print.py 76][INFO]: ------此函数的注释为
tab2中确认按钮关联的功能，用于检查文件是否选择，QQ账号是否填写-----
[2023-04-26 22:31:46,415][log_print.py 86][INFO]: ------checkdata执行成功------
[2023-04-26 22:31:48,105][log_print.py 75][INFO]: ------开始执行loginUI-----
[2023-04-26 22:31:48,106][log_print.py 76][INFO]: ------此函数的注释为
tab3中确认已读按钮关联的功能，用于打开浏览器-----
[2023-04-26 22:31:55,051][log_print.py 75][INFO]: ------开始执行threadFunc1-----
[2023-04-26 22:31:55,052][log_print.py 86][INFO]: ------loginUI执行成功------
[2023-04-26 22:31:55,052][log_print.py 76][INFO]: ------此函数的注释为
打开QQ空间登录页面-----
[2023-04-26 22:31:55,052][log_print.py 75][INFO]: ------开始执行login-----
[2023-04-26 22:31:55,052][log_print.py 76][INFO]: ------此函数的注释为
None-----
[2023-04-26 22:32:12,702][log_print.py 86][INFO]: ------login执行成功------
[2023-04-26 22:32:12,713][log_print.py 86][INFO]: ------threadFunc1执行成功------
[2023-04-26 22:32:12,713][log_print.py 75][INFO]: ------开始执行change_enable-----
[2023-04-26 22:32:12,714][log_print.py 76][INFO]: ------此函数的注释为
自定义信号2的关联功能，用于改变控件的enable状态-----
[2023-04-26 22:32:12,714][log_print.py 86][INFO]: ------change_enable执行成功------
[2023-04-26 22:32:15,406][log_print.py 75][INFO]: ------开始执行start_download-----
[2023-04-26 22:32:15,407][log_print.py 76][INFO]: ------此函数的注释为
tab3中确认登录按钮关联功能，修改UI，实现照片下载流程-----
[2023-04-26 22:32:17,208][log_print.py 75][INFO]: ------开始执行mainUI-----
[2023-04-26 22:32:17,208][log_print.py 86][INFO]: ------start_download执行成功------
[2023-04-26 22:32:17,208][log_print.py 76][INFO]: ------此函数的注释为
实现照片下载流程-----
[2023-04-26 22:32:17,217][log_print.py 75][INFO]: ------开始执行get_page-----
[2023-04-26 22:32:17,217][log_print.py 76][INFO]: ------此函数的注释为
None-----
[2023-04-26 22:32:24,173][log_print.py 86][INFO]: ------get_page执行成功------
[2023-04-26 22:32:24,173][log_print.py 75][INFO]: ------开始执行get_cookie-----
[2023-04-26 22:32:24,173][log_print.py 76][INFO]: ------此函数的注释为
None-----
[2023-04-26 22:32:24,179][log_print.py 86][INFO]: ------get_cookie执行成功------
[2023-04-26 22:32:24,844][log_print.py 75][INFO]: ------开始执行get_g_tk-----
[2023-04-26 22:32:24,844][log_print.py 76][INFO]: ------此函数的注释为
None-----
[2023-04-26 22:32:24,850][log_print.py 86][INFO]: ------get_g_tk执行成功------
[2023-04-26 22:32:24,850][log_print.py 75][INFO]: ------开始执行get_album_list-----
[2023-04-26 22:32:24,850][log_print.py 76][INFO]: ------此函数的注释为
None-----
[2023-04-26 22:32:25,001][log_print.py 86][INFO]: ------get_album_list执行成功------
[2023-04-26 22:32:25,002][log_print.py 75][INFO]: ------开始执行get_url-----
[2023-04-26 22:32:25,002][log_print.py 76][INFO]: ------此函数的注释为
None-----
[2023-04-26 22:32:25,002][log_print.py 86][INFO]: ------get_url执行成功------
[2023-04-26 22:33:34,192][log_print.py 75][INFO]: ------开始执行go_tab-----
[2023-04-26 22:33:34,193][log_print.py 76][INFO]: ------此函数的注释为
自定义信号4的关联功能，用于跳转tab页-----
[2023-04-26 22:33:34,243][log_print.py 86][INFO]: ------go_tab执行成功------
[2023-04-26 22:33:34,245][log_print.py 75][INFO]: ------开始执行print_to_textbrowser-----
[2023-04-26 22:33:34,246][log_print.py 76][INFO]: ------此函数的注释为
自定义信号1的关联功能，用于向文本框中添加文本内容-----
[2023-04-26 22:37:50,235][log_print.py 75][INFO]: ------开始执行next2-----
[2023-04-26 22:37:50,235][log_print.py 76][INFO]: ------此函数的注释为
tab1中确认按钮关联的功能，用于跳转到tab2-----
[2023-04-26 22:37:50,237][log_print.py 86][INFO]: ------next2执行成功------
[2023-04-26 22:37:51,391][log_print.py 75][INFO]: ------开始执行selectfile-----
[2023-04-26 22:37:51,391][log_print.py 76][INFO]: ------此函数的注释为
tab2中浏览按钮关联的功能，用于打开文件选择的弹窗-----
[2023-04-26 22:37:55,863][log_print.py 86][INFO]: ------selectfile执行成功------
[2023-04-26 22:38:02,271][log_print.py 75][INFO]: ------开始执行checkdata-----
[2023-04-26 22:38:02,272][log_print.py 76][INFO]: ------此函数的注释为
tab2中确认按钮关联的功能，用于检查文件是否选择，QQ账号是否填写-----
[2023-04-26 22:38:02,282][log_print.py 86][INFO]: ------checkdata执行成功------
[2023-04-26 22:38:03,338][log_print.py 75][INFO]: ------开始执行loginUI-----
[2023-04-26 22:38:03,339][log_print.py 76][INFO]: ------此函数的注释为
tab3中确认已读按钮关联的功能，用于打开浏览器-----
[2023-04-26 22:38:09,436][log_print.py 75][INFO]: ------开始执行threadFunc1-----
[2023-04-26 22:38:09,436][log_print.py 86][INFO]: ------loginUI执行成功------
[2023-04-26 22:38:09,436][log_print.py 76][INFO]: ------此函数的注释为
打开QQ空间登录页面-----
[2023-04-26 22:38:09,437][log_print.py 75][INFO]: ------开始执行login-----
[2023-04-26 22:38:09,437][log_print.py 76][INFO]: ------此函数的注释为
None-----
[2023-04-26 22:38:26,613][log_print.py 86][INFO]: ------login执行成功------
[2023-04-26 22:38:26,616][log_print.py 86][INFO]: ------threadFunc1执行成功------
[2023-04-26 22:38:26,616][log_print.py 75][INFO]: ------开始执行change_enable-----
[2023-04-26 22:38:26,617][log_print.py 76][INFO]: ------此函数的注释为
自定义信号2的关联功能，用于改变控件的enable状态-----
[2023-04-26 22:38:26,617][log_print.py 86][INFO]: ------change_enable执行成功------
[2023-04-26 22:38:29,838][log_print.py 75][INFO]: ------开始执行start_download-----
[2023-04-26 22:38:29,838][log_print.py 76][INFO]: ------此函数的注释为
tab3中确认登录按钮关联功能，修改UI，实现照片下载流程-----
[2023-04-26 22:38:32,290][log_print.py 75][INFO]: ------开始执行mainUI-----
[2023-04-26 22:38:32,290][log_print.py 86][INFO]: ------start_download执行成功------
[2023-04-26 22:38:32,290][log_print.py 76][INFO]: ------此函数的注释为
实现照片下载流程-----
[2023-04-26 22:38:32,296][log_print.py 75][INFO]: ------开始执行get_page-----
[2023-04-26 22:38:32,297][log_print.py 76][INFO]: ------此函数的注释为
None-----
[2023-04-26 22:38:39,036][log_print.py 86][INFO]: ------get_page执行成功------
[2023-04-26 22:38:39,036][log_print.py 75][INFO]: ------开始执行get_cookie-----
[2023-04-26 22:38:39,036][log_print.py 76][INFO]: ------此函数的注释为
None-----
[2023-04-26 22:38:39,051][log_print.py 86][INFO]: ------get_cookie执行成功------
[2023-04-26 22:38:39,695][log_print.py 75][INFO]: ------开始执行get_g_tk-----
[2023-04-26 22:38:39,696][log_print.py 76][INFO]: ------此函数的注释为
None-----
[2023-04-26 22:38:39,700][log_print.py 86][INFO]: ------get_g_tk执行成功------
[2023-04-26 22:38:39,700][log_print.py 75][INFO]: ------开始执行get_album_list-----
[2023-04-26 22:38:39,700][log_print.py 76][INFO]: ------此函数的注释为
None-----
[2023-04-26 22:38:39,818][log_print.py 86][INFO]: ------get_album_list执行成功------
[2023-04-26 22:38:39,818][log_print.py 75][INFO]: ------开始执行get_url-----
[2023-04-26 22:38:39,818][log_print.py 76][INFO]: ------此函数的注释为
None-----
[2023-04-26 22:38:39,818][log_print.py 86][INFO]: ------get_url执行成功------
[2023-04-26 22:49:10,793][log_print.py 86][INFO]: ------mainUI执行成功------
