[2023-04-25 12:46:18,742][log_print.py 75][INFO]: ------开始执行next2-----
[2023-04-25 12:46:18,743][log_print.py 76][INFO]: ------此函数的注释为
tab1中确认按钮关联的功能，用于跳转到tab2-----
[2023-04-25 12:46:18,746][log_print.py 86][INFO]: ------next2执行成功------
[2023-04-25 12:46:19,996][log_print.py 75][INFO]: ------开始执行selectfile-----
[2023-04-25 12:46:19,997][log_print.py 76][INFO]: ------此函数的注释为
tab2中浏览按钮关联的功能，用于打开文件选择的弹窗-----
[2023-04-25 12:46:54,503][log_print.py 86][INFO]: ------selectfile执行成功------
[2023-04-25 12:47:06,040][log_print.py 75][INFO]: ------开始执行checkdata-----
[2023-04-25 12:47:06,042][log_print.py 76][INFO]: ------此函数的注释为
tab2中确认按钮关联的功能，用于检查文件是否选择，QQ账号是否填写-----
[2023-04-25 12:47:06,064][log_print.py 86][INFO]: ------checkdata执行成功------
[2023-04-25 12:47:06,834][log_print.py 75][INFO]: ------开始执行loginUI-----
[2023-04-25 12:47:06,835][log_print.py 76][INFO]: ------此函数的注释为
tab3中确认已读按钮关联的功能，用于打开浏览器-----
[2023-04-25 12:47:50,935][log_print.py 75][INFO]: ------开始执行threadFunc1-----
[2023-04-25 12:47:50,936][log_print.py 86][INFO]: ------loginUI执行成功------
[2023-04-25 12:47:50,936][log_print.py 76][INFO]: ------此函数的注释为
打开QQ空间登录页面-----
[2023-04-25 12:47:50,936][log_print.py 75][INFO]: ------开始执行login-----
[2023-04-25 12:47:50,936][log_print.py 76][INFO]: ------此函数的注释为
None-----
[2023-04-25 12:48:27,543][log_print.py 86][INFO]: ------login执行成功------
[2023-04-25 12:48:27,551][log_print.py 86][INFO]: ------threadFunc1执行成功------
[2023-04-25 12:48:27,551][log_print.py 75][INFO]: ------开始执行change_enable-----
[2023-04-25 12:48:27,552][log_print.py 76][INFO]: ------此函数的注释为
自定义信号2的关联功能，用于改变控件的enable状态-----
[2023-04-25 12:48:27,554][log_print.py 86][INFO]: ------change_enable执行成功------
[2023-04-25 12:48:50,110][log_print.py 75][INFO]: ------开始执行start_download-----
[2023-04-25 12:48:50,111][log_print.py 76][INFO]: ------此函数的注释为
tab3中确认登录按钮关联功能，修改UI，实现照片下载流程-----
[2023-04-25 12:48:51,871][log_print.py 75][INFO]: ------开始执行mainUI-----
[2023-04-25 12:48:51,871][log_print.py 86][INFO]: ------start_download执行成功------
[2023-04-25 12:48:51,871][log_print.py 76][INFO]: ------此函数的注释为
实现照片下载流程-----
[2023-04-25 12:48:51,878][log_print.py 75][INFO]: ------开始执行get_page-----
[2023-04-25 12:48:51,878][log_print.py 76][INFO]: ------此函数的注释为
None-----
[2023-04-25 12:49:05,982][log_print.py 86][INFO]: ------get_page执行成功------
[2023-04-25 12:49:05,982][log_print.py 75][INFO]: ------开始执行get_cookie-----
[2023-04-25 12:49:05,982][log_print.py 76][INFO]: ------此函数的注释为
None-----
[2023-04-25 12:49:05,988][log_print.py 86][INFO]: ------get_cookie执行成功------
[2023-04-25 12:49:06,643][log_print.py 75][INFO]: ------开始执行get_g_tk-----
[2023-04-25 12:49:06,643][log_print.py 76][INFO]: ------此函数的注释为
None-----
[2023-04-25 12:49:06,650][log_print.py 86][INFO]: ------get_g_tk执行成功------
[2023-04-25 12:49:06,650][log_print.py 75][INFO]: ------开始执行get_album_list-----
[2023-04-25 12:49:06,650][log_print.py 76][INFO]: ------此函数的注释为
None-----
[2023-04-25 12:49:06,799][log_print.py 86][INFO]: ------get_album_list执行成功------
[2023-04-25 12:49:06,800][log_print.py 75][INFO]: ------开始执行get_url-----
[2023-04-25 12:49:06,800][log_print.py 76][INFO]: ------此函数的注释为
None-----
[2023-04-25 12:49:06,800][log_print.py 86][INFO]: ------get_url执行成功------
[2023-04-25 12:51:10,002][log_print.py 86][INFO]: ------mainUI执行成功------
[2023-04-25 13:32:49,423][log_print.py 75][INFO]: ------开始执行next2-----
[2023-04-25 13:32:49,423][log_print.py 76][INFO]: ------此函数的注释为
tab1中确认按钮关联的功能，用于跳转到tab2-----
[2023-04-25 13:32:49,425][log_print.py 86][INFO]: ------next2执行成功------
[2023-04-25 13:32:50,875][log_print.py 75][INFO]: ------开始执行selectfile-----
[2023-04-25 13:32:50,875][log_print.py 76][INFO]: ------此函数的注释为
tab2中浏览按钮关联的功能，用于打开文件选择的弹窗-----
[2023-04-25 13:32:54,858][log_print.py 86][INFO]: ------selectfile执行成功------
[2023-04-25 13:33:02,835][log_print.py 75][INFO]: ------开始执行checkdata-----
[2023-04-25 13:33:02,836][log_print.py 76][INFO]: ------此函数的注释为
tab2中确认按钮关联的功能，用于检查文件是否选择，QQ账号是否填写-----
[2023-04-25 13:33:02,845][log_print.py 86][INFO]: ------checkdata执行成功------
[2023-04-25 13:33:03,871][log_print.py 75][INFO]: ------开始执行loginUI-----
[2023-04-25 13:33:03,872][log_print.py 76][INFO]: ------此函数的注释为
tab3中确认已读按钮关联的功能，用于打开浏览器-----
[2023-04-25 13:33:10,153][log_print.py 75][INFO]: ------开始执行threadFunc1-----
[2023-04-25 13:33:10,153][log_print.py 86][INFO]: ------loginUI执行成功------
[2023-04-25 13:33:10,153][log_print.py 76][INFO]: ------此函数的注释为
打开QQ空间登录页面-----
[2023-04-25 13:33:10,153][log_print.py 75][INFO]: ------开始执行login-----
[2023-04-25 13:33:10,153][log_print.py 76][INFO]: ------此函数的注释为
None-----
[2023-04-25 13:34:08,992][log_print.py 86][INFO]: ------login执行成功------
[2023-04-25 13:34:09,027][log_print.py 86][INFO]: ------threadFunc1执行成功------
[2023-04-25 13:34:09,033][log_print.py 75][INFO]: ------开始执行change_enable-----
[2023-04-25 13:34:09,034][log_print.py 76][INFO]: ------此函数的注释为
自定义信号2的关联功能，用于改变控件的enable状态-----
[2023-04-25 13:34:09,041][log_print.py 86][INFO]: ------change_enable执行成功------
[2023-04-25 13:34:45,173][log_print.py 75][INFO]: ------开始执行start_download-----
[2023-04-25 13:34:45,175][log_print.py 76][INFO]: ------此函数的注释为
tab3中确认登录按钮关联功能，修改UI，实现照片下载流程-----
[2023-04-25 13:34:47,752][log_print.py 75][INFO]: ------开始执行mainUI-----
[2023-04-25 13:34:47,752][log_print.py 86][INFO]: ------start_download执行成功------
[2023-04-25 13:34:47,752][log_print.py 76][INFO]: ------此函数的注释为
实现照片下载流程-----
[2023-04-25 13:34:47,754][log_print.py 75][INFO]: ------开始执行get_page-----
[2023-04-25 13:34:47,754][log_print.py 76][INFO]: ------此函数的注释为
None-----
[2023-04-25 13:34:54,789][log_print.py 86][INFO]: ------get_page执行成功------
[2023-04-25 13:34:54,790][log_print.py 75][INFO]: ------开始执行get_cookie-----
[2023-04-25 13:34:54,790][log_print.py 76][INFO]: ------此函数的注释为
None-----
[2023-04-25 13:34:54,807][log_print.py 86][INFO]: ------get_cookie执行成功------
[2023-04-25 13:34:55,461][log_print.py 75][INFO]: ------开始执行get_g_tk-----
[2023-04-25 13:34:55,462][log_print.py 76][INFO]: ------此函数的注释为
None-----
[2023-04-25 13:34:55,469][log_print.py 86][INFO]: ------get_g_tk执行成功------
[2023-04-25 13:34:55,469][log_print.py 75][INFO]: ------开始执行get_album_list-----
[2023-04-25 13:34:55,469][log_print.py 76][INFO]: ------此函数的注释为
None-----
[2023-04-25 13:34:55,616][log_print.py 86][INFO]: ------get_album_list执行成功------
[2023-04-25 13:34:55,616][log_print.py 75][INFO]: ------开始执行get_url-----
[2023-04-25 13:34:55,616][log_print.py 76][INFO]: ------此函数的注释为
None-----
[2023-04-25 13:34:55,616][log_print.py 86][INFO]: ------get_url执行成功------
[2023-04-25 13:36:42,124][log_print.py 75][INFO]: ------开始执行print_to_textbrowser-----
[2023-04-25 13:36:42,127][log_print.py 76][INFO]: ------此函数的注释为
自定义信号1的关联功能，用于向文本框中添加文本内容-----
