[2024-10-30 21:42:34,285][log_print.py 75][INFO]: ------开始执行next2-----
[2024-10-30 21:42:34,287][log_print.py 76][INFO]: ------此函数的注释为
tab1中确认按钮关联的功能，用于跳转到tab2-----
[2024-10-30 21:42:34,291][log_print.py 86][INFO]: ------next2执行成功------
[2024-10-30 21:42:36,496][log_print.py 75][INFO]: ------开始执行selectfile-----
[2024-10-30 21:42:36,497][log_print.py 76][INFO]: ------此函数的注释为
tab2中浏览按钮关联的功能，用于打开文件选择的弹窗-----
[2024-10-30 21:42:51,743][log_print.py 86][INFO]: ------selectfile执行成功------
[2024-10-30 21:42:57,817][log_print.py 75][INFO]: ------开始执行checkdata-----
[2024-10-30 21:42:57,818][log_print.py 76][INFO]: ------此函数的注释为
tab2中确认按钮关联的功能，用于检查文件是否选择，QQ账号是否填写-----
[2024-10-30 21:42:57,856][log_print.py 86][INFO]: ------checkdata执行成功------
[2024-10-30 21:42:58,582][log_print.py 75][INFO]: ------开始执行loginUI-----
[2024-10-30 21:42:58,583][log_print.py 76][INFO]: ------此函数的注释为
tab3中确认已读按钮关联的功能，用于打开浏览器-----
[2024-10-30 21:43:51,509][log_print.py 75][INFO]: ------开始执行threadFunc1-----
[2024-10-30 21:43:51,510][log_print.py 86][INFO]: ------loginUI执行成功------
[2024-10-30 21:43:51,510][log_print.py 76][INFO]: ------此函数的注释为
打开QQ空间登录页面-----
[2024-10-30 21:43:51,510][log_print.py 75][INFO]: ------开始执行login-----
[2024-10-30 21:43:51,510][log_print.py 76][INFO]: ------此函数的注释为
None-----
[2024-10-30 21:44:10,478][log_print.py 86][INFO]: ------login执行成功------
[2024-10-30 21:44:10,493][log_print.py 86][INFO]: ------threadFunc1执行成功------
[2024-10-30 21:44:10,494][log_print.py 75][INFO]: ------开始执行change_enable-----
[2024-10-30 21:44:10,495][log_print.py 76][INFO]: ------此函数的注释为
自定义信号2的关联功能，用于改变控件的enable状态-----
[2024-10-30 21:44:10,496][log_print.py 86][INFO]: ------change_enable执行成功------
[2024-10-30 21:45:45,972][log_print.py 75][INFO]: ------开始执行start_download-----
[2024-10-30 21:45:45,974][log_print.py 76][INFO]: ------此函数的注释为
tab3中确认登录按钮关联功能，修改UI，实现照片下载流程-----
[2024-10-30 21:45:47,560][log_print.py 75][INFO]: ------开始执行mainUI-----
[2024-10-30 21:45:47,560][log_print.py 86][INFO]: ------start_download执行成功------
[2024-10-30 21:45:47,560][log_print.py 76][INFO]: ------此函数的注释为
实现照片下载流程-----
[2024-10-30 21:45:47,571][log_print.py 75][INFO]: ------开始执行get_page-----
[2024-10-30 21:45:47,571][log_print.py 76][INFO]: ------此函数的注释为
None-----
[2024-10-30 21:45:55,022][log_print.py 86][INFO]: ------get_page执行成功------
[2024-10-30 21:45:55,023][log_print.py 75][INFO]: ------开始执行get_cookie-----
[2024-10-30 21:45:55,023][log_print.py 76][INFO]: ------此函数的注释为
None-----
[2024-10-30 21:45:55,034][log_print.py 86][INFO]: ------get_cookie执行成功------
[2024-10-30 21:45:55,713][log_print.py 75][INFO]: ------开始执行get_g_tk-----
[2024-10-30 21:45:55,713][log_print.py 76][INFO]: ------此函数的注释为
None-----
[2024-10-30 21:45:55,729][log_print.py 86][INFO]: ------get_g_tk执行成功------
[2024-10-30 21:45:55,729][log_print.py 75][INFO]: ------开始执行get_album_list-----
[2024-10-30 21:45:55,730][log_print.py 76][INFO]: ------此函数的注释为
None-----
[2024-10-30 21:45:55,894][log_print.py 86][INFO]: ------get_album_list执行成功------
[2024-10-30 21:45:55,894][log_print.py 75][INFO]: ------开始执行get_url-----
[2024-10-30 21:45:55,894][log_print.py 76][INFO]: ------此函数的注释为
None-----
[2024-10-30 21:45:55,894][log_print.py 86][INFO]: ------get_url执行成功------
