[2025-03-14 09:29:47,505][log_print.py 75][INFO]: ------开始执行next2-----
[2025-03-14 09:29:47,506][log_print.py 76][INFO]: ------此函数的注释为
tab1中确认按钮关联的功能，用于跳转到tab2-----
[2025-03-14 09:29:47,509][log_print.py 86][INFO]: ------next2执行成功------
[2025-03-14 09:29:48,806][log_print.py 75][INFO]: ------开始执行selectfile-----
[2025-03-14 09:29:48,806][log_print.py 76][INFO]: ------此函数的注释为
tab2中浏览按钮关联的功能，用于打开文件选择的弹窗-----
[2025-03-14 09:29:52,558][log_print.py 86][INFO]: ------selectfile执行成功------
[2025-03-14 09:29:57,507][log_print.py 75][INFO]: ------开始执行checkdata-----
[2025-03-14 09:29:57,509][log_print.py 76][INFO]: ------此函数的注释为
tab2中确认按钮关联的功能，用于检查文件是否选择，QQ账号是否填写-----
[2025-03-14 09:29:57,528][log_print.py 86][INFO]: ------checkdata执行成功------
[2025-03-14 09:29:58,940][log_print.py 75][INFO]: ------开始执行loginUI-----
[2025-03-14 09:29:58,940][log_print.py 76][INFO]: ------此函数的注释为
tab3中确认已读按钮关联的功能，用于打开浏览器-----
[2025-03-14 09:30:57,450][log_print.py 86][INFO]: ------loginUI执行成功------
[2025-03-14 09:30:57,462][log_print.py 75][INFO]: ------开始执行threadFunc1-----
[2025-03-14 09:30:57,462][log_print.py 76][INFO]: ------此函数的注释为
打开QQ空间登录页面-----
[2025-03-14 09:30:57,464][log_print.py 75][INFO]: ------开始执行login-----
[2025-03-14 09:30:57,464][log_print.py 76][INFO]: ------此函数的注释为
None-----
[2025-03-14 09:31:20,689][log_print.py 86][INFO]: ------login执行成功------
[2025-03-14 09:31:20,696][log_print.py 86][INFO]: ------threadFunc1执行成功------
[2025-03-14 09:31:20,696][log_print.py 75][INFO]: ------开始执行change_enable-----
[2025-03-14 09:31:20,699][log_print.py 76][INFO]: ------此函数的注释为
自定义信号2的关联功能，用于改变控件的enable状态-----
[2025-03-14 09:31:20,700][log_print.py 86][INFO]: ------change_enable执行成功------
[2025-03-14 09:32:04,752][log_print.py 75][INFO]: ------开始执行start_download-----
[2025-03-14 09:32:04,754][log_print.py 76][INFO]: ------此函数的注释为
tab3中确认登录按钮关联功能，修改UI，实现照片下载流程-----
[2025-03-14 09:32:05,989][log_print.py 75][INFO]: ------开始执行mainUI-----
[2025-03-14 09:32:05,989][log_print.py 86][INFO]: ------start_download执行成功------
[2025-03-14 09:32:05,990][log_print.py 76][INFO]: ------此函数的注释为
实现照片下载流程-----
[2025-03-14 09:32:06,000][log_print.py 75][INFO]: ------开始执行get_page-----
[2025-03-14 09:32:06,000][log_print.py 76][INFO]: ------此函数的注释为
None-----
[2025-03-14 09:32:13,636][log_print.py 86][INFO]: ------get_page执行成功------
[2025-03-14 09:32:13,637][log_print.py 75][INFO]: ------开始执行get_cookie-----
[2025-03-14 09:32:13,638][log_print.py 76][INFO]: ------此函数的注释为
None-----
[2025-03-14 09:32:13,645][log_print.py 86][INFO]: ------get_cookie执行成功------
[2025-03-14 09:32:14,206][log_print.py 75][INFO]: ------开始执行get_g_tk-----
[2025-03-14 09:32:14,207][log_print.py 76][INFO]: ------此函数的注释为
None-----
[2025-03-14 09:32:14,241][log_print.py 86][INFO]: ------get_g_tk执行成功------
[2025-03-14 09:32:14,241][log_print.py 75][INFO]: ------开始执行get_album_list-----
[2025-03-14 09:32:14,241][log_print.py 76][INFO]: ------此函数的注释为
None-----
[2025-03-14 09:32:14,508][log_print.py 86][INFO]: ------get_album_list执行成功------
[2025-03-14 09:32:14,508][log_print.py 75][INFO]: ------开始执行get_url-----
[2025-03-14 09:32:14,508][log_print.py 76][INFO]: ------此函数的注释为
None-----
[2025-03-14 09:32:14,509][log_print.py 86][INFO]: ------get_url执行成功------
[2025-03-14 09:59:45,876][log_print.py 75][INFO]: ------开始执行next2-----
[2025-03-14 09:59:45,876][log_print.py 76][INFO]: ------此函数的注释为
tab1中确认按钮关联的功能，用于跳转到tab2-----
[2025-03-14 09:59:45,878][log_print.py 86][INFO]: ------next2执行成功------
[2025-03-14 09:59:47,180][log_print.py 75][INFO]: ------开始执行selectfile-----
[2025-03-14 09:59:47,181][log_print.py 76][INFO]: ------此函数的注释为
tab2中浏览按钮关联的功能，用于打开文件选择的弹窗-----
[2025-03-14 10:00:01,682][log_print.py 86][INFO]: ------selectfile执行成功------
[2025-03-14 10:00:10,373][log_print.py 75][INFO]: ------开始执行checkdata-----
[2025-03-14 10:00:10,374][log_print.py 76][INFO]: ------此函数的注释为
tab2中确认按钮关联的功能，用于检查文件是否选择，QQ账号是否填写-----
[2025-03-14 10:00:10,393][log_print.py 86][INFO]: ------checkdata执行成功------
[2025-03-14 10:00:11,096][log_print.py 75][INFO]: ------开始执行loginUI-----
[2025-03-14 10:00:11,097][log_print.py 76][INFO]: ------此函数的注释为
tab3中确认已读按钮关联的功能，用于打开浏览器-----
[2025-03-14 10:00:17,810][log_print.py 86][INFO]: ------loginUI执行成功------
[2025-03-14 10:00:17,825][log_print.py 75][INFO]: ------开始执行threadFunc1-----
[2025-03-14 10:00:17,826][log_print.py 76][INFO]: ------此函数的注释为
打开QQ空间登录页面-----
[2025-03-14 10:00:17,826][log_print.py 75][INFO]: ------开始执行login-----
[2025-03-14 10:00:17,826][log_print.py 76][INFO]: ------此函数的注释为
None-----
[2025-03-14 10:00:35,672][log_print.py 86][INFO]: ------login执行成功------
[2025-03-14 10:00:35,677][log_print.py 86][INFO]: ------threadFunc1执行成功------
[2025-03-14 10:00:35,677][log_print.py 75][INFO]: ------开始执行change_enable-----
[2025-03-14 10:00:35,678][log_print.py 76][INFO]: ------此函数的注释为
自定义信号2的关联功能，用于改变控件的enable状态-----
[2025-03-14 10:00:35,679][log_print.py 86][INFO]: ------change_enable执行成功------
[2025-03-14 10:05:41,772][log_print.py 75][INFO]: ------开始执行start_download-----
[2025-03-14 10:05:41,773][log_print.py 76][INFO]: ------此函数的注释为
tab3中确认登录按钮关联功能，修改UI，实现照片下载流程-----
[2025-03-14 10:05:43,106][log_print.py 75][INFO]: ------开始执行mainUI-----
[2025-03-14 10:05:43,107][log_print.py 86][INFO]: ------start_download执行成功------
[2025-03-14 10:05:43,107][log_print.py 76][INFO]: ------此函数的注释为
实现照片下载流程-----
[2025-03-14 10:05:43,117][log_print.py 75][INFO]: ------开始执行get_page-----
[2025-03-14 10:05:43,117][log_print.py 76][INFO]: ------此函数的注释为
None-----
[2025-03-14 10:05:51,156][log_print.py 86][INFO]: ------get_page执行成功------
[2025-03-14 10:05:51,156][log_print.py 75][INFO]: ------开始执行get_cookie-----
[2025-03-14 10:05:51,156][log_print.py 76][INFO]: ------此函数的注释为
None-----
[2025-03-14 10:05:51,166][log_print.py 86][INFO]: ------get_cookie执行成功------
[2025-03-14 10:05:51,753][log_print.py 75][INFO]: ------开始执行get_g_tk-----
[2025-03-14 10:05:51,754][log_print.py 76][INFO]: ------此函数的注释为
None-----
[2025-03-14 10:05:51,787][log_print.py 86][INFO]: ------get_g_tk执行成功------
[2025-03-14 10:05:51,788][log_print.py 75][INFO]: ------开始执行get_album_list-----
[2025-03-14 10:05:51,788][log_print.py 76][INFO]: ------此函数的注释为
None-----
[2025-03-14 10:05:52,072][log_print.py 86][INFO]: ------get_album_list执行成功------
[2025-03-14 10:05:52,072][log_print.py 75][INFO]: ------开始执行get_url-----
[2025-03-14 10:05:52,073][log_print.py 76][INFO]: ------此函数的注释为
None-----
[2025-03-14 10:05:52,073][log_print.py 86][INFO]: ------get_url执行成功------
[2025-03-14 13:19:17,853][log_print.py 75][INFO]: ------开始执行next2-----
[2025-03-14 13:19:17,854][log_print.py 76][INFO]: ------此函数的注释为
tab1中确认按钮关联的功能，用于跳转到tab2-----
[2025-03-14 13:19:17,859][log_print.py 86][INFO]: ------next2执行成功------
[2025-03-14 13:19:20,109][log_print.py 75][INFO]: ------开始执行selectfile-----
[2025-03-14 13:19:20,109][log_print.py 76][INFO]: ------此函数的注释为
tab2中浏览按钮关联的功能，用于打开文件选择的弹窗-----
[2025-03-14 13:19:29,440][log_print.py 86][INFO]: ------selectfile执行成功------
[2025-03-14 13:19:35,783][log_print.py 75][INFO]: ------开始执行checkdata-----
[2025-03-14 13:19:35,784][log_print.py 76][INFO]: ------此函数的注释为
tab2中确认按钮关联的功能，用于检查文件是否选择，QQ账号是否填写-----
[2025-03-14 13:19:35,805][log_print.py 86][INFO]: ------checkdata执行成功------
[2025-03-14 13:19:36,536][log_print.py 75][INFO]: ------开始执行loginUI-----
[2025-03-14 13:19:36,537][log_print.py 76][INFO]: ------此函数的注释为
tab3中确认已读按钮关联的功能，用于打开浏览器-----
[2025-03-14 13:19:43,348][log_print.py 86][INFO]: ------loginUI执行成功------
[2025-03-14 13:19:43,360][log_print.py 75][INFO]: ------开始执行threadFunc1-----
[2025-03-14 13:19:43,360][log_print.py 76][INFO]: ------此函数的注释为
打开QQ空间登录页面-----
[2025-03-14 13:19:43,360][log_print.py 75][INFO]: ------开始执行login-----
[2025-03-14 13:19:43,360][log_print.py 76][INFO]: ------此函数的注释为
None-----
[2025-03-14 13:20:01,285][log_print.py 86][INFO]: ------login执行成功------
[2025-03-14 13:20:01,287][log_print.py 86][INFO]: ------threadFunc1执行成功------
[2025-03-14 13:20:01,287][log_print.py 75][INFO]: ------开始执行change_enable-----
[2025-03-14 13:20:01,288][log_print.py 76][INFO]: ------此函数的注释为
自定义信号2的关联功能，用于改变控件的enable状态-----
[2025-03-14 13:20:01,288][log_print.py 86][INFO]: ------change_enable执行成功------
[2025-03-14 13:20:19,614][log_print.py 75][INFO]: ------开始执行start_download-----
[2025-03-14 13:20:19,616][log_print.py 76][INFO]: ------此函数的注释为
tab3中确认登录按钮关联功能，修改UI，实现照片下载流程-----
[2025-03-14 13:20:20,827][log_print.py 75][INFO]: ------开始执行mainUI-----
[2025-03-14 13:20:20,828][log_print.py 86][INFO]: ------start_download执行成功------
[2025-03-14 13:20:20,828][log_print.py 76][INFO]: ------此函数的注释为
实现照片下载流程-----
[2025-03-14 13:20:20,838][log_print.py 75][INFO]: ------开始执行get_page-----
[2025-03-14 13:20:20,839][log_print.py 76][INFO]: ------此函数的注释为
None-----
[2025-03-14 13:20:28,025][log_print.py 86][INFO]: ------get_page执行成功------
[2025-03-14 13:20:28,027][log_print.py 75][INFO]: ------开始执行get_cookie-----
[2025-03-14 13:20:28,027][log_print.py 76][INFO]: ------此函数的注释为
None-----
[2025-03-14 13:20:28,039][log_print.py 86][INFO]: ------get_cookie执行成功------
[2025-03-14 13:20:28,652][log_print.py 75][INFO]: ------开始执行get_g_tk-----
[2025-03-14 13:20:28,652][log_print.py 76][INFO]: ------此函数的注释为
None-----
[2025-03-14 13:20:28,672][log_print.py 86][INFO]: ------get_g_tk执行成功------
[2025-03-14 13:20:28,672][log_print.py 75][INFO]: ------开始执行get_album_list-----
[2025-03-14 13:20:28,672][log_print.py 76][INFO]: ------此函数的注释为
None-----
[2025-03-14 13:20:28,958][log_print.py 86][INFO]: ------get_album_list执行成功------
[2025-03-14 13:20:28,958][log_print.py 75][INFO]: ------开始执行get_url-----
[2025-03-14 13:20:28,958][log_print.py 76][INFO]: ------此函数的注释为
None-----
[2025-03-14 13:20:28,959][log_print.py 86][INFO]: ------get_url执行成功------
[2025-03-14 13:22:01,103][log_print.py 75][INFO]: ------开始执行next2-----
[2025-03-14 13:22:01,105][log_print.py 76][INFO]: ------此函数的注释为
tab1中确认按钮关联的功能，用于跳转到tab2-----
[2025-03-14 13:22:01,112][log_print.py 86][INFO]: ------next2执行成功------
[2025-03-14 13:22:02,463][log_print.py 75][INFO]: ------开始执行selectfile-----
[2025-03-14 13:22:02,464][log_print.py 76][INFO]: ------此函数的注释为
tab2中浏览按钮关联的功能，用于打开文件选择的弹窗-----
[2025-03-14 13:22:07,910][log_print.py 86][INFO]: ------selectfile执行成功------
[2025-03-14 13:22:13,329][log_print.py 75][INFO]: ------开始执行checkdata-----
[2025-03-14 13:22:13,330][log_print.py 76][INFO]: ------此函数的注释为
tab2中确认按钮关联的功能，用于检查文件是否选择，QQ账号是否填写-----
[2025-03-14 13:22:13,346][log_print.py 86][INFO]: ------checkdata执行成功------
[2025-03-14 13:22:14,154][log_print.py 75][INFO]: ------开始执行loginUI-----
[2025-03-14 13:22:14,154][log_print.py 76][INFO]: ------此函数的注释为
tab3中确认已读按钮关联的功能，用于打开浏览器-----
[2025-03-14 13:22:20,788][log_print.py 86][INFO]: ------loginUI执行成功------
[2025-03-14 13:22:20,800][log_print.py 75][INFO]: ------开始执行threadFunc1-----
[2025-03-14 13:22:20,800][log_print.py 76][INFO]: ------此函数的注释为
打开QQ空间登录页面-----
[2025-03-14 13:22:20,801][log_print.py 75][INFO]: ------开始执行login-----
[2025-03-14 13:22:20,801][log_print.py 76][INFO]: ------此函数的注释为
None-----
[2025-03-14 13:22:39,363][log_print.py 86][INFO]: ------login执行成功------
[2025-03-14 13:22:39,367][log_print.py 86][INFO]: ------threadFunc1执行成功------
[2025-03-14 13:22:39,367][log_print.py 75][INFO]: ------开始执行change_enable-----
[2025-03-14 13:22:39,369][log_print.py 76][INFO]: ------此函数的注释为
自定义信号2的关联功能，用于改变控件的enable状态-----
[2025-03-14 13:22:39,370][log_print.py 86][INFO]: ------change_enable执行成功------
[2025-03-14 13:23:25,122][log_print.py 75][INFO]: ------开始执行start_download-----
[2025-03-14 13:23:25,123][log_print.py 76][INFO]: ------此函数的注释为
tab3中确认登录按钮关联功能，修改UI，实现照片下载流程-----
[2025-03-14 13:23:29,345][log_print.py 75][INFO]: ------开始执行mainUI-----
[2025-03-14 13:23:29,346][log_print.py 86][INFO]: ------start_download执行成功------
[2025-03-14 13:23:29,346][log_print.py 76][INFO]: ------此函数的注释为
实现照片下载流程-----
[2025-03-14 13:23:29,358][log_print.py 75][INFO]: ------开始执行get_page-----
[2025-03-14 13:23:29,358][log_print.py 76][INFO]: ------此函数的注释为
None-----
[2025-03-14 13:23:36,788][log_print.py 86][INFO]: ------get_page执行成功------
[2025-03-14 13:23:36,789][log_print.py 75][INFO]: ------开始执行get_cookie-----
[2025-03-14 13:23:36,789][log_print.py 76][INFO]: ------此函数的注释为
None-----
[2025-03-14 13:23:36,808][log_print.py 86][INFO]: ------get_cookie执行成功------
[2025-03-14 13:23:37,409][log_print.py 75][INFO]: ------开始执行get_g_tk-----
[2025-03-14 13:23:37,409][log_print.py 76][INFO]: ------此函数的注释为
None-----
[2025-03-14 13:23:37,452][log_print.py 86][INFO]: ------get_g_tk执行成功------
[2025-03-14 13:23:37,452][log_print.py 75][INFO]: ------开始执行get_album_list-----
[2025-03-14 13:23:37,453][log_print.py 76][INFO]: ------此函数的注释为
None-----
[2025-03-14 13:23:37,693][log_print.py 86][INFO]: ------get_album_list执行成功------
[2025-03-14 13:23:37,693][log_print.py 75][INFO]: ------开始执行get_url-----
[2025-03-14 13:23:37,693][log_print.py 76][INFO]: ------此函数的注释为
None-----
[2025-03-14 13:23:37,693][log_print.py 86][INFO]: ------get_url执行成功------
[2025-03-14 13:24:53,733][log_print.py 75][INFO]: ------开始执行next2-----
[2025-03-14 13:24:53,734][log_print.py 76][INFO]: ------此函数的注释为
tab1中确认按钮关联的功能，用于跳转到tab2-----
[2025-03-14 13:24:53,737][log_print.py 86][INFO]: ------next2执行成功------
[2025-03-14 13:24:54,701][log_print.py 75][INFO]: ------开始执行selectfile-----
[2025-03-14 13:24:54,701][log_print.py 76][INFO]: ------此函数的注释为
tab2中浏览按钮关联的功能，用于打开文件选择的弹窗-----
[2025-03-14 13:24:58,876][log_print.py 86][INFO]: ------selectfile执行成功------
[2025-03-14 13:25:03,519][log_print.py 75][INFO]: ------开始执行checkdata-----
[2025-03-14 13:25:03,520][log_print.py 76][INFO]: ------此函数的注释为
tab2中确认按钮关联的功能，用于检查文件是否选择，QQ账号是否填写-----
[2025-03-14 13:25:03,536][log_print.py 86][INFO]: ------checkdata执行成功------
[2025-03-14 13:25:04,330][log_print.py 75][INFO]: ------开始执行loginUI-----
[2025-03-14 13:25:04,331][log_print.py 76][INFO]: ------此函数的注释为
tab3中确认已读按钮关联的功能，用于打开浏览器-----
[2025-03-14 13:25:10,964][log_print.py 86][INFO]: ------loginUI执行成功------
[2025-03-14 13:25:10,974][log_print.py 75][INFO]: ------开始执行threadFunc1-----
[2025-03-14 13:25:10,974][log_print.py 76][INFO]: ------此函数的注释为
打开QQ空间登录页面-----
[2025-03-14 13:25:10,974][log_print.py 75][INFO]: ------开始执行login-----
[2025-03-14 13:25:10,974][log_print.py 76][INFO]: ------此函数的注释为
None-----
[2025-03-14 13:25:28,838][log_print.py 86][INFO]: ------login执行成功------
[2025-03-14 13:25:28,840][log_print.py 86][INFO]: ------threadFunc1执行成功------
[2025-03-14 13:25:28,840][log_print.py 75][INFO]: ------开始执行change_enable-----
[2025-03-14 13:25:28,841][log_print.py 76][INFO]: ------此函数的注释为
自定义信号2的关联功能，用于改变控件的enable状态-----
[2025-03-14 13:25:28,841][log_print.py 86][INFO]: ------change_enable执行成功------
[2025-03-14 13:25:38,965][log_print.py 75][INFO]: ------开始执行start_download-----
[2025-03-14 13:25:38,966][log_print.py 76][INFO]: ------此函数的注释为
tab3中确认登录按钮关联功能，修改UI，实现照片下载流程-----
[2025-03-14 13:25:40,233][log_print.py 75][INFO]: ------开始执行mainUI-----
[2025-03-14 13:25:40,233][log_print.py 86][INFO]: ------start_download执行成功------
[2025-03-14 13:25:40,233][log_print.py 76][INFO]: ------此函数的注释为
实现照片下载流程-----
[2025-03-14 13:25:40,237][log_print.py 75][INFO]: ------开始执行get_page-----
[2025-03-14 13:25:40,238][log_print.py 76][INFO]: ------此函数的注释为
None-----
[2025-03-14 13:25:47,573][log_print.py 86][INFO]: ------get_page执行成功------
[2025-03-14 13:25:47,573][log_print.py 75][INFO]: ------开始执行get_cookie-----
[2025-03-14 13:25:47,573][log_print.py 76][INFO]: ------此函数的注释为
None-----
[2025-03-14 13:25:47,580][log_print.py 86][INFO]: ------get_cookie执行成功------
[2025-03-14 13:25:48,329][log_print.py 75][INFO]: ------开始执行get_g_tk-----
[2025-03-14 13:25:48,329][log_print.py 76][INFO]: ------此函数的注释为
None-----
[2025-03-14 13:25:48,344][log_print.py 86][INFO]: ------get_g_tk执行成功------
[2025-03-14 13:25:48,344][log_print.py 75][INFO]: ------开始执行get_album_list-----
[2025-03-14 13:25:48,344][log_print.py 76][INFO]: ------此函数的注释为
None-----
[2025-03-14 13:25:48,602][log_print.py 86][INFO]: ------get_album_list执行成功------
[2025-03-14 13:25:48,602][log_print.py 75][INFO]: ------开始执行get_url-----
[2025-03-14 13:25:48,602][log_print.py 76][INFO]: ------此函数的注释为
None-----
[2025-03-14 13:25:48,602][log_print.py 86][INFO]: ------get_url执行成功------
[2025-03-14 14:34:21,236][log_print.py 75][INFO]: ------开始执行next2-----
[2025-03-14 14:34:21,239][log_print.py 76][INFO]: ------此函数的注释为
tab1中确认按钮关联的功能，用于跳转到tab2-----
[2025-03-14 14:34:21,243][log_print.py 86][INFO]: ------next2执行成功------
[2025-03-14 14:34:22,428][log_print.py 75][INFO]: ------开始执行selectfile-----
[2025-03-14 14:34:22,428][log_print.py 76][INFO]: ------此函数的注释为
tab2中浏览按钮关联的功能，用于打开文件选择的弹窗-----
[2025-03-14 14:36:00,809][log_print.py 86][INFO]: ------selectfile执行成功------
[2025-03-14 14:36:13,298][log_print.py 75][INFO]: ------开始执行selectfile-----
[2025-03-14 14:36:13,299][log_print.py 76][INFO]: ------此函数的注释为
tab2中浏览按钮关联的功能，用于打开文件选择的弹窗-----
[2025-03-14 14:36:18,353][log_print.py 86][INFO]: ------selectfile执行成功------
[2025-03-14 14:36:20,289][log_print.py 75][INFO]: ------开始执行selectfile-----
[2025-03-14 14:36:20,290][log_print.py 76][INFO]: ------此函数的注释为
tab2中浏览按钮关联的功能，用于打开文件选择的弹窗-----
[2025-03-14 14:36:43,637][log_print.py 86][INFO]: ------selectfile执行成功------
[2025-03-14 14:36:44,805][log_print.py 75][INFO]: ------开始执行selectfile-----
[2025-03-14 14:36:44,805][log_print.py 76][INFO]: ------此函数的注释为
tab2中浏览按钮关联的功能，用于打开文件选择的弹窗-----
[2025-03-14 14:36:48,164][log_print.py 86][INFO]: ------selectfile执行成功------
[2025-03-14 14:37:13,324][log_print.py 75][INFO]: ------开始执行selectfile-----
[2025-03-14 14:37:13,326][log_print.py 76][INFO]: ------此函数的注释为
tab2中浏览按钮关联的功能，用于打开文件选择的弹窗-----
[2025-03-14 14:37:23,257][log_print.py 86][INFO]: ------selectfile执行成功------
[2025-03-14 14:37:24,682][log_print.py 75][INFO]: ------开始执行selectfile-----
[2025-03-14 14:37:24,683][log_print.py 76][INFO]: ------此函数的注释为
tab2中浏览按钮关联的功能，用于打开文件选择的弹窗-----
[2025-03-14 14:37:30,040][log_print.py 86][INFO]: ------selectfile执行成功------
[2025-03-14 14:37:31,110][log_print.py 75][INFO]: ------开始执行checkdata-----
[2025-03-14 14:37:31,110][log_print.py 76][INFO]: ------此函数的注释为
tab2中确认按钮关联的功能，用于检查文件是否选择，QQ账号是否填写-----
[2025-03-14 14:37:31,180][log_print.py 86][INFO]: ------checkdata执行成功------
[2025-03-14 14:37:31,906][log_print.py 75][INFO]: ------开始执行loginUI-----
[2025-03-14 14:37:31,907][log_print.py 76][INFO]: ------此函数的注释为
tab3中确认已读按钮关联的功能，用于打开浏览器-----
[2025-03-14 14:37:40,282][log_print.py 75][INFO]: ------开始执行threadFunc1-----
[2025-03-14 14:37:40,282][log_print.py 86][INFO]: ------loginUI执行成功------
[2025-03-14 14:37:40,282][log_print.py 76][INFO]: ------此函数的注释为
打开QQ空间登录页面-----
[2025-03-14 14:37:40,283][log_print.py 75][INFO]: ------开始执行login-----
[2025-03-14 14:37:40,283][log_print.py 76][INFO]: ------此函数的注释为
None-----
[2025-03-14 14:37:58,203][log_print.py 86][INFO]: ------login执行成功------
[2025-03-14 14:37:58,215][log_print.py 86][INFO]: ------threadFunc1执行成功------
[2025-03-14 14:37:58,216][log_print.py 75][INFO]: ------开始执行change_enable-----
[2025-03-14 14:37:58,217][log_print.py 76][INFO]: ------此函数的注释为
自定义信号2的关联功能，用于改变控件的enable状态-----
[2025-03-14 14:37:58,218][log_print.py 86][INFO]: ------change_enable执行成功------
[2025-03-14 14:38:29,124][log_print.py 75][INFO]: ------开始执行start_download-----
[2025-03-14 14:38:29,126][log_print.py 76][INFO]: ------此函数的注释为
tab3中确认登录按钮关联功能，修改UI，实现照片下载流程-----
[2025-03-14 14:38:30,547][log_print.py 75][INFO]: ------开始执行mainUI-----
[2025-03-14 14:38:30,547][log_print.py 86][INFO]: ------start_download执行成功------
[2025-03-14 14:38:30,547][log_print.py 76][INFO]: ------此函数的注释为
实现照片下载流程-----
[2025-03-14 14:38:30,559][log_print.py 75][INFO]: ------开始执行get_page-----
[2025-03-14 14:38:30,559][log_print.py 76][INFO]: ------此函数的注释为
None-----
[2025-03-14 14:38:37,697][log_print.py 86][INFO]: ------get_page执行成功------
[2025-03-14 14:38:37,697][log_print.py 75][INFO]: ------开始执行get_cookie-----
[2025-03-14 14:38:37,697][log_print.py 76][INFO]: ------此函数的注释为
None-----
[2025-03-14 14:38:37,712][log_print.py 86][INFO]: ------get_cookie执行成功------
[2025-03-14 14:38:38,311][log_print.py 75][INFO]: ------开始执行get_g_tk-----
[2025-03-14 14:38:38,312][log_print.py 76][INFO]: ------此函数的注释为
None-----
[2025-03-14 14:38:38,353][log_print.py 86][INFO]: ------get_g_tk执行成功------
[2025-03-14 14:38:38,354][log_print.py 75][INFO]: ------开始执行get_album_list-----
[2025-03-14 14:38:38,354][log_print.py 76][INFO]: ------此函数的注释为
None-----
[2025-03-14 14:38:38,491][log_print.py 86][INFO]: ------get_album_list执行成功------
[2025-03-14 14:38:38,491][log_print.py 75][INFO]: ------开始执行get_url-----
[2025-03-14 14:38:38,491][log_print.py 76][INFO]: ------此函数的注释为
None-----
[2025-03-14 14:38:38,491][log_print.py 86][INFO]: ------get_url执行成功------
[2025-03-14 15:25:51,462][log_print.py 75][INFO]: ------开始执行next2-----
[2025-03-14 15:25:51,463][log_print.py 76][INFO]: ------此函数的注释为
tab1中确认按钮关联的功能，用于跳转到tab2-----
[2025-03-14 15:25:51,466][log_print.py 86][INFO]: ------next2执行成功------
[2025-03-14 15:25:52,561][log_print.py 75][INFO]: ------开始执行selectfile-----
[2025-03-14 15:25:52,562][log_print.py 76][INFO]: ------此函数的注释为
tab2中浏览按钮关联的功能，用于打开文件选择的弹窗-----
[2025-03-14 15:25:58,078][log_print.py 86][INFO]: ------selectfile执行成功------
[2025-03-14 15:26:02,773][log_print.py 75][INFO]: ------开始执行checkdata-----
[2025-03-14 15:26:02,774][log_print.py 76][INFO]: ------此函数的注释为
tab2中确认按钮关联的功能，用于检查文件是否选择，QQ账号是否填写-----
[2025-03-14 15:26:02,789][log_print.py 86][INFO]: ------checkdata执行成功------
[2025-03-14 15:26:04,029][log_print.py 75][INFO]: ------开始执行loginUI-----
[2025-03-14 15:26:04,030][log_print.py 76][INFO]: ------此函数的注释为
tab3中确认已读按钮关联的功能，用于打开浏览器-----
[2025-03-14 15:26:10,631][log_print.py 75][INFO]: ------开始执行threadFunc1-----
[2025-03-14 15:26:10,631][log_print.py 86][INFO]: ------loginUI执行成功------
[2025-03-14 15:26:10,631][log_print.py 76][INFO]: ------此函数的注释为
打开QQ空间登录页面-----
[2025-03-14 15:26:10,631][log_print.py 75][INFO]: ------开始执行login-----
[2025-03-14 15:26:10,631][log_print.py 76][INFO]: ------此函数的注释为
None-----
[2025-03-14 15:26:29,231][log_print.py 86][INFO]: ------login执行成功------
[2025-03-14 15:26:29,233][log_print.py 86][INFO]: ------threadFunc1执行成功------
[2025-03-14 15:26:29,233][log_print.py 75][INFO]: ------开始执行change_enable-----
[2025-03-14 15:26:29,234][log_print.py 76][INFO]: ------此函数的注释为
自定义信号2的关联功能，用于改变控件的enable状态-----
[2025-03-14 15:26:29,234][log_print.py 86][INFO]: ------change_enable执行成功------
[2025-03-14 15:26:33,878][log_print.py 75][INFO]: ------开始执行start_download-----
[2025-03-14 15:26:33,878][log_print.py 76][INFO]: ------此函数的注释为
tab3中确认登录按钮关联功能，修改UI，实现照片下载流程-----
[2025-03-14 15:26:37,733][log_print.py 75][INFO]: ------开始执行mainUI-----
[2025-03-14 15:26:37,733][log_print.py 86][INFO]: ------start_download执行成功------
[2025-03-14 15:26:37,733][log_print.py 76][INFO]: ------此函数的注释为
实现照片下载流程-----
[2025-03-14 15:26:37,743][log_print.py 75][INFO]: ------开始执行get_page-----
[2025-03-14 15:26:37,743][log_print.py 76][INFO]: ------此函数的注释为
None-----
[2025-03-14 15:26:45,988][log_print.py 86][INFO]: ------get_page执行成功------
[2025-03-14 15:26:45,989][log_print.py 75][INFO]: ------开始执行get_cookie-----
[2025-03-14 15:26:45,989][log_print.py 76][INFO]: ------此函数的注释为
None-----
[2025-03-14 15:26:46,002][log_print.py 86][INFO]: ------get_cookie执行成功------
[2025-03-14 15:26:46,582][log_print.py 75][INFO]: ------开始执行get_g_tk-----
[2025-03-14 15:26:46,582][log_print.py 76][INFO]: ------此函数的注释为
None-----
[2025-03-14 15:26:46,611][log_print.py 86][INFO]: ------get_g_tk执行成功------
[2025-03-14 15:26:46,611][log_print.py 75][INFO]: ------开始执行get_album_list-----
[2025-03-14 15:26:46,611][log_print.py 76][INFO]: ------此函数的注释为
None-----
[2025-03-14 15:26:46,765][log_print.py 86][INFO]: ------get_album_list执行成功------
[2025-03-14 15:26:46,765][log_print.py 75][INFO]: ------开始执行get_url-----
[2025-03-14 15:26:46,765][log_print.py 76][INFO]: ------此函数的注释为
None-----
[2025-03-14 15:26:46,766][log_print.py 86][INFO]: ------get_url执行成功------
[2025-03-14 15:30:23,357][log_print.py 75][INFO]: ------开始执行login-----
[2025-03-14 15:30:23,358][log_print.py 76][INFO]: ------此函数的注释为
None-----
[2025-03-14 15:32:34,696][log_print.py 86][INFO]: ------login执行成功------
[2025-03-14 15:32:42,773][log_print.py 75][INFO]: ------开始执行get_cookie-----
[2025-03-14 15:32:42,773][log_print.py 76][INFO]: ------此函数的注释为
None-----
[2025-03-14 15:32:42,782][log_print.py 86][INFO]: ------get_cookie执行成功------
[2025-03-14 15:36:12,057][log_print.py 75][INFO]: ------开始执行next2-----
[2025-03-14 15:36:12,063][log_print.py 76][INFO]: ------此函数的注释为
tab1中确认按钮关联的功能，用于跳转到tab2-----
[2025-03-14 15:36:12,068][log_print.py 86][INFO]: ------next2执行成功------
[2025-03-14 15:36:13,168][log_print.py 75][INFO]: ------开始执行selectfile-----
[2025-03-14 15:36:13,169][log_print.py 76][INFO]: ------此函数的注释为
tab2中浏览按钮关联的功能，用于打开文件选择的弹窗-----
[2025-03-14 15:36:17,109][log_print.py 86][INFO]: ------selectfile执行成功------
[2025-03-14 15:36:22,701][log_print.py 75][INFO]: ------开始执行checkdata-----
[2025-03-14 15:36:22,702][log_print.py 76][INFO]: ------此函数的注释为
tab2中确认按钮关联的功能，用于检查文件是否选择，QQ账号是否填写-----
[2025-03-14 15:36:22,732][log_print.py 86][INFO]: ------checkdata执行成功------
[2025-03-14 15:36:23,464][log_print.py 75][INFO]: ------开始执行loginUI-----
[2025-03-14 15:36:23,465][log_print.py 76][INFO]: ------此函数的注释为
tab3中确认已读按钮关联的功能，用于打开浏览器-----
[2025-03-14 15:36:30,420][log_print.py 75][INFO]: ------开始执行threadFunc1-----
[2025-03-14 15:36:30,421][log_print.py 86][INFO]: ------loginUI执行成功------
[2025-03-14 15:36:30,421][log_print.py 76][INFO]: ------此函数的注释为
打开QQ空间登录页面-----
[2025-03-14 15:36:30,421][log_print.py 75][INFO]: ------开始执行login-----
[2025-03-14 15:36:30,421][log_print.py 76][INFO]: ------此函数的注释为
None-----
[2025-03-14 15:36:48,314][log_print.py 86][INFO]: ------login执行成功------
[2025-03-14 15:36:48,327][log_print.py 86][INFO]: ------threadFunc1执行成功------
[2025-03-14 15:36:48,327][log_print.py 75][INFO]: ------开始执行change_enable-----
[2025-03-14 15:36:48,328][log_print.py 76][INFO]: ------此函数的注释为
自定义信号2的关联功能，用于改变控件的enable状态-----
[2025-03-14 15:36:48,328][log_print.py 86][INFO]: ------change_enable执行成功------
[2025-03-14 15:37:07,637][log_print.py 75][INFO]: ------开始执行next2-----
[2025-03-14 15:37:07,639][log_print.py 76][INFO]: ------此函数的注释为
tab1中确认按钮关联的功能，用于跳转到tab2-----
[2025-03-14 15:37:07,641][log_print.py 86][INFO]: ------next2执行成功------
[2025-03-14 15:37:08,887][log_print.py 75][INFO]: ------开始执行selectfile-----
[2025-03-14 15:37:08,888][log_print.py 76][INFO]: ------此函数的注释为
tab2中浏览按钮关联的功能，用于打开文件选择的弹窗-----
[2025-03-14 15:37:13,314][log_print.py 86][INFO]: ------selectfile执行成功------
[2025-03-14 15:37:18,563][log_print.py 75][INFO]: ------开始执行checkdata-----
[2025-03-14 15:37:18,564][log_print.py 76][INFO]: ------此函数的注释为
tab2中确认按钮关联的功能，用于检查文件是否选择，QQ账号是否填写-----
[2025-03-14 15:37:18,579][log_print.py 86][INFO]: ------checkdata执行成功------
[2025-03-14 15:37:19,608][log_print.py 75][INFO]: ------开始执行loginUI-----
[2025-03-14 15:37:19,609][log_print.py 76][INFO]: ------此函数的注释为
tab3中确认已读按钮关联的功能，用于打开浏览器-----
[2025-03-14 15:37:28,370][log_print.py 75][INFO]: ------开始执行threadFunc1-----
[2025-03-14 15:37:28,370][log_print.py 86][INFO]: ------loginUI执行成功------
[2025-03-14 15:37:28,370][log_print.py 76][INFO]: ------此函数的注释为
打开QQ空间登录页面-----
[2025-03-14 15:37:28,371][log_print.py 75][INFO]: ------开始执行login-----
[2025-03-14 15:37:28,371][log_print.py 76][INFO]: ------此函数的注释为
None-----
[2025-03-14 15:37:46,508][log_print.py 86][INFO]: ------login执行成功------
[2025-03-14 15:37:46,513][log_print.py 86][INFO]: ------threadFunc1执行成功------
[2025-03-14 15:37:46,513][log_print.py 75][INFO]: ------开始执行change_enable-----
[2025-03-14 15:37:46,514][log_print.py 76][INFO]: ------此函数的注释为
自定义信号2的关联功能，用于改变控件的enable状态-----
[2025-03-14 15:37:46,514][log_print.py 86][INFO]: ------change_enable执行成功------
[2025-03-14 15:37:52,752][log_print.py 75][INFO]: ------开始执行start_download-----
[2025-03-14 15:37:52,752][log_print.py 76][INFO]: ------此函数的注释为
tab3中确认登录按钮关联功能，修改UI，实现照片下载流程-----
[2025-03-14 15:37:54,136][log_print.py 75][INFO]: ------开始执行mainUI-----
[2025-03-14 15:37:54,136][log_print.py 86][INFO]: ------start_download执行成功------
[2025-03-14 15:37:54,136][log_print.py 76][INFO]: ------此函数的注释为
实现照片下载流程-----
[2025-03-14 15:37:54,138][log_print.py 75][INFO]: ------开始执行get_page-----
[2025-03-14 15:37:54,139][log_print.py 76][INFO]: ------此函数的注释为
None-----
[2025-03-14 15:38:01,283][log_print.py 86][INFO]: ------get_page执行成功------
[2025-03-14 15:38:01,283][log_print.py 75][INFO]: ------开始执行get_cookie-----
[2025-03-14 15:38:01,283][log_print.py 76][INFO]: ------此函数的注释为
None-----
[2025-03-14 15:38:01,290][log_print.py 86][INFO]: ------get_cookie执行成功------
[2025-03-14 15:38:01,942][log_print.py 75][INFO]: ------开始执行get_g_tk-----
[2025-03-14 15:38:01,942][log_print.py 76][INFO]: ------此函数的注释为
None-----
[2025-03-14 15:38:01,949][log_print.py 86][INFO]: ------get_g_tk执行成功------
[2025-03-14 15:38:01,950][log_print.py 75][INFO]: ------开始执行get_album_list-----
[2025-03-14 15:38:01,950][log_print.py 76][INFO]: ------此函数的注释为
None-----
[2025-03-14 15:38:02,085][log_print.py 86][INFO]: ------get_album_list执行成功------
[2025-03-14 15:38:02,085][log_print.py 75][INFO]: ------开始执行get_url-----
[2025-03-14 15:38:02,085][log_print.py 76][INFO]: ------此函数的注释为
None-----
[2025-03-14 15:38:02,085][log_print.py 86][INFO]: ------get_url执行成功------
[2025-03-14 17:45:01,496][log_print.py 75][INFO]: ------开始执行next2-----
[2025-03-14 17:45:01,497][log_print.py 76][INFO]: ------此函数的注释为
tab1中确认按钮关联的功能，用于跳转到tab2-----
[2025-03-14 17:45:01,500][log_print.py 86][INFO]: ------next2执行成功------
[2025-03-14 17:45:02,843][log_print.py 75][INFO]: ------开始执行selectfile-----
[2025-03-14 17:45:02,844][log_print.py 76][INFO]: ------此函数的注释为
tab2中浏览按钮关联的功能，用于打开文件选择的弹窗-----
[2025-03-14 17:45:07,544][log_print.py 86][INFO]: ------selectfile执行成功------
[2025-03-14 17:45:12,556][log_print.py 75][INFO]: ------开始执行checkdata-----
[2025-03-14 17:45:12,556][log_print.py 76][INFO]: ------此函数的注释为
tab2中确认按钮关联的功能，用于检查文件是否选择，QQ账号是否填写-----
[2025-03-14 17:45:12,575][log_print.py 86][INFO]: ------checkdata执行成功------
[2025-03-14 17:45:13,515][log_print.py 75][INFO]: ------开始执行loginUI-----
[2025-03-14 17:45:13,517][log_print.py 76][INFO]: ------此函数的注释为
tab3中确认已读按钮关联的功能，用于打开浏览器-----
[2025-03-14 17:45:20,461][log_print.py 86][INFO]: ------loginUI执行成功------
[2025-03-14 17:45:20,471][log_print.py 75][INFO]: ------开始执行threadFunc1-----
[2025-03-14 17:45:20,472][log_print.py 76][INFO]: ------此函数的注释为
打开QQ空间登录页面-----
[2025-03-14 17:45:20,472][log_print.py 75][INFO]: ------开始执行login-----
[2025-03-14 17:45:20,472][log_print.py 76][INFO]: ------此函数的注释为
None-----
[2025-03-14 17:45:38,342][log_print.py 86][INFO]: ------login执行成功------
[2025-03-14 17:45:38,347][log_print.py 86][INFO]: ------threadFunc1执行成功------
[2025-03-14 17:45:38,349][log_print.py 75][INFO]: ------开始执行change_enable-----
[2025-03-14 17:45:38,349][log_print.py 76][INFO]: ------此函数的注释为
自定义信号2的关联功能，用于改变控件的enable状态-----
[2025-03-14 17:45:38,349][log_print.py 86][INFO]: ------change_enable执行成功------
[2025-03-14 17:45:42,113][log_print.py 75][INFO]: ------开始执行start_download-----
[2025-03-14 17:45:42,113][log_print.py 76][INFO]: ------此函数的注释为
tab3中确认登录按钮关联功能，修改UI，实现照片下载流程-----
[2025-03-14 17:45:43,293][log_print.py 75][INFO]: ------开始执行mainUI-----
[2025-03-14 17:45:43,293][log_print.py 86][INFO]: ------start_download执行成功------
[2025-03-14 17:45:43,293][log_print.py 76][INFO]: ------此函数的注释为
实现照片下载流程-----
[2025-03-14 17:45:43,311][log_print.py 75][INFO]: ------开始执行get_page-----
[2025-03-14 17:45:43,311][log_print.py 76][INFO]: ------此函数的注释为
None-----
[2025-03-14 17:45:51,135][log_print.py 86][INFO]: ------get_page执行成功------
[2025-03-14 17:45:51,137][log_print.py 75][INFO]: ------开始执行get_cookie-----
[2025-03-14 17:45:51,137][log_print.py 76][INFO]: ------此函数的注释为
None-----
[2025-03-14 17:45:51,167][log_print.py 86][INFO]: ------get_cookie执行成功------
[2025-03-14 17:45:51,885][log_print.py 75][INFO]: ------开始执行get_g_tk-----
[2025-03-14 17:45:51,885][log_print.py 76][INFO]: ------此函数的注释为
None-----
[2025-03-14 17:45:51,955][log_print.py 86][INFO]: ------get_g_tk执行成功------
[2025-03-14 17:45:51,957][log_print.py 75][INFO]: ------开始执行get_album_list-----
[2025-03-14 17:45:51,957][log_print.py 76][INFO]: ------此函数的注释为
None-----
[2025-03-14 17:45:52,254][log_print.py 86][INFO]: ------get_album_list执行成功------
[2025-03-14 17:45:52,254][log_print.py 75][INFO]: ------开始执行get_url-----
[2025-03-14 17:45:52,254][log_print.py 76][INFO]: ------此函数的注释为
None-----
[2025-03-14 17:45:52,254][log_print.py 86][INFO]: ------get_url执行成功------
[2025-03-14 18:27:22,307][log_print.py 75][INFO]: ------开始执行next2-----
[2025-03-14 18:27:22,309][log_print.py 76][INFO]: ------此函数的注释为
tab1中确认按钮关联的功能，用于跳转到tab2-----
[2025-03-14 18:27:22,311][log_print.py 86][INFO]: ------next2执行成功------
[2025-03-14 18:27:23,367][log_print.py 75][INFO]: ------开始执行selectfile-----
[2025-03-14 18:27:23,367][log_print.py 76][INFO]: ------此函数的注释为
tab2中浏览按钮关联的功能，用于打开文件选择的弹窗-----
[2025-03-14 18:27:29,477][log_print.py 86][INFO]: ------selectfile执行成功------
[2025-03-14 18:27:36,128][log_print.py 75][INFO]: ------开始执行checkdata-----
[2025-03-14 18:27:36,129][log_print.py 76][INFO]: ------此函数的注释为
tab2中确认按钮关联的功能，用于检查文件是否选择，QQ账号是否填写-----
[2025-03-14 18:27:36,149][log_print.py 86][INFO]: ------checkdata执行成功------
[2025-03-14 18:27:37,135][log_print.py 75][INFO]: ------开始执行loginUI-----
[2025-03-14 18:27:37,137][log_print.py 76][INFO]: ------此函数的注释为
tab3中确认已读按钮关联的功能，用于打开浏览器-----
[2025-03-14 18:27:44,246][log_print.py 75][INFO]: ------开始执行threadFunc1-----
[2025-03-14 18:27:44,246][log_print.py 86][INFO]: ------loginUI执行成功------
[2025-03-14 18:27:44,246][log_print.py 76][INFO]: ------此函数的注释为
打开QQ空间登录页面-----
[2025-03-14 18:27:44,246][log_print.py 75][INFO]: ------开始执行login-----
[2025-03-14 18:27:44,247][log_print.py 76][INFO]: ------此函数的注释为
None-----
[2025-03-14 18:28:02,150][log_print.py 86][INFO]: ------login执行成功------
[2025-03-14 18:28:02,164][log_print.py 86][INFO]: ------threadFunc1执行成功------
[2025-03-14 18:28:02,167][log_print.py 75][INFO]: ------开始执行change_enable-----
[2025-03-14 18:28:02,167][log_print.py 76][INFO]: ------此函数的注释为
自定义信号2的关联功能，用于改变控件的enable状态-----
[2025-03-14 18:28:02,170][log_print.py 86][INFO]: ------change_enable执行成功------
[2025-03-14 18:28:28,361][log_print.py 75][INFO]: ------开始执行start_download-----
[2025-03-14 18:28:28,362][log_print.py 76][INFO]: ------此函数的注释为
tab3中确认登录按钮关联功能，修改UI，实现照片下载流程-----
[2025-03-14 18:28:29,667][log_print.py 75][INFO]: ------开始执行mainUI-----
[2025-03-14 18:28:29,667][log_print.py 86][INFO]: ------start_download执行成功------
[2025-03-14 18:28:29,667][log_print.py 76][INFO]: ------此函数的注释为
实现照片下载流程-----
[2025-03-14 18:28:29,671][log_print.py 75][INFO]: ------开始执行get_page-----
[2025-03-14 18:28:29,672][log_print.py 76][INFO]: ------此函数的注释为
None-----
[2025-03-14 18:28:37,542][log_print.py 86][INFO]: ------get_page执行成功------
[2025-03-14 18:28:37,543][log_print.py 75][INFO]: ------开始执行get_cookie-----
[2025-03-14 18:28:37,543][log_print.py 76][INFO]: ------此函数的注释为
None-----
[2025-03-14 18:28:37,552][log_print.py 86][INFO]: ------get_cookie执行成功------
[2025-03-14 18:28:38,142][log_print.py 75][INFO]: ------开始执行get_g_tk-----
[2025-03-14 18:28:38,142][log_print.py 76][INFO]: ------此函数的注释为
None-----
[2025-03-14 18:28:38,166][log_print.py 86][INFO]: ------get_g_tk执行成功------
[2025-03-14 18:28:38,166][log_print.py 75][INFO]: ------开始执行get_album_list-----
[2025-03-14 18:28:38,166][log_print.py 76][INFO]: ------此函数的注释为
None-----
[2025-03-14 18:28:38,304][log_print.py 86][INFO]: ------get_album_list执行成功------
[2025-03-14 18:28:38,305][log_print.py 75][INFO]: ------开始执行get_url-----
[2025-03-14 18:28:38,305][log_print.py 76][INFO]: ------此函数的注释为
None-----
[2025-03-14 18:28:38,305][log_print.py 86][INFO]: ------get_url执行成功------
[2025-03-14 18:42:38,573][log_print.py 75][INFO]: ------开始执行next2-----
[2025-03-14 18:42:38,575][log_print.py 76][INFO]: ------此函数的注释为
tab1中确认按钮关联的功能，用于跳转到tab2-----
[2025-03-14 18:42:38,578][log_print.py 86][INFO]: ------next2执行成功------
[2025-03-14 18:42:40,648][log_print.py 75][INFO]: ------开始执行selectfile-----
[2025-03-14 18:42:40,648][log_print.py 76][INFO]: ------此函数的注释为
tab2中浏览按钮关联的功能，用于打开文件选择的弹窗-----
[2025-03-14 18:42:58,075][log_print.py 86][INFO]: ------selectfile执行成功------
[2025-03-14 18:43:03,660][log_print.py 75][INFO]: ------开始执行checkdata-----
[2025-03-14 18:43:03,660][log_print.py 76][INFO]: ------此函数的注释为
tab2中确认按钮关联的功能，用于检查文件是否选择，QQ账号是否填写-----
[2025-03-14 18:43:03,676][log_print.py 86][INFO]: ------checkdata执行成功------
[2025-03-14 18:43:04,603][log_print.py 75][INFO]: ------开始执行loginUI-----
[2025-03-14 18:43:04,604][log_print.py 76][INFO]: ------此函数的注释为
tab3中确认已读按钮关联的功能，用于打开浏览器-----
[2025-03-14 18:43:11,062][log_print.py 75][INFO]: ------开始执行threadFunc1-----
[2025-03-14 18:43:11,062][log_print.py 86][INFO]: ------loginUI执行成功------
[2025-03-14 18:43:11,062][log_print.py 76][INFO]: ------此函数的注释为
打开QQ空间登录页面-----
[2025-03-14 18:43:11,063][log_print.py 75][INFO]: ------开始执行login-----
[2025-03-14 18:43:11,063][log_print.py 76][INFO]: ------此函数的注释为
None-----
[2025-03-14 18:43:28,977][log_print.py 86][INFO]: ------login执行成功------
[2025-03-14 18:43:28,977][log_print.py 86][INFO]: ------threadFunc1执行成功------
[2025-03-14 18:43:28,977][log_print.py 75][INFO]: ------开始执行change_enable-----
[2025-03-14 18:43:28,977][log_print.py 76][INFO]: ------此函数的注释为
自定义信号2的关联功能，用于改变控件的enable状态-----
[2025-03-14 18:43:28,978][log_print.py 86][INFO]: ------change_enable执行成功------
[2025-03-14 18:43:44,942][log_print.py 75][INFO]: ------开始执行start_download-----
[2025-03-14 18:43:44,945][log_print.py 76][INFO]: ------此函数的注释为
tab3中确认登录按钮关联功能，修改UI，实现照片下载流程-----
[2025-03-14 18:43:46,275][log_print.py 75][INFO]: ------开始执行mainUI-----
[2025-03-14 18:43:46,275][log_print.py 86][INFO]: ------start_download执行成功------
[2025-03-14 18:43:46,275][log_print.py 76][INFO]: ------此函数的注释为
实现照片下载流程-----
[2025-03-14 18:43:46,284][log_print.py 75][INFO]: ------开始执行get_page-----
[2025-03-14 18:43:46,284][log_print.py 76][INFO]: ------此函数的注释为
None-----
[2025-03-14 18:43:53,959][log_print.py 86][INFO]: ------get_page执行成功------
[2025-03-14 18:43:53,959][log_print.py 75][INFO]: ------开始执行get_cookie-----
[2025-03-14 18:43:53,959][log_print.py 76][INFO]: ------此函数的注释为
None-----
[2025-03-14 18:43:53,966][log_print.py 86][INFO]: ------get_cookie执行成功------
[2025-03-14 18:43:54,538][log_print.py 75][INFO]: ------开始执行get_g_tk-----
[2025-03-14 18:43:54,538][log_print.py 76][INFO]: ------此函数的注释为
None-----
[2025-03-14 18:43:54,567][log_print.py 86][INFO]: ------get_g_tk执行成功------
[2025-03-14 18:43:54,567][log_print.py 75][INFO]: ------开始执行get_album_list-----
[2025-03-14 18:43:54,568][log_print.py 76][INFO]: ------此函数的注释为
None-----
[2025-03-14 18:43:54,718][log_print.py 86][INFO]: ------get_album_list执行成功------
[2025-03-14 18:43:54,718][log_print.py 75][INFO]: ------开始执行get_url-----
[2025-03-14 18:43:54,718][log_print.py 76][INFO]: ------此函数的注释为
None-----
[2025-03-14 18:43:54,718][log_print.py 86][INFO]: ------get_url执行成功------
[2025-03-14 19:41:44,900][log_print.py 75][INFO]: ------开始执行next2-----
[2025-03-14 19:41:44,902][log_print.py 76][INFO]: ------此函数的注释为
tab1中确认按钮关联的功能，用于跳转到tab2-----
[2025-03-14 19:41:44,905][log_print.py 86][INFO]: ------next2执行成功------
[2025-03-14 19:41:46,010][log_print.py 75][INFO]: ------开始执行selectfile-----
[2025-03-14 19:41:46,010][log_print.py 76][INFO]: ------此函数的注释为
tab2中浏览按钮关联的功能，用于打开文件选择的弹窗-----
[2025-03-14 19:42:01,854][log_print.py 86][INFO]: ------selectfile执行成功------
[2025-03-14 19:42:07,248][log_print.py 75][INFO]: ------开始执行checkdata-----
[2025-03-14 19:42:07,249][log_print.py 76][INFO]: ------此函数的注释为
tab2中确认按钮关联的功能，用于检查文件是否选择，QQ账号是否填写-----
[2025-03-14 19:42:07,276][log_print.py 86][INFO]: ------checkdata执行成功------
[2025-03-14 19:42:08,072][log_print.py 75][INFO]: ------开始执行loginUI-----
[2025-03-14 19:42:08,073][log_print.py 76][INFO]: ------此函数的注释为
tab3中确认已读按钮关联的功能，用于打开浏览器-----
[2025-03-14 19:42:15,022][log_print.py 86][INFO]: ------loginUI执行成功------
[2025-03-14 19:42:15,040][log_print.py 75][INFO]: ------开始执行threadFunc1-----
[2025-03-14 19:42:15,040][log_print.py 76][INFO]: ------此函数的注释为
打开QQ空间登录页面-----
[2025-03-14 19:42:15,040][log_print.py 75][INFO]: ------开始执行login-----
[2025-03-14 19:42:15,040][log_print.py 76][INFO]: ------此函数的注释为
None-----
[2025-03-14 19:42:32,873][log_print.py 86][INFO]: ------login执行成功------
[2025-03-14 19:42:32,874][log_print.py 86][INFO]: ------threadFunc1执行成功------
[2025-03-14 19:42:32,874][log_print.py 75][INFO]: ------开始执行change_enable-----
[2025-03-14 19:42:32,875][log_print.py 76][INFO]: ------此函数的注释为
自定义信号2的关联功能，用于改变控件的enable状态-----
[2025-03-14 19:42:32,875][log_print.py 86][INFO]: ------change_enable执行成功------
[2025-03-14 19:42:47,860][log_print.py 75][INFO]: ------开始执行start_download-----
[2025-03-14 19:42:47,861][log_print.py 76][INFO]: ------此函数的注释为
tab3中确认登录按钮关联功能，修改UI，实现照片下载流程-----
[2025-03-14 19:42:49,337][log_print.py 75][INFO]: ------开始执行mainUI-----
[2025-03-14 19:42:49,338][log_print.py 86][INFO]: ------start_download执行成功------
[2025-03-14 19:42:49,338][log_print.py 76][INFO]: ------此函数的注释为
实现照片下载流程-----
[2025-03-14 19:42:49,352][log_print.py 75][INFO]: ------开始执行get_page-----
[2025-03-14 19:42:49,352][log_print.py 76][INFO]: ------此函数的注释为
None-----
[2025-03-14 19:42:57,844][log_print.py 86][INFO]: ------get_page执行成功------
[2025-03-14 19:42:57,845][log_print.py 75][INFO]: ------开始执行get_cookie-----
[2025-03-14 19:42:57,845][log_print.py 76][INFO]: ------此函数的注释为
None-----
[2025-03-14 19:42:57,865][log_print.py 86][INFO]: ------get_cookie执行成功------
[2025-03-14 19:42:58,525][log_print.py 75][INFO]: ------开始执行get_g_tk-----
[2025-03-14 19:42:58,526][log_print.py 76][INFO]: ------此函数的注释为
None-----
[2025-03-14 19:42:58,568][log_print.py 86][INFO]: ------get_g_tk执行成功------
[2025-03-14 19:42:58,568][log_print.py 75][INFO]: ------开始执行get_album_list-----
[2025-03-14 19:42:58,568][log_print.py 76][INFO]: ------此函数的注释为
None-----
[2025-03-14 19:42:58,983][log_print.py 86][INFO]: ------get_album_list执行成功------
[2025-03-14 19:42:58,983][log_print.py 75][INFO]: ------开始执行get_url-----
[2025-03-14 19:42:58,983][log_print.py 76][INFO]: ------此函数的注释为
None-----
[2025-03-14 19:42:58,983][log_print.py 86][INFO]: ------get_url执行成功------
[2025-03-14 20:18:34,164][log_print.py 75][INFO]: ------开始执行login-----
[2025-03-14 20:18:34,165][log_print.py 76][INFO]: ------此函数的注释为
None-----
[2025-03-14 20:19:27,186][log_print.py 86][INFO]: ------login执行成功------
[2025-03-14 20:19:34,413][log_print.py 75][INFO]: ------开始执行get_cookie-----
[2025-03-14 20:19:34,413][log_print.py 76][INFO]: ------此函数的注释为
None-----
[2025-03-14 20:19:34,422][log_print.py 86][INFO]: ------get_cookie执行成功------
[2025-03-14 20:24:19,437][log_print.py 75][INFO]: ------开始执行next2-----
[2025-03-14 20:24:19,441][log_print.py 76][INFO]: ------此函数的注释为
tab1中确认按钮关联的功能，用于跳转到tab2-----
[2025-03-14 20:24:19,449][log_print.py 86][INFO]: ------next2执行成功------
[2025-03-14 20:24:40,122][log_print.py 75][INFO]: ------开始执行selectfile-----
[2025-03-14 20:24:40,139][log_print.py 76][INFO]: ------此函数的注释为
tab2中浏览按钮关联的功能，用于打开文件选择的弹窗-----
[2025-03-14 20:24:48,044][log_print.py 86][INFO]: ------selectfile执行成功------
[2025-03-14 20:25:10,669][log_print.py 75][INFO]: ------开始执行checkdata-----
[2025-03-14 20:25:10,671][log_print.py 76][INFO]: ------此函数的注释为
tab2中确认按钮关联的功能，用于检查文件是否选择，QQ账号是否填写-----
[2025-03-14 20:25:10,722][log_print.py 86][INFO]: ------checkdata执行成功------
[2025-03-14 20:25:17,984][log_print.py 75][INFO]: ------开始执行loginUI-----
[2025-03-14 20:25:17,984][log_print.py 76][INFO]: ------此函数的注释为
tab3中确认已读按钮关联的功能，用于打开浏览器-----
[2025-03-14 20:25:26,644][log_print.py 75][INFO]: ------开始执行threadFunc1-----
[2025-03-14 20:25:26,644][log_print.py 86][INFO]: ------loginUI执行成功------
[2025-03-14 20:25:26,644][log_print.py 76][INFO]: ------此函数的注释为
打开QQ空间登录页面-----
[2025-03-14 20:25:26,645][log_print.py 75][INFO]: ------开始执行login-----
[2025-03-14 20:25:26,645][log_print.py 76][INFO]: ------此函数的注释为
None-----
[2025-03-14 20:25:44,811][log_print.py 86][INFO]: ------login执行成功------
[2025-03-14 20:25:44,818][log_print.py 86][INFO]: ------threadFunc1执行成功------
[2025-03-14 20:25:44,819][log_print.py 75][INFO]: ------开始执行change_enable-----
[2025-03-14 20:25:44,820][log_print.py 76][INFO]: ------此函数的注释为
自定义信号2的关联功能，用于改变控件的enable状态-----
[2025-03-14 20:25:44,821][log_print.py 86][INFO]: ------change_enable执行成功------
[2025-03-14 20:26:22,081][log_print.py 75][INFO]: ------开始执行start_download-----
[2025-03-14 20:26:22,085][log_print.py 76][INFO]: ------此函数的注释为
tab3中确认登录按钮关联功能，修改UI，实现照片下载流程-----
[2025-03-14 20:26:23,720][log_print.py 75][INFO]: ------开始执行mainUI-----
[2025-03-14 20:26:23,720][log_print.py 86][INFO]: ------start_download执行成功------
[2025-03-14 20:26:23,720][log_print.py 76][INFO]: ------此函数的注释为
实现照片下载流程-----
[2025-03-14 20:26:23,725][log_print.py 75][INFO]: ------开始执行get_page-----
[2025-03-14 20:26:23,725][log_print.py 76][INFO]: ------此函数的注释为
None-----
[2025-03-14 20:26:31,537][log_print.py 86][INFO]: ------get_page执行成功------
[2025-03-14 20:26:31,537][log_print.py 75][INFO]: ------开始执行get_cookie-----
[2025-03-14 20:26:31,537][log_print.py 76][INFO]: ------此函数的注释为
None-----
[2025-03-14 20:26:31,545][log_print.py 86][INFO]: ------get_cookie执行成功------
[2025-03-14 20:26:32,194][log_print.py 75][INFO]: ------开始执行get_g_tk-----
[2025-03-14 20:26:32,194][log_print.py 76][INFO]: ------此函数的注释为
None-----
[2025-03-14 20:26:32,216][log_print.py 86][INFO]: ------get_g_tk执行成功------
[2025-03-14 20:26:32,216][log_print.py 75][INFO]: ------开始执行get_album_list-----
[2025-03-14 20:26:32,216][log_print.py 76][INFO]: ------此函数的注释为
None-----
[2025-03-14 20:26:32,346][log_print.py 86][INFO]: ------get_album_list执行成功------
[2025-03-14 20:26:32,346][log_print.py 75][INFO]: ------开始执行get_url-----
[2025-03-14 20:26:32,346][log_print.py 76][INFO]: ------此函数的注释为
None-----
[2025-03-14 20:26:32,346][log_print.py 86][INFO]: ------get_url执行成功------
[2025-03-14 22:19:15,006][log_print.py 75][INFO]: ------开始执行next2-----
[2025-03-14 22:19:15,007][log_print.py 76][INFO]: ------此函数的注释为
tab1中确认按钮关联的功能，用于跳转到tab2-----
[2025-03-14 22:19:15,010][log_print.py 86][INFO]: ------next2执行成功------
[2025-03-14 22:19:16,322][log_print.py 75][INFO]: ------开始执行selectfile-----
[2025-03-14 22:19:16,322][log_print.py 76][INFO]: ------此函数的注释为
tab2中浏览按钮关联的功能，用于打开文件选择的弹窗-----
[2025-03-14 22:19:20,397][log_print.py 86][INFO]: ------selectfile执行成功------
[2025-03-14 22:19:25,734][log_print.py 75][INFO]: ------开始执行checkdata-----
[2025-03-14 22:19:25,735][log_print.py 76][INFO]: ------此函数的注释为
tab2中确认按钮关联的功能，用于检查文件是否选择，QQ账号是否填写-----
[2025-03-14 22:19:25,753][log_print.py 86][INFO]: ------checkdata执行成功------
[2025-03-14 22:19:27,085][log_print.py 75][INFO]: ------开始执行loginUI-----
[2025-03-14 22:19:27,086][log_print.py 76][INFO]: ------此函数的注释为
tab3中确认已读按钮关联的功能，用于打开浏览器-----
[2025-03-14 22:19:35,085][log_print.py 75][INFO]: ------开始执行threadFunc1-----
[2025-03-14 22:19:35,087][log_print.py 86][INFO]: ------loginUI执行成功------
[2025-03-14 22:19:35,088][log_print.py 76][INFO]: ------此函数的注释为
打开QQ空间登录页面-----
[2025-03-14 22:19:35,091][log_print.py 75][INFO]: ------开始执行login-----
[2025-03-14 22:19:35,091][log_print.py 76][INFO]: ------此函数的注释为
None-----
[2025-03-14 22:19:53,586][log_print.py 86][INFO]: ------login执行成功------
[2025-03-14 22:19:53,597][log_print.py 86][INFO]: ------threadFunc1执行成功------
[2025-03-14 22:19:53,600][log_print.py 75][INFO]: ------开始执行change_enable-----
[2025-03-14 22:19:53,600][log_print.py 76][INFO]: ------此函数的注释为
自定义信号2的关联功能，用于改变控件的enable状态-----
[2025-03-14 22:19:53,603][log_print.py 86][INFO]: ------change_enable执行成功------
[2025-03-14 22:20:15,019][log_print.py 75][INFO]: ------开始执行start_download-----
[2025-03-14 22:20:15,022][log_print.py 76][INFO]: ------此函数的注释为
tab3中确认登录按钮关联功能，修改UI，实现照片下载流程-----
[2025-03-14 22:20:16,709][log_print.py 75][INFO]: ------开始执行mainUI-----
[2025-03-14 22:20:16,709][log_print.py 86][INFO]: ------start_download执行成功------
[2025-03-14 22:20:16,709][log_print.py 76][INFO]: ------此函数的注释为
实现照片下载流程-----
[2025-03-14 22:20:16,722][log_print.py 75][INFO]: ------开始执行get_page-----
[2025-03-14 22:20:16,722][log_print.py 76][INFO]: ------此函数的注释为
None-----
[2025-03-14 22:20:23,887][log_print.py 86][INFO]: ------get_page执行成功------
[2025-03-14 22:20:23,888][log_print.py 75][INFO]: ------开始执行get_cookie-----
[2025-03-14 22:20:23,888][log_print.py 76][INFO]: ------此函数的注释为
None-----
[2025-03-14 22:20:23,907][log_print.py 86][INFO]: ------get_cookie执行成功------
[2025-03-14 22:20:24,601][log_print.py 75][INFO]: ------开始执行get_g_tk-----
[2025-03-14 22:20:24,602][log_print.py 76][INFO]: ------此函数的注释为
None-----
[2025-03-14 22:20:24,673][log_print.py 86][INFO]: ------get_g_tk执行成功------
[2025-03-14 22:20:24,673][log_print.py 75][INFO]: ------开始执行get_album_list-----
[2025-03-14 22:20:24,673][log_print.py 76][INFO]: ------此函数的注释为
None-----
[2025-03-14 22:20:25,071][log_print.py 86][INFO]: ------get_album_list执行成功------
[2025-03-14 22:20:25,072][log_print.py 75][INFO]: ------开始执行get_url-----
[2025-03-14 22:20:25,072][log_print.py 76][INFO]: ------此函数的注释为
None-----
[2025-03-14 22:20:25,072][log_print.py 86][INFO]: ------get_url执行成功------
[2025-03-14 23:03:11,112][log_print.py 75][INFO]: ------开始执行next2-----
[2025-03-14 23:03:11,114][log_print.py 76][INFO]: ------此函数的注释为
tab1中确认按钮关联的功能，用于跳转到tab2-----
[2025-03-14 23:03:11,117][log_print.py 86][INFO]: ------next2执行成功------
[2025-03-14 23:03:12,196][log_print.py 75][INFO]: ------开始执行selectfile-----
[2025-03-14 23:03:12,196][log_print.py 76][INFO]: ------此函数的注释为
tab2中浏览按钮关联的功能，用于打开文件选择的弹窗-----
[2025-03-14 23:03:16,196][log_print.py 86][INFO]: ------selectfile执行成功------
[2025-03-14 23:03:22,593][log_print.py 75][INFO]: ------开始执行checkdata-----
[2025-03-14 23:03:22,594][log_print.py 76][INFO]: ------此函数的注释为
tab2中确认按钮关联的功能，用于检查文件是否选择，QQ账号是否填写-----
[2025-03-14 23:03:22,608][log_print.py 86][INFO]: ------checkdata执行成功------
[2025-03-14 23:03:23,889][log_print.py 75][INFO]: ------开始执行loginUI-----
[2025-03-14 23:03:23,889][log_print.py 76][INFO]: ------此函数的注释为
tab3中确认已读按钮关联的功能，用于打开浏览器-----
[2025-03-14 23:03:31,288][log_print.py 86][INFO]: ------loginUI执行成功------
[2025-03-14 23:03:31,298][log_print.py 75][INFO]: ------开始执行threadFunc1-----
[2025-03-14 23:03:31,298][log_print.py 76][INFO]: ------此函数的注释为
打开QQ空间登录页面-----
[2025-03-14 23:03:31,299][log_print.py 75][INFO]: ------开始执行login-----
[2025-03-14 23:03:31,299][log_print.py 76][INFO]: ------此函数的注释为
None-----
[2025-03-14 23:03:49,026][log_print.py 86][INFO]: ------login执行成功------
[2025-03-14 23:03:49,029][log_print.py 86][INFO]: ------threadFunc1执行成功------
[2025-03-14 23:03:49,029][log_print.py 75][INFO]: ------开始执行change_enable-----
[2025-03-14 23:03:49,029][log_print.py 76][INFO]: ------此函数的注释为
自定义信号2的关联功能，用于改变控件的enable状态-----
[2025-03-14 23:03:49,030][log_print.py 86][INFO]: ------change_enable执行成功------
[2025-03-14 23:03:53,102][log_print.py 75][INFO]: ------开始执行start_download-----
[2025-03-14 23:03:53,103][log_print.py 76][INFO]: ------此函数的注释为
tab3中确认登录按钮关联功能，修改UI，实现照片下载流程-----
[2025-03-14 23:03:54,422][log_print.py 75][INFO]: ------开始执行mainUI-----
[2025-03-14 23:03:54,423][log_print.py 86][INFO]: ------start_download执行成功------
[2025-03-14 23:03:54,423][log_print.py 76][INFO]: ------此函数的注释为
实现照片下载流程-----
[2025-03-14 23:03:54,436][log_print.py 75][INFO]: ------开始执行get_page-----
[2025-03-14 23:03:54,437][log_print.py 76][INFO]: ------此函数的注释为
None-----
[2025-03-14 23:04:02,899][log_print.py 86][INFO]: ------get_page执行成功------
[2025-03-14 23:04:02,899][log_print.py 75][INFO]: ------开始执行get_cookie-----
[2025-03-14 23:04:02,900][log_print.py 76][INFO]: ------此函数的注释为
None-----
[2025-03-14 23:04:02,914][log_print.py 86][INFO]: ------get_cookie执行成功------
[2025-03-14 23:04:03,508][log_print.py 75][INFO]: ------开始执行get_g_tk-----
[2025-03-14 23:04:03,508][log_print.py 76][INFO]: ------此函数的注释为
None-----
[2025-03-14 23:04:03,540][log_print.py 86][INFO]: ------get_g_tk执行成功------
[2025-03-14 23:04:03,541][log_print.py 75][INFO]: ------开始执行get_album_list-----
[2025-03-14 23:04:03,541][log_print.py 76][INFO]: ------此函数的注释为
None-----
[2025-03-14 23:04:03,896][log_print.py 86][INFO]: ------get_album_list执行成功------
[2025-03-14 23:04:03,897][log_print.py 75][INFO]: ------开始执行get_url-----
[2025-03-14 23:04:03,897][log_print.py 76][INFO]: ------此函数的注释为
None-----
[2025-03-14 23:04:03,897][log_print.py 86][INFO]: ------get_url执行成功------
