[2025-02-08 08:48:45,182][log_print.py 75][INFO]: ------开始执行next2-----
[2025-02-08 08:48:45,183][log_print.py 76][INFO]: ------此函数的注释为
tab1中确认按钮关联的功能，用于跳转到tab2-----
[2025-02-08 08:48:45,187][log_print.py 86][INFO]: ------next2执行成功------
[2025-02-08 08:48:46,813][log_print.py 75][INFO]: ------开始执行selectfile-----
[2025-02-08 08:48:46,814][log_print.py 76][INFO]: ------此函数的注释为
tab2中浏览按钮关联的功能，用于打开文件选择的弹窗-----
[2025-02-08 08:49:00,387][log_print.py 86][INFO]: ------selectfile执行成功------
[2025-02-08 08:49:08,447][log_print.py 75][INFO]: ------开始执行checkdata-----
[2025-02-08 08:49:08,447][log_print.py 76][INFO]: ------此函数的注释为
tab2中确认按钮关联的功能，用于检查文件是否选择，QQ账号是否填写-----
[2025-02-08 08:49:08,466][log_print.py 86][INFO]: ------checkdata执行成功------
[2025-02-08 08:50:17,066][log_print.py 75][INFO]: ------开始执行loginUI-----
[2025-02-08 08:50:17,069][log_print.py 76][INFO]: ------此函数的注释为
tab3中确认已读按钮关联的功能，用于打开浏览器-----
[2025-02-08 08:51:03,302][log_print.py 75][INFO]: ------开始执行threadFunc1-----
[2025-02-08 08:51:03,302][log_print.py 86][INFO]: ------loginUI执行成功------
[2025-02-08 08:51:03,303][log_print.py 76][INFO]: ------此函数的注释为
打开QQ空间登录页面-----
[2025-02-08 08:51:03,305][log_print.py 75][INFO]: ------开始执行login-----
[2025-02-08 08:51:03,305][log_print.py 76][INFO]: ------此函数的注释为
None-----
[2025-02-08 08:51:21,896][log_print.py 86][INFO]: ------login执行成功------
[2025-02-08 08:51:21,901][log_print.py 86][INFO]: ------threadFunc1执行成功------
[2025-02-08 08:51:21,901][log_print.py 75][INFO]: ------开始执行change_enable-----
[2025-02-08 08:51:21,902][log_print.py 76][INFO]: ------此函数的注释为
自定义信号2的关联功能，用于改变控件的enable状态-----
[2025-02-08 08:51:21,902][log_print.py 86][INFO]: ------change_enable执行成功------
[2025-02-08 08:52:24,385][log_print.py 75][INFO]: ------开始执行start_download-----
[2025-02-08 08:52:24,387][log_print.py 76][INFO]: ------此函数的注释为
tab3中确认登录按钮关联功能，修改UI，实现照片下载流程-----
[2025-02-08 08:52:27,562][log_print.py 75][INFO]: ------开始执行mainUI-----
[2025-02-08 08:52:27,562][log_print.py 86][INFO]: ------start_download执行成功------
[2025-02-08 08:52:27,563][log_print.py 76][INFO]: ------此函数的注释为
实现照片下载流程-----
[2025-02-08 08:52:27,579][log_print.py 75][INFO]: ------开始执行get_page-----
[2025-02-08 08:52:27,579][log_print.py 76][INFO]: ------此函数的注释为
None-----
[2025-02-08 08:52:35,280][log_print.py 86][INFO]: ------get_page执行成功------
[2025-02-08 08:52:35,280][log_print.py 75][INFO]: ------开始执行get_cookie-----
[2025-02-08 08:52:35,280][log_print.py 76][INFO]: ------此函数的注释为
None-----
[2025-02-08 08:52:35,286][log_print.py 86][INFO]: ------get_cookie执行成功------
[2025-02-08 08:52:35,887][log_print.py 75][INFO]: ------开始执行get_g_tk-----
[2025-02-08 08:52:35,887][log_print.py 76][INFO]: ------此函数的注释为
None-----
[2025-02-08 08:52:35,927][log_print.py 86][INFO]: ------get_g_tk执行成功------
[2025-02-08 08:52:35,927][log_print.py 75][INFO]: ------开始执行get_album_list-----
[2025-02-08 08:52:35,927][log_print.py 76][INFO]: ------此函数的注释为
None-----
[2025-02-08 08:52:36,118][log_print.py 86][INFO]: ------get_album_list执行成功------
[2025-02-08 08:52:36,118][log_print.py 75][INFO]: ------开始执行get_url-----
[2025-02-08 08:52:36,118][log_print.py 76][INFO]: ------此函数的注释为
None-----
[2025-02-08 08:52:36,119][log_print.py 86][INFO]: ------get_url执行成功------
[2025-02-08 08:58:08,900][log_print.py 75][INFO]: ------开始执行go_tab-----
[2025-02-08 08:58:08,901][log_print.py 76][INFO]: ------此函数的注释为
自定义信号4的关联功能，用于跳转tab页-----
[2025-02-08 08:58:08,909][log_print.py 86][INFO]: ------go_tab执行成功------
[2025-02-08 08:58:08,909][log_print.py 75][INFO]: ------开始执行append_critical-----
[2025-02-08 08:58:08,910][log_print.py 76][INFO]: ------此函数的注释为
自定义信号3的关联功能，用于打开异常提示弹窗-----
[2025-02-08 08:58:09,149][log_print.py 75][INFO]: ------开始执行print_to_textbrowser-----
[2025-02-08 08:58:09,149][log_print.py 76][INFO]: ------此函数的注释为
自定义信号1的关联功能，用于向文本框中添加文本内容-----
[2025-02-08 08:58:09,150][log_print.py 86][INFO]: ------print_to_textbrowser执行成功------
[2025-02-08 09:03:50,024][log_print.py 86][INFO]: ------append_critical执行成功------
