[2025-03-12 10:27:08,693][log_print.py 75][INFO]: ------开始执行next2-----
[2025-03-12 10:27:08,694][log_print.py 76][INFO]: ------此函数的注释为
tab1中确认按钮关联的功能，用于跳转到tab2-----
[2025-03-12 10:27:08,695][log_print.py 86][INFO]: ------next2执行成功------
[2025-03-12 10:27:09,922][log_print.py 75][INFO]: ------开始执行selectfile-----
[2025-03-12 10:27:09,923][log_print.py 76][INFO]: ------此函数的注释为
tab2中浏览按钮关联的功能，用于打开文件选择的弹窗-----
[2025-03-12 10:27:18,138][log_print.py 86][INFO]: ------selectfile执行成功------
[2025-03-12 10:27:26,591][log_print.py 75][INFO]: ------开始执行checkdata-----
[2025-03-12 10:27:26,592][log_print.py 76][INFO]: ------此函数的注释为
tab2中确认按钮关联的功能，用于检查文件是否选择，QQ账号是否填写-----
[2025-03-12 10:27:26,607][log_print.py 86][INFO]: ------checkdata执行成功------
[2025-03-12 10:29:05,694][log_print.py 75][INFO]: ------开始执行loginUI-----
[2025-03-12 10:29:05,699][log_print.py 76][INFO]: ------此函数的注释为
tab3中确认已读按钮关联的功能，用于打开浏览器-----
[2025-03-12 10:29:58,598][log_print.py 86][INFO]: ------loginUI执行成功------
[2025-03-12 10:29:58,608][log_print.py 75][INFO]: ------开始执行threadFunc1-----
[2025-03-12 10:29:58,608][log_print.py 76][INFO]: ------此函数的注释为
打开QQ空间登录页面-----
[2025-03-12 10:29:58,611][log_print.py 75][INFO]: ------开始执行login-----
[2025-03-12 10:29:58,611][log_print.py 76][INFO]: ------此函数的注释为
None-----
[2025-03-12 10:30:17,620][log_print.py 86][INFO]: ------login执行成功------
[2025-03-12 10:30:17,629][log_print.py 86][INFO]: ------threadFunc1执行成功------
[2025-03-12 10:30:17,629][log_print.py 75][INFO]: ------开始执行change_enable-----
[2025-03-12 10:30:17,632][log_print.py 76][INFO]: ------此函数的注释为
自定义信号2的关联功能，用于改变控件的enable状态-----
[2025-03-12 10:30:17,641][log_print.py 86][INFO]: ------change_enable执行成功------
[2025-03-12 10:30:22,589][log_print.py 75][INFO]: ------开始执行start_download-----
[2025-03-12 10:30:22,590][log_print.py 76][INFO]: ------此函数的注释为
tab3中确认登录按钮关联功能，修改UI，实现照片下载流程-----
[2025-03-12 10:30:24,199][log_print.py 75][INFO]: ------开始执行mainUI-----
[2025-03-12 10:30:24,199][log_print.py 86][INFO]: ------start_download执行成功------
[2025-03-12 10:30:24,199][log_print.py 76][INFO]: ------此函数的注释为
实现照片下载流程-----
[2025-03-12 10:30:24,217][log_print.py 75][INFO]: ------开始执行get_page-----
[2025-03-12 10:30:24,217][log_print.py 76][INFO]: ------此函数的注释为
None-----
[2025-03-12 10:30:31,494][log_print.py 86][INFO]: ------get_page执行成功------
[2025-03-12 10:30:31,494][log_print.py 75][INFO]: ------开始执行get_cookie-----
[2025-03-12 10:30:31,494][log_print.py 76][INFO]: ------此函数的注释为
None-----
[2025-03-12 10:30:31,502][log_print.py 86][INFO]: ------get_cookie执行成功------
[2025-03-12 10:30:32,059][log_print.py 75][INFO]: ------开始执行get_g_tk-----
[2025-03-12 10:30:32,059][log_print.py 76][INFO]: ------此函数的注释为
None-----
[2025-03-12 10:30:32,066][log_print.py 86][INFO]: ------get_g_tk执行成功------
[2025-03-12 10:30:32,066][log_print.py 75][INFO]: ------开始执行get_album_list-----
[2025-03-12 10:30:32,066][log_print.py 76][INFO]: ------此函数的注释为
None-----
[2025-03-12 10:30:32,298][log_print.py 86][INFO]: ------get_album_list执行成功------
[2025-03-12 10:30:32,298][log_print.py 75][INFO]: ------开始执行get_url-----
[2025-03-12 10:30:32,299][log_print.py 76][INFO]: ------此函数的注释为
None-----
[2025-03-12 10:30:32,299][log_print.py 86][INFO]: ------get_url执行成功------
