[2025-03-13 11:14:10,072][log_print.py 75][INFO]: ------开始执行next2-----
[2025-03-13 11:14:10,073][log_print.py 76][INFO]: ------此函数的注释为
tab1中确认按钮关联的功能，用于跳转到tab2-----
[2025-03-13 11:14:10,076][log_print.py 86][INFO]: ------next2执行成功------
[2025-03-13 11:14:11,526][log_print.py 75][INFO]: ------开始执行selectfile-----
[2025-03-13 11:14:11,527][log_print.py 76][INFO]: ------此函数的注释为
tab2中浏览按钮关联的功能，用于打开文件选择的弹窗-----
[2025-03-13 11:14:17,738][log_print.py 86][INFO]: ------selectfile执行成功------
[2025-03-13 11:14:24,895][log_print.py 75][INFO]: ------开始执行checkdata-----
[2025-03-13 11:14:24,896][log_print.py 76][INFO]: ------此函数的注释为
tab2中确认按钮关联的功能，用于检查文件是否选择，QQ账号是否填写-----
[2025-03-13 11:14:24,933][log_print.py 86][INFO]: ------checkdata执行成功------
[2025-03-13 11:14:26,028][log_print.py 75][INFO]: ------开始执行loginUI-----
[2025-03-13 11:14:26,030][log_print.py 76][INFO]: ------此函数的注释为
tab3中确认已读按钮关联的功能，用于打开浏览器-----
[2025-03-13 11:14:35,296][log_print.py 86][INFO]: ------loginUI执行成功------
[2025-03-13 11:14:35,309][log_print.py 75][INFO]: ------开始执行threadFunc1-----
[2025-03-13 11:14:35,309][log_print.py 76][INFO]: ------此函数的注释为
打开QQ空间登录页面-----
[2025-03-13 11:14:35,311][log_print.py 75][INFO]: ------开始执行login-----
[2025-03-13 11:14:35,311][log_print.py 76][INFO]: ------此函数的注释为
None-----
[2025-03-13 11:14:55,496][log_print.py 86][INFO]: ------login执行成功------
[2025-03-13 11:14:55,503][log_print.py 86][INFO]: ------threadFunc1执行成功------
[2025-03-13 11:14:55,506][log_print.py 75][INFO]: ------开始执行change_enable-----
[2025-03-13 11:14:55,506][log_print.py 76][INFO]: ------此函数的注释为
自定义信号2的关联功能，用于改变控件的enable状态-----
[2025-03-13 11:14:55,510][log_print.py 86][INFO]: ------change_enable执行成功------
[2025-03-13 11:15:23,980][log_print.py 75][INFO]: ------开始执行start_download-----
[2025-03-13 11:15:23,981][log_print.py 76][INFO]: ------此函数的注释为
tab3中确认登录按钮关联功能，修改UI，实现照片下载流程-----
[2025-03-13 11:15:25,610][log_print.py 75][INFO]: ------开始执行mainUI-----
[2025-03-13 11:15:25,611][log_print.py 86][INFO]: ------start_download执行成功------
[2025-03-13 11:15:25,611][log_print.py 76][INFO]: ------此函数的注释为
实现照片下载流程-----
[2025-03-13 11:15:25,621][log_print.py 75][INFO]: ------开始执行get_page-----
[2025-03-13 11:15:25,621][log_print.py 76][INFO]: ------此函数的注释为
None-----
[2025-03-13 11:15:33,246][log_print.py 86][INFO]: ------get_page执行成功------
[2025-03-13 11:15:33,247][log_print.py 75][INFO]: ------开始执行get_cookie-----
[2025-03-13 11:15:33,247][log_print.py 76][INFO]: ------此函数的注释为
None-----
[2025-03-13 11:15:33,256][log_print.py 86][INFO]: ------get_cookie执行成功------
[2025-03-13 11:15:33,866][log_print.py 75][INFO]: ------开始执行get_g_tk-----
[2025-03-13 11:15:33,867][log_print.py 76][INFO]: ------此函数的注释为
None-----
[2025-03-13 11:15:33,897][log_print.py 86][INFO]: ------get_g_tk执行成功------
[2025-03-13 11:15:33,897][log_print.py 75][INFO]: ------开始执行get_album_list-----
[2025-03-13 11:15:33,897][log_print.py 76][INFO]: ------此函数的注释为
None-----
[2025-03-13 13:57:00,891][log_print.py 75][INFO]: ------开始执行next2-----
[2025-03-13 13:57:00,895][log_print.py 76][INFO]: ------此函数的注释为
tab1中确认按钮关联的功能，用于跳转到tab2-----
[2025-03-13 13:57:00,899][log_print.py 86][INFO]: ------next2执行成功------
[2025-03-13 13:57:17,094][log_print.py 75][INFO]: ------开始执行selectfile-----
[2025-03-13 13:57:17,096][log_print.py 76][INFO]: ------此函数的注释为
tab2中浏览按钮关联的功能，用于打开文件选择的弹窗-----
[2025-03-13 13:57:22,155][log_print.py 86][INFO]: ------selectfile执行成功------
[2025-03-13 13:57:28,141][log_print.py 75][INFO]: ------开始执行checkdata-----
[2025-03-13 13:57:28,143][log_print.py 76][INFO]: ------此函数的注释为
tab2中确认按钮关联的功能，用于检查文件是否选择，QQ账号是否填写-----
[2025-03-13 13:57:28,172][log_print.py 86][INFO]: ------checkdata执行成功------
[2025-03-13 13:57:29,465][log_print.py 75][INFO]: ------开始执行loginUI-----
[2025-03-13 13:57:29,465][log_print.py 76][INFO]: ------此函数的注释为
tab3中确认已读按钮关联的功能，用于打开浏览器-----
[2025-03-13 13:57:37,719][log_print.py 86][INFO]: ------loginUI执行成功------
[2025-03-13 13:57:37,731][log_print.py 75][INFO]: ------开始执行threadFunc1-----
[2025-03-13 13:57:37,732][log_print.py 76][INFO]: ------此函数的注释为
打开QQ空间登录页面-----
[2025-03-13 13:57:37,732][log_print.py 75][INFO]: ------开始执行login-----
[2025-03-13 13:57:37,732][log_print.py 76][INFO]: ------此函数的注释为
None-----
[2025-03-13 13:57:59,564][log_print.py 86][INFO]: ------login执行成功------
[2025-03-13 13:57:59,569][log_print.py 86][INFO]: ------threadFunc1执行成功------
[2025-03-13 13:57:59,569][log_print.py 75][INFO]: ------开始执行change_enable-----
[2025-03-13 13:57:59,570][log_print.py 76][INFO]: ------此函数的注释为
自定义信号2的关联功能，用于改变控件的enable状态-----
[2025-03-13 13:57:59,570][log_print.py 86][INFO]: ------change_enable执行成功------
[2025-03-13 13:58:29,723][log_print.py 75][INFO]: ------开始执行start_download-----
[2025-03-13 13:58:29,726][log_print.py 76][INFO]: ------此函数的注释为
tab3中确认登录按钮关联功能，修改UI，实现照片下载流程-----
[2025-03-13 13:58:31,455][log_print.py 75][INFO]: ------开始执行mainUI-----
[2025-03-13 13:58:31,457][log_print.py 86][INFO]: ------start_download执行成功------
[2025-03-13 13:58:31,457][log_print.py 76][INFO]: ------此函数的注释为
实现照片下载流程-----
[2025-03-13 13:58:31,467][log_print.py 75][INFO]: ------开始执行get_page-----
[2025-03-13 13:58:31,468][log_print.py 76][INFO]: ------此函数的注释为
None-----
[2025-03-13 13:58:38,501][log_print.py 86][INFO]: ------get_page执行成功------
[2025-03-13 13:58:38,501][log_print.py 75][INFO]: ------开始执行get_cookie-----
[2025-03-13 13:58:38,501][log_print.py 76][INFO]: ------此函数的注释为
None-----
[2025-03-13 13:58:38,509][log_print.py 86][INFO]: ------get_cookie执行成功------
[2025-03-13 13:58:39,141][log_print.py 75][INFO]: ------开始执行get_g_tk-----
[2025-03-13 13:58:39,141][log_print.py 76][INFO]: ------此函数的注释为
None-----
[2025-03-13 13:58:39,150][log_print.py 86][INFO]: ------get_g_tk执行成功------
[2025-03-13 13:58:39,151][log_print.py 75][INFO]: ------开始执行get_album_list-----
[2025-03-13 13:58:39,151][log_print.py 76][INFO]: ------此函数的注释为
None-----
[2025-03-13 13:58:39,427][log_print.py 86][INFO]: ------get_album_list执行成功------
[2025-03-13 13:58:39,427][log_print.py 75][INFO]: ------开始执行get_url-----
[2025-03-13 13:58:39,427][log_print.py 76][INFO]: ------此函数的注释为
None-----
[2025-03-13 13:58:39,427][log_print.py 86][INFO]: ------get_url执行成功------
[2025-03-13 14:36:32,966][log_print.py 75][INFO]: ------开始执行next2-----
[2025-03-13 14:36:32,969][log_print.py 76][INFO]: ------此函数的注释为
tab1中确认按钮关联的功能，用于跳转到tab2-----
[2025-03-13 14:36:32,972][log_print.py 86][INFO]: ------next2执行成功------
[2025-03-13 14:36:34,280][log_print.py 75][INFO]: ------开始执行selectfile-----
[2025-03-13 14:36:34,281][log_print.py 76][INFO]: ------此函数的注释为
tab2中浏览按钮关联的功能，用于打开文件选择的弹窗-----
[2025-03-13 14:36:41,282][log_print.py 86][INFO]: ------selectfile执行成功------
[2025-03-13 14:36:54,834][log_print.py 75][INFO]: ------开始执行checkdata-----
[2025-03-13 14:36:54,834][log_print.py 76][INFO]: ------此函数的注释为
tab2中确认按钮关联的功能，用于检查文件是否选择，QQ账号是否填写-----
[2025-03-13 14:36:54,868][log_print.py 86][INFO]: ------checkdata执行成功------
[2025-03-13 14:36:55,651][log_print.py 75][INFO]: ------开始执行loginUI-----
[2025-03-13 14:36:55,651][log_print.py 76][INFO]: ------此函数的注释为
tab3中确认已读按钮关联的功能，用于打开浏览器-----
[2025-03-13 14:37:04,250][log_print.py 86][INFO]: ------loginUI执行成功------
[2025-03-13 14:37:04,263][log_print.py 75][INFO]: ------开始执行threadFunc1-----
[2025-03-13 14:37:04,263][log_print.py 76][INFO]: ------此函数的注释为
打开QQ空间登录页面-----
[2025-03-13 14:37:04,264][log_print.py 75][INFO]: ------开始执行login-----
[2025-03-13 14:37:04,264][log_print.py 76][INFO]: ------此函数的注释为
None-----
[2025-03-13 14:37:32,435][log_print.py 86][INFO]: ------login执行成功------
[2025-03-13 14:37:32,445][log_print.py 86][INFO]: ------threadFunc1执行成功------
[2025-03-13 14:37:32,450][log_print.py 75][INFO]: ------开始执行change_enable-----
[2025-03-13 14:37:32,451][log_print.py 76][INFO]: ------此函数的注释为
自定义信号2的关联功能，用于改变控件的enable状态-----
[2025-03-13 14:37:32,457][log_print.py 86][INFO]: ------change_enable执行成功------
[2025-03-13 14:39:27,852][log_print.py 75][INFO]: ------开始执行start_download-----
[2025-03-13 14:39:27,856][log_print.py 76][INFO]: ------此函数的注释为
tab3中确认登录按钮关联功能，修改UI，实现照片下载流程-----
[2025-03-13 14:39:29,277][log_print.py 75][INFO]: ------开始执行mainUI-----
[2025-03-13 14:39:29,278][log_print.py 86][INFO]: ------start_download执行成功------
[2025-03-13 14:39:29,278][log_print.py 76][INFO]: ------此函数的注释为
实现照片下载流程-----
[2025-03-13 14:39:29,293][log_print.py 75][INFO]: ------开始执行get_page-----
[2025-03-13 14:39:29,294][log_print.py 76][INFO]: ------此函数的注释为
None-----
[2025-03-13 14:39:36,979][log_print.py 86][INFO]: ------get_page执行成功------
[2025-03-13 14:39:36,979][log_print.py 75][INFO]: ------开始执行get_cookie-----
[2025-03-13 14:39:36,979][log_print.py 76][INFO]: ------此函数的注释为
None-----
[2025-03-13 14:39:36,988][log_print.py 86][INFO]: ------get_cookie执行成功------
[2025-03-13 14:39:37,592][log_print.py 75][INFO]: ------开始执行get_g_tk-----
[2025-03-13 14:39:37,593][log_print.py 76][INFO]: ------此函数的注释为
None-----
[2025-03-13 14:39:37,620][log_print.py 86][INFO]: ------get_g_tk执行成功------
[2025-03-13 14:39:37,620][log_print.py 75][INFO]: ------开始执行get_album_list-----
[2025-03-13 14:39:37,620][log_print.py 76][INFO]: ------此函数的注释为
None-----
[2025-03-13 14:39:37,883][log_print.py 86][INFO]: ------get_album_list执行成功------
[2025-03-13 14:39:37,884][log_print.py 75][INFO]: ------开始执行get_url-----
[2025-03-13 14:39:37,884][log_print.py 76][INFO]: ------此函数的注释为
None-----
[2025-03-13 14:39:37,884][log_print.py 86][INFO]: ------get_url执行成功------
[2025-03-13 15:08:01,579][log_print.py 75][INFO]: ------开始执行next2-----
[2025-03-13 15:08:01,580][log_print.py 76][INFO]: ------此函数的注释为
tab1中确认按钮关联的功能，用于跳转到tab2-----
[2025-03-13 15:08:01,584][log_print.py 86][INFO]: ------next2执行成功------
[2025-03-13 15:08:03,316][log_print.py 75][INFO]: ------开始执行selectfile-----
[2025-03-13 15:08:03,317][log_print.py 76][INFO]: ------此函数的注释为
tab2中浏览按钮关联的功能，用于打开文件选择的弹窗-----
[2025-03-13 15:08:08,118][log_print.py 86][INFO]: ------selectfile执行成功------
[2025-03-13 15:08:41,687][log_print.py 75][INFO]: ------开始执行next2-----
[2025-03-13 15:08:41,689][log_print.py 76][INFO]: ------此函数的注释为
tab1中确认按钮关联的功能，用于跳转到tab2-----
[2025-03-13 15:08:41,696][log_print.py 86][INFO]: ------next2执行成功------
[2025-03-13 15:08:42,727][log_print.py 75][INFO]: ------开始执行selectfile-----
[2025-03-13 15:08:42,728][log_print.py 76][INFO]: ------此函数的注释为
tab2中浏览按钮关联的功能，用于打开文件选择的弹窗-----
[2025-03-13 15:09:00,465][log_print.py 86][INFO]: ------selectfile执行成功------
[2025-03-13 15:09:07,583][log_print.py 75][INFO]: ------开始执行checkdata-----
[2025-03-13 15:09:07,584][log_print.py 76][INFO]: ------此函数的注释为
tab2中确认按钮关联的功能，用于检查文件是否选择，QQ账号是否填写-----
[2025-03-13 15:09:07,605][log_print.py 86][INFO]: ------checkdata执行成功------
[2025-03-13 15:09:09,633][log_print.py 75][INFO]: ------开始执行loginUI-----
[2025-03-13 15:09:09,634][log_print.py 76][INFO]: ------此函数的注释为
tab3中确认已读按钮关联的功能，用于打开浏览器-----
[2025-03-13 15:09:16,736][log_print.py 75][INFO]: ------开始执行threadFunc1-----
[2025-03-13 15:09:16,736][log_print.py 86][INFO]: ------loginUI执行成功------
[2025-03-13 15:09:16,737][log_print.py 76][INFO]: ------此函数的注释为
打开QQ空间登录页面-----
[2025-03-13 15:09:16,737][log_print.py 75][INFO]: ------开始执行login-----
[2025-03-13 15:09:16,737][log_print.py 76][INFO]: ------此函数的注释为
None-----
[2025-03-13 15:09:36,560][log_print.py 86][INFO]: ------login执行成功------
[2025-03-13 15:09:36,564][log_print.py 86][INFO]: ------threadFunc1执行成功------
[2025-03-13 15:09:36,564][log_print.py 75][INFO]: ------开始执行change_enable-----
[2025-03-13 15:09:36,565][log_print.py 76][INFO]: ------此函数的注释为
自定义信号2的关联功能，用于改变控件的enable状态-----
[2025-03-13 15:09:36,565][log_print.py 86][INFO]: ------change_enable执行成功------
[2025-03-13 15:11:01,465][log_print.py 75][INFO]: ------开始执行start_download-----
[2025-03-13 15:11:01,466][log_print.py 76][INFO]: ------此函数的注释为
tab3中确认登录按钮关联功能，修改UI，实现照片下载流程-----
[2025-03-13 15:11:05,035][log_print.py 75][INFO]: ------开始执行mainUI-----
[2025-03-13 15:11:05,035][log_print.py 86][INFO]: ------start_download执行成功------
[2025-03-13 15:11:05,035][log_print.py 76][INFO]: ------此函数的注释为
实现照片下载流程-----
[2025-03-13 15:11:05,044][log_print.py 75][INFO]: ------开始执行get_page-----
[2025-03-13 15:11:05,044][log_print.py 76][INFO]: ------此函数的注释为
None-----
[2025-03-13 15:11:12,990][log_print.py 86][INFO]: ------get_page执行成功------
[2025-03-13 15:11:12,990][log_print.py 75][INFO]: ------开始执行get_cookie-----
[2025-03-13 15:11:12,990][log_print.py 76][INFO]: ------此函数的注释为
None-----
[2025-03-13 15:11:12,999][log_print.py 86][INFO]: ------get_cookie执行成功------
[2025-03-13 15:11:13,647][log_print.py 75][INFO]: ------开始执行get_g_tk-----
[2025-03-13 15:11:13,648][log_print.py 76][INFO]: ------此函数的注释为
None-----
[2025-03-13 15:11:13,653][log_print.py 86][INFO]: ------get_g_tk执行成功------
[2025-03-13 15:11:13,654][log_print.py 75][INFO]: ------开始执行get_album_list-----
[2025-03-13 15:11:13,654][log_print.py 76][INFO]: ------此函数的注释为
None-----
[2025-03-13 15:11:13,783][log_print.py 86][INFO]: ------get_album_list执行成功------
[2025-03-13 15:11:13,783][log_print.py 75][INFO]: ------开始执行get_url-----
[2025-03-13 15:11:13,783][log_print.py 76][INFO]: ------此函数的注释为
None-----
[2025-03-13 15:11:13,783][log_print.py 86][INFO]: ------get_url执行成功------
[2025-03-13 15:11:15,960][log_print.py 75][INFO]: ------开始执行print_to_textbrowser-----
[2025-03-13 15:11:15,961][log_print.py 76][INFO]: ------此函数的注释为
自定义信号1的关联功能，用于向文本框中添加文本内容-----
[2025-03-13 15:11:15,962][log_print.py 86][INFO]: ------print_to_textbrowser执行成功------
[2025-03-13 15:11:15,962][log_print.py 75][INFO]: ------开始执行go_tab-----
[2025-03-13 15:11:15,962][log_print.py 76][INFO]: ------此函数的注释为
自定义信号4的关联功能，用于跳转tab页-----
[2025-03-13 15:11:15,965][log_print.py 86][INFO]: ------go_tab执行成功------
[2025-03-13 15:11:16,074][log_print.py 86][INFO]: ------mainUI执行成功------
[2025-03-13 15:13:36,188][log_print.py 75][INFO]: ------开始执行next2-----
[2025-03-13 15:13:36,189][log_print.py 76][INFO]: ------此函数的注释为
tab1中确认按钮关联的功能，用于跳转到tab2-----
[2025-03-13 15:13:36,192][log_print.py 86][INFO]: ------next2执行成功------
[2025-03-13 15:13:37,373][log_print.py 75][INFO]: ------开始执行selectfile-----
[2025-03-13 15:13:37,374][log_print.py 76][INFO]: ------此函数的注释为
tab2中浏览按钮关联的功能，用于打开文件选择的弹窗-----
[2025-03-13 15:13:41,165][log_print.py 86][INFO]: ------selectfile执行成功------
[2025-03-13 15:13:47,040][log_print.py 75][INFO]: ------开始执行checkdata-----
[2025-03-13 15:13:47,040][log_print.py 76][INFO]: ------此函数的注释为
tab2中确认按钮关联的功能，用于检查文件是否选择，QQ账号是否填写-----
[2025-03-13 15:13:47,059][log_print.py 86][INFO]: ------checkdata执行成功------
[2025-03-13 15:13:47,804][log_print.py 75][INFO]: ------开始执行loginUI-----
[2025-03-13 15:13:47,805][log_print.py 76][INFO]: ------此函数的注释为
tab3中确认已读按钮关联的功能，用于打开浏览器-----
[2025-03-13 15:13:54,915][log_print.py 75][INFO]: ------开始执行threadFunc1-----
[2025-03-13 15:13:54,915][log_print.py 86][INFO]: ------loginUI执行成功------
[2025-03-13 15:13:54,915][log_print.py 76][INFO]: ------此函数的注释为
打开QQ空间登录页面-----
[2025-03-13 15:13:54,915][log_print.py 75][INFO]: ------开始执行login-----
[2025-03-13 15:13:54,915][log_print.py 76][INFO]: ------此函数的注释为
None-----
[2025-03-13 15:14:15,048][log_print.py 86][INFO]: ------login执行成功------
[2025-03-13 15:14:15,053][log_print.py 86][INFO]: ------threadFunc1执行成功------
[2025-03-13 15:14:15,054][log_print.py 75][INFO]: ------开始执行change_enable-----
[2025-03-13 15:14:15,054][log_print.py 76][INFO]: ------此函数的注释为
自定义信号2的关联功能，用于改变控件的enable状态-----
[2025-03-13 15:14:15,055][log_print.py 86][INFO]: ------change_enable执行成功------
[2025-03-13 15:14:38,236][log_print.py 75][INFO]: ------开始执行start_download-----
[2025-03-13 15:14:38,237][log_print.py 76][INFO]: ------此函数的注释为
tab3中确认登录按钮关联功能，修改UI，实现照片下载流程-----
[2025-03-13 15:14:39,316][log_print.py 75][INFO]: ------开始执行mainUI-----
[2025-03-13 15:14:39,316][log_print.py 86][INFO]: ------start_download执行成功------
[2025-03-13 15:14:39,317][log_print.py 76][INFO]: ------此函数的注释为
实现照片下载流程-----
[2025-03-13 15:14:39,327][log_print.py 75][INFO]: ------开始执行get_page-----
[2025-03-13 15:14:39,328][log_print.py 76][INFO]: ------此函数的注释为
None-----
[2025-03-13 15:14:47,872][log_print.py 86][INFO]: ------get_page执行成功------
[2025-03-13 15:14:47,873][log_print.py 75][INFO]: ------开始执行get_cookie-----
[2025-03-13 15:14:47,873][log_print.py 76][INFO]: ------此函数的注释为
None-----
[2025-03-13 15:14:47,886][log_print.py 86][INFO]: ------get_cookie执行成功------
[2025-03-13 15:14:48,486][log_print.py 75][INFO]: ------开始执行get_g_tk-----
[2025-03-13 15:14:48,486][log_print.py 76][INFO]: ------此函数的注释为
None-----
[2025-03-13 15:14:48,530][log_print.py 86][INFO]: ------get_g_tk执行成功------
[2025-03-13 15:14:48,531][log_print.py 75][INFO]: ------开始执行get_album_list-----
[2025-03-13 15:14:48,531][log_print.py 76][INFO]: ------此函数的注释为
None-----
[2025-03-13 15:14:48,700][log_print.py 86][INFO]: ------get_album_list执行成功------
[2025-03-13 15:14:48,700][log_print.py 75][INFO]: ------开始执行get_url-----
[2025-03-13 15:14:48,700][log_print.py 76][INFO]: ------此函数的注释为
None-----
[2025-03-13 15:14:48,700][log_print.py 86][INFO]: ------get_url执行成功------
[2025-03-13 15:29:35,435][log_print.py 75][INFO]: ------开始执行next2-----
[2025-03-13 15:29:35,437][log_print.py 76][INFO]: ------此函数的注释为
tab1中确认按钮关联的功能，用于跳转到tab2-----
[2025-03-13 15:29:35,440][log_print.py 86][INFO]: ------next2执行成功------
[2025-03-13 15:29:36,642][log_print.py 75][INFO]: ------开始执行selectfile-----
[2025-03-13 15:29:36,642][log_print.py 76][INFO]: ------此函数的注释为
tab2中浏览按钮关联的功能，用于打开文件选择的弹窗-----
[2025-03-13 15:29:48,318][log_print.py 86][INFO]: ------selectfile执行成功------
[2025-03-13 15:29:54,280][log_print.py 75][INFO]: ------开始执行checkdata-----
[2025-03-13 15:29:54,281][log_print.py 76][INFO]: ------此函数的注释为
tab2中确认按钮关联的功能，用于检查文件是否选择，QQ账号是否填写-----
[2025-03-13 15:29:54,297][log_print.py 86][INFO]: ------checkdata执行成功------
[2025-03-13 15:29:55,301][log_print.py 75][INFO]: ------开始执行loginUI-----
[2025-03-13 15:29:55,302][log_print.py 76][INFO]: ------此函数的注释为
tab3中确认已读按钮关联的功能，用于打开浏览器-----
[2025-03-13 15:30:02,301][log_print.py 75][INFO]: ------开始执行threadFunc1-----
[2025-03-13 15:30:02,301][log_print.py 86][INFO]: ------loginUI执行成功------
[2025-03-13 15:30:02,302][log_print.py 76][INFO]: ------此函数的注释为
打开QQ空间登录页面-----
[2025-03-13 15:30:02,302][log_print.py 75][INFO]: ------开始执行login-----
[2025-03-13 15:30:02,302][log_print.py 76][INFO]: ------此函数的注释为
None-----
[2025-03-13 15:30:20,840][log_print.py 86][INFO]: ------login执行成功------
[2025-03-13 15:30:20,850][log_print.py 86][INFO]: ------threadFunc1执行成功------
[2025-03-13 15:30:20,854][log_print.py 75][INFO]: ------开始执行change_enable-----
[2025-03-13 15:30:20,854][log_print.py 76][INFO]: ------此函数的注释为
自定义信号2的关联功能，用于改变控件的enable状态-----
[2025-03-13 15:30:20,858][log_print.py 86][INFO]: ------change_enable执行成功------
[2025-03-13 15:30:45,857][log_print.py 75][INFO]: ------开始执行start_download-----
[2025-03-13 15:30:45,859][log_print.py 76][INFO]: ------此函数的注释为
tab3中确认登录按钮关联功能，修改UI，实现照片下载流程-----
[2025-03-13 15:30:50,771][log_print.py 75][INFO]: ------开始执行mainUI-----
[2025-03-13 15:30:50,772][log_print.py 86][INFO]: ------start_download执行成功------
[2025-03-13 15:30:50,772][log_print.py 76][INFO]: ------此函数的注释为
实现照片下载流程-----
[2025-03-13 15:30:50,782][log_print.py 75][INFO]: ------开始执行get_page-----
[2025-03-13 15:30:50,782][log_print.py 76][INFO]: ------此函数的注释为
None-----
[2025-03-13 15:30:58,570][log_print.py 86][INFO]: ------get_page执行成功------
[2025-03-13 15:30:58,571][log_print.py 75][INFO]: ------开始执行get_cookie-----
[2025-03-13 15:30:58,571][log_print.py 76][INFO]: ------此函数的注释为
None-----
[2025-03-13 15:30:58,581][log_print.py 86][INFO]: ------get_cookie执行成功------
[2025-03-13 15:30:59,185][log_print.py 75][INFO]: ------开始执行get_g_tk-----
[2025-03-13 15:30:59,185][log_print.py 76][INFO]: ------此函数的注释为
None-----
[2025-03-13 15:30:59,214][log_print.py 86][INFO]: ------get_g_tk执行成功------
[2025-03-13 15:30:59,214][log_print.py 75][INFO]: ------开始执行get_album_list-----
[2025-03-13 15:30:59,214][log_print.py 76][INFO]: ------此函数的注释为
None-----
[2025-03-13 15:30:59,350][log_print.py 86][INFO]: ------get_album_list执行成功------
[2025-03-13 15:30:59,350][log_print.py 75][INFO]: ------开始执行get_url-----
[2025-03-13 15:30:59,350][log_print.py 76][INFO]: ------此函数的注释为
None-----
[2025-03-13 15:30:59,350][log_print.py 86][INFO]: ------get_url执行成功------
[2025-03-13 16:16:43,918][log_print.py 75][INFO]: ------开始执行next2-----
[2025-03-13 16:16:43,925][log_print.py 76][INFO]: ------此函数的注释为
tab1中确认按钮关联的功能，用于跳转到tab2-----
[2025-03-13 16:16:43,933][log_print.py 86][INFO]: ------next2执行成功------
[2025-03-13 16:16:45,083][log_print.py 75][INFO]: ------开始执行selectfile-----
[2025-03-13 16:16:45,083][log_print.py 76][INFO]: ------此函数的注释为
tab2中浏览按钮关联的功能，用于打开文件选择的弹窗-----
[2025-03-13 16:17:02,088][log_print.py 86][INFO]: ------selectfile执行成功------
[2025-03-13 16:17:08,753][log_print.py 75][INFO]: ------开始执行checkdata-----
[2025-03-13 16:17:08,754][log_print.py 76][INFO]: ------此函数的注释为
tab2中确认按钮关联的功能，用于检查文件是否选择，QQ账号是否填写-----
[2025-03-13 16:17:08,811][log_print.py 86][INFO]: ------checkdata执行成功------
[2025-03-13 16:17:10,025][log_print.py 75][INFO]: ------开始执行loginUI-----
[2025-03-13 16:17:10,026][log_print.py 76][INFO]: ------此函数的注释为
tab3中确认已读按钮关联的功能，用于打开浏览器-----
[2025-03-13 16:17:18,825][log_print.py 75][INFO]: ------开始执行threadFunc1-----
[2025-03-13 16:17:18,825][log_print.py 86][INFO]: ------loginUI执行成功------
[2025-03-13 16:17:18,826][log_print.py 76][INFO]: ------此函数的注释为
打开QQ空间登录页面-----
[2025-03-13 16:17:18,826][log_print.py 75][INFO]: ------开始执行login-----
[2025-03-13 16:17:18,826][log_print.py 76][INFO]: ------此函数的注释为
None-----
[2025-03-13 16:17:37,261][log_print.py 86][INFO]: ------login执行成功------
[2025-03-13 16:17:37,268][log_print.py 86][INFO]: ------threadFunc1执行成功------
[2025-03-13 16:17:37,270][log_print.py 75][INFO]: ------开始执行change_enable-----
[2025-03-13 16:17:37,270][log_print.py 76][INFO]: ------此函数的注释为
自定义信号2的关联功能，用于改变控件的enable状态-----
[2025-03-13 16:17:37,272][log_print.py 86][INFO]: ------change_enable执行成功------
[2025-03-13 16:17:46,725][log_print.py 75][INFO]: ------开始执行start_download-----
[2025-03-13 16:17:46,726][log_print.py 76][INFO]: ------此函数的注释为
tab3中确认登录按钮关联功能，修改UI，实现照片下载流程-----
[2025-03-13 16:17:48,253][log_print.py 75][INFO]: ------开始执行mainUI-----
[2025-03-13 16:17:48,253][log_print.py 86][INFO]: ------start_download执行成功------
[2025-03-13 16:17:48,254][log_print.py 76][INFO]: ------此函数的注释为
实现照片下载流程-----
[2025-03-13 16:17:48,262][log_print.py 75][INFO]: ------开始执行get_page-----
[2025-03-13 16:17:48,263][log_print.py 76][INFO]: ------此函数的注释为
None-----
[2025-03-13 16:17:56,252][log_print.py 86][INFO]: ------get_page执行成功------
[2025-03-13 16:17:56,253][log_print.py 75][INFO]: ------开始执行get_cookie-----
[2025-03-13 16:17:56,254][log_print.py 76][INFO]: ------此函数的注释为
None-----
[2025-03-13 16:17:56,268][log_print.py 86][INFO]: ------get_cookie执行成功------
[2025-03-13 16:17:56,933][log_print.py 75][INFO]: ------开始执行get_g_tk-----
[2025-03-13 16:17:56,934][log_print.py 76][INFO]: ------此函数的注释为
None-----
[2025-03-13 16:17:56,996][log_print.py 86][INFO]: ------get_g_tk执行成功------
[2025-03-13 16:17:56,996][log_print.py 75][INFO]: ------开始执行get_album_list-----
[2025-03-13 16:17:56,996][log_print.py 76][INFO]: ------此函数的注释为
None-----
[2025-03-13 16:17:57,146][log_print.py 86][INFO]: ------get_album_list执行成功------
[2025-03-13 16:17:57,146][log_print.py 75][INFO]: ------开始执行get_url-----
[2025-03-13 16:17:57,147][log_print.py 76][INFO]: ------此函数的注释为
None-----
[2025-03-13 16:17:57,147][log_print.py 86][INFO]: ------get_url执行成功------
[2025-03-13 16:33:24,731][log_print.py 75][INFO]: ------开始执行next2-----
[2025-03-13 16:33:24,732][log_print.py 76][INFO]: ------此函数的注释为
tab1中确认按钮关联的功能，用于跳转到tab2-----
[2025-03-13 16:33:24,737][log_print.py 86][INFO]: ------next2执行成功------
[2025-03-13 16:33:25,982][log_print.py 75][INFO]: ------开始执行selectfile-----
[2025-03-13 16:33:25,983][log_print.py 76][INFO]: ------此函数的注释为
tab2中浏览按钮关联的功能，用于打开文件选择的弹窗-----
[2025-03-13 16:33:33,080][log_print.py 86][INFO]: ------selectfile执行成功------
[2025-03-13 16:33:39,339][log_print.py 75][INFO]: ------开始执行checkdata-----
[2025-03-13 16:33:39,341][log_print.py 76][INFO]: ------此函数的注释为
tab2中确认按钮关联的功能，用于检查文件是否选择，QQ账号是否填写-----
[2025-03-13 16:33:39,360][log_print.py 86][INFO]: ------checkdata执行成功------
[2025-03-13 16:34:17,098][log_print.py 75][INFO]: ------开始执行loginUI-----
[2025-03-13 16:34:17,099][log_print.py 76][INFO]: ------此函数的注释为
tab3中确认已读按钮关联的功能，用于打开浏览器-----
[2025-03-13 16:34:24,082][log_print.py 86][INFO]: ------loginUI执行成功------
[2025-03-13 16:34:24,090][log_print.py 75][INFO]: ------开始执行threadFunc1-----
[2025-03-13 16:34:24,091][log_print.py 76][INFO]: ------此函数的注释为
打开QQ空间登录页面-----
[2025-03-13 16:34:24,091][log_print.py 75][INFO]: ------开始执行login-----
[2025-03-13 16:34:24,091][log_print.py 76][INFO]: ------此函数的注释为
None-----
[2025-03-13 16:34:42,434][log_print.py 86][INFO]: ------login执行成功------
[2025-03-13 16:34:42,449][log_print.py 86][INFO]: ------threadFunc1执行成功------
[2025-03-13 16:34:42,453][log_print.py 75][INFO]: ------开始执行change_enable-----
[2025-03-13 16:34:42,454][log_print.py 76][INFO]: ------此函数的注释为
自定义信号2的关联功能，用于改变控件的enable状态-----
[2025-03-13 16:34:42,459][log_print.py 86][INFO]: ------change_enable执行成功------
[2025-03-13 16:36:53,613][log_print.py 75][INFO]: ------开始执行start_download-----
[2025-03-13 16:36:53,618][log_print.py 76][INFO]: ------此函数的注释为
tab3中确认登录按钮关联功能，修改UI，实现照片下载流程-----
[2025-03-13 16:37:06,098][log_print.py 75][INFO]: ------开始执行mainUI-----
[2025-03-13 16:37:06,099][log_print.py 86][INFO]: ------start_download执行成功------
[2025-03-13 16:37:06,099][log_print.py 76][INFO]: ------此函数的注释为
实现照片下载流程-----
[2025-03-13 16:37:06,111][log_print.py 75][INFO]: ------开始执行get_page-----
[2025-03-13 16:37:06,111][log_print.py 76][INFO]: ------此函数的注释为
None-----
[2025-03-13 16:37:14,101][log_print.py 86][INFO]: ------get_page执行成功------
[2025-03-13 16:37:14,102][log_print.py 75][INFO]: ------开始执行get_cookie-----
[2025-03-13 16:37:14,102][log_print.py 76][INFO]: ------此函数的注释为
None-----
[2025-03-13 16:37:14,111][log_print.py 86][INFO]: ------get_cookie执行成功------
[2025-03-13 16:37:14,728][log_print.py 75][INFO]: ------开始执行get_g_tk-----
[2025-03-13 16:37:14,728][log_print.py 76][INFO]: ------此函数的注释为
None-----
[2025-03-13 16:37:14,749][log_print.py 86][INFO]: ------get_g_tk执行成功------
[2025-03-13 16:37:14,749][log_print.py 75][INFO]: ------开始执行get_album_list-----
[2025-03-13 16:37:14,749][log_print.py 76][INFO]: ------此函数的注释为
None-----
[2025-03-13 16:37:15,016][log_print.py 86][INFO]: ------get_album_list执行成功------
[2025-03-13 16:37:15,016][log_print.py 75][INFO]: ------开始执行get_url-----
[2025-03-13 16:37:15,016][log_print.py 76][INFO]: ------此函数的注释为
None-----
[2025-03-13 16:37:15,016][log_print.py 86][INFO]: ------get_url执行成功------
[2025-03-13 16:44:20,841][log_print.py 75][INFO]: ------开始执行next2-----
[2025-03-13 16:44:20,846][log_print.py 76][INFO]: ------此函数的注释为
tab1中确认按钮关联的功能，用于跳转到tab2-----
[2025-03-13 16:44:20,850][log_print.py 86][INFO]: ------next2执行成功------
[2025-03-13 16:44:22,090][log_print.py 75][INFO]: ------开始执行selectfile-----
[2025-03-13 16:44:22,090][log_print.py 76][INFO]: ------此函数的注释为
tab2中浏览按钮关联的功能，用于打开文件选择的弹窗-----
[2025-03-13 16:44:39,081][log_print.py 86][INFO]: ------selectfile执行成功------
[2025-03-13 16:44:44,673][log_print.py 75][INFO]: ------开始执行checkdata-----
[2025-03-13 16:44:44,674][log_print.py 76][INFO]: ------此函数的注释为
tab2中确认按钮关联的功能，用于检查文件是否选择，QQ账号是否填写-----
[2025-03-13 16:44:44,704][log_print.py 86][INFO]: ------checkdata执行成功------
[2025-03-13 16:44:45,535][log_print.py 75][INFO]: ------开始执行loginUI-----
[2025-03-13 16:44:45,536][log_print.py 76][INFO]: ------此函数的注释为
tab3中确认已读按钮关联的功能，用于打开浏览器-----
[2025-03-13 16:44:52,501][log_print.py 86][INFO]: ------loginUI执行成功------
[2025-03-13 16:44:52,511][log_print.py 75][INFO]: ------开始执行threadFunc1-----
[2025-03-13 16:44:52,511][log_print.py 76][INFO]: ------此函数的注释为
打开QQ空间登录页面-----
[2025-03-13 16:44:52,512][log_print.py 75][INFO]: ------开始执行login-----
[2025-03-13 16:44:52,512][log_print.py 76][INFO]: ------此函数的注释为
None-----
[2025-03-13 16:45:11,099][log_print.py 86][INFO]: ------login执行成功------
[2025-03-13 16:45:11,105][log_print.py 86][INFO]: ------threadFunc1执行成功------
[2025-03-13 16:45:11,107][log_print.py 75][INFO]: ------开始执行change_enable-----
[2025-03-13 16:45:11,107][log_print.py 76][INFO]: ------此函数的注释为
自定义信号2的关联功能，用于改变控件的enable状态-----
[2025-03-13 16:45:11,109][log_print.py 86][INFO]: ------change_enable执行成功------
[2025-03-13 16:47:45,359][log_print.py 75][INFO]: ------开始执行start_download-----
[2025-03-13 16:47:45,361][log_print.py 76][INFO]: ------此函数的注释为
tab3中确认登录按钮关联功能，修改UI，实现照片下载流程-----
[2025-03-13 16:49:57,199][log_print.py 75][INFO]: ------开始执行mainUI-----
[2025-03-13 16:49:57,201][log_print.py 86][INFO]: ------start_download执行成功------
[2025-03-13 16:49:57,202][log_print.py 76][INFO]: ------此函数的注释为
实现照片下载流程-----
[2025-03-13 16:49:57,218][log_print.py 75][INFO]: ------开始执行get_page-----
[2025-03-13 16:49:57,218][log_print.py 76][INFO]: ------此函数的注释为
None-----
[2025-03-13 16:50:04,398][log_print.py 86][INFO]: ------get_page执行成功------
[2025-03-13 16:50:04,399][log_print.py 75][INFO]: ------开始执行get_cookie-----
[2025-03-13 16:50:04,399][log_print.py 76][INFO]: ------此函数的注释为
None-----
[2025-03-13 16:50:04,418][log_print.py 86][INFO]: ------get_cookie执行成功------
[2025-03-13 16:50:05,089][log_print.py 75][INFO]: ------开始执行get_g_tk-----
[2025-03-13 16:50:05,089][log_print.py 76][INFO]: ------此函数的注释为
None-----
[2025-03-13 16:50:05,122][log_print.py 86][INFO]: ------get_g_tk执行成功------
[2025-03-13 16:50:05,123][log_print.py 75][INFO]: ------开始执行get_album_list-----
[2025-03-13 16:50:05,123][log_print.py 76][INFO]: ------此函数的注释为
None-----
[2025-03-13 16:50:05,411][log_print.py 86][INFO]: ------get_album_list执行成功------
[2025-03-13 16:50:05,412][log_print.py 75][INFO]: ------开始执行get_url-----
[2025-03-13 16:50:05,412][log_print.py 76][INFO]: ------此函数的注释为
None-----
[2025-03-13 16:50:05,412][log_print.py 86][INFO]: ------get_url执行成功------
[2025-03-13 17:34:14,716][log_print.py 75][INFO]: ------开始执行next2-----
[2025-03-13 17:34:14,721][log_print.py 76][INFO]: ------此函数的注释为
tab1中确认按钮关联的功能，用于跳转到tab2-----
[2025-03-13 17:34:14,730][log_print.py 86][INFO]: ------next2执行成功------
[2025-03-13 17:34:15,784][log_print.py 75][INFO]: ------开始执行selectfile-----
[2025-03-13 17:34:15,784][log_print.py 76][INFO]: ------此函数的注释为
tab2中浏览按钮关联的功能，用于打开文件选择的弹窗-----
[2025-03-13 17:34:19,805][log_print.py 86][INFO]: ------selectfile执行成功------
[2025-03-13 17:34:21,849][log_print.py 75][INFO]: ------开始执行checkdata-----
[2025-03-13 17:34:21,849][log_print.py 76][INFO]: ------此函数的注释为
tab2中确认按钮关联的功能，用于检查文件是否选择，QQ账号是否填写-----
[2025-03-13 17:34:23,499][log_print.py 86][INFO]: ------checkdata执行成功------
[2025-03-13 17:34:30,291][log_print.py 75][INFO]: ------开始执行checkdata-----
[2025-03-13 17:34:30,293][log_print.py 76][INFO]: ------此函数的注释为
tab2中确认按钮关联的功能，用于检查文件是否选择，QQ账号是否填写-----
[2025-03-13 17:34:30,329][log_print.py 86][INFO]: ------checkdata执行成功------
[2025-03-13 17:34:31,632][log_print.py 75][INFO]: ------开始执行loginUI-----
[2025-03-13 17:34:31,633][log_print.py 76][INFO]: ------此函数的注释为
tab3中确认已读按钮关联的功能，用于打开浏览器-----
[2025-03-13 17:34:40,006][log_print.py 86][INFO]: ------loginUI执行成功------
[2025-03-13 17:34:40,014][log_print.py 75][INFO]: ------开始执行threadFunc1-----
[2025-03-13 17:34:40,014][log_print.py 76][INFO]: ------此函数的注释为
打开QQ空间登录页面-----
[2025-03-13 17:34:40,014][log_print.py 75][INFO]: ------开始执行login-----
[2025-03-13 17:34:40,015][log_print.py 76][INFO]: ------此函数的注释为
None-----
[2025-03-13 17:34:56,970][log_print.py 86][INFO]: ------login执行成功------
[2025-03-13 17:34:56,984][log_print.py 86][INFO]: ------threadFunc1执行成功------
[2025-03-13 17:34:56,985][log_print.py 75][INFO]: ------开始执行change_enable-----
[2025-03-13 17:34:56,990][log_print.py 76][INFO]: ------此函数的注释为
自定义信号2的关联功能，用于改变控件的enable状态-----
[2025-03-13 17:34:56,994][log_print.py 86][INFO]: ------change_enable执行成功------
[2025-03-13 17:35:33,483][log_print.py 75][INFO]: ------开始执行next2-----
[2025-03-13 17:35:33,487][log_print.py 76][INFO]: ------此函数的注释为
tab1中确认按钮关联的功能，用于跳转到tab2-----
[2025-03-13 17:35:33,493][log_print.py 86][INFO]: ------next2执行成功------
[2025-03-13 17:35:35,267][log_print.py 75][INFO]: ------开始执行selectfile-----
[2025-03-13 17:35:35,268][log_print.py 76][INFO]: ------此函数的注释为
tab2中浏览按钮关联的功能，用于打开文件选择的弹窗-----
[2025-03-13 17:35:38,559][log_print.py 86][INFO]: ------selectfile执行成功------
[2025-03-13 17:35:45,108][log_print.py 75][INFO]: ------开始执行checkdata-----
[2025-03-13 17:35:45,109][log_print.py 76][INFO]: ------此函数的注释为
tab2中确认按钮关联的功能，用于检查文件是否选择，QQ账号是否填写-----
[2025-03-13 17:35:45,141][log_print.py 86][INFO]: ------checkdata执行成功------
[2025-03-13 17:35:46,456][log_print.py 75][INFO]: ------开始执行loginUI-----
[2025-03-13 17:35:46,456][log_print.py 76][INFO]: ------此函数的注释为
tab3中确认已读按钮关联的功能，用于打开浏览器-----
[2025-03-13 17:35:53,588][log_print.py 75][INFO]: ------开始执行threadFunc1-----
[2025-03-13 17:35:53,589][log_print.py 86][INFO]: ------loginUI执行成功------
[2025-03-13 17:35:53,589][log_print.py 76][INFO]: ------此函数的注释为
打开QQ空间登录页面-----
[2025-03-13 17:35:53,589][log_print.py 75][INFO]: ------开始执行login-----
[2025-03-13 17:35:53,589][log_print.py 76][INFO]: ------此函数的注释为
None-----
[2025-03-13 17:36:11,751][log_print.py 86][INFO]: ------login执行成功------
[2025-03-13 17:36:11,759][log_print.py 86][INFO]: ------threadFunc1执行成功------
[2025-03-13 17:36:11,761][log_print.py 75][INFO]: ------开始执行change_enable-----
[2025-03-13 17:36:11,761][log_print.py 76][INFO]: ------此函数的注释为
自定义信号2的关联功能，用于改变控件的enable状态-----
[2025-03-13 17:36:11,764][log_print.py 86][INFO]: ------change_enable执行成功------
[2025-03-13 17:36:39,789][log_print.py 75][INFO]: ------开始执行start_download-----
[2025-03-13 17:36:39,794][log_print.py 76][INFO]: ------此函数的注释为
tab3中确认登录按钮关联功能，修改UI，实现照片下载流程-----
[2025-03-13 17:36:41,263][log_print.py 75][INFO]: ------开始执行mainUI-----
[2025-03-13 17:36:41,264][log_print.py 86][INFO]: ------start_download执行成功------
[2025-03-13 17:36:41,264][log_print.py 76][INFO]: ------此函数的注释为
实现照片下载流程-----
[2025-03-13 17:36:41,275][log_print.py 75][INFO]: ------开始执行get_page-----
[2025-03-13 17:36:41,275][log_print.py 76][INFO]: ------此函数的注释为
None-----
[2025-03-13 17:36:49,894][log_print.py 86][INFO]: ------get_page执行成功------
[2025-03-13 17:36:49,894][log_print.py 75][INFO]: ------开始执行get_cookie-----
[2025-03-13 17:36:49,895][log_print.py 76][INFO]: ------此函数的注释为
None-----
[2025-03-13 17:36:49,908][log_print.py 86][INFO]: ------get_cookie执行成功------
[2025-03-13 17:36:50,505][log_print.py 75][INFO]: ------开始执行get_g_tk-----
[2025-03-13 17:36:50,505][log_print.py 76][INFO]: ------此函数的注释为
None-----
[2025-03-13 17:36:50,530][log_print.py 86][INFO]: ------get_g_tk执行成功------
[2025-03-13 17:36:50,530][log_print.py 75][INFO]: ------开始执行get_album_list-----
[2025-03-13 17:36:50,530][log_print.py 76][INFO]: ------此函数的注释为
None-----
[2025-03-13 17:36:50,680][log_print.py 86][INFO]: ------get_album_list执行成功------
[2025-03-13 17:36:50,680][log_print.py 75][INFO]: ------开始执行get_url-----
[2025-03-13 17:36:50,681][log_print.py 76][INFO]: ------此函数的注释为
None-----
[2025-03-13 17:36:50,681][log_print.py 86][INFO]: ------get_url执行成功------
[2025-03-13 18:24:58,818][log_print.py 75][INFO]: ------开始执行next2-----
[2025-03-13 18:24:58,819][log_print.py 76][INFO]: ------此函数的注释为
tab1中确认按钮关联的功能，用于跳转到tab2-----
[2025-03-13 18:24:58,824][log_print.py 86][INFO]: ------next2执行成功------
[2025-03-13 18:25:00,050][log_print.py 75][INFO]: ------开始执行selectfile-----
[2025-03-13 18:25:00,050][log_print.py 76][INFO]: ------此函数的注释为
tab2中浏览按钮关联的功能，用于打开文件选择的弹窗-----
[2025-03-13 18:25:05,364][log_print.py 86][INFO]: ------selectfile执行成功------
[2025-03-13 18:25:15,611][log_print.py 75][INFO]: ------开始执行checkdata-----
[2025-03-13 18:25:15,612][log_print.py 76][INFO]: ------此函数的注释为
tab2中确认按钮关联的功能，用于检查文件是否选择，QQ账号是否填写-----
[2025-03-13 18:25:15,634][log_print.py 86][INFO]: ------checkdata执行成功------
[2025-03-13 18:25:16,513][log_print.py 75][INFO]: ------开始执行loginUI-----
[2025-03-13 18:25:16,513][log_print.py 76][INFO]: ------此函数的注释为
tab3中确认已读按钮关联的功能，用于打开浏览器-----
[2025-03-13 18:25:25,035][log_print.py 75][INFO]: ------开始执行threadFunc1-----
[2025-03-13 18:25:25,035][log_print.py 86][INFO]: ------loginUI执行成功------
[2025-03-13 18:25:25,036][log_print.py 76][INFO]: ------此函数的注释为
打开QQ空间登录页面-----
[2025-03-13 18:25:25,036][log_print.py 75][INFO]: ------开始执行login-----
[2025-03-13 18:25:25,036][log_print.py 76][INFO]: ------此函数的注释为
None-----
[2025-03-13 18:25:52,672][log_print.py 86][INFO]: ------login执行成功------
[2025-03-13 18:25:52,689][log_print.py 86][INFO]: ------threadFunc1执行成功------
[2025-03-13 18:25:52,690][log_print.py 75][INFO]: ------开始执行change_enable-----
[2025-03-13 18:25:52,690][log_print.py 76][INFO]: ------此函数的注释为
自定义信号2的关联功能，用于改变控件的enable状态-----
[2025-03-13 18:25:52,692][log_print.py 86][INFO]: ------change_enable执行成功------
[2025-03-13 18:27:05,604][log_print.py 75][INFO]: ------开始执行start_download-----
[2025-03-13 18:27:05,611][log_print.py 76][INFO]: ------此函数的注释为
tab3中确认登录按钮关联功能，修改UI，实现照片下载流程-----
[2025-03-13 18:27:06,918][log_print.py 75][INFO]: ------开始执行mainUI-----
[2025-03-13 18:27:06,918][log_print.py 86][INFO]: ------start_download执行成功------
[2025-03-13 18:27:06,918][log_print.py 76][INFO]: ------此函数的注释为
实现照片下载流程-----
[2025-03-13 18:27:06,927][log_print.py 75][INFO]: ------开始执行get_page-----
[2025-03-13 18:27:06,928][log_print.py 76][INFO]: ------此函数的注释为
None-----
[2025-03-13 18:27:14,902][log_print.py 86][INFO]: ------get_page执行成功------
[2025-03-13 18:27:14,903][log_print.py 75][INFO]: ------开始执行get_cookie-----
[2025-03-13 18:27:14,903][log_print.py 76][INFO]: ------此函数的注释为
None-----
[2025-03-13 18:27:14,923][log_print.py 86][INFO]: ------get_cookie执行成功------
[2025-03-13 18:27:15,530][log_print.py 75][INFO]: ------开始执行get_g_tk-----
[2025-03-13 18:27:15,530][log_print.py 76][INFO]: ------此函数的注释为
None-----
[2025-03-13 18:27:15,575][log_print.py 86][INFO]: ------get_g_tk执行成功------
[2025-03-13 18:27:15,576][log_print.py 75][INFO]: ------开始执行get_album_list-----
[2025-03-13 18:27:15,576][log_print.py 76][INFO]: ------此函数的注释为
None-----
[2025-03-13 18:27:15,907][log_print.py 86][INFO]: ------get_album_list执行成功------
[2025-03-13 18:27:15,907][log_print.py 75][INFO]: ------开始执行get_url-----
[2025-03-13 18:27:15,907][log_print.py 76][INFO]: ------此函数的注释为
None-----
[2025-03-13 18:27:15,908][log_print.py 86][INFO]: ------get_url执行成功------
