[2025-03-15 13:01:10,120][log_print.py 75][INFO]: ------开始执行next2-----
[2025-03-15 13:01:10,121][log_print.py 76][INFO]: ------此函数的注释为
tab1中确认按钮关联的功能，用于跳转到tab2-----
[2025-03-15 13:01:10,123][log_print.py 86][INFO]: ------next2执行成功------
[2025-03-15 13:01:11,368][log_print.py 75][INFO]: ------开始执行selectfile-----
[2025-03-15 13:01:11,368][log_print.py 76][INFO]: ------此函数的注释为
tab2中浏览按钮关联的功能，用于打开文件选择的弹窗-----
[2025-03-15 13:01:16,352][log_print.py 86][INFO]: ------selectfile执行成功------
[2025-03-15 13:01:24,371][log_print.py 75][INFO]: ------开始执行checkdata-----
[2025-03-15 13:01:24,371][log_print.py 76][INFO]: ------此函数的注释为
tab2中确认按钮关联的功能，用于检查文件是否选择，QQ账号是否填写-----
[2025-03-15 13:01:24,418][log_print.py 86][INFO]: ------checkdata执行成功------
[2025-03-15 13:01:25,451][log_print.py 75][INFO]: ------开始执行loginUI-----
[2025-03-15 13:01:25,451][log_print.py 76][INFO]: ------此函数的注释为
tab3中确认已读按钮关联的功能，用于打开浏览器-----
[2025-03-15 13:01:33,189][log_print.py 86][INFO]: ------loginUI执行成功------
[2025-03-15 13:01:33,203][log_print.py 75][INFO]: ------开始执行threadFunc1-----
[2025-03-15 13:01:33,203][log_print.py 76][INFO]: ------此函数的注释为
打开QQ空间登录页面-----
[2025-03-15 13:01:33,203][log_print.py 75][INFO]: ------开始执行login-----
[2025-03-15 13:01:33,204][log_print.py 76][INFO]: ------此函数的注释为
None-----
[2025-03-15 13:01:51,300][log_print.py 86][INFO]: ------login执行成功------
[2025-03-15 13:01:51,316][log_print.py 86][INFO]: ------threadFunc1执行成功------
[2025-03-15 13:01:51,321][log_print.py 75][INFO]: ------开始执行change_enable-----
[2025-03-15 13:01:51,322][log_print.py 76][INFO]: ------此函数的注释为
自定义信号2的关联功能，用于改变控件的enable状态-----
[2025-03-15 13:01:51,329][log_print.py 86][INFO]: ------change_enable执行成功------
[2025-03-15 13:02:08,548][log_print.py 75][INFO]: ------开始执行start_download-----
[2025-03-15 13:02:08,550][log_print.py 76][INFO]: ------此函数的注释为
tab3中确认登录按钮关联功能，修改UI，实现照片下载流程-----
[2025-03-15 13:02:09,995][log_print.py 75][INFO]: ------开始执行mainUI-----
[2025-03-15 13:02:09,995][log_print.py 86][INFO]: ------start_download执行成功------
[2025-03-15 13:02:09,995][log_print.py 76][INFO]: ------此函数的注释为
实现照片下载流程-----
[2025-03-15 13:02:10,010][log_print.py 75][INFO]: ------开始执行get_page-----
[2025-03-15 13:02:10,010][log_print.py 76][INFO]: ------此函数的注释为
None-----
[2025-03-15 13:02:18,591][log_print.py 86][INFO]: ------get_page执行成功------
[2025-03-15 13:02:18,592][log_print.py 75][INFO]: ------开始执行get_cookie-----
[2025-03-15 13:02:18,592][log_print.py 76][INFO]: ------此函数的注释为
None-----
[2025-03-15 13:02:18,602][log_print.py 86][INFO]: ------get_cookie执行成功------
[2025-03-15 13:02:19,209][log_print.py 75][INFO]: ------开始执行get_g_tk-----
[2025-03-15 13:02:19,209][log_print.py 76][INFO]: ------此函数的注释为
None-----
[2025-03-15 13:02:19,237][log_print.py 86][INFO]: ------get_g_tk执行成功------
[2025-03-15 13:02:19,238][log_print.py 75][INFO]: ------开始执行get_album_list-----
[2025-03-15 13:02:19,238][log_print.py 76][INFO]: ------此函数的注释为
None-----
[2025-03-15 13:02:19,511][log_print.py 86][INFO]: ------get_album_list执行成功------
[2025-03-15 13:02:19,511][log_print.py 75][INFO]: ------开始执行get_url-----
[2025-03-15 13:02:19,511][log_print.py 76][INFO]: ------此函数的注释为
None-----
[2025-03-15 13:02:19,511][log_print.py 86][INFO]: ------get_url执行成功------
[2025-03-15 13:04:18,731][log_print.py 75][INFO]: ------开始执行go_tab-----
[2025-03-15 13:04:18,735][log_print.py 76][INFO]: ------此函数的注释为
自定义信号4的关联功能，用于跳转tab页-----
[2025-03-15 13:04:18,758][log_print.py 86][INFO]: ------go_tab执行成功------
[2025-03-15 13:04:18,760][log_print.py 75][INFO]: ------开始执行append_critical-----
[2025-03-15 13:04:18,760][log_print.py 76][INFO]: ------此函数的注释为
自定义信号3的关联功能，用于打开异常提示弹窗-----
[2025-03-15 13:04:19,408][log_print.py 75][INFO]: ------开始执行print_to_textbrowser-----
[2025-03-15 13:04:19,409][log_print.py 76][INFO]: ------此函数的注释为
自定义信号1的关联功能，用于向文本框中添加文本内容-----
[2025-03-15 13:04:19,410][log_print.py 86][INFO]: ------print_to_textbrowser执行成功------
[2025-03-15 13:04:32,113][log_print.py 86][INFO]: ------append_critical执行成功------
[2025-03-15 13:06:33,233][log_print.py 75][INFO]: ------开始执行next2-----
[2025-03-15 13:06:33,235][log_print.py 76][INFO]: ------此函数的注释为
tab1中确认按钮关联的功能，用于跳转到tab2-----
[2025-03-15 13:06:33,240][log_print.py 86][INFO]: ------next2执行成功------
[2025-03-15 13:06:34,397][log_print.py 75][INFO]: ------开始执行selectfile-----
[2025-03-15 13:06:34,398][log_print.py 76][INFO]: ------此函数的注释为
tab2中浏览按钮关联的功能，用于打开文件选择的弹窗-----
[2025-03-15 13:06:38,218][log_print.py 86][INFO]: ------selectfile执行成功------
[2025-03-15 13:06:46,598][log_print.py 75][INFO]: ------开始执行checkdata-----
[2025-03-15 13:06:46,599][log_print.py 76][INFO]: ------此函数的注释为
tab2中确认按钮关联的功能，用于检查文件是否选择，QQ账号是否填写-----
[2025-03-15 13:06:46,629][log_print.py 86][INFO]: ------checkdata执行成功------
[2025-03-15 13:06:47,599][log_print.py 75][INFO]: ------开始执行loginUI-----
[2025-03-15 13:06:47,599][log_print.py 76][INFO]: ------此函数的注释为
tab3中确认已读按钮关联的功能，用于打开浏览器-----
[2025-03-15 13:06:54,532][log_print.py 86][INFO]: ------loginUI执行成功------
[2025-03-15 13:06:54,545][log_print.py 75][INFO]: ------开始执行threadFunc1-----
[2025-03-15 13:06:54,545][log_print.py 76][INFO]: ------此函数的注释为
打开QQ空间登录页面-----
[2025-03-15 13:06:54,545][log_print.py 75][INFO]: ------开始执行login-----
[2025-03-15 13:06:54,545][log_print.py 76][INFO]: ------此函数的注释为
None-----
[2025-03-15 13:07:12,865][log_print.py 86][INFO]: ------login执行成功------
[2025-03-15 13:07:12,874][log_print.py 86][INFO]: ------threadFunc1执行成功------
[2025-03-15 13:07:12,880][log_print.py 75][INFO]: ------开始执行change_enable-----
[2025-03-15 13:07:12,880][log_print.py 76][INFO]: ------此函数的注释为
自定义信号2的关联功能，用于改变控件的enable状态-----
[2025-03-15 13:07:12,884][log_print.py 86][INFO]: ------change_enable执行成功------
[2025-03-15 13:07:49,505][log_print.py 75][INFO]: ------开始执行start_download-----
[2025-03-15 13:07:49,506][log_print.py 76][INFO]: ------此函数的注释为
tab3中确认登录按钮关联功能，修改UI，实现照片下载流程-----
[2025-03-15 13:07:50,674][log_print.py 75][INFO]: ------开始执行mainUI-----
[2025-03-15 13:07:50,675][log_print.py 86][INFO]: ------start_download执行成功------
[2025-03-15 13:07:50,675][log_print.py 76][INFO]: ------此函数的注释为
实现照片下载流程-----
[2025-03-15 13:07:50,686][log_print.py 75][INFO]: ------开始执行get_page-----
[2025-03-15 13:07:50,686][log_print.py 76][INFO]: ------此函数的注释为
None-----
[2025-03-15 13:07:57,783][log_print.py 86][INFO]: ------get_page执行成功------
[2025-03-15 13:07:57,784][log_print.py 75][INFO]: ------开始执行get_cookie-----
[2025-03-15 13:07:57,784][log_print.py 76][INFO]: ------此函数的注释为
None-----
[2025-03-15 13:07:57,791][log_print.py 86][INFO]: ------get_cookie执行成功------
[2025-03-15 13:07:58,414][log_print.py 75][INFO]: ------开始执行get_g_tk-----
[2025-03-15 13:07:58,414][log_print.py 76][INFO]: ------此函数的注释为
None-----
[2025-03-15 13:07:58,672][log_print.py 86][INFO]: ------get_g_tk执行成功------
[2025-03-15 13:07:58,672][log_print.py 75][INFO]: ------开始执行get_album_list-----
[2025-03-15 13:07:58,672][log_print.py 76][INFO]: ------此函数的注释为
None-----
[2025-03-15 13:07:59,041][log_print.py 86][INFO]: ------get_album_list执行成功------
[2025-03-15 13:07:59,042][log_print.py 75][INFO]: ------开始执行get_url-----
[2025-03-15 13:07:59,042][log_print.py 76][INFO]: ------此函数的注释为
None-----
[2025-03-15 13:07:59,042][log_print.py 86][INFO]: ------get_url执行成功------
[2025-03-15 13:22:40,188][log_print.py 75][INFO]: ------开始执行next2-----
[2025-03-15 13:22:40,190][log_print.py 76][INFO]: ------此函数的注释为
tab1中确认按钮关联的功能，用于跳转到tab2-----
[2025-03-15 13:22:40,193][log_print.py 86][INFO]: ------next2执行成功------
[2025-03-15 13:22:41,529][log_print.py 75][INFO]: ------开始执行selectfile-----
[2025-03-15 13:22:41,530][log_print.py 76][INFO]: ------此函数的注释为
tab2中浏览按钮关联的功能，用于打开文件选择的弹窗-----
[2025-03-15 13:22:46,454][log_print.py 86][INFO]: ------selectfile执行成功------
[2025-03-15 13:22:52,567][log_print.py 75][INFO]: ------开始执行checkdata-----
[2025-03-15 13:22:52,569][log_print.py 76][INFO]: ------此函数的注释为
tab2中确认按钮关联的功能，用于检查文件是否选择，QQ账号是否填写-----
[2025-03-15 13:22:52,587][log_print.py 86][INFO]: ------checkdata执行成功------
[2025-03-15 13:22:54,646][log_print.py 75][INFO]: ------开始执行loginUI-----
[2025-03-15 13:22:54,647][log_print.py 76][INFO]: ------此函数的注释为
tab3中确认已读按钮关联的功能，用于打开浏览器-----
[2025-03-15 13:23:01,437][log_print.py 75][INFO]: ------开始执行threadFunc1-----
[2025-03-15 13:23:01,438][log_print.py 86][INFO]: ------loginUI执行成功------
[2025-03-15 13:23:01,438][log_print.py 76][INFO]: ------此函数的注释为
打开QQ空间登录页面-----
[2025-03-15 13:23:01,438][log_print.py 75][INFO]: ------开始执行login-----
[2025-03-15 13:23:01,439][log_print.py 76][INFO]: ------此函数的注释为
None-----
[2025-03-15 13:23:19,340][log_print.py 86][INFO]: ------login执行成功------
[2025-03-15 13:23:19,342][log_print.py 86][INFO]: ------threadFunc1执行成功------
[2025-03-15 13:23:19,343][log_print.py 75][INFO]: ------开始执行change_enable-----
[2025-03-15 13:23:19,343][log_print.py 76][INFO]: ------此函数的注释为
自定义信号2的关联功能，用于改变控件的enable状态-----
[2025-03-15 13:23:19,343][log_print.py 86][INFO]: ------change_enable执行成功------
[2025-03-15 13:23:48,746][log_print.py 75][INFO]: ------开始执行start_download-----
[2025-03-15 13:23:48,748][log_print.py 76][INFO]: ------此函数的注释为
tab3中确认登录按钮关联功能，修改UI，实现照片下载流程-----
[2025-03-15 13:23:50,193][log_print.py 75][INFO]: ------开始执行mainUI-----
[2025-03-15 13:23:50,193][log_print.py 86][INFO]: ------start_download执行成功------
[2025-03-15 13:23:50,194][log_print.py 76][INFO]: ------此函数的注释为
实现照片下载流程-----
[2025-03-15 13:23:50,198][log_print.py 75][INFO]: ------开始执行get_page-----
[2025-03-15 13:23:50,198][log_print.py 76][INFO]: ------此函数的注释为
None-----
[2025-03-15 13:23:58,459][log_print.py 86][INFO]: ------get_page执行成功------
[2025-03-15 13:23:58,460][log_print.py 75][INFO]: ------开始执行get_cookie-----
[2025-03-15 13:23:58,460][log_print.py 76][INFO]: ------此函数的注释为
None-----
[2025-03-15 13:23:58,473][log_print.py 86][INFO]: ------get_cookie执行成功------
[2025-03-15 13:23:59,046][log_print.py 75][INFO]: ------开始执行get_g_tk-----
[2025-03-15 13:23:59,046][log_print.py 76][INFO]: ------此函数的注释为
None-----
[2025-03-15 13:23:59,075][log_print.py 86][INFO]: ------get_g_tk执行成功------
[2025-03-15 13:23:59,075][log_print.py 75][INFO]: ------开始执行get_album_list-----
[2025-03-15 13:23:59,075][log_print.py 76][INFO]: ------此函数的注释为
None-----
[2025-03-15 13:23:59,211][log_print.py 86][INFO]: ------get_album_list执行成功------
[2025-03-15 13:23:59,211][log_print.py 75][INFO]: ------开始执行get_url-----
[2025-03-15 13:23:59,211][log_print.py 76][INFO]: ------此函数的注释为
None-----
[2025-03-15 13:23:59,211][log_print.py 86][INFO]: ------get_url执行成功------
[2025-03-15 13:24:21,537][log_print.py 75][INFO]: ------开始执行next2-----
[2025-03-15 13:24:21,539][log_print.py 76][INFO]: ------此函数的注释为
tab1中确认按钮关联的功能，用于跳转到tab2-----
[2025-03-15 13:24:21,546][log_print.py 86][INFO]: ------next2执行成功------
[2025-03-15 13:24:22,797][log_print.py 75][INFO]: ------开始执行selectfile-----
[2025-03-15 13:24:22,797][log_print.py 76][INFO]: ------此函数的注释为
tab2中浏览按钮关联的功能，用于打开文件选择的弹窗-----
[2025-03-15 13:24:30,023][log_print.py 86][INFO]: ------selectfile执行成功------
[2025-03-15 13:24:36,067][log_print.py 75][INFO]: ------开始执行checkdata-----
[2025-03-15 13:24:36,069][log_print.py 76][INFO]: ------此函数的注释为
tab2中确认按钮关联的功能，用于检查文件是否选择，QQ账号是否填写-----
[2025-03-15 13:24:36,085][log_print.py 86][INFO]: ------checkdata执行成功------
[2025-03-15 13:24:37,244][log_print.py 75][INFO]: ------开始执行loginUI-----
[2025-03-15 13:24:37,245][log_print.py 76][INFO]: ------此函数的注释为
tab3中确认已读按钮关联的功能，用于打开浏览器-----
[2025-03-15 13:24:43,974][log_print.py 86][INFO]: ------loginUI执行成功------
[2025-03-15 13:24:43,988][log_print.py 75][INFO]: ------开始执行threadFunc1-----
[2025-03-15 13:24:43,988][log_print.py 76][INFO]: ------此函数的注释为
打开QQ空间登录页面-----
[2025-03-15 13:24:43,988][log_print.py 75][INFO]: ------开始执行login-----
[2025-03-15 13:24:43,988][log_print.py 76][INFO]: ------此函数的注释为
None-----
[2025-03-15 13:25:02,028][log_print.py 86][INFO]: ------login执行成功------
[2025-03-15 13:25:02,036][log_print.py 86][INFO]: ------threadFunc1执行成功------
[2025-03-15 13:25:02,037][log_print.py 75][INFO]: ------开始执行change_enable-----
[2025-03-15 13:25:02,038][log_print.py 76][INFO]: ------此函数的注释为
自定义信号2的关联功能，用于改变控件的enable状态-----
[2025-03-15 13:25:02,039][log_print.py 86][INFO]: ------change_enable执行成功------
[2025-03-15 13:25:35,666][log_print.py 75][INFO]: ------开始执行start_download-----
[2025-03-15 13:25:35,669][log_print.py 76][INFO]: ------此函数的注释为
tab3中确认登录按钮关联功能，修改UI，实现照片下载流程-----
[2025-03-15 13:25:37,329][log_print.py 75][INFO]: ------开始执行mainUI-----
[2025-03-15 13:25:37,329][log_print.py 86][INFO]: ------start_download执行成功------
[2025-03-15 13:25:37,329][log_print.py 76][INFO]: ------此函数的注释为
实现照片下载流程-----
[2025-03-15 13:25:37,344][log_print.py 75][INFO]: ------开始执行get_page-----
[2025-03-15 13:25:37,344][log_print.py 76][INFO]: ------此函数的注释为
None-----
[2025-03-15 13:25:44,678][log_print.py 86][INFO]: ------get_page执行成功------
[2025-03-15 13:25:44,678][log_print.py 75][INFO]: ------开始执行get_cookie-----
[2025-03-15 13:25:44,678][log_print.py 76][INFO]: ------此函数的注释为
None-----
[2025-03-15 13:25:44,686][log_print.py 86][INFO]: ------get_cookie执行成功------
[2025-03-15 13:25:45,297][log_print.py 75][INFO]: ------开始执行get_g_tk-----
[2025-03-15 13:25:45,297][log_print.py 76][INFO]: ------此函数的注释为
None-----
[2025-03-15 13:25:45,320][log_print.py 86][INFO]: ------get_g_tk执行成功------
[2025-03-15 13:25:45,320][log_print.py 75][INFO]: ------开始执行get_album_list-----
[2025-03-15 13:25:45,320][log_print.py 76][INFO]: ------此函数的注释为
None-----
[2025-03-15 13:25:45,584][log_print.py 86][INFO]: ------get_album_list执行成功------
[2025-03-15 13:25:45,584][log_print.py 75][INFO]: ------开始执行get_url-----
[2025-03-15 13:25:45,584][log_print.py 76][INFO]: ------此函数的注释为
None-----
[2025-03-15 13:57:40,066][log_print.py 75][INFO]: ------开始执行next2-----
[2025-03-15 13:57:40,067][log_print.py 76][INFO]: ------此函数的注释为
tab1中确认按钮关联的功能，用于跳转到tab2-----
[2025-03-15 13:57:40,072][log_print.py 86][INFO]: ------next2执行成功------
[2025-03-15 13:57:41,452][log_print.py 75][INFO]: ------开始执行selectfile-----
[2025-03-15 13:57:41,453][log_print.py 76][INFO]: ------此函数的注释为
tab2中浏览按钮关联的功能，用于打开文件选择的弹窗-----
[2025-03-15 13:57:52,845][log_print.py 86][INFO]: ------selectfile执行成功------
[2025-03-15 13:57:58,702][log_print.py 75][INFO]: ------开始执行checkdata-----
[2025-03-15 13:57:58,702][log_print.py 76][INFO]: ------此函数的注释为
tab2中确认按钮关联的功能，用于检查文件是否选择，QQ账号是否填写-----
[2025-03-15 13:57:58,735][log_print.py 86][INFO]: ------checkdata执行成功------
[2025-03-15 13:57:59,686][log_print.py 75][INFO]: ------开始执行loginUI-----
[2025-03-15 13:57:59,687][log_print.py 76][INFO]: ------此函数的注释为
tab3中确认已读按钮关联的功能，用于打开浏览器-----
[2025-03-15 13:58:09,045][log_print.py 86][INFO]: ------loginUI执行成功------
[2025-03-15 13:58:09,059][log_print.py 75][INFO]: ------开始执行threadFunc1-----
[2025-03-15 13:58:09,059][log_print.py 76][INFO]: ------此函数的注释为
打开QQ空间登录页面-----
[2025-03-15 13:58:09,062][log_print.py 75][INFO]: ------开始执行login-----
[2025-03-15 13:58:09,062][log_print.py 76][INFO]: ------此函数的注释为
None-----
[2025-03-15 13:58:28,011][log_print.py 86][INFO]: ------login执行成功------
[2025-03-15 13:58:28,018][log_print.py 86][INFO]: ------threadFunc1执行成功------
[2025-03-15 13:58:28,020][log_print.py 75][INFO]: ------开始执行change_enable-----
[2025-03-15 13:58:28,021][log_print.py 76][INFO]: ------此函数的注释为
自定义信号2的关联功能，用于改变控件的enable状态-----
[2025-03-15 13:58:28,022][log_print.py 86][INFO]: ------change_enable执行成功------
[2025-03-15 13:59:35,934][log_print.py 75][INFO]: ------开始执行start_download-----
[2025-03-15 13:59:35,941][log_print.py 76][INFO]: ------此函数的注释为
tab3中确认登录按钮关联功能，修改UI，实现照片下载流程-----
[2025-03-15 13:59:37,965][log_print.py 75][INFO]: ------开始执行mainUI-----
[2025-03-15 13:59:37,966][log_print.py 86][INFO]: ------start_download执行成功------
[2025-03-15 13:59:37,966][log_print.py 76][INFO]: ------此函数的注释为
实现照片下载流程-----
[2025-03-15 13:59:37,978][log_print.py 75][INFO]: ------开始执行get_page-----
[2025-03-15 13:59:37,979][log_print.py 76][INFO]: ------此函数的注释为
None-----
[2025-03-15 13:59:46,530][log_print.py 86][INFO]: ------get_page执行成功------
[2025-03-15 13:59:46,531][log_print.py 75][INFO]: ------开始执行get_cookie-----
[2025-03-15 13:59:46,531][log_print.py 76][INFO]: ------此函数的注释为
None-----
[2025-03-15 13:59:46,544][log_print.py 86][INFO]: ------get_cookie执行成功------
[2025-03-15 13:59:47,351][log_print.py 75][INFO]: ------开始执行get_g_tk-----
[2025-03-15 13:59:47,351][log_print.py 76][INFO]: ------此函数的注释为
None-----
[2025-03-15 13:59:47,399][log_print.py 86][INFO]: ------get_g_tk执行成功------
[2025-03-15 13:59:47,399][log_print.py 75][INFO]: ------开始执行get_album_list-----
[2025-03-15 13:59:47,399][log_print.py 76][INFO]: ------此函数的注释为
None-----
[2025-03-15 13:59:47,688][log_print.py 86][INFO]: ------get_album_list执行成功------
[2025-03-15 13:59:47,688][log_print.py 75][INFO]: ------开始执行get_url-----
[2025-03-15 13:59:47,688][log_print.py 76][INFO]: ------此函数的注释为
None-----
[2025-03-15 13:59:47,688][log_print.py 86][INFO]: ------get_url执行成功------
[2025-03-15 14:09:40,357][log_print.py 75][INFO]: ------开始执行next2-----
[2025-03-15 14:09:40,360][log_print.py 76][INFO]: ------此函数的注释为
tab1中确认按钮关联的功能，用于跳转到tab2-----
[2025-03-15 14:09:40,364][log_print.py 86][INFO]: ------next2执行成功------
[2025-03-15 14:09:41,349][log_print.py 75][INFO]: ------开始执行selectfile-----
[2025-03-15 14:09:41,349][log_print.py 76][INFO]: ------此函数的注释为
tab2中浏览按钮关联的功能，用于打开文件选择的弹窗-----
[2025-03-15 14:09:45,628][log_print.py 86][INFO]: ------selectfile执行成功------
[2025-03-15 14:09:51,161][log_print.py 75][INFO]: ------开始执行checkdata-----
[2025-03-15 14:09:51,162][log_print.py 76][INFO]: ------此函数的注释为
tab2中确认按钮关联的功能，用于检查文件是否选择，QQ账号是否填写-----
[2025-03-15 14:09:51,202][log_print.py 86][INFO]: ------checkdata执行成功------
[2025-03-15 14:09:52,318][log_print.py 75][INFO]: ------开始执行loginUI-----
[2025-03-15 14:09:52,319][log_print.py 76][INFO]: ------此函数的注释为
tab3中确认已读按钮关联的功能，用于打开浏览器-----
[2025-03-15 14:09:59,563][log_print.py 86][INFO]: ------loginUI执行成功------
[2025-03-15 14:09:59,588][log_print.py 75][INFO]: ------开始执行threadFunc1-----
[2025-03-15 14:09:59,588][log_print.py 76][INFO]: ------此函数的注释为
打开QQ空间登录页面-----
[2025-03-15 14:09:59,588][log_print.py 75][INFO]: ------开始执行login-----
[2025-03-15 14:09:59,588][log_print.py 76][INFO]: ------此函数的注释为
None-----
[2025-03-15 14:10:17,660][log_print.py 86][INFO]: ------login执行成功------
[2025-03-15 14:10:17,667][log_print.py 86][INFO]: ------threadFunc1执行成功------
[2025-03-15 14:10:17,669][log_print.py 75][INFO]: ------开始执行change_enable-----
[2025-03-15 14:10:17,670][log_print.py 76][INFO]: ------此函数的注释为
自定义信号2的关联功能，用于改变控件的enable状态-----
[2025-03-15 14:10:17,670][log_print.py 86][INFO]: ------change_enable执行成功------
[2025-03-15 14:10:32,253][log_print.py 75][INFO]: ------开始执行start_download-----
[2025-03-15 14:10:32,255][log_print.py 76][INFO]: ------此函数的注释为
tab3中确认登录按钮关联功能，修改UI，实现照片下载流程-----
[2025-03-15 14:10:33,719][log_print.py 75][INFO]: ------开始执行mainUI-----
[2025-03-15 14:10:33,719][log_print.py 86][INFO]: ------start_download执行成功------
[2025-03-15 14:10:33,720][log_print.py 76][INFO]: ------此函数的注释为
实现照片下载流程-----
[2025-03-15 14:10:33,731][log_print.py 75][INFO]: ------开始执行get_page-----
[2025-03-15 14:10:33,732][log_print.py 76][INFO]: ------此函数的注释为
None-----
[2025-03-15 14:10:41,985][log_print.py 86][INFO]: ------get_page执行成功------
[2025-03-15 14:10:41,988][log_print.py 75][INFO]: ------开始执行get_cookie-----
[2025-03-15 14:10:41,988][log_print.py 76][INFO]: ------此函数的注释为
None-----
[2025-03-15 14:10:42,010][log_print.py 86][INFO]: ------get_cookie执行成功------
[2025-03-15 14:10:42,692][log_print.py 75][INFO]: ------开始执行get_g_tk-----
[2025-03-15 14:10:42,692][log_print.py 76][INFO]: ------此函数的注释为
None-----
[2025-03-15 14:10:42,718][log_print.py 86][INFO]: ------get_g_tk执行成功------
[2025-03-15 14:10:42,719][log_print.py 75][INFO]: ------开始执行get_album_list-----
[2025-03-15 14:10:42,719][log_print.py 76][INFO]: ------此函数的注释为
None-----
[2025-03-15 14:10:43,013][log_print.py 86][INFO]: ------get_album_list执行成功------
[2025-03-15 14:10:43,014][log_print.py 75][INFO]: ------开始执行get_url-----
[2025-03-15 14:10:43,014][log_print.py 76][INFO]: ------此函数的注释为
None-----
[2025-03-15 14:10:43,014][log_print.py 86][INFO]: ------get_url执行成功------
[2025-03-15 14:15:29,296][log_print.py 75][INFO]: ------开始执行next2-----
[2025-03-15 14:15:29,299][log_print.py 76][INFO]: ------此函数的注释为
tab1中确认按钮关联的功能，用于跳转到tab2-----
[2025-03-15 14:15:29,302][log_print.py 86][INFO]: ------next2执行成功------
[2025-03-15 14:15:30,368][log_print.py 75][INFO]: ------开始执行selectfile-----
[2025-03-15 14:15:30,369][log_print.py 76][INFO]: ------此函数的注释为
tab2中浏览按钮关联的功能，用于打开文件选择的弹窗-----
[2025-03-15 14:15:35,227][log_print.py 86][INFO]: ------selectfile执行成功------
[2025-03-15 14:15:40,656][log_print.py 75][INFO]: ------开始执行checkdata-----
[2025-03-15 14:15:40,657][log_print.py 76][INFO]: ------此函数的注释为
tab2中确认按钮关联的功能，用于检查文件是否选择，QQ账号是否填写-----
[2025-03-15 14:15:40,683][log_print.py 86][INFO]: ------checkdata执行成功------
[2025-03-15 14:15:41,378][log_print.py 75][INFO]: ------开始执行loginUI-----
[2025-03-15 14:15:41,379][log_print.py 76][INFO]: ------此函数的注释为
tab3中确认已读按钮关联的功能，用于打开浏览器-----
[2025-03-15 14:15:48,935][log_print.py 86][INFO]: ------loginUI执行成功------
[2025-03-15 14:15:48,944][log_print.py 75][INFO]: ------开始执行threadFunc1-----
[2025-03-15 14:15:48,944][log_print.py 76][INFO]: ------此函数的注释为
打开QQ空间登录页面-----
[2025-03-15 14:15:48,945][log_print.py 75][INFO]: ------开始执行login-----
[2025-03-15 14:15:48,945][log_print.py 76][INFO]: ------此函数的注释为
None-----
[2025-03-15 14:16:07,194][log_print.py 86][INFO]: ------login执行成功------
[2025-03-15 14:16:07,204][log_print.py 86][INFO]: ------threadFunc1执行成功------
[2025-03-15 14:16:07,207][log_print.py 75][INFO]: ------开始执行change_enable-----
[2025-03-15 14:16:07,208][log_print.py 76][INFO]: ------此函数的注释为
自定义信号2的关联功能，用于改变控件的enable状态-----
[2025-03-15 14:16:07,210][log_print.py 86][INFO]: ------change_enable执行成功------
[2025-03-15 14:18:27,428][log_print.py 75][INFO]: ------开始执行start_download-----
[2025-03-15 14:18:27,434][log_print.py 76][INFO]: ------此函数的注释为
tab3中确认登录按钮关联功能，修改UI，实现照片下载流程-----
[2025-03-15 14:18:29,125][log_print.py 75][INFO]: ------开始执行mainUI-----
[2025-03-15 14:18:29,125][log_print.py 86][INFO]: ------start_download执行成功------
[2025-03-15 14:18:29,126][log_print.py 76][INFO]: ------此函数的注释为
实现照片下载流程-----
[2025-03-15 14:18:29,143][log_print.py 75][INFO]: ------开始执行get_page-----
[2025-03-15 14:18:29,145][log_print.py 76][INFO]: ------此函数的注释为
None-----
[2025-03-15 14:18:37,513][log_print.py 86][INFO]: ------get_page执行成功------
[2025-03-15 14:18:37,513][log_print.py 75][INFO]: ------开始执行get_cookie-----
[2025-03-15 14:18:37,514][log_print.py 76][INFO]: ------此函数的注释为
None-----
[2025-03-15 14:18:37,525][log_print.py 86][INFO]: ------get_cookie执行成功------
[2025-03-15 14:18:38,142][log_print.py 75][INFO]: ------开始执行get_g_tk-----
[2025-03-15 14:18:38,143][log_print.py 76][INFO]: ------此函数的注释为
None-----
[2025-03-15 14:18:38,166][log_print.py 86][INFO]: ------get_g_tk执行成功------
[2025-03-15 14:18:38,166][log_print.py 75][INFO]: ------开始执行get_album_list-----
[2025-03-15 14:18:38,166][log_print.py 76][INFO]: ------此函数的注释为
None-----
[2025-03-15 14:18:38,438][log_print.py 86][INFO]: ------get_album_list执行成功------
[2025-03-15 14:18:38,438][log_print.py 75][INFO]: ------开始执行get_url-----
[2025-03-15 14:18:38,438][log_print.py 76][INFO]: ------此函数的注释为
None-----
[2025-03-15 14:18:38,438][log_print.py 86][INFO]: ------get_url执行成功------
[2025-03-15 14:24:30,033][log_print.py 75][INFO]: ------开始执行next2-----
[2025-03-15 14:24:30,035][log_print.py 76][INFO]: ------此函数的注释为
tab1中确认按钮关联的功能，用于跳转到tab2-----
[2025-03-15 14:24:30,041][log_print.py 86][INFO]: ------next2执行成功------
[2025-03-15 14:24:31,168][log_print.py 75][INFO]: ------开始执行selectfile-----
[2025-03-15 14:24:31,169][log_print.py 76][INFO]: ------此函数的注释为
tab2中浏览按钮关联的功能，用于打开文件选择的弹窗-----
[2025-03-15 14:24:37,492][log_print.py 86][INFO]: ------selectfile执行成功------
[2025-03-15 14:24:43,266][log_print.py 75][INFO]: ------开始执行checkdata-----
[2025-03-15 14:24:43,267][log_print.py 76][INFO]: ------此函数的注释为
tab2中确认按钮关联的功能，用于检查文件是否选择，QQ账号是否填写-----
[2025-03-15 14:24:43,298][log_print.py 86][INFO]: ------checkdata执行成功------
[2025-03-15 14:24:44,653][log_print.py 75][INFO]: ------开始执行loginUI-----
[2025-03-15 14:24:44,653][log_print.py 76][INFO]: ------此函数的注释为
tab3中确认已读按钮关联的功能，用于打开浏览器-----
[2025-03-15 14:24:52,968][log_print.py 86][INFO]: ------loginUI执行成功------
[2025-03-15 14:24:52,979][log_print.py 75][INFO]: ------开始执行threadFunc1-----
[2025-03-15 14:24:52,980][log_print.py 76][INFO]: ------此函数的注释为
打开QQ空间登录页面-----
[2025-03-15 14:24:52,984][log_print.py 75][INFO]: ------开始执行login-----
[2025-03-15 14:24:52,984][log_print.py 76][INFO]: ------此函数的注释为
None-----
[2025-03-15 14:25:11,879][log_print.py 86][INFO]: ------login执行成功------
[2025-03-15 14:25:11,893][log_print.py 86][INFO]: ------threadFunc1执行成功------
[2025-03-15 14:25:11,898][log_print.py 75][INFO]: ------开始执行change_enable-----
[2025-03-15 14:25:11,899][log_print.py 76][INFO]: ------此函数的注释为
自定义信号2的关联功能，用于改变控件的enable状态-----
[2025-03-15 14:25:11,904][log_print.py 86][INFO]: ------change_enable执行成功------
[2025-03-15 14:27:06,979][log_print.py 75][INFO]: ------开始执行start_download-----
[2025-03-15 14:27:06,984][log_print.py 76][INFO]: ------此函数的注释为
tab3中确认登录按钮关联功能，修改UI，实现照片下载流程-----
[2025-03-15 14:27:08,480][log_print.py 75][INFO]: ------开始执行mainUI-----
[2025-03-15 14:27:08,480][log_print.py 86][INFO]: ------start_download执行成功------
[2025-03-15 14:27:08,481][log_print.py 76][INFO]: ------此函数的注释为
实现照片下载流程-----
[2025-03-15 14:27:08,492][log_print.py 75][INFO]: ------开始执行get_page-----
[2025-03-15 14:27:08,492][log_print.py 76][INFO]: ------此函数的注释为
None-----
[2025-03-15 14:27:16,095][log_print.py 86][INFO]: ------get_page执行成功------
[2025-03-15 14:27:16,095][log_print.py 75][INFO]: ------开始执行get_cookie-----
[2025-03-15 14:27:16,095][log_print.py 76][INFO]: ------此函数的注释为
None-----
[2025-03-15 14:27:16,103][log_print.py 86][INFO]: ------get_cookie执行成功------
[2025-03-15 14:27:16,731][log_print.py 75][INFO]: ------开始执行get_g_tk-----
[2025-03-15 14:27:16,731][log_print.py 76][INFO]: ------此函数的注释为
None-----
[2025-03-15 14:27:16,745][log_print.py 86][INFO]: ------get_g_tk执行成功------
[2025-03-15 14:27:16,745][log_print.py 75][INFO]: ------开始执行get_album_list-----
[2025-03-15 14:27:16,745][log_print.py 76][INFO]: ------此函数的注释为
None-----
[2025-03-15 14:27:17,004][log_print.py 86][INFO]: ------get_album_list执行成功------
[2025-03-15 14:27:17,004][log_print.py 75][INFO]: ------开始执行get_url-----
[2025-03-15 14:27:17,004][log_print.py 76][INFO]: ------此函数的注释为
None-----
[2025-03-15 14:27:17,004][log_print.py 86][INFO]: ------get_url执行成功------
[2025-03-15 15:24:33,693][log_print.py 75][INFO]: ------开始执行next2-----
[2025-03-15 15:24:33,694][log_print.py 76][INFO]: ------此函数的注释为
tab1中确认按钮关联的功能，用于跳转到tab2-----
[2025-03-15 15:24:33,701][log_print.py 86][INFO]: ------next2执行成功------
[2025-03-15 15:24:34,984][log_print.py 75][INFO]: ------开始执行selectfile-----
[2025-03-15 15:24:34,984][log_print.py 76][INFO]: ------此函数的注释为
tab2中浏览按钮关联的功能，用于打开文件选择的弹窗-----
[2025-03-15 15:24:44,345][log_print.py 86][INFO]: ------selectfile执行成功------
[2025-03-15 15:24:50,624][log_print.py 75][INFO]: ------开始执行checkdata-----
[2025-03-15 15:24:50,625][log_print.py 76][INFO]: ------此函数的注释为
tab2中确认按钮关联的功能，用于检查文件是否选择，QQ账号是否填写-----
[2025-03-15 15:24:50,675][log_print.py 86][INFO]: ------checkdata执行成功------
[2025-03-15 15:24:51,644][log_print.py 75][INFO]: ------开始执行loginUI-----
[2025-03-15 15:24:51,645][log_print.py 76][INFO]: ------此函数的注释为
tab3中确认已读按钮关联的功能，用于打开浏览器-----
[2025-03-15 15:24:59,678][log_print.py 86][INFO]: ------loginUI执行成功------
[2025-03-15 15:24:59,696][log_print.py 75][INFO]: ------开始执行threadFunc1-----
[2025-03-15 15:24:59,697][log_print.py 76][INFO]: ------此函数的注释为
打开QQ空间登录页面-----
[2025-03-15 15:24:59,697][log_print.py 75][INFO]: ------开始执行login-----
[2025-03-15 15:24:59,697][log_print.py 76][INFO]: ------此函数的注释为
None-----
[2025-03-15 15:25:17,700][log_print.py 86][INFO]: ------login执行成功------
[2025-03-15 15:25:17,708][log_print.py 86][INFO]: ------threadFunc1执行成功------
[2025-03-15 15:25:17,710][log_print.py 75][INFO]: ------开始执行change_enable-----
[2025-03-15 15:25:17,710][log_print.py 76][INFO]: ------此函数的注释为
自定义信号2的关联功能，用于改变控件的enable状态-----
[2025-03-15 15:25:17,712][log_print.py 86][INFO]: ------change_enable执行成功------
[2025-03-15 15:25:22,139][log_print.py 75][INFO]: ------开始执行start_download-----
[2025-03-15 15:25:22,140][log_print.py 76][INFO]: ------此函数的注释为
tab3中确认登录按钮关联功能，修改UI，实现照片下载流程-----
[2025-03-15 15:25:23,474][log_print.py 75][INFO]: ------开始执行mainUI-----
[2025-03-15 15:25:23,475][log_print.py 86][INFO]: ------start_download执行成功------
[2025-03-15 15:25:23,475][log_print.py 76][INFO]: ------此函数的注释为
实现照片下载流程-----
[2025-03-15 15:25:23,484][log_print.py 75][INFO]: ------开始执行get_page-----
[2025-03-15 15:25:23,485][log_print.py 76][INFO]: ------此函数的注释为
None-----
[2025-03-15 15:25:32,055][log_print.py 86][INFO]: ------get_page执行成功------
[2025-03-15 15:25:32,060][log_print.py 75][INFO]: ------开始执行get_cookie-----
[2025-03-15 15:25:32,061][log_print.py 76][INFO]: ------此函数的注释为
None-----
[2025-03-15 15:25:32,094][log_print.py 86][INFO]: ------get_cookie执行成功------
[2025-03-15 15:25:32,746][log_print.py 75][INFO]: ------开始执行get_g_tk-----
[2025-03-15 15:25:32,747][log_print.py 76][INFO]: ------此函数的注释为
None-----
[2025-03-15 15:25:32,787][log_print.py 86][INFO]: ------get_g_tk执行成功------
[2025-03-15 15:25:32,787][log_print.py 75][INFO]: ------开始执行get_album_list-----
[2025-03-15 15:25:32,787][log_print.py 76][INFO]: ------此函数的注释为
None-----
[2025-03-15 15:25:33,143][log_print.py 86][INFO]: ------get_album_list执行成功------
[2025-03-15 15:25:33,144][log_print.py 75][INFO]: ------开始执行get_url-----
[2025-03-15 15:25:33,144][log_print.py 76][INFO]: ------此函数的注释为
None-----
[2025-03-15 15:25:33,144][log_print.py 86][INFO]: ------get_url执行成功------
[2025-03-15 15:27:27,623][log_print.py 75][INFO]: ------开始执行next2-----
[2025-03-15 15:27:27,624][log_print.py 76][INFO]: ------此函数的注释为
tab1中确认按钮关联的功能，用于跳转到tab2-----
[2025-03-15 15:27:27,627][log_print.py 86][INFO]: ------next2执行成功------
[2025-03-15 15:27:28,746][log_print.py 75][INFO]: ------开始执行selectfile-----
[2025-03-15 15:27:28,746][log_print.py 76][INFO]: ------此函数的注释为
tab2中浏览按钮关联的功能，用于打开文件选择的弹窗-----
[2025-03-15 15:27:37,233][log_print.py 86][INFO]: ------selectfile执行成功------
[2025-03-15 15:27:44,506][log_print.py 75][INFO]: ------开始执行checkdata-----
[2025-03-15 15:27:44,508][log_print.py 76][INFO]: ------此函数的注释为
tab2中确认按钮关联的功能，用于检查文件是否选择，QQ账号是否填写-----
[2025-03-15 15:27:44,540][log_print.py 86][INFO]: ------checkdata执行成功------
[2025-03-15 15:27:45,266][log_print.py 75][INFO]: ------开始执行loginUI-----
[2025-03-15 15:27:45,267][log_print.py 76][INFO]: ------此函数的注释为
tab3中确认已读按钮关联的功能，用于打开浏览器-----
[2025-03-15 15:27:52,415][log_print.py 86][INFO]: ------loginUI执行成功------
[2025-03-15 15:27:52,428][log_print.py 75][INFO]: ------开始执行threadFunc1-----
[2025-03-15 15:27:52,428][log_print.py 76][INFO]: ------此函数的注释为
打开QQ空间登录页面-----
[2025-03-15 15:27:52,429][log_print.py 75][INFO]: ------开始执行login-----
[2025-03-15 15:27:52,429][log_print.py 76][INFO]: ------此函数的注释为
None-----
[2025-03-15 15:28:10,580][log_print.py 86][INFO]: ------login执行成功------
[2025-03-15 15:28:10,586][log_print.py 86][INFO]: ------threadFunc1执行成功------
[2025-03-15 15:28:10,588][log_print.py 75][INFO]: ------开始执行change_enable-----
[2025-03-15 15:28:10,588][log_print.py 76][INFO]: ------此函数的注释为
自定义信号2的关联功能，用于改变控件的enable状态-----
[2025-03-15 15:28:10,589][log_print.py 86][INFO]: ------change_enable执行成功------
[2025-03-15 15:28:29,183][log_print.py 75][INFO]: ------开始执行start_download-----
[2025-03-15 15:28:29,185][log_print.py 76][INFO]: ------此函数的注释为
tab3中确认登录按钮关联功能，修改UI，实现照片下载流程-----
[2025-03-15 15:28:30,663][log_print.py 75][INFO]: ------开始执行mainUI-----
[2025-03-15 15:28:30,664][log_print.py 86][INFO]: ------start_download执行成功------
[2025-03-15 15:28:30,664][log_print.py 76][INFO]: ------此函数的注释为
实现照片下载流程-----
[2025-03-15 15:28:30,677][log_print.py 75][INFO]: ------开始执行get_page-----
[2025-03-15 15:28:30,678][log_print.py 76][INFO]: ------此函数的注释为
None-----
[2025-03-15 15:28:38,808][log_print.py 86][INFO]: ------get_page执行成功------
[2025-03-15 15:28:38,810][log_print.py 75][INFO]: ------开始执行get_cookie-----
[2025-03-15 15:28:38,810][log_print.py 76][INFO]: ------此函数的注释为
None-----
[2025-03-15 15:28:38,827][log_print.py 86][INFO]: ------get_cookie执行成功------
[2025-03-15 15:28:39,473][log_print.py 75][INFO]: ------开始执行get_g_tk-----
[2025-03-15 15:28:39,473][log_print.py 76][INFO]: ------此函数的注释为
None-----
[2025-03-15 15:28:39,511][log_print.py 86][INFO]: ------get_g_tk执行成功------
[2025-03-15 15:28:39,511][log_print.py 75][INFO]: ------开始执行get_album_list-----
[2025-03-15 15:28:39,511][log_print.py 76][INFO]: ------此函数的注释为
None-----
[2025-03-15 15:28:39,810][log_print.py 86][INFO]: ------get_album_list执行成功------
[2025-03-15 15:28:39,811][log_print.py 75][INFO]: ------开始执行get_url-----
[2025-03-15 15:28:39,811][log_print.py 76][INFO]: ------此函数的注释为
None-----
[2025-03-15 15:28:39,811][log_print.py 86][INFO]: ------get_url执行成功------
[2025-03-15 15:38:46,986][log_print.py 75][INFO]: ------开始执行print_to_textbrowser-----
[2025-03-15 15:38:47,003][log_print.py 76][INFO]: ------此函数的注释为
自定义信号1的关联功能，用于向文本框中添加文本内容-----
[2025-03-15 15:38:47,188][log_print.py 86][INFO]: ------print_to_textbrowser执行成功------
[2025-03-15 15:38:47,192][log_print.py 75][INFO]: ------开始执行go_tab-----
[2025-03-15 15:38:47,192][log_print.py 76][INFO]: ------此函数的注释为
自定义信号4的关联功能，用于跳转tab页-----
[2025-03-15 15:38:47,293][log_print.py 86][INFO]: ------go_tab执行成功------
[2025-03-15 15:38:47,343][log_print.py 86][INFO]: ------mainUI执行成功------
[2025-03-15 15:42:29,117][log_print.py 75][INFO]: ------开始执行next2-----
[2025-03-15 15:42:29,119][log_print.py 76][INFO]: ------此函数的注释为
tab1中确认按钮关联的功能，用于跳转到tab2-----
[2025-03-15 15:42:29,125][log_print.py 86][INFO]: ------next2执行成功------
[2025-03-15 15:42:30,279][log_print.py 75][INFO]: ------开始执行selectfile-----
[2025-03-15 15:42:30,280][log_print.py 76][INFO]: ------此函数的注释为
tab2中浏览按钮关联的功能，用于打开文件选择的弹窗-----
[2025-03-15 15:42:35,059][log_print.py 86][INFO]: ------selectfile执行成功------
[2025-03-15 15:42:41,028][log_print.py 75][INFO]: ------开始执行checkdata-----
[2025-03-15 15:42:41,028][log_print.py 76][INFO]: ------此函数的注释为
tab2中确认按钮关联的功能，用于检查文件是否选择，QQ账号是否填写-----
[2025-03-15 15:42:41,069][log_print.py 86][INFO]: ------checkdata执行成功------
[2025-03-15 15:42:41,821][log_print.py 75][INFO]: ------开始执行loginUI-----
[2025-03-15 15:42:41,822][log_print.py 76][INFO]: ------此函数的注释为
tab3中确认已读按钮关联的功能，用于打开浏览器-----
[2025-03-15 15:42:50,570][log_print.py 86][INFO]: ------loginUI执行成功------
[2025-03-15 15:42:50,585][log_print.py 75][INFO]: ------开始执行threadFunc1-----
[2025-03-15 15:42:50,585][log_print.py 76][INFO]: ------此函数的注释为
打开QQ空间登录页面-----
[2025-03-15 15:42:50,586][log_print.py 75][INFO]: ------开始执行login-----
[2025-03-15 15:42:50,586][log_print.py 76][INFO]: ------此函数的注释为
None-----
[2025-03-15 15:43:08,711][log_print.py 86][INFO]: ------login执行成功------
[2025-03-15 15:43:08,722][log_print.py 86][INFO]: ------threadFunc1执行成功------
[2025-03-15 15:43:08,725][log_print.py 75][INFO]: ------开始执行change_enable-----
[2025-03-15 15:43:08,725][log_print.py 76][INFO]: ------此函数的注释为
自定义信号2的关联功能，用于改变控件的enable状态-----
[2025-03-15 15:43:08,732][log_print.py 86][INFO]: ------change_enable执行成功------
[2025-03-15 15:43:32,397][log_print.py 75][INFO]: ------开始执行start_download-----
[2025-03-15 15:43:32,399][log_print.py 76][INFO]: ------此函数的注释为
tab3中确认登录按钮关联功能，修改UI，实现照片下载流程-----
[2025-03-15 15:43:33,905][log_print.py 75][INFO]: ------开始执行mainUI-----
[2025-03-15 15:43:33,905][log_print.py 86][INFO]: ------start_download执行成功------
[2025-03-15 15:43:33,906][log_print.py 76][INFO]: ------此函数的注释为
实现照片下载流程-----
[2025-03-15 15:43:33,911][log_print.py 75][INFO]: ------开始执行get_page-----
[2025-03-15 15:43:33,912][log_print.py 76][INFO]: ------此函数的注释为
None-----
[2025-03-15 15:43:41,423][log_print.py 86][INFO]: ------get_page执行成功------
[2025-03-15 15:43:41,424][log_print.py 75][INFO]: ------开始执行get_cookie-----
[2025-03-15 15:43:41,424][log_print.py 76][INFO]: ------此函数的注释为
None-----
[2025-03-15 15:43:41,434][log_print.py 86][INFO]: ------get_cookie执行成功------
[2025-03-15 15:43:42,053][log_print.py 75][INFO]: ------开始执行get_g_tk-----
[2025-03-15 15:43:42,054][log_print.py 76][INFO]: ------此函数的注释为
None-----
[2025-03-15 15:43:42,378][log_print.py 86][INFO]: ------get_g_tk执行成功------
[2025-03-15 15:43:42,378][log_print.py 75][INFO]: ------开始执行get_album_list-----
[2025-03-15 15:43:42,379][log_print.py 76][INFO]: ------此函数的注释为
None-----
[2025-03-15 15:43:43,123][log_print.py 86][INFO]: ------get_album_list执行成功------
[2025-03-15 15:43:43,124][log_print.py 75][INFO]: ------开始执行get_url-----
[2025-03-15 15:43:43,124][log_print.py 76][INFO]: ------此函数的注释为
None-----
[2025-03-15 15:43:43,124][log_print.py 86][INFO]: ------get_url执行成功------
[2025-03-15 15:50:59,768][log_print.py 75][INFO]: ------开始执行print_to_textbrowser-----
[2025-03-15 15:50:59,792][log_print.py 76][INFO]: ------此函数的注释为
自定义信号1的关联功能，用于向文本框中添加文本内容-----
[2025-03-15 15:51:00,186][log_print.py 86][INFO]: ------print_to_textbrowser执行成功------
[2025-03-15 15:51:00,194][log_print.py 75][INFO]: ------开始执行go_tab-----
[2025-03-15 15:51:00,195][log_print.py 76][INFO]: ------此函数的注释为
自定义信号4的关联功能，用于跳转tab页-----
[2025-03-15 15:51:00,236][log_print.py 86][INFO]: ------go_tab执行成功------
[2025-03-15 15:51:00,288][log_print.py 86][INFO]: ------mainUI执行成功------
[2025-03-15 17:10:00,514][log_print.py 75][INFO]: ------开始执行next2-----
[2025-03-15 17:10:00,516][log_print.py 76][INFO]: ------此函数的注释为
tab1中确认按钮关联的功能，用于跳转到tab2-----
[2025-03-15 17:10:00,518][log_print.py 86][INFO]: ------next2执行成功------
[2025-03-15 17:10:01,958][log_print.py 75][INFO]: ------开始执行selectfile-----
[2025-03-15 17:10:01,959][log_print.py 76][INFO]: ------此函数的注释为
tab2中浏览按钮关联的功能，用于打开文件选择的弹窗-----
[2025-03-15 17:10:05,583][log_print.py 86][INFO]: ------selectfile执行成功------
[2025-03-15 17:10:10,500][log_print.py 75][INFO]: ------开始执行checkdata-----
[2025-03-15 17:10:10,501][log_print.py 76][INFO]: ------此函数的注释为
tab2中确认按钮关联的功能，用于检查文件是否选择，QQ账号是否填写-----
[2025-03-15 17:10:10,522][log_print.py 86][INFO]: ------checkdata执行成功------
[2025-03-15 17:10:33,376][log_print.py 75][INFO]: ------开始执行loginUI-----
[2025-03-15 17:10:33,377][log_print.py 76][INFO]: ------此函数的注释为
tab3中确认已读按钮关联的功能，用于打开浏览器-----
[2025-03-15 17:10:41,937][log_print.py 75][INFO]: ------开始执行threadFunc1-----
[2025-03-15 17:10:41,937][log_print.py 86][INFO]: ------loginUI执行成功------
[2025-03-15 17:10:41,937][log_print.py 76][INFO]: ------此函数的注释为
打开QQ空间登录页面-----
[2025-03-15 17:10:41,937][log_print.py 75][INFO]: ------开始执行login-----
[2025-03-15 17:10:41,937][log_print.py 76][INFO]: ------此函数的注释为
None-----
[2025-03-15 17:11:00,865][log_print.py 86][INFO]: ------login执行成功------
[2025-03-15 17:11:00,873][log_print.py 86][INFO]: ------threadFunc1执行成功------
[2025-03-15 17:11:00,876][log_print.py 75][INFO]: ------开始执行change_enable-----
[2025-03-15 17:11:00,876][log_print.py 76][INFO]: ------此函数的注释为
自定义信号2的关联功能，用于改变控件的enable状态-----
[2025-03-15 17:11:00,880][log_print.py 86][INFO]: ------change_enable执行成功------
[2025-03-15 17:11:19,275][log_print.py 75][INFO]: ------开始执行start_download-----
[2025-03-15 17:11:19,277][log_print.py 76][INFO]: ------此函数的注释为
tab3中确认登录按钮关联功能，修改UI，实现照片下载流程-----
[2025-03-15 17:11:20,712][log_print.py 75][INFO]: ------开始执行mainUI-----
[2025-03-15 17:11:20,712][log_print.py 86][INFO]: ------start_download执行成功------
[2025-03-15 17:11:20,712][log_print.py 76][INFO]: ------此函数的注释为
实现照片下载流程-----
[2025-03-15 17:11:20,715][log_print.py 75][INFO]: ------开始执行get_page-----
[2025-03-15 17:11:20,715][log_print.py 76][INFO]: ------此函数的注释为
None-----
[2025-03-15 17:11:28,351][log_print.py 86][INFO]: ------get_page执行成功------
[2025-03-15 17:11:28,352][log_print.py 75][INFO]: ------开始执行get_cookie-----
[2025-03-15 17:11:28,352][log_print.py 76][INFO]: ------此函数的注释为
None-----
[2025-03-15 17:11:28,370][log_print.py 86][INFO]: ------get_cookie执行成功------
[2025-03-15 17:11:28,962][log_print.py 75][INFO]: ------开始执行get_g_tk-----
[2025-03-15 17:11:28,963][log_print.py 76][INFO]: ------此函数的注释为
None-----
[2025-03-15 17:11:29,000][log_print.py 86][INFO]: ------get_g_tk执行成功------
[2025-03-15 17:11:29,000][log_print.py 75][INFO]: ------开始执行get_album_list-----
[2025-03-15 17:11:29,000][log_print.py 76][INFO]: ------此函数的注释为
None-----
[2025-03-15 17:11:29,164][log_print.py 86][INFO]: ------get_album_list执行成功------
[2025-03-15 17:11:29,164][log_print.py 75][INFO]: ------开始执行get_url-----
[2025-03-15 17:11:29,164][log_print.py 76][INFO]: ------此函数的注释为
None-----
[2025-03-15 17:11:29,164][log_print.py 86][INFO]: ------get_url执行成功------
